# JRE version: OpenJDK Runtime Environment Temurin-21.0.8+9 (21.0.8+9) (build 21.0.8+9-LTS)
# Java VM: OpenJDK 64-Bit Server VM Temurin-21.0.8+9 (21.0.8+9-LTS, mixed mode, sharing, tiered, compressed oops, compressed class ptrs, parallel gc, windows-amd64)
GC Precious Log:
 CardTable entry size: 512
 CPUs: 16 total, 16 available
 Memory: 14077M
 Large Page Support: Disabled
 NUMA Support: Disabled
 Compressed Oops: Enabled (32-bit)
 Alignments: Space 512K, Generation 512K, Heap 2M
 Heap Min Capacity: 100M
 Heap Initial Capacity: 100M
 Heap Max Capacity: 2G
 Pre-touch: Disabled
 Parallel Workers: 13
Heap:
 PSYoungGen      total 12800K, used 10599K [0x00000000d5580000, 0x00000000d6900000, 0x0000000100000000)
  eden space 7680K, 73% used [0x00000000d5580000,0x00000000d5afced8,0x00000000d5d00000)
  from space 5120K, 97% used [0x00000000d6400000,0x00000000d68dceb0,0x00000000d6900000)
  to   space 5632K, 0% used [0x00000000d5e00000,0x00000000d5e00000,0x00000000d6380000)
 ParOldGen       total 354816K, used 354527K [0x0000000080000000, 0x0000000095a80000, 0x00000000d5580000)
  object space 354816K, 99% used [0x0000000080000000,0x0000000095a37c50,0x0000000095a80000)
 Metaspace       used 67290K, committed 68800K, reserved 1114112K
  class space    used 8302K, committed 8960K, reserved 1048576K
GC Heap History (20 events):
Event: 25.393 GC heap before
{Heap before GC invocations=408 (full 3):
 PSYoungGen      total 8704K, used 8096K [0x00000000d5580000, 0x00000000d6080000, 0x0000000100000000)
  eden space 6144K, 99% used [0x00000000d5580000,0x00000000d5b7fc20,0x00000000d5b80000)
  from space 2560K, 76% used [0x00000000d5d80000,0x00000000d5f68578,0x00000000d6000000)
  to   space 2048K, 0% used [0x00000000d5b80000,0x00000000d5b80000,0x00000000d5d80000)
 ParOldGen       total 333312K, used 333292K [0x0000000080000000, 0x0000000094580000, 0x00000000d5580000)
  object space 333312K, 99% used [0x0000000080000000,0x000000009457b028,0x0000000094580000)
 Metaspace       used 64300K, committed 65600K, reserved 1114112K
  class space    used 7874K, committed 8448K, reserved 1048576K
}
Event: 25.394 GC heap after
{Heap after GC invocations=408 (full 3):
 PSYoungGen      total 8192K, used 2040K [0x00000000d5580000, 0x00000000d6200000, 0x0000000100000000)
  eden space 6144K, 0% used [0x00000000d5580000,0x00000000d5580000,0x00000000d5b80000)
  from space 2048K, 99% used [0x00000000d5b80000,0x00000000d5d7e208,0x00000000d5d80000)
  to   space 2560K, 0% used [0x00000000d5f80000,0x00000000d5f80000,0x00000000d6200000)
 ParOldGen       total 335360K, used 334966K [0x0000000080000000, 0x0000000094780000, 0x00000000d5580000)
  object space 335360K, 99% used [0x0000000080000000,0x000000009471d9d0,0x0000000094780000)
 Metaspace       used 64300K, committed 65600K, reserved 1114112K
  class space    used 7874K, committed 8448K, reserved 1048576K
}
Event: 25.399 GC heap before
{Heap before GC invocations=409 (full 3):
 PSYoungGen      total 8192K, used 8181K [0x00000000d5580000, 0x00000000d6200000, 0x0000000100000000)
  eden space 6144K, 99% used [0x00000000d5580000,0x00000000d5b7f578,0x00000000d5b80000)
  from space 2048K, 99% used [0x00000000d5b80000,0x00000000d5d7e208,0x00000000d5d80000)
  to   space 2560K, 0% used [0x00000000d5f80000,0x00000000d5f80000,0x00000000d6200000)
 ParOldGen       total 335360K, used 334966K [0x0000000080000000, 0x0000000094780000, 0x00000000d5580000)
  object space 335360K, 99% used [0x0000000080000000,0x000000009471d9d0,0x0000000094780000)
 Metaspace       used 64300K, committed 65600K, reserved 1114112K
  class space    used 7874K, committed 8448K, reserved 1048576K
}
Event: 25.401 GC heap after
{Heap after GC invocations=409 (full 3):
 PSYoungGen      total 10240K, used 2245K [0x00000000d5580000, 0x00000000d6200000, 0x0000000100000000)
  eden space 7680K, 0% used [0x00000000d5580000,0x00000000d5580000,0x00000000d5d00000)
  from space 2560K, 87% used [0x00000000d5f80000,0x00000000d61b1570,0x00000000d6200000)
  to   space 2560K, 0% used [0x00000000d5d00000,0x00000000d5d00000,0x00000000d5f80000)
 ParOldGen       total 336896K, used 336895K [0x0000000080000000, 0x0000000094900000, 0x00000000d5580000)
  object space 336896K, 99% used [0x0000000080000000,0x00000000948ffff0,0x0000000094900000)
 Metaspace       used 64300K, committed 65600K, reserved 1114112K
  class space    used 7874K, committed 8448K, reserved 1048576K
}
Event: 25.407 GC heap before
{Heap before GC invocations=410 (full 3):
 PSYoungGen      total 10240K, used 9849K [0x00000000d5580000, 0x00000000d6200000, 0x0000000100000000)
  eden space 7680K, 99% used [0x00000000d5580000,0x00000000d5cecfb0,0x00000000d5d00000)
  from space 2560K, 87% used [0x00000000d5f80000,0x00000000d61b1570,0x00000000d6200000)
  to   space 2560K, 0% used [0x00000000d5d00000,0x00000000d5d00000,0x00000000d5f80000)
 ParOldGen       total 336896K, used 336895K [0x0000000080000000, 0x0000000094900000, 0x00000000d5580000)
  object space 336896K, 99% used [0x0000000080000000,0x00000000948ffff0,0x0000000094900000)
 Metaspace       used 64300K, committed 65600K, reserved 1114112K
  class space    used 7874K, committed 8448K, reserved 1048576K
}
Event: 25.408 GC heap after
{Heap after GC invocations=410 (full 3):
 PSYoungGen      total 10240K, used 2528K [0x00000000d5580000, 0x00000000d6800000, 0x0000000100000000)
  eden space 7680K, 0% used [0x00000000d5580000,0x00000000d5580000,0x00000000d5d00000)
  from space 2560K, 98% used [0x00000000d5d00000,0x00000000d5f781d0,0x00000000d5f80000)
  to   space 5632K, 0% used [0x00000000d6280000,0x00000000d6280000,0x00000000d6800000)
 ParOldGen       total 339456K, used 339145K [0x0000000080000000, 0x0000000094b80000, 0x00000000d5580000)
  object space 339456K, 99% used [0x0000000080000000,0x0000000094b325a8,0x0000000094b80000)
 Metaspace       used 64300K, committed 65600K, reserved 1114112K
  class space    used 7874K, committed 8448K, reserved 1048576K
}
Event: 25.418 GC heap before
{Heap before GC invocations=411 (full 3):
 PSYoungGen      total 10240K, used 10208K [0x00000000d5580000, 0x00000000d6800000, 0x0000000100000000)
  eden space 7680K, 100% used [0x00000000d5580000,0x00000000d5d00000,0x00000000d5d00000)
  from space 2560K, 98% used [0x00000000d5d00000,0x00000000d5f781d0,0x00000000d5f80000)
  to   space 5632K, 0% used [0x00000000d6280000,0x00000000d6280000,0x00000000d6800000)
 ParOldGen       total 339456K, used 339145K [0x0000000080000000, 0x0000000094b80000, 0x00000000d5580000)
  object space 339456K, 99% used [0x0000000080000000,0x0000000094b325a8,0x0000000094b80000)
 Metaspace       used 64317K, committed 65664K, reserved 1114112K
  class space    used 7877K, committed 8448K, reserved 1048576K
}
Event: 25.420 GC heap after
{Heap after GC invocations=411 (full 3):
 PSYoungGen      total 10752K, used 2986K [0x00000000d5580000, 0x00000000d6580000, 0x0000000100000000)
  eden space 7680K, 0% used [0x00000000d5580000,0x00000000d5580000,0x00000000d5d00000)
  from space 3072K, 97% used [0x00000000d6280000,0x00000000d656abb0,0x00000000d6580000)
  to   space 4096K, 0% used [0x00000000d5d80000,0x00000000d5d80000,0x00000000d6180000)
 ParOldGen       total 342016K, used 341504K [0x0000000080000000, 0x0000000094e00000, 0x00000000d5580000)
  object space 342016K, 99% used [0x0000000080000000,0x0000000094d801f8,0x0000000094e00000)
 Metaspace       used 64317K, committed 65664K, reserved 1114112K
  class space    used 7877K, committed 8448K, reserved 1048576K
}
Event: 25.473 GC heap before
{Heap before GC invocations=412 (full 3):
 PSYoungGen      total 10752K, used 10666K [0x00000000d5580000, 0x00000000d6580000, 0x0000000100000000)
  eden space 7680K, 100% used [0x00000000d5580000,0x00000000d5d00000,0x00000000d5d00000)
  from space 3072K, 97% used [0x00000000d6280000,0x00000000d656abb0,0x00000000d6580000)
  to   space 4096K, 0% used [0x00000000d5d80000,0x00000000d5d80000,0x00000000d6180000)
 ParOldGen       total 342016K, used 341504K [0x0000000080000000, 0x0000000094e00000, 0x00000000d5580000)
  object space 342016K, 99% used [0x0000000080000000,0x0000000094d801f8,0x0000000094e00000)
 Metaspace       used 65021K, committed 66368K, reserved 1114112K
  class space    used 7973K, committed 8512K, reserved 1048576K
}
Event: 25.478 GC heap after
{Heap after GC invocations=412 (full 3):
 PSYoungGen      total 9216K, used 1483K [0x00000000d5580000, 0x00000000d6300000, 0x0000000100000000)
  eden space 7680K, 0% used [0x00000000d5580000,0x00000000d5580000,0x00000000d5d00000)
  from space 1536K, 96% used [0x00000000d5d80000,0x00000000d5ef2e78,0x00000000d5f00000)
  to   space 2560K, 0% used [0x00000000d6080000,0x00000000d6080000,0x00000000d6300000)
 ParOldGen       total 344576K, used 344209K [0x0000000080000000, 0x0000000095080000, 0x00000000d5580000)
  object space 344576K, 99% used [0x0000000080000000,0x0000000095024608,0x0000000095080000)
 Metaspace       used 65021K, committed 66368K, reserved 1114112K
  class space    used 7973K, committed 8512K, reserved 1048576K
}
Event: 25.506 GC heap before
{Heap before GC invocations=413 (full 3):
 PSYoungGen      total 9216K, used 9154K [0x00000000d5580000, 0x00000000d6300000, 0x0000000100000000)
  eden space 7680K, 99% used [0x00000000d5580000,0x00000000d5cfdd50,0x00000000d5d00000)
  from space 1536K, 96% used [0x00000000d5d80000,0x00000000d5ef2e78,0x00000000d5f00000)
  to   space 2560K, 0% used [0x00000000d6080000,0x00000000d6080000,0x00000000d6300000)
 ParOldGen       total 344576K, used 344209K [0x0000000080000000, 0x0000000095080000, 0x00000000d5580000)
  object space 344576K, 99% used [0x0000000080000000,0x0000000095024608,0x0000000095080000)
 Metaspace       used 65443K, committed 66752K, reserved 1114112K
  class space    used 8036K, committed 8576K, reserved 1048576K
}
Event: 25.508 GC heap after
{Heap after GC invocations=413 (full 3):
 PSYoungGen      total 9216K, used 1065K [0x00000000d5580000, 0x00000000d6200000, 0x0000000100000000)
  eden space 7680K, 0% used [0x00000000d5580000,0x00000000d5580000,0x00000000d5d00000)
  from space 1536K, 69% used [0x00000000d6080000,0x00000000d618a700,0x00000000d6200000)
  to   space 1536K, 0% used [0x00000000d5d80000,0x00000000d5d80000,0x00000000d5f00000)
 ParOldGen       total 346112K, used 345864K [0x0000000080000000, 0x0000000095200000, 0x00000000d5580000)
  object space 346112K, 99% used [0x0000000080000000,0x00000000951c2348,0x0000000095200000)
 Metaspace       used 65443K, committed 66752K, reserved 1114112K
  class space    used 8036K, committed 8576K, reserved 1048576K
}
Event: 25.544 GC heap before
{Heap before GC invocations=414 (full 3):
 PSYoungGen      total 9216K, used 8745K [0x00000000d5580000, 0x00000000d6200000, 0x0000000100000000)
  eden space 7680K, 100% used [0x00000000d5580000,0x00000000d5d00000,0x00000000d5d00000)
  from space 1536K, 69% used [0x00000000d6080000,0x00000000d618a700,0x00000000d6200000)
  to   space 1536K, 0% used [0x00000000d5d80000,0x00000000d5d80000,0x00000000d5f00000)
 ParOldGen       total 346112K, used 345864K [0x0000000080000000, 0x0000000095200000, 0x00000000d5580000)
  object space 346112K, 99% used [0x0000000080000000,0x00000000951c2348,0x0000000095200000)
 Metaspace       used 65837K, committed 67264K, reserved 1114112K
  class space    used 8103K, committed 8704K, reserved 1048576K
}
Event: 25.546 GC heap after
{Heap after GC invocations=414 (full 3):
 PSYoungGen      total 9216K, used 1527K [0x00000000d5580000, 0x00000000d6400000, 0x0000000100000000)
  eden space 7680K, 0% used [0x00000000d5580000,0x00000000d5580000,0x00000000d5d00000)
  from space 1536K, 99% used [0x00000000d5d80000,0x00000000d5efde00,0x00000000d5f00000)
  to   space 3584K, 0% used [0x00000000d6080000,0x00000000d6080000,0x00000000d6400000)
 ParOldGen       total 347648K, used 347442K [0x0000000080000000, 0x0000000095380000, 0x00000000d5580000)
  object space 347648K, 99% used [0x0000000080000000,0x000000009534c890,0x0000000095380000)
 Metaspace       used 65837K, committed 67264K, reserved 1114112K
  class space    used 8103K, committed 8704K, reserved 1048576K
}
Event: 25.583 GC heap before
{Heap before GC invocations=415 (full 3):
 PSYoungGen      total 9216K, used 9207K [0x00000000d5580000, 0x00000000d6400000, 0x0000000100000000)
  eden space 7680K, 100% used [0x00000000d5580000,0x00000000d5d00000,0x00000000d5d00000)
  from space 1536K, 99% used [0x00000000d5d80000,0x00000000d5efde00,0x00000000d5f00000)
  to   space 3584K, 0% used [0x00000000d6080000,0x00000000d6080000,0x00000000d6400000)
 ParOldGen       total 347648K, used 347442K [0x0000000080000000, 0x0000000095380000, 0x00000000d5580000)
  object space 347648K, 99% used [0x0000000080000000,0x000000009534c890,0x0000000095380000)
 Metaspace       used 66298K, committed 67648K, reserved 1114112K
  class space    used 8193K, committed 8768K, reserved 1048576K
}
Event: 25.585 GC heap after
{Heap after GC invocations=415 (full 3):
 PSYoungGen      total 11264K, used 3152K [0x00000000d5580000, 0x00000000d6400000, 0x0000000100000000)
  eden space 7680K, 0% used [0x00000000d5580000,0x00000000d5580000,0x00000000d5d00000)
  from space 3584K, 87% used [0x00000000d6080000,0x00000000d6394000,0x00000000d6400000)
  to   space 3584K, 0% used [0x00000000d5d00000,0x00000000d5d00000,0x00000000d6080000)
 ParOldGen       total 348672K, used 348272K [0x0000000080000000, 0x0000000095480000, 0x00000000d5580000)
  object space 348672K, 99% used [0x0000000080000000,0x000000009541c090,0x0000000095480000)
 Metaspace       used 66298K, committed 67648K, reserved 1114112K
  class space    used 8193K, committed 8768K, reserved 1048576K
}
Event: 25.638 GC heap before
{Heap before GC invocations=416 (full 3):
 PSYoungGen      total 11264K, used 10765K [0x00000000d5580000, 0x00000000d6400000, 0x0000000100000000)
  eden space 7680K, 99% used [0x00000000d5580000,0x00000000d5cef490,0x00000000d5d00000)
  from space 3584K, 87% used [0x00000000d6080000,0x00000000d6394000,0x00000000d6400000)
  to   space 3584K, 0% used [0x00000000d5d00000,0x00000000d5d00000,0x00000000d6080000)
 ParOldGen       total 348672K, used 348272K [0x0000000080000000, 0x0000000095480000, 0x00000000d5580000)
  object space 348672K, 99% used [0x0000000080000000,0x000000009541c090,0x0000000095480000)
 Metaspace       used 66879K, committed 68352K, reserved 1114112K
  class space    used 8256K, committed 8896K, reserved 1048576K
}
Event: 25.641 GC heap after
{Heap after GC invocations=416 (full 3):
 PSYoungGen      total 11264K, used 3557K [0x00000000d5580000, 0x00000000d6b00000, 0x0000000100000000)
  eden space 7680K, 0% used [0x00000000d5580000,0x00000000d5580000,0x00000000d5d00000)
  from space 3584K, 99% used [0x00000000d5d00000,0x00000000d60797a0,0x00000000d6080000)
  to   space 7168K, 0% used [0x00000000d6400000,0x00000000d6400000,0x00000000d6b00000)
 ParOldGen       total 351232K, used 351173K [0x0000000080000000, 0x0000000095700000, 0x00000000d5580000)
  object space 351232K, 99% used [0x0000000080000000,0x00000000956f1538,0x0000000095700000)
 Metaspace       used 66879K, committed 68352K, reserved 1114112K
  class space    used 8256K, committed 8896K, reserved 1048576K
}
Event: 25.711 GC heap before
{Heap before GC invocations=417 (full 3):
 PSYoungGen      total 11264K, used 11237K [0x00000000d5580000, 0x00000000d6b00000, 0x0000000100000000)
  eden space 7680K, 100% used [0x00000000d5580000,0x00000000d5d00000,0x00000000d5d00000)
  from space 3584K, 99% used [0x00000000d5d00000,0x00000000d60797a0,0x00000000d6080000)
  to   space 7168K, 0% used [0x00000000d6400000,0x00000000d6400000,0x00000000d6b00000)
 ParOldGen       total 351232K, used 351173K [0x0000000080000000, 0x0000000095700000, 0x00000000d5580000)
  object space 351232K, 99% used [0x0000000080000000,0x00000000956f1538,0x0000000095700000)
 Metaspace       used 67290K, committed 68800K, reserved 1114112K
  class space    used 8302K, committed 8960K, reserved 1048576K
}
Event: 25.739 GC heap after
{Heap after GC invocations=417 (full 3):
 PSYoungGen      total 12800K, used 4979K [0x00000000d5580000, 0x00000000d6900000, 0x0000000100000000)
  eden space 7680K, 0% used [0x00000000d5580000,0x00000000d5580000,0x00000000d5d00000)
  from space 5120K, 97% used [0x00000000d6400000,0x00000000d68dceb0,0x00000000d6900000)
  to   space 5632K, 0% used [0x00000000d5e00000,0x00000000d5e00000,0x00000000d6380000)
 ParOldGen       total 354816K, used 354527K [0x0000000080000000, 0x0000000095a80000, 0x00000000d5580000)
  object space 354816K, 99% used [0x0000000080000000,0x0000000095a37c50,0x0000000095a80000)
 Metaspace       used 67290K, committed 68800K, reserved 1114112K
  class space    used 8302K, committed 8960K, reserved 1048576K
}

