# JRE version: OpenJDK Runtime Environment (21.0.6) (build 21.0.6+-13391695-b895.109)
# Java VM: OpenJDK 64-Bit Server VM (21.0.6+-13391695-b895.109, mixed mode, tiered, compressed oops, compressed class ptrs, g1 gc, windows-amd64)
GC Precious Log:
 CardTable entry size: 512
 Card Set container configuration: InlinePtr #cards 5 size 8 Array Of Cards #cards 12 size 40 Howl #buckets 4 coarsen threshold 1843 Howl Bitmap #cards 512 size 80 coarsen threshold 460 Card regions per heap region 1 cards per card region 2048
 CPUs: 16 total, 16 available
 Memory: 15613M
 Large Page Support: Disabled
 NUMA Support: Disabled
 Compressed Oops: Enabled (32-bit)
 Heap Region Size: 1M
 Heap Min Capacity: 8M
 Heap Initial Capacity: 244M
 Heap Max Capacity: 2G
 Pre-touch: Disabled
 Parallel Workers: 13
 Concurrent Workers: 3
 Concurrent Refinement Workers: 13
 Periodic GC: Disabled
Heap:
 garbage-first heap   total 83968K, used 39593K [0x0000000080000000, 0x0000000100000000)
  region size 1024K, 11 young (11264K), 3 survivors (3072K)
 Metaspace       used 45621K, committed 46656K, reserved 1114112K
  class space    used 5878K, committed 6400K, reserved 1048576K
GC Heap History (18 events):
Event: 1.505 GC heap before
{Heap before GC invocations=0 (full 0):
 garbage-first heap   total 249856K, used 22528K [0x0000000080000000, 0x0000000100000000)
  region size 1024K, 23 young (23552K), 0 survivors (0K)
 Metaspace       used 7996K, committed 8128K, reserved 1114112K
  class space    used 712K, committed 768K, reserved 1048576K
}
Event: 1.507 GC heap after
{Heap after GC invocations=1 (full 0):
 garbage-first heap   total 249856K, used 2214K [0x0000000080000000, 0x0000000100000000)
  region size 1024K, 3 young (3072K), 3 survivors (3072K)
 Metaspace       used 7996K, committed 8128K, reserved 1114112K
  class space    used 712K, committed 768K, reserved 1048576K
}
Event: 1.971 GC heap before
{Heap before GC invocations=1 (full 0):
 garbage-first heap   total 249856K, used 42150K [0x0000000080000000, 0x0000000100000000)
  region size 1024K, 40 young (40960K), 3 survivors (3072K)
 Metaspace       used 12256K, committed 12480K, reserved 1114112K
  class space    used 1285K, committed 1408K, reserved 1048576K
}
Event: 1.974 GC heap after
{Heap after GC invocations=2 (full 0):
 garbage-first heap   total 249856K, used 11328K [0x0000000080000000, 0x0000000100000000)
  region size 1024K, 5 young (5120K), 5 survivors (5120K)
 Metaspace       used 12256K, committed 12480K, reserved 1114112K
  class space    used 1285K, committed 1408K, reserved 1048576K
}
Event: 2.510 GC heap before
{Heap before GC invocations=2 (full 0):
 garbage-first heap   total 249856K, used 63552K [0x0000000080000000, 0x0000000100000000)
  region size 1024K, 55 young (56320K), 5 survivors (5120K)
 Metaspace       used 15820K, committed 16128K, reserved 1114112K
  class space    used 1760K, committed 1920K, reserved 1048576K
}
Event: 2.514 GC heap after
{Heap after GC invocations=3 (full 0):
 garbage-first heap   total 249856K, used 17576K [0x0000000080000000, 0x0000000100000000)
  region size 1024K, 7 young (7168K), 7 survivors (7168K)
 Metaspace       used 15820K, committed 16128K, reserved 1114112K
  class space    used 1760K, committed 1920K, reserved 1048576K
}
Event: 2.848 GC heap before
{Heap before GC invocations=3 (full 0):
 garbage-first heap   total 249856K, used 37032K [0x0000000080000000, 0x0000000100000000)
  region size 1024K, 28 young (28672K), 7 survivors (7168K)
 Metaspace       used 21197K, committed 21504K, reserved 1114112K
  class space    used 2439K, committed 2624K, reserved 1048576K
}
Event: 2.852 GC heap after
{Heap after GC invocations=4 (full 0):
 garbage-first heap   total 249856K, used 20543K [0x0000000080000000, 0x0000000100000000)
  region size 1024K, 10 young (10240K), 10 survivors (10240K)
 Metaspace       used 21197K, committed 21504K, reserved 1114112K
  class space    used 2439K, committed 2624K, reserved 1048576K
}
Event: 3.727 GC heap before
{Heap before GC invocations=5 (full 0):
 garbage-first heap   total 71680K, used 70719K [0x0000000080000000, 0x0000000100000000)
  region size 1024K, 59 young (60416K), 10 survivors (10240K)
 Metaspace       used 29215K, committed 29888K, reserved 1114112K
  class space    used 3703K, committed 4032K, reserved 1048576K
}
Event: 3.734 GC heap after
{Heap after GC invocations=6 (full 0):
 garbage-first heap   total 83968K, used 22696K [0x0000000080000000, 0x0000000100000000)
  region size 1024K, 12 young (12288K), 12 survivors (12288K)
 Metaspace       used 29215K, committed 29888K, reserved 1114112K
  class space    used 3703K, committed 4032K, reserved 1048576K
}
Event: 4.337 GC heap before
{Heap before GC invocations=6 (full 0):
 garbage-first heap   total 83968K, used 59560K [0x0000000080000000, 0x0000000100000000)
  region size 1024K, 49 young (50176K), 12 survivors (12288K)
 Metaspace       used 34024K, committed 34880K, reserved 1114112K
  class space    used 4507K, committed 4928K, reserved 1048576K
}
Event: 4.342 GC heap after
{Heap after GC invocations=7 (full 0):
 garbage-first heap   total 83968K, used 25448K [0x0000000080000000, 0x0000000100000000)
  region size 1024K, 6 young (6144K), 6 survivors (6144K)
 Metaspace       used 34024K, committed 34880K, reserved 1114112K
  class space    used 4507K, committed 4928K, reserved 1048576K
}
Event: 4.420 GC heap before
{Heap before GC invocations=7 (full 0):
 garbage-first heap   total 83968K, used 32616K [0x0000000080000000, 0x0000000100000000)
  region size 1024K, 14 young (14336K), 6 survivors (6144K)
 Metaspace       used 35125K, committed 35968K, reserved 1114112K
  class space    used 4665K, committed 5120K, reserved 1048576K
}
Event: 4.423 GC heap after
{Heap after GC invocations=8 (full 0):
 garbage-first heap   total 83968K, used 25816K [0x0000000080000000, 0x0000000100000000)
  region size 1024K, 4 young (4096K), 4 survivors (4096K)
 Metaspace       used 35125K, committed 35968K, reserved 1114112K
  class space    used 4665K, committed 5120K, reserved 1048576K
}
Event: 4.880 GC heap before
{Heap before GC invocations=9 (full 0):
 garbage-first heap   total 83968K, used 69848K [0x0000000080000000, 0x0000000100000000)
  region size 1024K, 48 young (49152K), 4 survivors (4096K)
 Metaspace       used 42499K, committed 43392K, reserved 1114112K
  class space    used 5509K, committed 5952K, reserved 1048576K
}
Event: 4.883 GC heap after
{Heap after GC invocations=10 (full 0):
 garbage-first heap   total 83968K, used 30168K [0x0000000080000000, 0x0000000100000000)
  region size 1024K, 6 young (6144K), 6 survivors (6144K)
 Metaspace       used 42499K, committed 43392K, reserved 1114112K
  class space    used 5509K, committed 5952K, reserved 1048576K
}
Event: 7.151 GC heap before
{Heap before GC invocations=10 (full 0):
 garbage-first heap   total 83968K, used 72152K [0x0000000080000000, 0x0000000100000000)
  region size 1024K, 46 young (47104K), 6 survivors (6144K)
 Metaspace       used 45005K, committed 45952K, reserved 1114112K
  class space    used 5774K, committed 6272K, reserved 1048576K
}
Event: 7.155 GC heap after
{Heap after GC invocations=11 (full 0):
 garbage-first heap   total 83968K, used 32425K [0x0000000080000000, 0x0000000100000000)
  region size 1024K, 3 young (3072K), 3 survivors (3072K)
 Metaspace       used 45005K, committed 45952K, reserved 1114112K
  class space    used 5774K, committed 6272K, reserved 1048576K
}

