# JRE version: OpenJDK Runtime Environment (21.0.6) (build 21.0.6+-13391695-b895.109)
# Java VM: OpenJDK 64-Bit Server VM (21.0.6+-13391695-b895.109, mixed mode, tiered, compressed oops, compressed class ptrs, g1 gc, windows-amd64)
GC Precious Log:
 CardTable entry size: 512
 Card Set container configuration: InlinePtr #cards 5 size 8 Array Of Cards #cards 12 size 40 Howl #buckets 4 coarsen threshold 1843 Howl Bitmap #cards 512 size 80 coarsen threshold 460 Card regions per heap region 1 cards per card region 2048
 CPUs: 16 total, 16 available
 Memory: 15613M
 Large Page Support: Disabled
 NUMA Support: Disabled
 Compressed Oops: Enabled (32-bit)
 Heap Region Size: 1M
 Heap Min Capacity: 8M
 Heap Initial Capacity: 244M
 Heap Max Capacity: 2G
 Pre-touch: Disabled
 Parallel Workers: 13
 Concurrent Workers: 3
 Concurrent Refinement Workers: 13
 Periodic GC: Disabled
Heap:
 garbage-first heap   total 250880K, used 164056K [0x0000000080000000, 0x0000000100000000)
  region size 1024K, 33 young (33792K), 6 survivors (6144K)
 Metaspace       used 144580K, committed 147072K, reserved 1179648K
  class space    used 20071K, committed 21312K, reserved 1048576K
GC Heap History (20 events):
Event: 16.070 GC heap before
{Heap before GC invocations=47 (full 0):
 garbage-first heap   total 174080K, used 156705K [0x0000000080000000, 0x0000000100000000)
  region size 1024K, 46 young (47104K), 7 survivors (7168K)
 Metaspace       used 117819K, committed 120064K, reserved 1179648K
  class space    used 15802K, committed 16896K, reserved 1048576K
}
Event: 16.074 GC heap after
{Heap after GC invocations=48 (full 0):
 garbage-first heap   total 174080K, used 118673K [0x0000000080000000, 0x0000000100000000)
  region size 1024K, 4 young (4096K), 4 survivors (4096K)
 Metaspace       used 117819K, committed 120064K, reserved 1179648K
  class space    used 15802K, committed 16896K, reserved 1048576K
}
Event: 16.416 GC heap before
{Heap before GC invocations=49 (full 0):
 garbage-first heap   total 198656K, used 157585K [0x0000000080000000, 0x0000000100000000)
  region size 1024K, 43 young (44032K), 4 survivors (4096K)
 Metaspace       used 118296K, committed 120512K, reserved 1179648K
  class space    used 15899K, committed 17024K, reserved 1048576K
}
Event: 16.420 GC heap after
{Heap after GC invocations=50 (full 0):
 garbage-first heap   total 198656K, used 120673K [0x0000000080000000, 0x0000000100000000)
  region size 1024K, 5 young (5120K), 5 survivors (5120K)
 Metaspace       used 118296K, committed 120512K, reserved 1179648K
  class space    used 15899K, committed 17024K, reserved 1048576K
}
Event: 16.643 GC heap before
{Heap before GC invocations=50 (full 0):
 garbage-first heap   total 198656K, used 174945K [0x0000000080000000, 0x0000000100000000)
  region size 1024K, 59 young (60416K), 5 survivors (5120K)
 Metaspace       used 118421K, committed 120640K, reserved 1179648K
  class space    used 15911K, committed 17024K, reserved 1048576K
}
Event: 16.646 GC heap after
{Heap after GC invocations=51 (full 0):
 garbage-first heap   total 198656K, used 120884K [0x0000000080000000, 0x0000000100000000)
  region size 1024K, 5 young (5120K), 5 survivors (5120K)
 Metaspace       used 118421K, committed 120640K, reserved 1179648K
  class space    used 15911K, committed 17024K, reserved 1048576K
}
Event: 16.902 GC heap before
{Heap before GC invocations=51 (full 0):
 garbage-first heap   total 198656K, used 178228K [0x0000000080000000, 0x0000000100000000)
  region size 1024K, 62 young (63488K), 5 survivors (5120K)
 Metaspace       used 118714K, committed 120896K, reserved 1179648K
  class space    used 15940K, committed 17024K, reserved 1048576K
}
Event: 16.907 GC heap after
{Heap after GC invocations=52 (full 0):
 garbage-first heap   total 198656K, used 124325K [0x0000000080000000, 0x0000000100000000)
  region size 1024K, 8 young (8192K), 8 survivors (8192K)
 Metaspace       used 118714K, committed 120896K, reserved 1179648K
  class space    used 15940K, committed 17024K, reserved 1048576K
}
Event: 17.459 GC heap before
{Heap before GC invocations=53 (full 0):
 garbage-first heap   total 208896K, used 177573K [0x0000000080000000, 0x0000000100000000)
  region size 1024K, 61 young (62464K), 8 survivors (8192K)
 Metaspace       used 121570K, committed 123776K, reserved 1179648K
  class space    used 16278K, committed 17408K, reserved 1048576K
}
Event: 17.464 GC heap after
{Heap after GC invocations=54 (full 0):
 garbage-first heap   total 208896K, used 128233K [0x0000000080000000, 0x0000000100000000)
  region size 1024K, 7 young (7168K), 7 survivors (7168K)
 Metaspace       used 121570K, committed 123776K, reserved 1179648K
  class space    used 16278K, committed 17408K, reserved 1048576K
}
Event: 17.610 GC heap before
{Heap before GC invocations=54 (full 0):
 garbage-first heap   total 208896K, used 187625K [0x0000000080000000, 0x0000000100000000)
  region size 1024K, 66 young (67584K), 7 survivors (7168K)
 Metaspace       used 122333K, committed 124608K, reserved 1179648K
  class space    used 16400K, committed 17600K, reserved 1048576K
}
Event: 17.615 GC heap after
{Heap after GC invocations=55 (full 0):
 garbage-first heap   total 208896K, used 129559K [0x0000000080000000, 0x0000000100000000)
  region size 1024K, 5 young (5120K), 5 survivors (5120K)
 Metaspace       used 122333K, committed 124608K, reserved 1179648K
  class space    used 16400K, committed 17600K, reserved 1048576K
}
Event: 18.357 GC heap before
{Heap before GC invocations=55 (full 0):
 garbage-first heap   total 208896K, used 189975K [0x0000000080000000, 0x0000000100000000)
  region size 1024K, 65 young (66560K), 5 survivors (5120K)
 Metaspace       used 123398K, committed 125760K, reserved 1179648K
  class space    used 16552K, committed 17728K, reserved 1048576K
}
Event: 18.362 GC heap after
{Heap after GC invocations=56 (full 0):
 garbage-first heap   total 250880K, used 131654K [0x0000000080000000, 0x0000000100000000)
  region size 1024K, 7 young (7168K), 7 survivors (7168K)
 Metaspace       used 123398K, committed 125760K, reserved 1179648K
  class space    used 16552K, committed 17728K, reserved 1048576K
}
Event: 27.340 GC heap before
{Heap before GC invocations=57 (full 0):
 garbage-first heap   total 250880K, used 218694K [0x0000000080000000, 0x0000000100000000)
  region size 1024K, 93 young (95232K), 7 survivors (7168K)
 Metaspace       used 125084K, committed 127488K, reserved 1179648K
  class space    used 16823K, committed 18048K, reserved 1048576K
}
Event: 27.344 GC heap after
{Heap after GC invocations=58 (full 0):
 garbage-first heap   total 250880K, used 134487K [0x0000000080000000, 0x0000000100000000)
  region size 1024K, 8 young (8192K), 8 survivors (8192K)
 Metaspace       used 125084K, committed 127488K, reserved 1179648K
  class space    used 16823K, committed 18048K, reserved 1048576K
}
Event: 27.981 GC heap before
{Heap before GC invocations=58 (full 0):
 garbage-first heap   total 250880K, used 220503K [0x0000000080000000, 0x0000000100000000)
  region size 1024K, 93 young (95232K), 8 survivors (8192K)
 Metaspace       used 134887K, committed 137280K, reserved 1179648K
  class space    used 18466K, committed 19712K, reserved 1048576K
}
Event: 27.988 GC heap after
{Heap after GC invocations=59 (full 0):
 garbage-first heap   total 250880K, used 136423K [0x0000000080000000, 0x0000000100000000)
  region size 1024K, 8 young (8192K), 8 survivors (8192K)
 Metaspace       used 134887K, committed 137280K, reserved 1179648K
  class space    used 18466K, committed 19712K, reserved 1048576K
}
Event: 28.332 GC heap before
{Heap before GC invocations=59 (full 0):
 garbage-first heap   total 250880K, used 226535K [0x0000000080000000, 0x0000000100000000)
  region size 1024K, 97 young (99328K), 8 survivors (8192K)
 Metaspace       used 142485K, committed 144960K, reserved 1179648K
  class space    used 19670K, committed 20928K, reserved 1048576K
}
Event: 28.338 GC heap after
{Heap after GC invocations=60 (full 0):
 garbage-first heap   total 250880K, used 138456K [0x0000000080000000, 0x0000000100000000)
  region size 1024K, 6 young (6144K), 6 survivors (6144K)
 Metaspace       used 142485K, committed 144960K, reserved 1179648K
  class space    used 19670K, committed 20928K, reserved 1048576K
}

