# JRE version: OpenJDK Runtime Environment (21.0.6) (build 21.0.6+-13391695-b895.109)
# Java VM: OpenJDK 64-Bit Server VM (21.0.6+-13391695-b895.109, mixed mode, tiered, compressed oops, compressed class ptrs, g1 gc, windows-amd64)
GC Precious Log:
 CardTable entry size: 512
 Card Set container configuration: InlinePtr #cards 5 size 8 Array Of Cards #cards 12 size 40 Howl #buckets 4 coarsen threshold 1843 Howl Bitmap #cards 512 size 80 coarsen threshold 460 Card regions per heap region 1 cards per card region 2048
 CPUs: 16 total, 16 available
 Memory: 15613M
 Large Page Support: Disabled
 NUMA Support: Disabled
 Compressed Oops: Enabled (32-bit)
 Heap Region Size: 1M
 Heap Min Capacity: 8M
 Heap Initial Capacity: 244M
 Heap Max Capacity: 2G
 Pre-touch: Disabled
 Parallel Workers: 13
 Concurrent Workers: 3
 Concurrent Refinement Workers: 13
 Periodic GC: Disabled
Heap:
 garbage-first heap   total 462848K, used 405523K [0x0000000080000000, 0x0000000100000000)
  region size 1024K, 143 young (146432K), 16 survivors (16384K)
 Metaspace       used 221235K, committed 224384K, reserved 1245184K
  class space    used 28012K, committed 29568K, reserved 1048576K
GC Heap History (20 events):
Event: 20.432 GC heap before
{Heap before GC invocations=52 (full 0):
 garbage-first heap   total 353280K, used 315666K [0x0000000080000000, 0x0000000100000000)
  region size 1024K, 137 young (140288K), 18 survivors (18432K)
 Metaspace       used 145736K, committed 148160K, reserved 1179648K
  class space    used 19221K, committed 20416K, reserved 1048576K
}
Event: 20.445 GC heap after
{Heap after GC invocations=53 (full 0):
 garbage-first heap   total 353280K, used 204916K [0x0000000080000000, 0x0000000100000000)
  region size 1024K, 13 young (13312K), 13 survivors (13312K)
 Metaspace       used 145736K, committed 148160K, reserved 1179648K
  class space    used 19221K, committed 20416K, reserved 1048576K
}
Event: 61.747 GC heap before
{Heap before GC invocations=54 (full 0):
 garbage-first heap   total 353280K, used 319604K [0x0000000080000000, 0x0000000100000000)
  region size 1024K, 126 young (129024K), 13 survivors (13312K)
 Metaspace       used 155434K, committed 157952K, reserved 1245184K
  class space    used 20185K, committed 21440K, reserved 1048576K
}
Event: 61.758 GC heap after
{Heap after GC invocations=55 (full 0):
 garbage-first heap   total 353280K, used 211506K [0x0000000080000000, 0x0000000100000000)
  region size 1024K, 7 young (7168K), 7 survivors (7168K)
 Metaspace       used 155434K, committed 157952K, reserved 1245184K
  class space    used 20185K, committed 21440K, reserved 1048576K
}
Event: 63.074 GC heap before
{Heap before GC invocations=55 (full 0):
 garbage-first heap   total 353280K, used 324146K [0x0000000080000000, 0x0000000100000000)
  region size 1024K, 118 young (120832K), 7 survivors (7168K)
 Metaspace       used 158848K, committed 161408K, reserved 1245184K
  class space    used 20639K, committed 21888K, reserved 1048576K
}
Event: 63.087 GC heap after
{Heap after GC invocations=56 (full 0):
 garbage-first heap   total 353280K, used 221541K [0x0000000080000000, 0x0000000100000000)
  region size 1024K, 15 young (15360K), 15 survivors (15360K)
 Metaspace       used 158848K, committed 161408K, reserved 1245184K
  class space    used 20639K, committed 21888K, reserved 1048576K
}
Event: 98.024 GC heap before
{Heap before GC invocations=56 (full 0):
 garbage-first heap   total 353280K, used 317797K [0x0000000080000000, 0x0000000100000000)
  region size 1024K, 110 young (112640K), 15 survivors (15360K)
 Metaspace       used 160526K, committed 163200K, reserved 1245184K
  class space    used 20846K, committed 22208K, reserved 1048576K
}
Event: 98.038 GC heap after
{Heap after GC invocations=57 (full 0):
 garbage-first heap   total 353280K, used 232166K [0x0000000080000000, 0x0000000100000000)
  region size 1024K, 10 young (10240K), 10 survivors (10240K)
 Metaspace       used 160526K, committed 163200K, reserved 1245184K
  class space    used 20846K, committed 22208K, reserved 1048576K
}
Event: 99.420 GC heap before
{Heap before GC invocations=58 (full 0):
 garbage-first heap   total 388096K, used 322278K [0x0000000080000000, 0x0000000100000000)
  region size 1024K, 98 young (100352K), 10 survivors (10240K)
 Metaspace       used 170310K, committed 173056K, reserved 1245184K
  class space    used 22494K, committed 23872K, reserved 1048576K
}
Event: 99.427 GC heap after
{Heap after GC invocations=59 (full 0):
 garbage-first heap   total 388096K, used 237493K [0x0000000080000000, 0x0000000100000000)
  region size 1024K, 6 young (6144K), 6 survivors (6144K)
 Metaspace       used 170310K, committed 173056K, reserved 1245184K
  class space    used 22494K, committed 23872K, reserved 1048576K
}
Event: 100.171 GC heap before
{Heap before GC invocations=59 (full 0):
 garbage-first heap   total 388096K, used 363445K [0x0000000080000000, 0x0000000100000000)
  region size 1024K, 121 young (123904K), 6 survivors (6144K)
 Metaspace       used 176620K, committed 179328K, reserved 1245184K
  class space    used 23230K, committed 24576K, reserved 1048576K
}
Event: 100.184 GC heap after
{Heap after GC invocations=60 (full 0):
 garbage-first heap   total 397312K, used 259656K [0x0000000080000000, 0x0000000100000000)
  region size 1024K, 16 young (16384K), 16 survivors (16384K)
 Metaspace       used 176620K, committed 179328K, reserved 1245184K
  class space    used 23230K, committed 24576K, reserved 1048576K
}
Event: 100.595 GC heap before
{Heap before GC invocations=60 (full 0):
 garbage-first heap   total 397312K, used 312904K [0x0000000080000000, 0x0000000100000000)
  region size 1024K, 69 young (70656K), 16 survivors (16384K)
 Metaspace       used 180734K, committed 183488K, reserved 1245184K
  class space    used 23699K, committed 25088K, reserved 1048576K
}
Event: 100.604 GC heap after
{Heap after GC invocations=61 (full 0):
 garbage-first heap   total 397312K, used 270326K [0x0000000080000000, 0x0000000100000000)
  region size 1024K, 9 young (9216K), 9 survivors (9216K)
 Metaspace       used 180734K, committed 183488K, reserved 1245184K
  class space    used 23699K, committed 25088K, reserved 1048576K
}
Event: 101.634 GC heap before
{Heap before GC invocations=62 (full 0):
 garbage-first heap   total 462848K, used 362486K [0x0000000080000000, 0x0000000100000000)
  region size 1024K, 93 young (95232K), 9 survivors (9216K)
 Metaspace       used 190056K, committed 193088K, reserved 1245184K
  class space    used 24708K, committed 26240K, reserved 1048576K
}
Event: 101.639 GC heap after
{Heap after GC invocations=63 (full 0):
 garbage-first heap   total 462848K, used 282898K [0x0000000080000000, 0x0000000100000000)
  region size 1024K, 7 young (7168K), 7 survivors (7168K)
 Metaspace       used 190056K, committed 193088K, reserved 1245184K
  class space    used 24708K, committed 26240K, reserved 1048576K
}
Event: 102.794 GC heap before
{Heap before GC invocations=63 (full 0):
 garbage-first heap   total 462848K, used 410898K [0x0000000080000000, 0x0000000100000000)
  region size 1024K, 131 young (134144K), 7 survivors (7168K)
 Metaspace       used 200886K, committed 203904K, reserved 1245184K
  class space    used 26003K, committed 27520K, reserved 1048576K
}
Event: 102.804 GC heap after
{Heap after GC invocations=64 (full 0):
 garbage-first heap   total 462848K, used 267363K [0x0000000080000000, 0x0000000100000000)
  region size 1024K, 15 young (15360K), 15 survivors (15360K)
 Metaspace       used 200886K, committed 203904K, reserved 1245184K
  class space    used 26003K, committed 27520K, reserved 1048576K
}
Event: 104.623 GC heap before
{Heap before GC invocations=64 (full 0):
 garbage-first heap   total 462848K, used 408675K [0x0000000080000000, 0x0000000100000000)
  region size 1024K, 154 young (157696K), 15 survivors (15360K)
 Metaspace       used 219679K, committed 222784K, reserved 1245184K
  class space    used 27880K, committed 29440K, reserved 1048576K
}
Event: 104.632 GC heap after
{Heap after GC invocations=65 (full 0):
 garbage-first heap   total 462848K, used 275475K [0x0000000080000000, 0x0000000100000000)
  region size 1024K, 16 young (16384K), 16 survivors (16384K)
 Metaspace       used 219679K, committed 222784K, reserved 1245184K
  class space    used 27880K, committed 29440K, reserved 1048576K
}

