# JRE version: OpenJDK Runtime Environment (21.0.6) (build 21.0.6+-13391695-b895.109)
# Java VM: OpenJDK 64-Bit Server VM (21.0.6+-13391695-b895.109, mixed mode, tiered, compressed oops, compressed class ptrs, g1 gc, windows-amd64)
GC Precious Log:
 CardTable entry size: 512
 Card Set container configuration: InlinePtr #cards 5 size 8 Array Of Cards #cards 12 size 40 Howl #buckets 4 coarsen threshold 1843 Howl Bitmap #cards 512 size 80 coarsen threshold 460 Card regions per heap region 1 cards per card region 2048
 CPUs: 16 total, 16 available
 Memory: 15613M
 Large Page Support: Disabled
 NUMA Support: Disabled
 Compressed Oops: Enabled (32-bit)
 Heap Region Size: 1M
 Heap Min Capacity: 8M
 Heap Initial Capacity: 244M
 Heap Max Capacity: 2G
 Pre-touch: Disabled
 Parallel Workers: 13
 Concurrent Workers: 3
 Concurrent Refinement Workers: 13
 Periodic GC: Disabled
Heap:
 garbage-first heap   total 312320K, used 220345K [0x0000000080000000, 0x0000000100000000)
  region size 1024K, 47 young (48128K), 12 survivors (12288K)
 Metaspace       used 193155K, committed 196032K, reserved 1245184K
  class space    used 24444K, committed 25856K, reserved 1048576K
GC Heap History (20 events):
Event: 16.897 GC heap before
{Heap before GC invocations=51 (full 0):
 garbage-first heap   total 266240K, used 182580K [0x0000000080000000, 0x0000000100000000)
  region size 1024K, 26 young (26624K), 7 survivors (7168K)
 Metaspace       used 163024K, committed 165568K, reserved 1245184K
  class space    used 20371K, committed 21632K, reserved 1048576K
}
Event: 16.901 GC heap after
{Heap after GC invocations=52 (full 0):
 garbage-first heap   total 266240K, used 165412K [0x0000000080000000, 0x0000000100000000)
  region size 1024K, 5 young (5120K), 5 survivors (5120K)
 Metaspace       used 163024K, committed 165568K, reserved 1245184K
  class space    used 20371K, committed 21632K, reserved 1048576K
}
Event: 17.760 GC heap before
{Heap before GC invocations=53 (full 0):
 garbage-first heap   total 278528K, used 246308K [0x0000000080000000, 0x0000000100000000)
  region size 1024K, 83 young (84992K), 5 survivors (5120K)
 Metaspace       used 169113K, committed 171712K, reserved 1245184K
  class space    used 21375K, committed 22656K, reserved 1048576K
}
Event: 17.765 GC heap after
{Heap after GC invocations=54 (full 0):
 garbage-first heap   total 278528K, used 167837K [0x0000000080000000, 0x0000000100000000)
  region size 1024K, 8 young (8192K), 8 survivors (8192K)
 Metaspace       used 169113K, committed 171712K, reserved 1245184K
  class space    used 21375K, committed 22656K, reserved 1048576K
}
Event: 18.709 GC heap before
{Heap before GC invocations=54 (full 0):
 garbage-first heap   total 278528K, used 253853K [0x0000000080000000, 0x0000000100000000)
  region size 1024K, 92 young (94208K), 8 survivors (8192K)
 Metaspace       used 175570K, committed 178240K, reserved 1245184K
  class space    used 22360K, committed 23744K, reserved 1048576K
}
Event: 18.716 GC heap after
{Heap after GC invocations=55 (full 0):
 garbage-first heap   total 278528K, used 163794K [0x0000000080000000, 0x0000000100000000)
  region size 1024K, 9 young (9216K), 9 survivors (9216K)
 Metaspace       used 175570K, committed 178240K, reserved 1245184K
  class space    used 22360K, committed 23744K, reserved 1048576K
}
Event: 19.461 GC heap before
{Heap before GC invocations=55 (full 0):
 garbage-first heap   total 278528K, used 230354K [0x0000000080000000, 0x0000000100000000)
  region size 1024K, 76 young (77824K), 9 survivors (9216K)
 Metaspace       used 180874K, committed 183552K, reserved 1245184K
  class space    used 22942K, committed 24256K, reserved 1048576K
}
Event: 19.468 GC heap after
{Heap after GC invocations=56 (full 0):
 garbage-first heap   total 278528K, used 171509K [0x0000000080000000, 0x0000000100000000)
  region size 1024K, 12 young (12288K), 12 survivors (12288K)
 Metaspace       used 180874K, committed 183552K, reserved 1245184K
  class space    used 22942K, committed 24256K, reserved 1048576K
}
Event: 20.264 GC heap before
{Heap before GC invocations=57 (full 0):
 garbage-first heap   total 293888K, used 253429K [0x0000000080000000, 0x0000000100000000)
  region size 1024K, 89 young (91136K), 12 survivors (12288K)
 Metaspace       used 184083K, committed 186752K, reserved 1245184K
  class space    used 23328K, committed 24640K, reserved 1048576K
}
Event: 20.273 GC heap after
{Heap after GC invocations=58 (full 0):
 garbage-first heap   total 293888K, used 180668K [0x0000000080000000, 0x0000000100000000)
  region size 1024K, 11 young (11264K), 11 survivors (11264K)
 Metaspace       used 184083K, committed 186752K, reserved 1245184K
  class space    used 23328K, committed 24640K, reserved 1048576K
}
Event: 20.460 GC heap before
{Heap before GC invocations=58 (full 0):
 garbage-first heap   total 293888K, used 265660K [0x0000000080000000, 0x0000000100000000)
  region size 1024K, 95 young (97280K), 11 survivors (11264K)
 Metaspace       used 184134K, committed 186816K, reserved 1245184K
  class space    used 23331K, committed 24640K, reserved 1048576K
}
Event: 20.466 GC heap after
{Heap after GC invocations=59 (full 0):
 garbage-first heap   total 293888K, used 174212K [0x0000000080000000, 0x0000000100000000)
  region size 1024K, 6 young (6144K), 6 survivors (6144K)
 Metaspace       used 184134K, committed 186816K, reserved 1245184K
  class space    used 23331K, committed 24640K, reserved 1048576K
}
Event: 21.118 GC heap before
{Heap before GC invocations=59 (full 0):
 garbage-first heap   total 293888K, used 269444K [0x0000000080000000, 0x0000000100000000)
  region size 1024K, 100 young (102400K), 6 survivors (6144K)
 Metaspace       used 187038K, committed 189760K, reserved 1245184K
  class space    used 23677K, committed 25024K, reserved 1048576K
}
Event: 21.123 GC heap after
{Heap after GC invocations=60 (full 0):
 garbage-first heap   total 293888K, used 179428K [0x0000000080000000, 0x0000000100000000)
  region size 1024K, 12 young (12288K), 12 survivors (12288K)
 Metaspace       used 187038K, committed 189760K, reserved 1245184K
  class space    used 23677K, committed 25024K, reserved 1048576K
}
Event: 21.287 GC heap before
{Heap before GC invocations=61 (full 0):
 garbage-first heap   total 302080K, used 262372K [0x0000000080000000, 0x0000000100000000)
  region size 1024K, 94 young (96256K), 12 survivors (12288K)
 Metaspace       used 187124K, committed 189888K, reserved 1245184K
  class space    used 23685K, committed 25024K, reserved 1048576K
}
Event: 21.292 GC heap after
{Heap after GC invocations=62 (full 0):
 garbage-first heap   total 302080K, used 182236K [0x0000000080000000, 0x0000000100000000)
  region size 1024K, 6 young (6144K), 6 survivors (6144K)
 Metaspace       used 187124K, committed 189888K, reserved 1245184K
  class space    used 23685K, committed 25024K, reserved 1048576K
}
Event: 21.580 GC heap before
{Heap before GC invocations=62 (full 0):
 garbage-first heap   total 302080K, used 277468K [0x0000000080000000, 0x0000000100000000)
  region size 1024K, 100 young (102400K), 6 survivors (6144K)
 Metaspace       used 187526K, committed 190272K, reserved 1245184K
  class space    used 23728K, committed 25088K, reserved 1048576K
}
Event: 21.586 GC heap after
{Heap after GC invocations=63 (full 0):
 garbage-first heap   total 302080K, used 181022K [0x0000000080000000, 0x0000000100000000)
  region size 1024K, 9 young (9216K), 9 survivors (9216K)
 Metaspace       used 187526K, committed 190272K, reserved 1245184K
  class space    used 23728K, committed 25088K, reserved 1048576K
}
Event: 23.311 GC heap before
{Heap before GC invocations=63 (full 0):
 garbage-first heap   total 302080K, used 275230K [0x0000000080000000, 0x0000000100000000)
  region size 1024K, 102 young (104448K), 9 survivors (9216K)
 Metaspace       used 189612K, committed 192384K, reserved 1245184K
  class space    used 23988K, committed 25344K, reserved 1048576K
}
Event: 23.316 GC heap after
{Heap after GC invocations=64 (full 0):
 garbage-first heap   total 302080K, used 186553K [0x0000000080000000, 0x0000000100000000)
  region size 1024K, 12 young (12288K), 12 survivors (12288K)
 Metaspace       used 189612K, committed 192384K, reserved 1245184K
  class space    used 23988K, committed 25344K, reserved 1048576K
}

