# JRE version: OpenJDK Runtime Environment (21.0.6) (build 21.0.6+-13391695-b895.109)
# Java VM: OpenJDK 64-Bit Server VM (21.0.6+-13391695-b895.109, mixed mode, tiered, compressed oops, compressed class ptrs, g1 gc, windows-amd64)
GC Precious Log:
 CardTable entry size: 512
 Card Set container configuration: InlinePtr #cards 5 size 8 Array Of Cards #cards 12 size 40 Howl #buckets 4 coarsen threshold 1843 Howl Bitmap #cards 512 size 80 coarsen threshold 460 Card regions per heap region 1 cards per card region 2048
 CPUs: 16 total, 16 available
 Memory: 15613M
 Large Page Support: Disabled
 NUMA Support: Disabled
 Compressed Oops: Enabled (32-bit)
 Heap Region Size: 1M
 Heap Min Capacity: 8M
 Heap Initial Capacity: 244M
 Heap Max Capacity: 2G
 Pre-touch: Disabled
 Parallel Workers: 13
 Concurrent Workers: 3
 Concurrent Refinement Workers: 13
 Periodic GC: Disabled
Heap:
 garbage-first heap   total 320512K, used 187863K [0x0000000080000000, 0x0000000100000000)
  region size 1024K, 6 young (6144K), 6 survivors (6144K)
 Metaspace       used 157057K, committed 162240K, reserved 1245184K
  class space    used 20812K, committed 22784K, reserved 1048576K
GC Heap History (20 events):
Event: 1618.435 GC heap after
{Heap after GC invocations=77 (full 0):
 garbage-first heap   total 301056K, used 188049K [0x0000000080000000, 0x0000000100000000)
  region size 1024K, 10 young (10240K), 10 survivors (10240K)
 Metaspace       used 159041K, committed 161536K, reserved 1245184K
  class space    used 21459K, committed 22720K, reserved 1048576K
}
Event: 1618.621 GC heap before
{Heap before GC invocations=77 (full 0):
 garbage-first heap   total 301056K, used 272017K [0x0000000080000000, 0x0000000100000000)
  region size 1024K, 93 young (95232K), 10 survivors (10240K)
 Metaspace       used 159084K, committed 161536K, reserved 1245184K
  class space    used 21460K, committed 22720K, reserved 1048576K
}
Event: 1618.627 GC heap after
{Heap after GC invocations=78 (full 0):
 garbage-first heap   total 301056K, used 182091K [0x0000000080000000, 0x0000000100000000)
  region size 1024K, 3 young (3072K), 3 survivors (3072K)
 Metaspace       used 159084K, committed 161536K, reserved 1245184K
  class space    used 21460K, committed 22720K, reserved 1048576K
}
Event: 1619.203 GC heap before
{Heap before GC invocations=78 (full 0):
 garbage-first heap   total 301056K, used 262987K [0x0000000080000000, 0x0000000100000000)
  region size 1024K, 84 young (86016K), 3 survivors (3072K)
 Metaspace       used 159094K, committed 161536K, reserved 1245184K
  class space    used 21460K, committed 22720K, reserved 1048576K
}
Event: 1619.207 GC heap after
{Heap after GC invocations=79 (full 0):
 garbage-first heap   total 301056K, used 190702K [0x0000000080000000, 0x0000000100000000)
  region size 1024K, 12 young (12288K), 12 survivors (12288K)
 Metaspace       used 159094K, committed 161536K, reserved 1245184K
  class space    used 21460K, committed 22720K, reserved 1048576K
}
Event: 2475.664 GC heap before
{Heap before GC invocations=80 (full 0):
 garbage-first heap   total 311296K, used 309486K [0x0000000080000000, 0x0000000100000000)
  region size 1024K, 91 young (93184K), 12 survivors (12288K)
 Metaspace       used 159202K, committed 161728K, reserved 1245184K
  class space    used 21461K, committed 22720K, reserved 1048576K
}
Event: 2475.674 GC heap after
{Heap after GC invocations=81 (full 0):
 garbage-first heap   total 317440K, used 177005K [0x0000000080000000, 0x0000000100000000)
  region size 1024K, 5 young (5120K), 5 survivors (5120K)
 Metaspace       used 159202K, committed 161728K, reserved 1245184K
  class space    used 21461K, committed 22720K, reserved 1048576K
}
Event: 2486.164 GC heap before
{Heap before GC invocations=81 (full 0):
 garbage-first heap   total 317440K, used 289645K [0x0000000080000000, 0x0000000100000000)
  region size 1024K, 116 young (118784K), 5 survivors (5120K)
 Metaspace       used 159540K, committed 162048K, reserved 1245184K
  class space    used 21462K, committed 22720K, reserved 1048576K
}
Event: 2486.182 GC heap after
{Heap after GC invocations=82 (full 0):
 garbage-first heap   total 317440K, used 163970K [0x0000000080000000, 0x0000000100000000)
  region size 1024K, 15 young (15360K), 15 survivors (15360K)
 Metaspace       used 159540K, committed 162048K, reserved 1245184K
  class space    used 21462K, committed 22720K, reserved 1048576K
}
Event: 2486.347 GC heap before
{Heap before GC invocations=82 (full 0):
 garbage-first heap   total 317440K, used 282754K [0x0000000080000000, 0x0000000100000000)
  region size 1024K, 132 young (135168K), 15 survivors (15360K)
 Metaspace       used 159630K, committed 162112K, reserved 1245184K
  class space    used 21473K, committed 22720K, reserved 1048576K
}
Event: 2486.365 GC heap after
{Heap after GC invocations=83 (full 0):
 garbage-first heap   total 317440K, used 179583K [0x0000000080000000, 0x0000000100000000)
  region size 1024K, 15 young (15360K), 15 survivors (15360K)
 Metaspace       used 159630K, committed 162112K, reserved 1245184K
  class space    used 21473K, committed 22720K, reserved 1048576K
}
Event: 2486.609 GC heap before
{Heap before GC invocations=83 (full 0):
 garbage-first heap   total 317440K, used 283007K [0x0000000080000000, 0x0000000100000000)
  region size 1024K, 118 young (120832K), 15 survivors (15360K)
 Metaspace       used 156898K, committed 162240K, reserved 1245184K
  class space    used 20802K, committed 22784K, reserved 1048576K
}
Event: 2486.620 GC heap after
{Heap after GC invocations=84 (full 0):
 garbage-first heap   total 317440K, used 193181K [0x0000000080000000, 0x0000000100000000)
  region size 1024K, 15 young (15360K), 15 survivors (15360K)
 Metaspace       used 156898K, committed 162240K, reserved 1245184K
  class space    used 20802K, committed 22784K, reserved 1048576K
}
Event: 2486.698 GC heap before
{Heap before GC invocations=84 (full 0):
 garbage-first heap   total 317440K, used 284317K [0x0000000080000000, 0x0000000100000000)
  region size 1024K, 105 young (107520K), 15 survivors (15360K)
 Metaspace       used 156992K, committed 162240K, reserved 1245184K
  class space    used 20806K, committed 22784K, reserved 1048576K
}
Event: 2486.705 GC heap after
{Heap after GC invocations=85 (full 0):
 garbage-first heap   total 317440K, used 197983K [0x0000000080000000, 0x0000000100000000)
  region size 1024K, 5 young (5120K), 5 survivors (5120K)
 Metaspace       used 156992K, committed 162240K, reserved 1245184K
  class space    used 20806K, committed 22784K, reserved 1048576K
}
Event: 2486.788 GC heap before
{Heap before GC invocations=86 (full 0):
 garbage-first heap   total 317440K, used 289119K [0x0000000080000000, 0x0000000100000000)
  region size 1024K, 95 young (97280K), 5 survivors (5120K)
 Metaspace       used 157012K, committed 162240K, reserved 1245184K
  class space    used 20810K, committed 22784K, reserved 1048576K
}
Event: 2486.793 GC heap after
{Heap after GC invocations=87 (full 0):
 garbage-first heap   total 317440K, used 199042K [0x0000000080000000, 0x0000000100000000)
  region size 1024K, 6 young (6144K), 6 survivors (6144K)
 Metaspace       used 157012K, committed 162240K, reserved 1245184K
  class space    used 20810K, committed 22784K, reserved 1048576K
}
Event: 2486.866 GC heap before
{Heap before GC invocations=87 (full 0):
 garbage-first heap   total 317440K, used 292226K [0x0000000080000000, 0x0000000100000000)
  region size 1024K, 98 young (100352K), 6 survivors (6144K)
 Metaspace       used 157021K, committed 162240K, reserved 1245184K
  class space    used 20810K, committed 22784K, reserved 1048576K
}
Event: 2486.878 GC heap after
{Heap after GC invocations=88 (full 0):
 garbage-first heap   total 320512K, used 189440K [0x0000000080000000, 0x0000000100000000)
  region size 1024K, 7 young (7168K), 7 survivors (7168K)
 Metaspace       used 157021K, committed 162240K, reserved 1245184K
  class space    used 20810K, committed 22784K, reserved 1048576K
}
Event: 2486.946 GC heap before
{Heap before GC invocations=88 (full 0):
 garbage-first heap   total 320512K, used 294912K [0x0000000080000000, 0x0000000100000000)
  region size 1024K, 111 young (113664K), 7 survivors (7168K)
 Metaspace       used 157057K, committed 162240K, reserved 1245184K
  class space    used 20812K, committed 22784K, reserved 1048576K
}

