# JRE version: Java(TM) SE Runtime Environment (23.0.1+11) (build 23.0.1+11-39)
# Java VM: Java HotSpot(TM) 64-Bit Server VM (23.0.1+11-39, mixed mode, sharing, tiered, compressed oops, compressed class ptrs, g1 gc, windows-amd64)
GC Precious Log:
 CardTable entry size: 512
 Card Set container configuration: InlinePtr #cards 5 size 8 Array Of Cards #cards 10 size 36 Howl #buckets 4 coarsen threshold 1843 Howl Bitmap #cards 512 size 80 coarsen threshold 460 Card regions per heap region 1 cards per card region 2048
 CPUs: 16 total, 16 available
 Memory: 15613M
 Large Page Support: Disabled
 NUMA Support: Disabled
 Compressed Oops: Enabled (32-bit)
 Heap Region Size: 1M
 Heap Min Capacity: 8M
 Heap Initial Capacity: 244M
 Heap Max Capacity: 2G
 Pre-touch: Disabled
 Parallel Workers: 13
 Concurrent Workers: 3
 Concurrent Refinement Workers: 13
 Periodic GC: Disabled
Heap:
 garbage-first heap   total reserved 2097152K, committed 168960K, used 121473K [0x0000000080000000, 0x0000000100000000)
  region size 1024K, 8 young (8192K), 4 survivors (4096K)
 Metaspace       used 87317K, committed 89408K, reserved 1179648K
  class space    used 12573K, committed 13568K, reserved 1048576K
GC Heap History (20 events):
Event: 23.145 GC heap before
{Heap before GC invocations=27 (full 0):
 garbage-first heap   total reserved 2097152K, committed 114688K, used 100073K [0x0000000080000000, 0x0000000100000000)
  region size 1024K, 40 young (40960K), 6 survivors (6144K)
 Metaspace       used 66881K, committed 68800K, reserved 1114112K
  class space    used 9611K, committed 10496K, reserved 1048576K
}
Event: 23.151 GC heap after
{Heap after GC invocations=28 (full 0):
 garbage-first heap   total reserved 2097152K, committed 114688K, used 69942K [0x0000000080000000, 0x0000000100000000)
  region size 1024K, 4 young (4096K), 4 survivors (4096K)
 Metaspace       used 66881K, committed 68800K, reserved 1114112K
  class space    used 9611K, committed 10496K, reserved 1048576K
}
Event: 23.533 GC heap before
{Heap before GC invocations=29 (full 0):
 garbage-first heap   total reserved 2097152K, committed 117760K, used 101686K [0x0000000080000000, 0x0000000100000000)
  region size 1024K, 36 young (36864K), 4 survivors (4096K)
 Metaspace       used 67225K, committed 69184K, reserved 1114112K
  class space    used 9633K, committed 10560K, reserved 1048576K
}
Event: 23.537 GC heap after
{Heap after GC invocations=30 (full 0):
 garbage-first heap   total reserved 2097152K, committed 117760K, used 71090K [0x0000000080000000, 0x0000000100000000)
  region size 1024K, 2 young (2048K), 2 survivors (2048K)
 Metaspace       used 67225K, committed 69184K, reserved 1114112K
  class space    used 9633K, committed 10560K, reserved 1048576K
}
Event: 23.803 GC heap before
{Heap before GC invocations=30 (full 0):
 garbage-first heap   total reserved 2097152K, committed 117760K, used 106930K [0x0000000080000000, 0x0000000100000000)
  region size 1024K, 38 young (38912K), 2 survivors (2048K)
 Metaspace       used 67233K, committed 69184K, reserved 1114112K
  class space    used 9633K, committed 10560K, reserved 1048576K
}
Event: 23.808 GC heap after
{Heap after GC invocations=31 (full 0):
 garbage-first heap   total reserved 2097152K, committed 117760K, used 71427K [0x0000000080000000, 0x0000000100000000)
  region size 1024K, 3 young (3072K), 3 survivors (3072K)
 Metaspace       used 67233K, committed 69184K, reserved 1114112K
  class space    used 9633K, committed 10560K, reserved 1048576K
}
Event: 23.946 GC heap before
{Heap before GC invocations=31 (full 0):
 garbage-first heap   total reserved 2097152K, committed 117760K, used 105219K [0x0000000080000000, 0x0000000100000000)
  region size 1024K, 37 young (37888K), 3 survivors (3072K)
 Metaspace       used 67242K, committed 69184K, reserved 1114112K
  class space    used 9633K, committed 10560K, reserved 1048576K
}
Event: 23.950 GC heap after
{Heap after GC invocations=32 (full 0):
 garbage-first heap   total reserved 2097152K, committed 141312K, used 72343K [0x0000000080000000, 0x0000000100000000)
  region size 1024K, 4 young (4096K), 4 survivors (4096K)
 Metaspace       used 67242K, committed 69184K, reserved 1114112K
  class space    used 9633K, committed 10560K, reserved 1048576K
}
Event: 25.428 GC heap before
{Heap before GC invocations=33 (full 0):
 garbage-first heap   total reserved 2097152K, committed 141312K, used 126615K [0x0000000080000000, 0x0000000100000000)
  region size 1024K, 58 young (59392K), 4 survivors (4096K)
 Metaspace       used 74444K, committed 76352K, reserved 1114112K
  class space    used 11005K, committed 11904K, reserved 1048576K
}
Event: 25.431 GC heap after
{Heap after GC invocations=34 (full 0):
 garbage-first heap   total reserved 2097152K, committed 141312K, used 74679K [0x0000000080000000, 0x0000000100000000)
  region size 1024K, 6 young (6144K), 6 survivors (6144K)
 Metaspace       used 74444K, committed 76352K, reserved 1114112K
  class space    used 11005K, committed 11904K, reserved 1048576K
}
Event: 26.408 GC heap before
{Heap before GC invocations=34 (full 0):
 garbage-first heap   total reserved 2097152K, committed 141312K, used 124855K [0x0000000080000000, 0x0000000100000000)
  region size 1024K, 56 young (57344K), 6 survivors (6144K)
 Metaspace       used 81523K, committed 83520K, reserved 1179648K
  class space    used 11893K, committed 12800K, reserved 1048576K
}
Event: 26.414 GC heap after
{Heap after GC invocations=35 (full 0):
 garbage-first heap   total reserved 2097152K, committed 141312K, used 75801K [0x0000000080000000, 0x0000000100000000)
  region size 1024K, 6 young (6144K), 6 survivors (6144K)
 Metaspace       used 81523K, committed 83520K, reserved 1179648K
  class space    used 11893K, committed 12800K, reserved 1048576K
}
Event: 26.614 GC heap before
{Heap before GC invocations=35 (full 0):
 garbage-first heap   total reserved 2097152K, committed 141312K, used 88089K [0x0000000080000000, 0x0000000100000000)
  region size 1024K, 19 young (19456K), 6 survivors (6144K)
 Metaspace       used 83110K, committed 85120K, reserved 1179648K
  class space    used 12094K, committed 12992K, reserved 1048576K
}
Event: 26.620 GC heap after
{Heap after GC invocations=36 (full 0):
 garbage-first heap   total reserved 2097152K, committed 141312K, used 76599K [0x0000000080000000, 0x0000000100000000)
  region size 1024K, 3 young (3072K), 3 survivors (3072K)
 Metaspace       used 83110K, committed 85120K, reserved 1179648K
  class space    used 12094K, committed 12992K, reserved 1048576K
}
Event: 27.037 GC heap before
{Heap before GC invocations=37 (full 0):
 garbage-first heap   total reserved 2097152K, committed 142336K, used 139063K [0x0000000080000000, 0x0000000100000000)
  region size 1024K, 54 young (55296K), 3 survivors (3072K)
 Metaspace       used 83526K, committed 85632K, reserved 1179648K
  class space    used 12106K, committed 13056K, reserved 1048576K
}
Event: 27.050 GC heap after
{Heap after GC invocations=38 (full 0):
 garbage-first heap   total reserved 2097152K, committed 158720K, used 94166K [0x0000000080000000, 0x0000000100000000)
  region size 1024K, 7 young (7168K), 7 survivors (7168K)
 Metaspace       used 83526K, committed 85632K, reserved 1179648K
  class space    used 12106K, committed 13056K, reserved 1048576K
}
Event: 27.296 GC heap before
{Heap before GC invocations=38 (full 0):
 garbage-first heap   total reserved 2097152K, committed 158720K, used 146390K [0x0000000080000000, 0x0000000100000000)
  region size 1024K, 51 young (52224K), 7 survivors (7168K)
 Metaspace       used 83526K, committed 85632K, reserved 1179648K
  class space    used 12106K, committed 13056K, reserved 1048576K
}
Event: 27.311 GC heap after
{Heap after GC invocations=39 (full 0):
 garbage-first heap   total reserved 2097152K, committed 168960K, used 105607K [0x0000000080000000, 0x0000000100000000)
  region size 1024K, 7 young (7168K), 7 survivors (7168K)
 Metaspace       used 83526K, committed 85632K, reserved 1179648K
  class space    used 12106K, committed 13056K, reserved 1048576K
}
Event: 28.124 GC heap before
{Heap before GC invocations=39 (full 0):
 garbage-first heap   total reserved 2097152K, committed 168960K, used 140423K [0x0000000080000000, 0x0000000100000000)
  region size 1024K, 42 young (43008K), 7 survivors (7168K)
 Metaspace       used 87163K, committed 89216K, reserved 1179648K
  class space    used 12563K, committed 13504K, reserved 1048576K
}
Event: 28.130 GC heap after
{Heap after GC invocations=40 (full 0):
 garbage-first heap   total reserved 2097152K, committed 168960K, used 110209K [0x0000000080000000, 0x0000000100000000)
  region size 1024K, 4 young (4096K), 4 survivors (4096K)
 Metaspace       used 87163K, committed 89216K, reserved 1179648K
  class space    used 12563K, committed 13504K, reserved 1048576K
}

