# JRE version: Java(TM) SE Runtime Environment (23.0.1+11) (build 23.0.1+11-39)
# Java VM: Java HotSpot(TM) 64-Bit Server VM (23.0.1+11-39, mixed mode, sharing, tiered, compressed oops, compressed class ptrs, g1 gc, windows-amd64)
GC Precious Log:
 CardTable entry size: 512
 Card Set container configuration: InlinePtr #cards 4 size 8 Array Of Cards #cards 16 size 48 Howl #buckets 8 coarsen threshold 3686 Howl Bitmap #cards 512 size 80 coarsen threshold 460 Card regions per heap region 1 cards per card region 4096
 CPUs: 16 total, 16 available
 Memory: 15613M
 Large Page Support: Disabled
 NUMA Support: Disabled
 Compressed Oops: Enabled (Zero based)
 Heap Region Size: 2M
 Heap Min Capacity: 8M
 Heap Initial Capacity: 244M
 Heap Max Capacity: 3904M
 Pre-touch: Disabled
 Parallel Workers: 13
 Concurrent Workers: 3
 Concurrent Refinement Workers: 13
 Periodic GC: Disabled
Heap:
 garbage-first heap   total reserved 3997696K, committed 1011712K, used 726755K [0x000000070c000000, 0x0000000800000000)
  region size 2048K, 30 young (61440K), 15 survivors (30720K)
 Metaspace       used 81232K, committed 82240K, reserved 1179648K
  class space    used 9143K, committed 9600K, reserved 1048576K
GC Heap History (20 events):
Event: 29.199 GC heap before
{Heap before GC invocations=64 (full 0):
 garbage-first heap   total reserved 3997696K, committed 659456K, used 596405K [0x000000070c000000, 0x0000000800000000)
  region size 2048K, 83 young (169984K), 12 survivors (24576K)
 Metaspace       used 80636K, committed 81664K, reserved 1179648K
  class space    used 9136K, committed 9600K, reserved 1048576K
}
Event: 29.207 GC heap after
{Heap after GC invocations=65 (full 0):
 garbage-first heap   total reserved 3997696K, committed 659456K, used 466591K [0x000000070c000000, 0x0000000800000000)
  region size 2048K, 8 young (16384K), 8 survivors (16384K)
 Metaspace       used 80636K, committed 81664K, reserved 1179648K
  class space    used 9136K, committed 9600K, reserved 1048576K
}
Event: 29.830 GC heap before
{Heap before GC invocations=66 (full 0):
 garbage-first heap   total reserved 3997696K, committed 778240K, used 603807K [0x000000070c000000, 0x0000000800000000)
  region size 2048K, 75 young (153600K), 8 survivors (16384K)
 Metaspace       used 80700K, committed 81728K, reserved 1179648K
  class space    used 9136K, committed 9600K, reserved 1048576K
}
Event: 29.838 GC heap after
{Heap after GC invocations=67 (full 0):
 garbage-first heap   total reserved 3997696K, committed 778240K, used 486657K [0x000000070c000000, 0x0000000800000000)
  region size 2048K, 10 young (20480K), 10 survivors (20480K)
 Metaspace       used 80700K, committed 81728K, reserved 1179648K
  class space    used 9136K, committed 9600K, reserved 1048576K
}
Event: 30.412 GC heap before
{Heap before GC invocations=67 (full 0):
 garbage-first heap   total reserved 3997696K, committed 778240K, used 695553K [0x000000070c000000, 0x0000000800000000)
  region size 2048K, 112 young (229376K), 10 survivors (20480K)
 Metaspace       used 80876K, committed 81856K, reserved 1179648K
  class space    used 9136K, committed 9600K, reserved 1048576K
}
Event: 30.434 GC heap after
{Heap after GC invocations=68 (full 0):
 garbage-first heap   total reserved 3997696K, committed 778240K, used 504931K [0x000000070c000000, 0x0000000800000000)
  region size 2048K, 12 young (24576K), 12 survivors (24576K)
 Metaspace       used 80876K, committed 81856K, reserved 1179648K
  class space    used 9136K, committed 9600K, reserved 1048576K
}
Event: 31.854 GC heap before
{Heap before GC invocations=68 (full 0):
 garbage-first heap   total reserved 3997696K, committed 778240K, used 699491K [0x000000070c000000, 0x0000000800000000)
  region size 2048K, 107 young (219136K), 12 survivors (24576K)
 Metaspace       used 80906K, committed 81920K, reserved 1179648K
  class space    used 9136K, committed 9600K, reserved 1048576K
}
Event: 31.866 GC heap after
{Heap after GC invocations=69 (full 0):
 garbage-first heap   total reserved 3997696K, committed 778240K, used 532175K [0x000000070c000000, 0x0000000800000000)
  region size 2048K, 14 young (28672K), 14 survivors (28672K)
 Metaspace       used 80906K, committed 81920K, reserved 1179648K
  class space    used 9136K, committed 9600K, reserved 1048576K
}
Event: 32.188 GC heap before
{Heap before GC invocations=70 (full 0):
 garbage-first heap   total reserved 3997696K, committed 899072K, used 704207K [0x000000070c000000, 0x0000000800000000)
  region size 2048K, 96 young (196608K), 14 survivors (28672K)
 Metaspace       used 80929K, committed 81920K, reserved 1179648K
  class space    used 9136K, committed 9600K, reserved 1048576K
}
Event: 32.200 GC heap after
{Heap after GC invocations=71 (full 0):
 garbage-first heap   total reserved 3997696K, committed 899072K, used 553428K [0x000000070c000000, 0x0000000800000000)
  region size 2048K, 11 young (22528K), 11 survivors (22528K)
 Metaspace       used 80929K, committed 81920K, reserved 1179648K
  class space    used 9136K, committed 9600K, reserved 1048576K
}
Event: 34.535 GC heap before
{Heap before GC invocations=71 (full 0):
 garbage-first heap   total reserved 3997696K, committed 899072K, used 799188K [0x000000070c000000, 0x0000000800000000)
  region size 2048K, 131 young (268288K), 11 survivors (22528K)
 Metaspace       used 80988K, committed 82048K, reserved 1179648K
  class space    used 9138K, committed 9600K, reserved 1048576K
}
Event: 34.561 GC heap after
{Heap after GC invocations=72 (full 0):
 garbage-first heap   total reserved 3997696K, committed 899072K, used 575045K [0x000000070c000000, 0x0000000800000000)
  region size 2048K, 15 young (30720K), 15 survivors (30720K)
 Metaspace       used 80988K, committed 82048K, reserved 1179648K
  class space    used 9138K, committed 9600K, reserved 1048576K
}
Event: 34.745 GC heap before
{Heap before GC invocations=72 (full 0):
 garbage-first heap   total reserved 3997696K, committed 899072K, used 800325K [0x000000070c000000, 0x0000000800000000)
  region size 2048K, 125 young (256000K), 15 survivors (30720K)
 Metaspace       used 80998K, committed 82048K, reserved 1179648K
  class space    used 9138K, committed 9600K, reserved 1048576K
}
Event: 34.757 GC heap after
{Heap after GC invocations=73 (full 0):
 garbage-first heap   total reserved 3997696K, committed 899072K, used 602679K [0x000000070c000000, 0x0000000800000000)
  region size 2048K, 13 young (26624K), 13 survivors (26624K)
 Metaspace       used 80998K, committed 82048K, reserved 1179648K
  class space    used 9138K, committed 9600K, reserved 1048576K
}
Event: 35.467 GC heap before
{Heap before GC invocations=74 (full 0):
 garbage-first heap   total reserved 3997696K, committed 1011712K, used 825911K [0x000000070c000000, 0x0000000800000000)
  region size 2048K, 118 young (241664K), 13 survivors (26624K)
 Metaspace       used 81115K, committed 82112K, reserved 1179648K
  class space    used 9143K, committed 9600K, reserved 1048576K
}
Event: 35.480 GC heap after
{Heap after GC invocations=75 (full 0):
 garbage-first heap   total reserved 3997696K, committed 1011712K, used 635972K [0x000000070c000000, 0x0000000800000000)
  region size 2048K, 15 young (30720K), 15 survivors (30720K)
 Metaspace       used 81115K, committed 82112K, reserved 1179648K
  class space    used 9143K, committed 9600K, reserved 1048576K
}
Event: 36.270 GC heap before
{Heap before GC invocations=75 (full 0):
 garbage-first heap   total reserved 3997696K, committed 1011712K, used 900164K [0x000000070c000000, 0x0000000800000000)
  region size 2048K, 144 young (294912K), 15 survivors (30720K)
 Metaspace       used 81173K, committed 82176K, reserved 1179648K
  class space    used 9143K, committed 9600K, reserved 1048576K
}
Event: 36.289 GC heap after
{Heap after GC invocations=76 (full 0):
 garbage-first heap   total reserved 3997696K, committed 1011712K, used 667114K [0x000000070c000000, 0x0000000800000000)
  region size 2048K, 17 young (34816K), 17 survivors (34816K)
 Metaspace       used 81173K, committed 82176K, reserved 1179648K
  class space    used 9143K, committed 9600K, reserved 1048576K
}
Event: 36.877 GC heap before
{Heap before GC invocations=76 (full 0):
 garbage-first heap   total reserved 3997696K, committed 1011712K, used 912874K [0x000000070c000000, 0x0000000800000000)
  region size 2048K, 137 young (280576K), 17 survivors (34816K)
 Metaspace       used 81232K, committed 82240K, reserved 1179648K
  class space    used 9143K, committed 9600K, reserved 1048576K
}
Event: 36.891 GC heap after
{Heap after GC invocations=77 (full 0):
 garbage-first heap   total reserved 3997696K, committed 1011712K, used 698083K [0x000000070c000000, 0x0000000800000000)
  region size 2048K, 15 young (30720K), 15 survivors (30720K)
 Metaspace       used 81232K, committed 82240K, reserved 1179648K
  class space    used 9143K, committed 9600K, reserved 1048576K
}

