# JRE version: Java(TM) SE Runtime Environment (23.0.1+11) (build 23.0.1+11-39)
# Java VM: Java HotSpot(TM) 64-Bit Server VM (23.0.1+11-39, mixed mode, sharing, tiered, compressed oops, compressed class ptrs, g1 gc, windows-amd64)
GC Precious Log:
 CardTable entry size: 512
 Card Set container configuration: InlinePtr #cards 4 size 8 Array Of Cards #cards 16 size 48 Howl #buckets 8 coarsen threshold 3686 Howl Bitmap #cards 512 size 80 coarsen threshold 460 Card regions per heap region 1 cards per card region 4096
 CPUs: 16 total, 16 available
 Memory: 14077M
 Large Page Support: Disabled
 NUMA Support: Disabled
 Compressed Oops: Enabled (Zero based)
 Heap Region Size: 2M
 Heap Min Capacity: 8M
 Heap Initial Capacity: 220M
 Heap Max Capacity: 3520M
 Pre-touch: Disabled
 Parallel Workers: 13
 Concurrent Workers: 3
 Concurrent Refinement Workers: 13
 Periodic GC: Disabled
Heap:
 garbage-first heap   total reserved 3604480K, committed 387072K, used 284672K [0x0000000724000000, 0x0000000800000000)
  region size 2048K, 22 young (45056K), 5 survivors (10240K)
 Metaspace       used 80160K, committed 81216K, reserved 1179648K
  class space    used 9121K, committed 9600K, reserved 1048576K
GC Heap History (20 events):
Event: 22.494 GC heap after
{Heap after GC invocations=59 (full 0):
 garbage-first heap   total reserved 3604480K, committed 264192K, used 160507K [0x0000000724000000, 0x0000000800000000)
  region size 2048K, 3 young (6144K), 3 survivors (6144K)
 Metaspace       used 78765K, committed 79808K, reserved 1179648K
  class space    used 9083K, committed 9600K, reserved 1048576K
}
Event: 22.803 GC heap before
{Heap before GC invocations=59 (full 0):
 garbage-first heap   total reserved 3604480K, committed 264192K, used 232187K [0x0000000724000000, 0x0000000800000000)
  region size 2048K, 38 young (77824K), 3 survivors (6144K)
 Metaspace       used 78878K, committed 79936K, reserved 1179648K
  class space    used 9084K, committed 9600K, reserved 1048576K
}
Event: 22.808 GC heap after
{Heap after GC invocations=60 (full 0):
 garbage-first heap   total reserved 3604480K, committed 264192K, used 168135K [0x0000000724000000, 0x0000000800000000)
  region size 2048K, 5 young (10240K), 5 survivors (10240K)
 Metaspace       used 78878K, committed 79936K, reserved 1179648K
  class space    used 9084K, committed 9600K, reserved 1048576K
}
Event: 22.996 GC heap before
{Heap before GC invocations=60 (full 0):
 garbage-first heap   total reserved 3604480K, committed 264192K, used 235719K [0x0000000724000000, 0x0000000800000000)
  region size 2048K, 38 young (77824K), 5 survivors (10240K)
 Metaspace       used 78933K, committed 79936K, reserved 1179648K
  class space    used 9085K, committed 9600K, reserved 1048576K
}
Event: 23.001 GC heap after
{Heap after GC invocations=61 (full 0):
 garbage-first heap   total reserved 3604480K, committed 264192K, used 174918K [0x0000000724000000, 0x0000000800000000)
  region size 2048K, 4 young (8192K), 4 survivors (8192K)
 Metaspace       used 78933K, committed 79936K, reserved 1179648K
  class space    used 9085K, committed 9600K, reserved 1048576K
}
Event: 23.314 GC heap before
{Heap before GC invocations=62 (full 0):
 garbage-first heap   total reserved 3604480K, committed 294912K, used 236358K [0x0000000724000000, 0x0000000800000000)
  region size 2048K, 35 young (71680K), 4 survivors (8192K)
 Metaspace       used 78954K, committed 80000K, reserved 1179648K
  class space    used 9085K, committed 9600K, reserved 1048576K
}
Event: 23.319 GC heap after
{Heap after GC invocations=63 (full 0):
 garbage-first heap   total reserved 3604480K, committed 294912K, used 179677K [0x0000000724000000, 0x0000000800000000)
  region size 2048K, 4 young (8192K), 4 survivors (8192K)
 Metaspace       used 78954K, committed 80000K, reserved 1179648K
  class space    used 9085K, committed 9600K, reserved 1048576K
}
Event: 23.955 GC heap before
{Heap before GC invocations=63 (full 0):
 garbage-first heap   total reserved 3604480K, committed 294912K, used 261597K [0x0000000724000000, 0x0000000800000000)
  region size 2048K, 44 young (90112K), 4 survivors (8192K)
 Metaspace       used 79212K, committed 80256K, reserved 1179648K
  class space    used 9102K, committed 9600K, reserved 1048576K
}
Event: 23.962 GC heap after
{Heap after GC invocations=64 (full 0):
 garbage-first heap   total reserved 3604480K, committed 354304K, used 189616K [0x0000000724000000, 0x0000000800000000)
  region size 2048K, 6 young (12288K), 6 survivors (12288K)
 Metaspace       used 79212K, committed 80256K, reserved 1179648K
  class space    used 9102K, committed 9600K, reserved 1048576K
}
Event: 24.400 GC heap before
{Heap before GC invocations=64 (full 0):
 garbage-first heap   total reserved 3604480K, committed 354304K, used 289968K [0x0000000724000000, 0x0000000800000000)
  region size 2048K, 55 young (112640K), 6 survivors (12288K)
 Metaspace       used 79281K, committed 80320K, reserved 1179648K
  class space    used 9105K, committed 9600K, reserved 1048576K
}
Event: 24.406 GC heap after
{Heap after GC invocations=65 (full 0):
 garbage-first heap   total reserved 3604480K, committed 354304K, used 199028K [0x0000000724000000, 0x0000000800000000)
  region size 2048K, 6 young (12288K), 6 survivors (12288K)
 Metaspace       used 79281K, committed 80320K, reserved 1179648K
  class space    used 9105K, committed 9600K, reserved 1048576K
}
Event: 24.606 GC heap before
{Heap before GC invocations=65 (full 0):
 garbage-first heap   total reserved 3604480K, committed 354304K, used 297332K [0x0000000724000000, 0x0000000800000000)
  region size 2048K, 54 young (110592K), 6 survivors (12288K)
 Metaspace       used 79302K, committed 80384K, reserved 1179648K
  class space    used 9105K, committed 9600K, reserved 1048576K
}
Event: 24.612 GC heap after
{Heap after GC invocations=66 (full 0):
 garbage-first heap   total reserved 3604480K, committed 354304K, used 210756K [0x0000000724000000, 0x0000000800000000)
  region size 2048K, 6 young (12288K), 6 survivors (12288K)
 Metaspace       used 79302K, committed 80384K, reserved 1179648K
  class space    used 9105K, committed 9600K, reserved 1048576K
}
Event: 24.923 GC heap before
{Heap before GC invocations=66 (full 0):
 garbage-first heap   total reserved 3604480K, committed 354304K, used 307012K [0x0000000724000000, 0x0000000800000000)
  region size 2048K, 53 young (108544K), 6 survivors (12288K)
 Metaspace       used 79397K, committed 80448K, reserved 1179648K
  class space    used 9106K, committed 9600K, reserved 1048576K
}
Event: 24.928 GC heap after
{Heap after GC invocations=67 (full 0):
 garbage-first heap   total reserved 3604480K, committed 354304K, used 217879K [0x0000000724000000, 0x0000000800000000)
  region size 2048K, 5 young (10240K), 5 survivors (10240K)
 Metaspace       used 79397K, committed 80448K, reserved 1179648K
  class space    used 9106K, committed 9600K, reserved 1048576K
}
Event: 25.451 GC heap before
{Heap before GC invocations=67 (full 0):
 garbage-first heap   total reserved 3604480K, committed 354304K, used 314135K [0x0000000724000000, 0x0000000800000000)
  region size 2048K, 52 young (106496K), 5 survivors (10240K)
 Metaspace       used 79779K, committed 80768K, reserved 1179648K
  class space    used 9115K, committed 9600K, reserved 1048576K
}
Event: 25.458 GC heap after
{Heap after GC invocations=68 (full 0):
 garbage-first heap   total reserved 3604480K, committed 354304K, used 231202K [0x0000000724000000, 0x0000000800000000)
  region size 2048K, 7 young (14336K), 7 survivors (14336K)
 Metaspace       used 79779K, committed 80768K, reserved 1179648K
  class space    used 9115K, committed 9600K, reserved 1048576K
}
Event: 25.857 GC heap before
{Heap before GC invocations=69 (full 0):
 garbage-first heap   total reserved 3604480K, committed 387072K, used 317218K [0x0000000724000000, 0x0000000800000000)
  region size 2048K, 50 young (102400K), 7 survivors (14336K)
 Metaspace       used 80022K, committed 81088K, reserved 1179648K
  class space    used 9121K, committed 9600K, reserved 1048576K
}
Event: 25.865 GC heap after
{Heap after GC invocations=70 (full 0):
 garbage-first heap   total reserved 3604480K, committed 387072K, used 243985K [0x0000000724000000, 0x0000000800000000)
  region size 2048K, 7 young (14336K), 7 survivors (14336K)
 Metaspace       used 80022K, committed 81088K, reserved 1179648K
  class space    used 9121K, committed 9600K, reserved 1048576K
}
Event: 26.089 GC heap before
{Heap before GC invocations=70 (full 0):
 garbage-first heap   total reserved 3604480K, committed 387072K, used 342289K [0x0000000724000000, 0x0000000800000000)
  region size 2048K, 55 young (112640K), 7 survivors (14336K)
 Metaspace       used 80101K, committed 81152K, reserved 1179648K
  class space    used 9121K, committed 9600K, reserved 1048576K
}

