# JRE version: Java(TM) SE Runtime Environment (23.0.1+11) (build 23.0.1+11-39)
# Java VM: Java HotSpot(TM) 64-Bit Server VM (23.0.1+11-39, mixed mode, sharing, tiered, compressed oops, compressed class ptrs, g1 gc, windows-amd64)
GC Precious Log:
 CardTable entry size: 512
 Card Set container configuration: InlinePtr #cards 4 size 8 Array Of Cards #cards 16 size 48 Howl #buckets 8 coarsen threshold 3686 Howl Bitmap #cards 512 size 80 coarsen threshold 460 Card regions per heap region 1 cards per card region 4096
 CPUs: 16 total, 16 available
 Memory: 15613M
 Large Page Support: Disabled
 NUMA Support: Disabled
 Compressed Oops: Enabled (Zero based)
 Heap Region Size: 2M
 Heap Min Capacity: 8M
 Heap Initial Capacity: 244M
 Heap Max Capacity: 3904M
 Pre-touch: Disabled
 Parallel Workers: 13
 Concurrent Workers: 3
 Concurrent Refinement Workers: 13
 Periodic GC: Disabled
Heap:
 garbage-first heap   total reserved 3997696K, committed 102400K, used 62436K [0x000000070c000000, 0x0000000800000000)
  region size 2048K, 1 young (2048K), 1 survivors (2048K)
 Metaspace       used 71825K, committed 72832K, reserved 1114112K
  class space    used 8800K, committed 9280K, reserved 1048576K
GC Heap History (20 events):
Event: 11.217 GC heap after
{Heap after GC invocations=18 (full 0):
 garbage-first heap   total reserved 3997696K, committed 92160K, used 30711K [0x000000070c000000, 0x0000000800000000)
  region size 2048K, 3 young (6144K), 3 survivors (6144K)
 Metaspace       used 55826K, committed 56768K, reserved 1114112K
  class space    used 6891K, committed 7296K, reserved 1048576K
}
Event: 11.634 GC heap before
{Heap before GC invocations=18 (full 0):
 garbage-first heap   total reserved 3997696K, committed 92160K, used 75767K [0x000000070c000000, 0x0000000800000000)
  region size 2048K, 26 young (53248K), 3 survivors (6144K)
 Metaspace       used 58995K, committed 59968K, reserved 1114112K
  class space    used 7238K, committed 7680K, reserved 1048576K
}
Event: 11.638 GC heap after
{Heap after GC invocations=19 (full 0):
 garbage-first heap   total reserved 3997696K, committed 92160K, used 33804K [0x000000070c000000, 0x0000000800000000)
  region size 2048K, 2 young (4096K), 2 survivors (4096K)
 Metaspace       used 58995K, committed 59968K, reserved 1114112K
  class space    used 7238K, committed 7680K, reserved 1048576K
}
Event: 11.679 GC heap before
{Heap before GC invocations=19 (full 0):
 garbage-first heap   total reserved 3997696K, committed 92160K, used 35852K [0x000000070c000000, 0x0000000800000000)
  region size 2048K, 4 young (8192K), 2 survivors (4096K)
 Metaspace       used 59598K, committed 60608K, reserved 1114112K
  class space    used 7317K, committed 7808K, reserved 1048576K
}
Event: 11.681 GC heap after
{Heap after GC invocations=20 (full 0):
 garbage-first heap   total reserved 3997696K, committed 92160K, used 33794K [0x000000070c000000, 0x0000000800000000)
  region size 2048K, 2 young (4096K), 2 survivors (4096K)
 Metaspace       used 59598K, committed 60608K, reserved 1114112K
  class space    used 7317K, committed 7808K, reserved 1048576K
}
Event: 12.067 GC heap before
{Heap before GC invocations=21 (full 0):
 garbage-first heap   total reserved 3997696K, committed 92160K, used 78850K [0x000000070c000000, 0x0000000800000000)
  region size 2048K, 24 young (49152K), 2 survivors (4096K)
 Metaspace       used 61217K, committed 62208K, reserved 1114112K
  class space    used 7468K, committed 7936K, reserved 1048576K
}
Event: 12.070 GC heap after
{Heap after GC invocations=22 (full 0):
 garbage-first heap   total reserved 3997696K, committed 92160K, used 37349K [0x000000070c000000, 0x0000000800000000)
  region size 2048K, 3 young (6144K), 3 survivors (6144K)
 Metaspace       used 61217K, committed 62208K, reserved 1114112K
  class space    used 7468K, committed 7936K, reserved 1048576K
}
Event: 12.243 GC heap before
{Heap before GC invocations=22 (full 0):
 garbage-first heap   total reserved 3997696K, committed 92160K, used 76261K [0x000000070c000000, 0x0000000800000000)
  region size 2048K, 23 young (47104K), 3 survivors (6144K)
 Metaspace       used 62184K, committed 63168K, reserved 1114112K
  class space    used 7589K, committed 8064K, reserved 1048576K
}
Event: 12.246 GC heap after
{Heap after GC invocations=23 (full 0):
 garbage-first heap   total reserved 3997696K, committed 94208K, used 41427K [0x000000070c000000, 0x0000000800000000)
  region size 2048K, 3 young (6144K), 3 survivors (6144K)
 Metaspace       used 62184K, committed 63168K, reserved 1114112K
  class space    used 7589K, committed 8064K, reserved 1048576K
}
Event: 12.480 GC heap before
{Heap before GC invocations=23 (full 0):
 garbage-first heap   total reserved 3997696K, committed 94208K, used 78291K [0x000000070c000000, 0x0000000800000000)
  region size 2048K, 21 young (43008K), 3 survivors (6144K)
 Metaspace       used 62753K, committed 63744K, reserved 1114112K
  class space    used 7616K, committed 8064K, reserved 1048576K
}
Event: 12.483 GC heap after
{Heap after GC invocations=24 (full 0):
 garbage-first heap   total reserved 3997696K, committed 94208K, used 45585K [0x000000070c000000, 0x0000000800000000)
  region size 2048K, 2 young (4096K), 2 survivors (4096K)
 Metaspace       used 62753K, committed 63744K, reserved 1114112K
  class space    used 7616K, committed 8064K, reserved 1048576K
}
Event: 13.018 GC heap before
{Heap before GC invocations=24 (full 0):
 garbage-first heap   total reserved 3997696K, committed 94208K, used 82449K [0x000000070c000000, 0x0000000800000000)
  region size 2048K, 20 young (40960K), 2 survivors (4096K)
 Metaspace       used 68341K, committed 69376K, reserved 1114112K
  class space    used 8400K, committed 8896K, reserved 1048576K
}
Event: 13.022 GC heap after
{Heap after GC invocations=25 (full 0):
 garbage-first heap   total reserved 3997696K, committed 94208K, used 49300K [0x000000070c000000, 0x0000000800000000)
  region size 2048K, 2 young (4096K), 2 survivors (4096K)
 Metaspace       used 68341K, committed 69376K, reserved 1114112K
  class space    used 8400K, committed 8896K, reserved 1048576K
}
Event: 13.486 GC heap before
{Heap before GC invocations=26 (full 0):
 garbage-first heap   total reserved 3997696K, committed 94208K, used 82068K [0x000000070c000000, 0x0000000800000000)
  region size 2048K, 18 young (36864K), 2 survivors (4096K)
 Metaspace       used 70357K, committed 71424K, reserved 1114112K
  class space    used 8653K, committed 9152K, reserved 1048576K
}
Event: 13.489 GC heap after
{Heap after GC invocations=27 (full 0):
 garbage-first heap   total reserved 3997696K, committed 94208K, used 55992K [0x000000070c000000, 0x0000000800000000)
  region size 2048K, 3 young (6144K), 3 survivors (6144K)
 Metaspace       used 70357K, committed 71424K, reserved 1114112K
  class space    used 8653K, committed 9152K, reserved 1048576K
}
Event: 13.599 GC heap before
{Heap before GC invocations=27 (full 0):
 garbage-first heap   total reserved 3997696K, committed 94208K, used 80568K [0x000000070c000000, 0x0000000800000000)
  region size 2048K, 15 young (30720K), 3 survivors (6144K)
 Metaspace       used 70553K, committed 71552K, reserved 1114112K
  class space    used 8659K, committed 9152K, reserved 1048576K
}
Event: 13.602 GC heap after
{Heap after GC invocations=28 (full 0):
 garbage-first heap   total reserved 3997696K, committed 94208K, used 56129K [0x000000070c000000, 0x0000000800000000)
  region size 2048K, 2 young (4096K), 2 survivors (4096K)
 Metaspace       used 70553K, committed 71552K, reserved 1114112K
  class space    used 8659K, committed 9152K, reserved 1048576K
}
Event: 13.807 GC heap before
{Heap before GC invocations=28 (full 0):
 garbage-first heap   total reserved 3997696K, committed 94208K, used 78657K [0x000000070c000000, 0x0000000800000000)
  region size 2048K, 14 young (28672K), 2 survivors (4096K)
 Metaspace       used 71822K, committed 72832K, reserved 1114112K
  class space    used 8800K, committed 9280K, reserved 1048576K
}
Event: 13.810 GC heap after
{Heap after GC invocations=29 (full 0):
 garbage-first heap   total reserved 3997696K, committed 94208K, used 60889K [0x000000070c000000, 0x0000000800000000)
  region size 2048K, 2 young (4096K), 2 survivors (4096K)
 Metaspace       used 71822K, committed 72832K, reserved 1114112K
  class space    used 8800K, committed 9280K, reserved 1048576K
}
Event: 13.847 GC heap before
{Heap before GC invocations=30 (full 0):
 garbage-first heap   total reserved 3997696K, committed 102400K, used 83417K [0x000000070c000000, 0x0000000800000000)
  region size 2048K, 13 young (26624K), 2 survivors (4096K)
 Metaspace       used 71825K, committed 72832K, reserved 1114112K
  class space    used 8800K, committed 9280K, reserved 1048576K
}

