# JRE version: Java(TM) SE Runtime Environment (23.0.1+11) (build 23.0.1+11-39)
# Java VM: Java HotSpot(TM) 64-Bit Server VM (23.0.1+11-39, mixed mode, sharing, tiered, compressed oops, compressed class ptrs, g1 gc, windows-amd64)
GC Precious Log:
 CardTable entry size: 512
 Card Set container configuration: InlinePtr #cards 5 size 8 Array Of Cards #cards 10 size 36 Howl #buckets 4 coarsen threshold 1843 Howl Bitmap #cards 512 size 80 coarsen threshold 460 Card regions per heap region 1 cards per card region 2048
 CPUs: 16 total, 16 available
 Memory: 15613M
 Large Page Support: Disabled
 NUMA Support: Disabled
 Compressed Oops: Enabled (32-bit)
 Heap Region Size: 1M
 Heap Min Capacity: 8M
 Heap Initial Capacity: 244M
 Heap Max Capacity: 2G
 Pre-touch: Disabled
 Parallel Workers: 13
 Concurrent Workers: 3
 Concurrent Refinement Workers: 13
 Periodic GC: Disabled
Heap:
 garbage-first heap   total reserved 2097152K, committed 97280K, used 59221K [0x0000000080000000, 0x0000000100000000)
  region size 1024K, 3 young (3072K), 1 survivors (1024K)
 Metaspace       used 59464K, committed 61376K, reserved 1114112K
  class space    used 8628K, committed 9536K, reserved 1048576K
GC Heap History (20 events):
Event: 6.996 GC heap after
{Heap after GC invocations=8 (full 0):
 garbage-first heap   total reserved 2097152K, committed 94208K, used 32953K [0x0000000080000000, 0x0000000100000000)
  region size 1024K, 4 young (4096K), 4 survivors (4096K)
 Metaspace       used 34926K, committed 35968K, reserved 1114112K
  class space    used 5084K, committed 5568K, reserved 1048576K
}
Event: 7.053 GC heap before
{Heap before GC invocations=8 (full 0):
 garbage-first heap   total reserved 2097152K, committed 94208K, used 33977K [0x0000000080000000, 0x0000000100000000)
  region size 1024K, 7 young (7168K), 4 survivors (4096K)
 Metaspace       used 35209K, committed 36288K, reserved 1114112K
  class space    used 5110K, committed 5632K, reserved 1048576K
}
Event: 7.055 GC heap after
{Heap after GC invocations=9 (full 0):
 garbage-first heap   total reserved 2097152K, committed 94208K, used 34644K [0x0000000080000000, 0x0000000100000000)
  region size 1024K, 2 young (2048K), 2 survivors (2048K)
 Metaspace       used 35209K, committed 36288K, reserved 1114112K
  class space    used 5110K, committed 5632K, reserved 1048576K
}
Event: 7.445 GC heap before
{Heap before GC invocations=10 (full 0):
 garbage-first heap   total reserved 2097152K, committed 94208K, used 70484K [0x0000000080000000, 0x0000000100000000)
  region size 1024K, 32 young (32768K), 2 survivors (2048K)
 Metaspace       used 36860K, committed 38080K, reserved 1114112K
  class space    used 5260K, committed 5824K, reserved 1048576K
}
Event: 7.447 GC heap after
{Heap after GC invocations=11 (full 0):
 garbage-first heap   total reserved 2097152K, committed 94208K, used 35924K [0x0000000080000000, 0x0000000100000000)
  region size 1024K, 3 young (3072K), 3 survivors (3072K)
 Metaspace       used 36860K, committed 38080K, reserved 1114112K
  class space    used 5260K, committed 5824K, reserved 1048576K
}
Event: 8.160 GC heap before
{Heap before GC invocations=11 (full 0):
 garbage-first heap   total reserved 2097152K, committed 94208K, used 69716K [0x0000000080000000, 0x0000000100000000)
  region size 1024K, 35 young (35840K), 3 survivors (3072K)
 Metaspace       used 40378K, committed 41600K, reserved 1114112K
  class space    used 5662K, committed 6208K, reserved 1048576K
}
Event: 8.164 GC heap after
{Heap after GC invocations=12 (full 0):
 garbage-first heap   total reserved 2097152K, committed 94208K, used 38669K [0x0000000080000000, 0x0000000100000000)
  region size 1024K, 5 young (5120K), 5 survivors (5120K)
 Metaspace       used 40378K, committed 41600K, reserved 1114112K
  class space    used 5662K, committed 6208K, reserved 1048576K
}
Event: 8.610 GC heap before
{Heap before GC invocations=12 (full 0):
 garbage-first heap   total reserved 2097152K, committed 94208K, used 72461K [0x0000000080000000, 0x0000000100000000)
  region size 1024K, 38 young (38912K), 5 survivors (5120K)
 Metaspace       used 42039K, committed 43392K, reserved 1114112K
  class space    used 5939K, committed 6592K, reserved 1048576K
}
Event: 8.614 GC heap after
{Heap after GC invocations=13 (full 0):
 garbage-first heap   total reserved 2097152K, committed 94208K, used 41264K [0x0000000080000000, 0x0000000100000000)
  region size 1024K, 3 young (3072K), 3 survivors (3072K)
 Metaspace       used 42039K, committed 43392K, reserved 1114112K
  class space    used 5939K, committed 6592K, reserved 1048576K
}
Event: 9.263 GC heap before
{Heap before GC invocations=13 (full 0):
 garbage-first heap   total reserved 2097152K, committed 94208K, used 75056K [0x0000000080000000, 0x0000000100000000)
  region size 1024K, 36 young (36864K), 3 survivors (3072K)
 Metaspace       used 45825K, committed 47488K, reserved 1114112K
  class space    used 6605K, committed 7360K, reserved 1048576K
}
Event: 9.266 GC heap after
{Heap after GC invocations=14 (full 0):
 garbage-first heap   total reserved 2097152K, committed 94208K, used 42551K [0x0000000080000000, 0x0000000100000000)
  region size 1024K, 4 young (4096K), 4 survivors (4096K)
 Metaspace       used 45825K, committed 47488K, reserved 1114112K
  class space    used 6605K, committed 7360K, reserved 1048576K
}
Event: 9.938 GC heap before
{Heap before GC invocations=14 (full 0):
 garbage-first heap   total reserved 2097152K, committed 94208K, used 78391K [0x0000000080000000, 0x0000000100000000)
  region size 1024K, 39 young (39936K), 4 survivors (4096K)
 Metaspace       used 50387K, committed 52096K, reserved 1114112K
  class space    used 7270K, committed 8064K, reserved 1048576K
}
Event: 9.942 GC heap after
{Heap after GC invocations=15 (full 0):
 garbage-first heap   total reserved 2097152K, committed 94208K, used 44054K [0x0000000080000000, 0x0000000100000000)
  region size 1024K, 4 young (4096K), 4 survivors (4096K)
 Metaspace       used 50387K, committed 52096K, reserved 1114112K
  class space    used 7270K, committed 8064K, reserved 1048576K
}
Event: 10.792 GC heap before
{Heap before GC invocations=15 (full 0):
 garbage-first heap   total reserved 2097152K, committed 94208K, used 79894K [0x0000000080000000, 0x0000000100000000)
  region size 1024K, 39 young (39936K), 4 survivors (4096K)
 Metaspace       used 54427K, committed 56256K, reserved 1114112K
  class space    used 7917K, committed 8768K, reserved 1048576K
}
Event: 10.796 GC heap after
{Heap after GC invocations=16 (full 0):
 garbage-first heap   total reserved 2097152K, committed 94208K, used 47383K [0x0000000080000000, 0x0000000100000000)
  region size 1024K, 5 young (5120K), 5 survivors (5120K)
 Metaspace       used 54427K, committed 56256K, reserved 1114112K
  class space    used 7917K, committed 8768K, reserved 1048576K
}
Event: 11.563 GC heap before
{Heap before GC invocations=16 (full 0):
 garbage-first heap   total reserved 2097152K, committed 94208K, used 81175K [0x0000000080000000, 0x0000000100000000)
  region size 1024K, 38 young (38912K), 5 survivors (5120K)
 Metaspace       used 57142K, committed 59008K, reserved 1114112K
  class space    used 8351K, committed 9216K, reserved 1048576K
}
Event: 11.568 GC heap after
{Heap after GC invocations=17 (full 0):
 garbage-first heap   total reserved 2097152K, committed 94208K, used 50063K [0x0000000080000000, 0x0000000100000000)
  region size 1024K, 3 young (3072K), 3 survivors (3072K)
 Metaspace       used 57142K, committed 59008K, reserved 1114112K
  class space    used 8351K, committed 9216K, reserved 1048576K
}
Event: 13.552 GC heap before
{Heap before GC invocations=18 (full 0):
 garbage-first heap   total reserved 2097152K, committed 94208K, used 81807K [0x0000000080000000, 0x0000000100000000)
  region size 1024K, 35 young (35840K), 3 survivors (3072K)
 Metaspace       used 59128K, committed 60992K, reserved 1114112K
  class space    used 8597K, committed 9472K, reserved 1048576K
}
Event: 13.557 GC heap after
{Heap after GC invocations=19 (full 0):
 garbage-first heap   total reserved 2097152K, committed 94208K, used 54779K [0x0000000080000000, 0x0000000100000000)
  region size 1024K, 5 young (5120K), 5 survivors (5120K)
 Metaspace       used 59128K, committed 60992K, reserved 1114112K
  class space    used 8597K, committed 9472K, reserved 1048576K
}
Event: 14.781 GC heap before
{Heap before GC invocations=19 (full 0):
 garbage-first heap   total reserved 2097152K, committed 94208K, used 81403K [0x0000000080000000, 0x0000000100000000)
  region size 1024K, 32 young (32768K), 5 survivors (5120K)
 Metaspace       used 59435K, committed 61376K, reserved 1114112K
  class space    used 8628K, committed 9536K, reserved 1048576K
}

