# JRE version: OpenJDK Runtime Environment Temurin-21.0.8+9 (21.0.8+9) (build 21.0.8+9-LTS)
# Java VM: OpenJDK 64-Bit Server VM Temurin-21.0.8+9 (21.0.8+9-LTS, mixed mode, sharing, tiered, compressed oops, compressed class ptrs, parallel gc, windows-amd64)
GC Precious Log:
 CardTable entry size: 512
 CPUs: 16 total, 16 available
 Memory: 15613M
 Large Page Support: Disabled
 NUMA Support: Disabled
 Compressed Oops: Enabled (32-bit)
 Alignments: Space 512K, Generation 512K, Heap 2M
 Heap Min Capacity: 100M
 Heap Initial Capacity: 100M
 Heap Max Capacity: 2G
 Pre-touch: Disabled
 Parallel Workers: 13
Heap:
 PSYoungGen      total 13312K, used 8952K [0x00000000d5580000, 0x00000000d6480000, 0x0000000100000000)
  eden space 11776K, 67% used [0x00000000d5580000,0x00000000d5d363a0,0x00000000d6100000)
  from space 1536K, 68% used [0x00000000d6300000,0x00000000d6408010,0x00000000d6480000)
  to   space 1536K, 0% used [0x00000000d6180000,0x00000000d6180000,0x00000000d6300000)
 ParOldGen       total 68608K, used 61338K [0x0000000080000000, 0x0000000084300000, 0x00000000d5580000)
  object space 68608K, 89% used [0x0000000080000000,0x0000000083be6868,0x0000000084300000)
 Metaspace       used 65775K, committed 67264K, reserved 1114112K
  class space    used 8196K, committed 8832K, reserved 1048576K
GC Heap History (20 events):
Event: 30.293 GC heap before
{Heap before GC invocations=64 (full 3):
 PSYoungGen      total 12800K, used 12324K [0x00000000d5580000, 0x00000000d6400000, 0x0000000100000000)
  eden space 11776K, 100% used [0x00000000d5580000,0x00000000d6100000,0x00000000d6100000)
  from space 1024K, 53% used [0x00000000d6300000,0x00000000d63890d8,0x00000000d6400000)
  to   space 1024K, 0% used [0x00000000d6200000,0x00000000d6200000,0x00000000d6300000)
 ParOldGen       total 68608K, used 57364K [0x0000000080000000, 0x0000000084300000, 0x00000000d5580000)
  object space 68608K, 83% used [0x0000000080000000,0x0000000083805240,0x0000000084300000)
 Metaspace       used 61407K, committed 62656K, reserved 1114112K
  class space    used 7612K, committed 8128K, reserved 1048576K
}
Event: 30.294 GC heap after
{Heap after GC invocations=64 (full 3):
 PSYoungGen      total 12800K, used 963K [0x00000000d5580000, 0x00000000d6400000, 0x0000000100000000)
  eden space 11776K, 0% used [0x00000000d5580000,0x00000000d5580000,0x00000000d6100000)
  from space 1024K, 94% used [0x00000000d6200000,0x00000000d62f0c70,0x00000000d6300000)
  to   space 1024K, 0% used [0x00000000d6300000,0x00000000d6300000,0x00000000d6400000)
 ParOldGen       total 68608K, used 57444K [0x0000000080000000, 0x0000000084300000, 0x00000000d5580000)
  object space 68608K, 83% used [0x0000000080000000,0x0000000083819250,0x0000000084300000)
 Metaspace       used 61407K, committed 62656K, reserved 1114112K
  class space    used 7612K, committed 8128K, reserved 1048576K
}
Event: 30.373 GC heap before
{Heap before GC invocations=65 (full 3):
 PSYoungGen      total 12800K, used 12739K [0x00000000d5580000, 0x00000000d6400000, 0x0000000100000000)
  eden space 11776K, 100% used [0x00000000d5580000,0x00000000d6100000,0x00000000d6100000)
  from space 1024K, 94% used [0x00000000d6200000,0x00000000d62f0c70,0x00000000d6300000)
  to   space 1024K, 0% used [0x00000000d6300000,0x00000000d6300000,0x00000000d6400000)
 ParOldGen       total 68608K, used 57444K [0x0000000080000000, 0x0000000084300000, 0x00000000d5580000)
  object space 68608K, 83% used [0x0000000080000000,0x0000000083819250,0x0000000084300000)
 Metaspace       used 61407K, committed 62656K, reserved 1114112K
  class space    used 7612K, committed 8128K, reserved 1048576K
}
Event: 30.374 GC heap after
{Heap after GC invocations=65 (full 3):
 PSYoungGen      total 12800K, used 516K [0x00000000d5580000, 0x00000000d6400000, 0x0000000100000000)
  eden space 11776K, 0% used [0x00000000d5580000,0x00000000d5580000,0x00000000d6100000)
  from space 1024K, 50% used [0x00000000d6300000,0x00000000d63810d8,0x00000000d6400000)
  to   space 1024K, 0% used [0x00000000d6200000,0x00000000d6200000,0x00000000d6300000)
 ParOldGen       total 68608K, used 58248K [0x0000000080000000, 0x0000000084300000, 0x00000000d5580000)
  object space 68608K, 84% used [0x0000000080000000,0x00000000838e22b8,0x0000000084300000)
 Metaspace       used 61407K, committed 62656K, reserved 1114112K
  class space    used 7612K, committed 8128K, reserved 1048576K
}
Event: 30.460 GC heap before
{Heap before GC invocations=66 (full 3):
 PSYoungGen      total 12800K, used 12292K [0x00000000d5580000, 0x00000000d6400000, 0x0000000100000000)
  eden space 11776K, 100% used [0x00000000d5580000,0x00000000d6100000,0x00000000d6100000)
  from space 1024K, 50% used [0x00000000d6300000,0x00000000d63810d8,0x00000000d6400000)
  to   space 1024K, 0% used [0x00000000d6200000,0x00000000d6200000,0x00000000d6300000)
 ParOldGen       total 68608K, used 58248K [0x0000000080000000, 0x0000000084300000, 0x00000000d5580000)
  object space 68608K, 84% used [0x0000000080000000,0x00000000838e22b8,0x0000000084300000)
 Metaspace       used 61407K, committed 62656K, reserved 1114112K
  class space    used 7612K, committed 8128K, reserved 1048576K
}
Event: 30.461 GC heap after
{Heap after GC invocations=66 (full 3):
 PSYoungGen      total 12800K, used 994K [0x00000000d5580000, 0x00000000d6400000, 0x0000000100000000)
  eden space 11776K, 0% used [0x00000000d5580000,0x00000000d5580000,0x00000000d6100000)
  from space 1024K, 97% used [0x00000000d6200000,0x00000000d62f8a28,0x00000000d6300000)
  to   space 1024K, 0% used [0x00000000d6300000,0x00000000d6300000,0x00000000d6400000)
 ParOldGen       total 68608K, used 58352K [0x0000000080000000, 0x0000000084300000, 0x00000000d5580000)
  object space 68608K, 85% used [0x0000000080000000,0x00000000838fc2c8,0x0000000084300000)
 Metaspace       used 61407K, committed 62656K, reserved 1114112K
  class space    used 7612K, committed 8128K, reserved 1048576K
}
Event: 30.531 GC heap before
{Heap before GC invocations=67 (full 3):
 PSYoungGen      total 12800K, used 12760K [0x00000000d5580000, 0x00000000d6400000, 0x0000000100000000)
  eden space 11776K, 99% used [0x00000000d5580000,0x00000000d60fd830,0x00000000d6100000)
  from space 1024K, 97% used [0x00000000d6200000,0x00000000d62f8a28,0x00000000d6300000)
  to   space 1024K, 0% used [0x00000000d6300000,0x00000000d6300000,0x00000000d6400000)
 ParOldGen       total 68608K, used 58352K [0x0000000080000000, 0x0000000084300000, 0x00000000d5580000)
  object space 68608K, 85% used [0x0000000080000000,0x00000000838fc2c8,0x0000000084300000)
 Metaspace       used 61407K, committed 62656K, reserved 1114112K
  class space    used 7612K, committed 8128K, reserved 1048576K
}
Event: 30.532 GC heap after
{Heap after GC invocations=67 (full 3):
 PSYoungGen      total 12800K, used 584K [0x00000000d5580000, 0x00000000d6400000, 0x0000000100000000)
  eden space 11776K, 0% used [0x00000000d5580000,0x00000000d5580000,0x00000000d6100000)
  from space 1024K, 57% used [0x00000000d6300000,0x00000000d63921e8,0x00000000d6400000)
  to   space 1024K, 0% used [0x00000000d6200000,0x00000000d6200000,0x00000000d6300000)
 ParOldGen       total 68608K, used 59176K [0x0000000080000000, 0x0000000084300000, 0x00000000d5580000)
  object space 68608K, 86% used [0x0000000080000000,0x00000000839ca238,0x0000000084300000)
 Metaspace       used 61407K, committed 62656K, reserved 1114112K
  class space    used 7612K, committed 8128K, reserved 1048576K
}
Event: 30.618 GC heap before
{Heap before GC invocations=68 (full 3):
 PSYoungGen      total 12800K, used 12360K [0x00000000d5580000, 0x00000000d6400000, 0x0000000100000000)
  eden space 11776K, 100% used [0x00000000d5580000,0x00000000d6100000,0x00000000d6100000)
  from space 1024K, 57% used [0x00000000d6300000,0x00000000d63921e8,0x00000000d6400000)
  to   space 1024K, 0% used [0x00000000d6200000,0x00000000d6200000,0x00000000d6300000)
 ParOldGen       total 68608K, used 59176K [0x0000000080000000, 0x0000000084300000, 0x00000000d5580000)
  object space 68608K, 86% used [0x0000000080000000,0x00000000839ca238,0x0000000084300000)
 Metaspace       used 61407K, committed 62656K, reserved 1114112K
  class space    used 7612K, committed 8128K, reserved 1048576K
}
Event: 30.619 GC heap after
{Heap after GC invocations=68 (full 3):
 PSYoungGen      total 12800K, used 840K [0x00000000d5580000, 0x00000000d6380000, 0x0000000100000000)
  eden space 11776K, 0% used [0x00000000d5580000,0x00000000d5580000,0x00000000d6100000)
  from space 1024K, 82% used [0x00000000d6200000,0x00000000d62d2020,0x00000000d6300000)
  to   space 512K, 0% used [0x00000000d6300000,0x00000000d6300000,0x00000000d6380000)
 ParOldGen       total 68608K, used 59256K [0x0000000080000000, 0x0000000084300000, 0x00000000d5580000)
  object space 68608K, 86% used [0x0000000080000000,0x00000000839de248,0x0000000084300000)
 Metaspace       used 61407K, committed 62656K, reserved 1114112K
  class space    used 7612K, committed 8128K, reserved 1048576K
}
Event: 30.691 GC heap before
{Heap before GC invocations=69 (full 3):
 PSYoungGen      total 12800K, used 12616K [0x00000000d5580000, 0x00000000d6380000, 0x0000000100000000)
  eden space 11776K, 100% used [0x00000000d5580000,0x00000000d6100000,0x00000000d6100000)
  from space 1024K, 82% used [0x00000000d6200000,0x00000000d62d2020,0x00000000d6300000)
  to   space 512K, 0% used [0x00000000d6300000,0x00000000d6300000,0x00000000d6380000)
 ParOldGen       total 68608K, used 59256K [0x0000000080000000, 0x0000000084300000, 0x00000000d5580000)
  object space 68608K, 86% used [0x0000000080000000,0x00000000839de248,0x0000000084300000)
 Metaspace       used 61407K, committed 62656K, reserved 1114112K
  class space    used 7612K, committed 8128K, reserved 1048576K
}
Event: 30.692 GC heap after
{Heap after GC invocations=69 (full 3):
 PSYoungGen      total 12288K, used 484K [0x00000000d5580000, 0x00000000d6400000, 0x0000000100000000)
  eden space 11776K, 0% used [0x00000000d5580000,0x00000000d5580000,0x00000000d6100000)
  from space 512K, 94% used [0x00000000d6300000,0x00000000d63790d8,0x00000000d6380000)
  to   space 1536K, 0% used [0x00000000d6100000,0x00000000d6100000,0x00000000d6280000)
 ParOldGen       total 68608K, used 60086K [0x0000000080000000, 0x0000000084300000, 0x00000000d5580000)
  object space 68608K, 87% used [0x0000000080000000,0x0000000083aadb28,0x0000000084300000)
 Metaspace       used 61407K, committed 62656K, reserved 1114112K
  class space    used 7612K, committed 8128K, reserved 1048576K
}
Event: 30.865 GC heap before
{Heap before GC invocations=70 (full 3):
 PSYoungGen      total 12288K, used 12260K [0x00000000d5580000, 0x00000000d6400000, 0x0000000100000000)
  eden space 11776K, 100% used [0x00000000d5580000,0x00000000d6100000,0x00000000d6100000)
  from space 512K, 94% used [0x00000000d6300000,0x00000000d63790d8,0x00000000d6380000)
  to   space 1536K, 0% used [0x00000000d6100000,0x00000000d6100000,0x00000000d6280000)
 ParOldGen       total 68608K, used 60086K [0x0000000080000000, 0x0000000084300000, 0x00000000d5580000)
  object space 68608K, 87% used [0x0000000080000000,0x0000000083aadb28,0x0000000084300000)
 Metaspace       used 62437K, committed 63744K, reserved 1114112K
  class space    used 7759K, committed 8320K, reserved 1048576K
}
Event: 30.865 GC heap after
{Heap after GC invocations=70 (full 3):
 PSYoungGen      total 13312K, used 544K [0x00000000d5580000, 0x00000000d6380000, 0x0000000100000000)
  eden space 11776K, 0% used [0x00000000d5580000,0x00000000d5580000,0x00000000d6100000)
  from space 1536K, 35% used [0x00000000d6100000,0x00000000d6188000,0x00000000d6280000)
  to   space 1024K, 0% used [0x00000000d6280000,0x00000000d6280000,0x00000000d6380000)
 ParOldGen       total 68608K, used 60174K [0x0000000080000000, 0x0000000084300000, 0x00000000d5580000)
  object space 68608K, 87% used [0x0000000080000000,0x0000000083ac3b38,0x0000000084300000)
 Metaspace       used 62437K, committed 63744K, reserved 1114112K
  class space    used 7759K, committed 8320K, reserved 1048576K
}
Event: 31.062 GC heap before
{Heap before GC invocations=71 (full 3):
 PSYoungGen      total 13312K, used 12320K [0x00000000d5580000, 0x00000000d6380000, 0x0000000100000000)
  eden space 11776K, 100% used [0x00000000d5580000,0x00000000d6100000,0x00000000d6100000)
  from space 1536K, 35% used [0x00000000d6100000,0x00000000d6188000,0x00000000d6280000)
  to   space 1024K, 0% used [0x00000000d6280000,0x00000000d6280000,0x00000000d6380000)
 ParOldGen       total 68608K, used 60174K [0x0000000080000000, 0x0000000084300000, 0x00000000d5580000)
  object space 68608K, 87% used [0x0000000080000000,0x0000000083ac3b38,0x0000000084300000)
 Metaspace       used 63549K, committed 64960K, reserved 1114112K
  class space    used 7961K, committed 8576K, reserved 1048576K
}
Event: 31.063 GC heap after
{Heap after GC invocations=71 (full 3):
 PSYoungGen      total 12800K, used 544K [0x00000000d5580000, 0x00000000d6380000, 0x0000000100000000)
  eden space 11776K, 0% used [0x00000000d5580000,0x00000000d5580000,0x00000000d6100000)
  from space 1024K, 53% used [0x00000000d6280000,0x00000000d6308000,0x00000000d6380000)
  to   space 1024K, 0% used [0x00000000d6180000,0x00000000d6180000,0x00000000d6280000)
 ParOldGen       total 68608K, used 60534K [0x0000000080000000, 0x0000000084300000, 0x00000000d5580000)
  object space 68608K, 88% used [0x0000000080000000,0x0000000083b1d848,0x0000000084300000)
 Metaspace       used 63549K, committed 64960K, reserved 1114112K
  class space    used 7961K, committed 8576K, reserved 1048576K
}
Event: 31.643 GC heap before
{Heap before GC invocations=72 (full 3):
 PSYoungGen      total 12800K, used 12317K [0x00000000d5580000, 0x00000000d6380000, 0x0000000100000000)
  eden space 11776K, 99% used [0x00000000d5580000,0x00000000d60ff608,0x00000000d6100000)
  from space 1024K, 53% used [0x00000000d6280000,0x00000000d6308000,0x00000000d6380000)
  to   space 1024K, 0% used [0x00000000d6180000,0x00000000d6180000,0x00000000d6280000)
 ParOldGen       total 68608K, used 60534K [0x0000000080000000, 0x0000000084300000, 0x00000000d5580000)
  object space 68608K, 88% used [0x0000000080000000,0x0000000083b1d848,0x0000000084300000)
 Metaspace       used 64496K, committed 65856K, reserved 1114112K
  class space    used 8065K, committed 8640K, reserved 1048576K
}
Event: 31.645 GC heap after
{Heap after GC invocations=72 (full 3):
 PSYoungGen      total 12800K, used 992K [0x00000000d5580000, 0x00000000d6500000, 0x0000000100000000)
  eden space 11776K, 0% used [0x00000000d5580000,0x00000000d5580000,0x00000000d6100000)
  from space 1024K, 96% used [0x00000000d6180000,0x00000000d6278030,0x00000000d6280000)
  to   space 2048K, 0% used [0x00000000d6300000,0x00000000d6300000,0x00000000d6500000)
 ParOldGen       total 68608K, used 60966K [0x0000000080000000, 0x0000000084300000, 0x00000000d5580000)
  object space 68608K, 88% used [0x0000000080000000,0x0000000083b89848,0x0000000084300000)
 Metaspace       used 64496K, committed 65856K, reserved 1114112K
  class space    used 8065K, committed 8640K, reserved 1048576K
}
Event: 44.889 GC heap before
{Heap before GC invocations=73 (full 3):
 PSYoungGen      total 12800K, used 12768K [0x00000000d5580000, 0x00000000d6500000, 0x0000000100000000)
  eden space 11776K, 100% used [0x00000000d5580000,0x00000000d6100000,0x00000000d6100000)
  from space 1024K, 96% used [0x00000000d6180000,0x00000000d6278030,0x00000000d6280000)
  to   space 2048K, 0% used [0x00000000d6300000,0x00000000d6300000,0x00000000d6500000)
 ParOldGen       total 68608K, used 60966K [0x0000000080000000, 0x0000000084300000, 0x00000000d5580000)
  object space 68608K, 88% used [0x0000000080000000,0x0000000083b89848,0x0000000084300000)
 Metaspace       used 65695K, committed 67136K, reserved 1114112K
  class space    used 8196K, committed 8832K, reserved 1048576K
}
Event: 44.891 GC heap after
{Heap after GC invocations=73 (full 3):
 PSYoungGen      total 13312K, used 1056K [0x00000000d5580000, 0x00000000d6480000, 0x0000000100000000)
  eden space 11776K, 0% used [0x00000000d5580000,0x00000000d5580000,0x00000000d6100000)
  from space 1536K, 68% used [0x00000000d6300000,0x00000000d6408010,0x00000000d6480000)
  to   space 1536K, 0% used [0x00000000d6180000,0x00000000d6180000,0x00000000d6300000)
 ParOldGen       total 68608K, used 61338K [0x0000000080000000, 0x0000000084300000, 0x00000000d5580000)
  object space 68608K, 89% used [0x0000000080000000,0x0000000083be6868,0x0000000084300000)
 Metaspace       used 65695K, committed 67136K, reserved 1114112K
  class space    used 8196K, committed 8832K, reserved 1048576K
}

