# JRE version: Java(TM) SE Runtime Environment (23.0.1+11) (build 23.0.1+11-39)
# Java VM: Java HotSpot(TM) 64-Bit Server VM (23.0.1+11-39, mixed mode, sharing, tiered, compressed oops, compressed class ptrs, g1 gc, windows-amd64)
GC Precious Log:
 CardTable entry size: 512
 Card Set container configuration: InlinePtr #cards 4 size 8 Array Of Cards #cards 16 size 48 Howl #buckets 8 coarsen threshold 3686 Howl Bitmap #cards 512 size 80 coarsen threshold 460 Card regions per heap region 1 cards per card region 4096
 CPUs: 16 total, 16 available
 Memory: 15613M
 Large Page Support: Disabled
 NUMA Support: Disabled
 Compressed Oops: Enabled (Zero based)
 Heap Region Size: 2M
 Heap Min Capacity: 8M
 Heap Initial Capacity: 244M
 Heap Max Capacity: 3904M
 Pre-touch: Disabled
 Parallel Workers: 13
 Concurrent Workers: 3
 Concurrent Refinement Workers: 13
 Periodic GC: Disabled
Heap:
 garbage-first heap   total reserved 3997696K, committed 1146880K, used 718844K [0x000000070c000000, 0x0000000800000000)
  region size 2048K, 175 young (358400K), 25 survivors (51200K)
 Metaspace       used 88502K, committed 89728K, reserved 1179648K
  class space    used 9532K, committed 10112K, reserved 1048576K
GC Heap History (20 events):
Event: 1237.364 GC heap before
{Heap before GC invocations=273 (full 0):
 garbage-first heap   total reserved 3997696K, committed 1146880K, used 832379K [0x000000070c000000, 0x0000000800000000)
  region size 2048K, 229 young (468992K), 12 survivors (24576K)
 Metaspace       used 88458K, committed 89664K, reserved 1179648K
  class space    used 9532K, committed 10112K, reserved 1048576K
}
Event: 1237.383 GC heap after
{Heap after GC invocations=274 (full 0):
 garbage-first heap   total reserved 3997696K, committed 1146880K, used 442809K [0x000000070c000000, 0x0000000800000000)
  region size 2048K, 29 young (59392K), 29 survivors (59392K)
 Metaspace       used 88458K, committed 89664K, reserved 1179648K
  class space    used 9532K, committed 10112K, reserved 1048576K
}
Event: 1238.367 GC heap before
{Heap before GC invocations=274 (full 0):
 garbage-first heap   total reserved 3997696K, committed 1146880K, used 969145K [0x000000070c000000, 0x0000000800000000)
  region size 2048K, 286 young (585728K), 29 survivors (59392K)
 Metaspace       used 88460K, committed 89664K, reserved 1179648K
  class space    used 9532K, committed 10112K, reserved 1048576K
}
Event: 1238.398 GC heap after
{Heap after GC invocations=275 (full 0):
 garbage-first heap   total reserved 3997696K, committed 1146880K, used 407005K [0x000000070c000000, 0x0000000800000000)
  region size 2048K, 36 young (73728K), 36 survivors (73728K)
 Metaspace       used 88460K, committed 89664K, reserved 1179648K
  class space    used 9532K, committed 10112K, reserved 1048576K
}
Event: 1239.541 GC heap before
{Heap before GC invocations=275 (full 0):
 garbage-first heap   total reserved 3997696K, committed 1146880K, used 945629K [0x000000070c000000, 0x0000000800000000)
  region size 2048K, 299 young (612352K), 36 survivors (73728K)
 Metaspace       used 88462K, committed 89664K, reserved 1179648K
  class space    used 9532K, committed 10112K, reserved 1048576K
}
Event: 1239.582 GC heap after
{Heap after GC invocations=276 (full 0):
 garbage-first heap   total reserved 3997696K, committed 1146880K, used 439296K [0x000000070c000000, 0x0000000800000000)
  region size 2048K, 38 young (77824K), 38 survivors (77824K)
 Metaspace       used 88462K, committed 89664K, reserved 1179648K
  class space    used 9532K, committed 10112K, reserved 1048576K
}
Event: 1240.586 GC heap before
{Heap before GC invocations=276 (full 0):
 garbage-first heap   total reserved 3997696K, committed 1146880K, used 961536K [0x000000070c000000, 0x0000000800000000)
  region size 2048K, 293 young (600064K), 38 survivors (77824K)
 Metaspace       used 88466K, committed 89664K, reserved 1179648K
  class space    used 9532K, committed 10112K, reserved 1048576K
}
Event: 1240.621 GC heap after
{Heap after GC invocations=277 (full 0):
 garbage-first heap   total reserved 3997696K, committed 1146880K, used 513024K [0x000000070c000000, 0x0000000800000000)
  region size 2048K, 37 young (75776K), 37 survivors (75776K)
 Metaspace       used 88466K, committed 89664K, reserved 1179648K
  class space    used 9532K, committed 10112K, reserved 1048576K
}
Event: 1241.660 GC heap before
{Heap before GC invocations=278 (full 0):
 garbage-first heap   total reserved 3997696K, committed 1146880K, used 973824K [0x000000070c000000, 0x0000000800000000)
  region size 2048K, 266 young (544768K), 37 survivors (75776K)
 Metaspace       used 88470K, committed 89664K, reserved 1179648K
  class space    used 9532K, committed 10112K, reserved 1048576K
}
Event: 1241.690 GC heap after
{Heap after GC invocations=279 (full 0):
 garbage-first heap   total reserved 3997696K, committed 1146880K, used 569344K [0x000000070c000000, 0x0000000800000000)
  region size 2048K, 31 young (63488K), 31 survivors (63488K)
 Metaspace       used 88470K, committed 89664K, reserved 1179648K
  class space    used 9532K, committed 10112K, reserved 1048576K
}
Event: 1242.518 GC heap before
{Heap before GC invocations=279 (full 0):
 garbage-first heap   total reserved 3997696K, committed 1146880K, used 997376K [0x000000070c000000, 0x0000000800000000)
  region size 2048K, 240 young (491520K), 31 survivors (63488K)
 Metaspace       used 88473K, committed 89664K, reserved 1179648K
  class space    used 9532K, committed 10112K, reserved 1048576K
}
Event: 1242.553 GC heap after
{Heap after GC invocations=280 (full 0):
 garbage-first heap   total reserved 3997696K, committed 1146880K, used 579382K [0x000000070c000000, 0x0000000800000000)
  region size 2048K, 29 young (59392K), 29 survivors (59392K)
 Metaspace       used 88473K, committed 89664K, reserved 1179648K
  class space    used 9532K, committed 10112K, reserved 1048576K
}
Event: 1243.252 GC heap before
{Heap before GC invocations=280 (full 0):
 garbage-first heap   total reserved 3997696K, committed 1146880K, used 997174K [0x000000070c000000, 0x0000000800000000)
  region size 2048K, 234 young (479232K), 29 survivors (59392K)
 Metaspace       used 88474K, committed 89664K, reserved 1179648K
  class space    used 9532K, committed 10112K, reserved 1048576K
}
Event: 1243.277 GC heap after
{Heap after GC invocations=281 (full 0):
 garbage-first heap   total reserved 3997696K, committed 1146880K, used 629760K [0x000000070c000000, 0x0000000800000000)
  region size 2048K, 25 young (51200K), 25 survivors (51200K)
 Metaspace       used 88474K, committed 89664K, reserved 1179648K
  class space    used 9532K, committed 10112K, reserved 1048576K
}
Event: 1244.427 GC heap before
{Heap before GC invocations=282 (full 0):
 garbage-first heap   total reserved 3997696K, committed 1146880K, used 1020928K [0x000000070c000000, 0x0000000800000000)
  region size 2048K, 213 young (436224K), 25 survivors (51200K)
 Metaspace       used 88476K, committed 89664K, reserved 1179648K
  class space    used 9532K, committed 10112K, reserved 1048576K
}
Event: 1244.437 GC heap after
{Heap after GC invocations=283 (full 0):
 garbage-first heap   total reserved 3997696K, committed 1146880K, used 620956K [0x000000070c000000, 0x0000000800000000)
  region size 2048K, 16 young (32768K), 16 survivors (32768K)
 Metaspace       used 88476K, committed 89664K, reserved 1179648K
  class space    used 9532K, committed 10112K, reserved 1048576K
}
Event: 1245.132 GC heap before
{Heap before GC invocations=283 (full 0):
 garbage-first heap   total reserved 3997696K, committed 1146880K, used 1020316K [0x000000070c000000, 0x0000000800000000)
  region size 2048K, 211 young (432128K), 16 survivors (32768K)
 Metaspace       used 88481K, committed 89664K, reserved 1179648K
  class space    used 9532K, committed 10112K, reserved 1048576K
}
Event: 1245.164 GC heap after
{Heap after GC invocations=284 (full 0):
 garbage-first heap   total reserved 3997696K, committed 1146880K, used 653803K [0x000000070c000000, 0x0000000800000000)
  region size 2048K, 27 young (55296K), 27 survivors (55296K)
 Metaspace       used 88481K, committed 89664K, reserved 1179648K
  class space    used 9532K, committed 10112K, reserved 1048576K
}
Event: 1245.932 GC heap before
{Heap before GC invocations=284 (full 0):
 garbage-first heap   total reserved 3997696K, committed 1146880K, used 1022443K [0x000000070c000000, 0x0000000800000000)
  region size 2048K, 207 young (423936K), 27 survivors (55296K)
 Metaspace       used 88489K, committed 89664K, reserved 1179648K
  class space    used 9532K, committed 10112K, reserved 1048576K
}
Event: 1245.955 GC heap after
{Heap after GC invocations=285 (full 0):
 garbage-first heap   total reserved 3997696K, committed 1146880K, used 704508K [0x000000070c000000, 0x0000000800000000)
  region size 2048K, 25 young (51200K), 25 survivors (51200K)
 Metaspace       used 88489K, committed 89664K, reserved 1179648K
  class space    used 9532K, committed 10112K, reserved 1048576K
}

