# JRE version: Java(TM) SE Runtime Environment (23.0.1+11) (build 23.0.1+11-39)
# Java VM: Java HotSpot(TM) 64-Bit Server VM (23.0.1+11-39, mixed mode, sharing, tiered, compressed oops, compressed class ptrs, g1 gc, windows-amd64)
GC Precious Log:
 CardTable entry size: 512
 Card Set container configuration: InlinePtr #cards 4 size 8 Array Of Cards #cards 16 size 48 Howl #buckets 8 coarsen threshold 3686 Howl Bitmap #cards 512 size 80 coarsen threshold 460 Card regions per heap region 1 cards per card region 4096
 CPUs: 16 total, 16 available
 Memory: 15613M
 Large Page Support: Disabled
 NUMA Support: Disabled
 Compressed Oops: Enabled (Zero based)
 Heap Region Size: 2M
 Heap Min Capacity: 8M
 Heap Initial Capacity: 244M
 Heap Max Capacity: 3904M
 Pre-touch: Disabled
 Parallel Workers: 13
 Concurrent Workers: 3
 Concurrent Refinement Workers: 13
 Periodic GC: Disabled
Heap:
 garbage-first heap   total reserved 3997696K, committed 700416K, used 538095K [0x000000070c000000, 0x0000000800000000)
  region size 2048K, 42 young (86016K), 10 survivors (20480K)
 Metaspace       used 83155K, committed 84352K, reserved 1179648K
  class space    used 9376K, committed 9984K, reserved 1048576K
GC Heap History (20 events):
Event: 36.270 GC heap before
{Heap before GC invocations=66 (full 0):
 garbage-first heap   total reserved 3997696K, committed 454656K, used 408893K [0x000000070c000000, 0x0000000800000000)
  region size 2048K, 63 young (129024K), 9 survivors (18432K)
 Metaspace       used 81115K, committed 82112K, reserved 1179648K
  class space    used 9148K, committed 9600K, reserved 1048576K
}
Event: 36.282 GC heap after
{Heap after GC invocations=67 (full 0):
 garbage-first heap   total reserved 3997696K, committed 454656K, used 313047K [0x000000070c000000, 0x0000000800000000)
  region size 2048K, 8 young (16384K), 8 survivors (16384K)
 Metaspace       used 81115K, committed 82112K, reserved 1179648K
  class space    used 9148K, committed 9600K, reserved 1048576K
}
Event: 36.848 GC heap before
{Heap before GC invocations=68 (full 0):
 garbage-first heap   total reserved 3997696K, committed 526336K, used 407255K [0x000000070c000000, 0x0000000800000000)
  region size 2048K, 54 young (110592K), 8 survivors (16384K)
 Metaspace       used 81161K, committed 82176K, reserved 1179648K
  class space    used 9148K, committed 9600K, reserved 1048576K
}
Event: 36.859 GC heap after
{Heap after GC invocations=69 (full 0):
 garbage-first heap   total reserved 3997696K, committed 526336K, used 325802K [0x000000070c000000, 0x0000000800000000)
  region size 2048K, 7 young (14336K), 7 survivors (14336K)
 Metaspace       used 81161K, committed 82176K, reserved 1179648K
  class space    used 9148K, committed 9600K, reserved 1048576K
}
Event: 38.443 GC heap before
{Heap before GC invocations=69 (full 0):
 garbage-first heap   total reserved 3997696K, committed 526336K, used 469162K [0x000000070c000000, 0x0000000800000000)
  region size 2048K, 77 young (157696K), 7 survivors (14336K)
 Metaspace       used 81920K, committed 82944K, reserved 1179648K
  class space    used 9253K, committed 9728K, reserved 1048576K
}
Event: 38.461 GC heap after
{Heap after GC invocations=70 (full 0):
 garbage-first heap   total reserved 3997696K, committed 526336K, used 343413K [0x000000070c000000, 0x0000000800000000)
  region size 2048K, 10 young (20480K), 10 survivors (20480K)
 Metaspace       used 81920K, committed 82944K, reserved 1179648K
  class space    used 9253K, committed 9728K, reserved 1048576K
}
Event: 39.908 GC heap before
{Heap before GC invocations=70 (full 0):
 garbage-first heap   total reserved 3997696K, committed 526336K, used 476533K [0x000000070c000000, 0x0000000800000000)
  region size 2048K, 75 young (153600K), 10 survivors (20480K)
 Metaspace       used 82026K, committed 83008K, reserved 1179648K
  class space    used 9254K, committed 9728K, reserved 1048576K
}
Event: 39.923 GC heap after
{Heap after GC invocations=71 (full 0):
 garbage-first heap   total reserved 3997696K, committed 526336K, used 362890K [0x000000070c000000, 0x0000000800000000)
  region size 2048K, 10 young (20480K), 10 survivors (20480K)
 Metaspace       used 82026K, committed 83008K, reserved 1179648K
  class space    used 9254K, committed 9728K, reserved 1048576K
}
Event: 40.834 GC heap before
{Heap before GC invocations=72 (full 0):
 garbage-first heap   total reserved 3997696K, committed 608256K, used 471434K [0x000000070c000000, 0x0000000800000000)
  region size 2048K, 63 young (129024K), 10 survivors (20480K)
 Metaspace       used 82139K, committed 83136K, reserved 1179648K
  class space    used 9254K, committed 9728K, reserved 1048576K
}
Event: 40.846 GC heap after
{Heap after GC invocations=73 (full 0):
 garbage-first heap   total reserved 3997696K, committed 608256K, used 378880K [0x000000070c000000, 0x0000000800000000)
  region size 2048K, 8 young (16384K), 8 survivors (16384K)
 Metaspace       used 82139K, committed 83136K, reserved 1179648K
  class space    used 9254K, committed 9728K, reserved 1048576K
}
Event: 42.060 GC heap before
{Heap before GC invocations=73 (full 0):
 garbage-first heap   total reserved 3997696K, committed 608256K, used 538624K [0x000000070c000000, 0x0000000800000000)
  region size 2048K, 86 young (176128K), 8 survivors (16384K)
 Metaspace       used 82261K, committed 83264K, reserved 1179648K
  class space    used 9255K, committed 9728K, reserved 1048576K
}
Event: 42.081 GC heap after
{Heap after GC invocations=74 (full 0):
 garbage-first heap   total reserved 3997696K, committed 608256K, used 397002K [0x000000070c000000, 0x0000000800000000)
  region size 2048K, 11 young (22528K), 11 survivors (22528K)
 Metaspace       used 82261K, committed 83264K, reserved 1179648K
  class space    used 9255K, committed 9728K, reserved 1048576K
}
Event: 42.761 GC heap before
{Heap before GC invocations=74 (full 0):
 garbage-first heap   total reserved 3997696K, committed 608256K, used 544458K [0x000000070c000000, 0x0000000800000000)
  region size 2048K, 83 young (169984K), 11 survivors (22528K)
 Metaspace       used 82304K, committed 83328K, reserved 1179648K
  class space    used 9255K, committed 9728K, reserved 1048576K
}
Event: 42.777 GC heap after
{Heap after GC invocations=75 (full 0):
 garbage-first heap   total reserved 3997696K, committed 608256K, used 417842K [0x000000070c000000, 0x0000000800000000)
  region size 2048K, 11 young (22528K), 11 survivors (22528K)
 Metaspace       used 82304K, committed 83328K, reserved 1179648K
  class space    used 9255K, committed 9728K, reserved 1048576K
}
Event: 44.126 GC heap before
{Heap before GC invocations=76 (full 0):
 garbage-first heap   total reserved 3997696K, committed 700416K, used 546866K [0x000000070c000000, 0x0000000800000000)
  region size 2048K, 74 young (151552K), 11 survivors (22528K)
 Metaspace       used 82467K, committed 83456K, reserved 1179648K
  class space    used 9260K, committed 9728K, reserved 1048576K
}
Event: 44.139 GC heap after
{Heap after GC invocations=77 (full 0):
 garbage-first heap   total reserved 3997696K, committed 700416K, used 434716K [0x000000070c000000, 0x0000000800000000)
  region size 2048K, 9 young (18432K), 9 survivors (18432K)
 Metaspace       used 82467K, committed 83456K, reserved 1179648K
  class space    used 9260K, committed 9728K, reserved 1048576K
}
Event: 45.156 GC heap before
{Heap before GC invocations=77 (full 0):
 garbage-first heap   total reserved 3997696K, committed 700416K, used 616988K [0x000000070c000000, 0x0000000800000000)
  region size 2048K, 98 young (200704K), 9 survivors (18432K)
 Metaspace       used 82522K, committed 83520K, reserved 1179648K
  class space    used 9262K, committed 9728K, reserved 1048576K
}
Event: 45.171 GC heap after
{Heap after GC invocations=78 (full 0):
 garbage-first heap   total reserved 3997696K, committed 700416K, used 454656K [0x000000070c000000, 0x0000000800000000)
  region size 2048K, 12 young (24576K), 12 survivors (24576K)
 Metaspace       used 82522K, committed 83520K, reserved 1179648K
  class space    used 9262K, committed 9728K, reserved 1048576K
}
Event: 46.074 GC heap before
{Heap before GC invocations=78 (full 0):
 garbage-first heap   total reserved 3997696K, committed 700416K, used 624640K [0x000000070c000000, 0x0000000800000000)
  region size 2048K, 95 young (194560K), 12 survivors (24576K)
 Metaspace       used 83107K, committed 84352K, reserved 1179648K
  class space    used 9376K, committed 9984K, reserved 1048576K
}
Event: 46.087 GC heap after
{Heap after GC invocations=79 (full 0):
 garbage-first heap   total reserved 3997696K, committed 700416K, used 474607K [0x000000070c000000, 0x0000000800000000)
  region size 2048K, 10 young (20480K), 10 survivors (20480K)
 Metaspace       used 83107K, committed 84352K, reserved 1179648K
  class space    used 9376K, committed 9984K, reserved 1048576K
}

