# JRE version: Java(TM) SE Runtime Environment (23.0.1+11) (build 23.0.1+11-39)
# Java VM: Java HotSpot(TM) 64-Bit Server VM (23.0.1+11-39, mixed mode, sharing, tiered, compressed oops, compressed class ptrs, g1 gc, windows-amd64)
GC Precious Log:
 CardTable entry size: 512
 Card Set container configuration: InlinePtr #cards 4 size 8 Array Of Cards #cards 16 size 48 Howl #buckets 8 coarsen threshold 3686 Howl Bitmap #cards 512 size 80 coarsen threshold 460 Card regions per heap region 1 cards per card region 4096
 CPUs: 16 total, 16 available
 Memory: 15613M
 Large Page Support: Disabled
 NUMA Support: Disabled
 Compressed Oops: Enabled (Zero based)
 Heap Region Size: 2M
 Heap Min Capacity: 8M
 Heap Initial Capacity: 244M
 Heap Max Capacity: 3904M
 Pre-touch: Disabled
 Parallel Workers: 13
 Concurrent Workers: 3
 Concurrent Refinement Workers: 13
 Periodic GC: Disabled
Heap:
 garbage-first heap   total reserved 3997696K, committed 116736K, used 75620K [0x000000070c000000, 0x0000000800000000)
  region size 2048K, 1 young (2048K), 1 survivors (2048K)
 Metaspace       used 71720K, committed 72704K, reserved 1114112K
  class space    used 8732K, committed 9216K, reserved 1048576K
GC Heap History (20 events):
Event: 9.336 GC heap after
{Heap after GC invocations=24 (full 0):
 garbage-first heap   total reserved 3997696K, committed 92160K, used 45621K [0x000000070c000000, 0x0000000800000000)
  region size 2048K, 2 young (4096K), 2 survivors (4096K)
 Metaspace       used 62271K, committed 63168K, reserved 1114112K
  class space    used 7542K, committed 7936K, reserved 1048576K
}
Event: 9.793 GC heap before
{Heap before GC invocations=24 (full 0):
 garbage-first heap   total reserved 3997696K, committed 92160K, used 80437K [0x000000070c000000, 0x0000000800000000)
  region size 2048K, 19 young (38912K), 2 survivors (4096K)
 Metaspace       used 68312K, committed 69312K, reserved 1114112K
  class space    used 8384K, committed 8832K, reserved 1048576K
}
Event: 9.796 GC heap after
{Heap after GC invocations=25 (full 0):
 garbage-first heap   total reserved 3997696K, committed 92160K, used 50284K [0x000000070c000000, 0x0000000800000000)
  region size 2048K, 3 young (6144K), 3 survivors (6144K)
 Metaspace       used 68312K, committed 69312K, reserved 1114112K
  class space    used 8384K, committed 8832K, reserved 1048576K
}
Event: 10.131 GC heap before
{Heap before GC invocations=26 (full 0):
 garbage-first heap   total reserved 3997696K, committed 92160K, used 76908K [0x000000070c000000, 0x0000000800000000)
  region size 2048K, 16 young (32768K), 3 survivors (6144K)
 Metaspace       used 69843K, committed 70848K, reserved 1114112K
  class space    used 8579K, committed 9024K, reserved 1048576K
}
Event: 10.135 GC heap after
{Heap after GC invocations=27 (full 0):
 garbage-first heap   total reserved 3997696K, committed 92160K, used 54965K [0x000000070c000000, 0x0000000800000000)
  region size 2048K, 2 young (4096K), 2 survivors (4096K)
 Metaspace       used 69843K, committed 70848K, reserved 1114112K
  class space    used 8579K, committed 9024K, reserved 1048576K
}
Event: 10.230 GC heap before
{Heap before GC invocations=27 (full 0):
 garbage-first heap   total reserved 3997696K, committed 92160K, used 81589K [0x000000070c000000, 0x0000000800000000)
  region size 2048K, 15 young (30720K), 2 survivors (4096K)
 Metaspace       used 70044K, committed 71104K, reserved 1114112K
  class space    used 8585K, committed 9088K, reserved 1048576K
}
Event: 10.234 GC heap after
{Heap after GC invocations=28 (full 0):
 garbage-first heap   total reserved 3997696K, committed 92160K, used 55971K [0x000000070c000000, 0x0000000800000000)
  region size 2048K, 1 young (2048K), 1 survivors (2048K)
 Metaspace       used 70044K, committed 71104K, reserved 1114112K
  class space    used 8585K, committed 9088K, reserved 1048576K
}
Event: 10.450 GC heap before
{Heap before GC invocations=28 (full 0):
 garbage-first heap   total reserved 3997696K, committed 92160K, used 82595K [0x000000070c000000, 0x0000000800000000)
  region size 2048K, 14 young (28672K), 1 survivors (2048K)
 Metaspace       used 71328K, committed 72320K, reserved 1114112K
  class space    used 8724K, committed 9216K, reserved 1048576K
}
Event: 10.453 GC heap after
{Heap after GC invocations=29 (full 0):
 garbage-first heap   total reserved 3997696K, committed 110592K, used 61588K [0x000000070c000000, 0x0000000800000000)
  region size 2048K, 2 young (4096K), 2 survivors (4096K)
 Metaspace       used 71328K, committed 72320K, reserved 1114112K
  class space    used 8724K, committed 9216K, reserved 1048576K
}
Event: 10.538 GC heap before
{Heap before GC invocations=30 (full 0):
 garbage-first heap   total reserved 3997696K, committed 110592K, used 92308K [0x000000070c000000, 0x0000000800000000)
  region size 2048K, 18 young (36864K), 2 survivors (4096K)
 Metaspace       used 71418K, committed 72448K, reserved 1114112K
  class space    used 8729K, committed 9216K, reserved 1048576K
}
Event: 10.541 GC heap after
{Heap after GC invocations=31 (full 0):
 garbage-first heap   total reserved 3997696K, committed 110592K, used 65706K [0x000000070c000000, 0x0000000800000000)
  region size 2048K, 3 young (6144K), 3 survivors (6144K)
 Metaspace       used 71418K, committed 72448K, reserved 1114112K
  class space    used 8729K, committed 9216K, reserved 1048576K
}
Event: 10.569 GC heap before
{Heap before GC invocations=31 (full 0):
 garbage-first heap   total reserved 3997696K, committed 110592K, used 94378K [0x000000070c000000, 0x0000000800000000)
  region size 2048K, 17 young (34816K), 3 survivors (6144K)
 Metaspace       used 71429K, committed 72448K, reserved 1114112K
  class space    used 8729K, committed 9216K, reserved 1048576K
}
Event: 10.572 GC heap after
{Heap after GC invocations=32 (full 0):
 garbage-first heap   total reserved 3997696K, committed 110592K, used 66662K [0x000000070c000000, 0x0000000800000000)
  region size 2048K, 1 young (2048K), 1 survivors (2048K)
 Metaspace       used 71429K, committed 72448K, reserved 1114112K
  class space    used 8729K, committed 9216K, reserved 1048576K
}
Event: 10.616 GC heap before
{Heap before GC invocations=32 (full 0):
 garbage-first heap   total reserved 3997696K, committed 110592K, used 95334K [0x000000070c000000, 0x0000000800000000)
  region size 2048K, 16 young (32768K), 1 survivors (2048K)
 Metaspace       used 71497K, committed 72512K, reserved 1114112K
  class space    used 8729K, committed 9216K, reserved 1048576K
}
Event: 10.618 GC heap after
{Heap after GC invocations=33 (full 0):
 garbage-first heap   total reserved 3997696K, committed 110592K, used 69420K [0x000000070c000000, 0x0000000800000000)
  region size 2048K, 2 young (4096K), 2 survivors (4096K)
 Metaspace       used 71497K, committed 72512K, reserved 1114112K
  class space    used 8729K, committed 9216K, reserved 1048576K
}
Event: 10.678 GC heap before
{Heap before GC invocations=34 (full 0):
 garbage-first heap   total reserved 3997696K, committed 116736K, used 96044K [0x000000070c000000, 0x0000000800000000)
  region size 2048K, 16 young (32768K), 2 survivors (4096K)
 Metaspace       used 71522K, committed 72512K, reserved 1114112K
  class space    used 8730K, committed 9216K, reserved 1048576K
}
Event: 10.681 GC heap after
{Heap after GC invocations=35 (full 0):
 garbage-first heap   total reserved 3997696K, committed 116736K, used 72612K [0x000000070c000000, 0x0000000800000000)
  region size 2048K, 2 young (4096K), 2 survivors (4096K)
 Metaspace       used 71522K, committed 72512K, reserved 1114112K
  class space    used 8730K, committed 9216K, reserved 1048576K
}
Event: 10.753 GC heap before
{Heap before GC invocations=35 (full 0):
 garbage-first heap   total reserved 3997696K, committed 116736K, used 103332K [0x000000070c000000, 0x0000000800000000)
  region size 2048K, 17 young (34816K), 2 survivors (4096K)
 Metaspace       used 71687K, committed 72704K, reserved 1114112K
  class space    used 8732K, committed 9216K, reserved 1048576K
}
Event: 10.756 GC heap after
{Heap after GC invocations=36 (full 0):
 garbage-first heap   total reserved 3997696K, committed 116736K, used 74125K [0x000000070c000000, 0x0000000800000000)
  region size 2048K, 3 young (6144K), 3 survivors (6144K)
 Metaspace       used 71687K, committed 72704K, reserved 1114112K
  class space    used 8732K, committed 9216K, reserved 1048576K
}
Event: 10.787 GC heap before
{Heap before GC invocations=36 (full 0):
 garbage-first heap   total reserved 3997696K, committed 116736K, used 100749K [0x000000070c000000, 0x0000000800000000)
  region size 2048K, 16 young (32768K), 3 survivors (6144K)
 Metaspace       used 71720K, committed 72704K, reserved 1114112K
  class space    used 8732K, committed 9216K, reserved 1048576K
}

