# JRE version: Java(TM) SE Runtime Environment (23.0.1+11) (build 23.0.1+11-39)
# Java VM: Java HotSpot(TM) 64-Bit Server VM (23.0.1+11-39, mixed mode, sharing, tiered, compressed oops, compressed class ptrs, g1 gc, windows-amd64)
GC Precious Log:
 CardTable entry size: 512
 Card Set container configuration: InlinePtr #cards 4 size 8 Array Of Cards #cards 16 size 48 Howl #buckets 8 coarsen threshold 3686 Howl Bitmap #cards 512 size 80 coarsen threshold 460 Card regions per heap region 1 cards per card region 4096
 CPUs: 16 total, 16 available
 Memory: 14077M
 Large Page Support: Disabled
 NUMA Support: Disabled
 Compressed Oops: Enabled (Zero based)
 Heap Region Size: 2M
 Heap Min Capacity: 8M
 Heap Initial Capacity: 220M
 Heap Max Capacity: 3520M
 Pre-touch: Disabled
 Parallel Workers: 13
 Concurrent Workers: 3
 Concurrent Refinement Workers: 13
 Periodic GC: Disabled
Heap:
 garbage-first heap   total reserved 3604480K, committed 96256K, used 67083K [0x0000000724000000, 0x0000000800000000)
  region size 2048K, 8 young (16384K), 2 survivors (4096K)
 Metaspace       used 65100K, committed 66112K, reserved 1114112K
  class space    used 7884K, committed 8320K, reserved 1048576K
GC Heap History (20 events):
Event: 3.474 GC heap before
{Heap before GC invocations=14 (full 0):
 garbage-first heap   total reserved 3604480K, committed 73728K, used 50389K [0x0000000724000000, 0x0000000800000000)
  region size 2048K, 14 young (28672K), 3 survivors (6144K)
 Metaspace       used 35547K, committed 35968K, reserved 1114112K
  class space    used 4083K, committed 4288K, reserved 1048576K
}
Event: 3.478 GC heap after
{Heap after GC invocations=15 (full 0):
 garbage-first heap   total reserved 3604480K, committed 90112K, used 29673K [0x0000000724000000, 0x0000000800000000)
  region size 2048K, 3 young (6144K), 3 survivors (6144K)
 Metaspace       used 35547K, committed 35968K, reserved 1114112K
  class space    used 4083K, committed 4288K, reserved 1048576K
}
Event: 4.098 GC heap before
{Heap before GC invocations=16 (full 0):
 garbage-first heap   total reserved 3604480K, committed 90112K, used 66537K [0x0000000724000000, 0x0000000800000000)
  region size 2048K, 22 young (45056K), 3 survivors (6144K)
 Metaspace       used 44398K, committed 44800K, reserved 1114112K
  class space    used 5527K, committed 5696K, reserved 1048576K
}
Event: 4.102 GC heap after
{Heap after GC invocations=17 (full 0):
 garbage-first heap   total reserved 3604480K, committed 90112K, used 34099K [0x0000000724000000, 0x0000000800000000)
  region size 2048K, 3 young (6144K), 3 survivors (6144K)
 Metaspace       used 44398K, committed 44800K, reserved 1114112K
  class space    used 5527K, committed 5696K, reserved 1048576K
}
Event: 4.583 GC heap before
{Heap before GC invocations=17 (full 0):
 garbage-first heap   total reserved 3604480K, committed 90112K, used 68915K [0x0000000724000000, 0x0000000800000000)
  region size 2048K, 21 young (43008K), 3 survivors (6144K)
 Metaspace       used 50641K, committed 51584K, reserved 1114112K
  class space    used 6279K, committed 6720K, reserved 1048576K
}
Event: 4.587 GC heap after
{Heap after GC invocations=18 (full 0):
 garbage-first heap   total reserved 3604480K, committed 90112K, used 37230K [0x0000000724000000, 0x0000000800000000)
  region size 2048K, 2 young (4096K), 2 survivors (4096K)
 Metaspace       used 50641K, committed 51584K, reserved 1114112K
  class space    used 6279K, committed 6720K, reserved 1048576K
}
Event: 5.229 GC heap before
{Heap before GC invocations=18 (full 0):
 garbage-first heap   total reserved 3604480K, committed 90112K, used 76142K [0x0000000724000000, 0x0000000800000000)
  region size 2048K, 20 young (40960K), 2 survivors (4096K)
 Metaspace       used 56109K, committed 57024K, reserved 1114112K
  class space    used 6887K, committed 7296K, reserved 1048576K
}
Event: 5.234 GC heap after
{Heap after GC invocations=19 (full 0):
 garbage-first heap   total reserved 3604480K, committed 90112K, used 42939K [0x0000000724000000, 0x0000000800000000)
  region size 2048K, 3 young (6144K), 3 survivors (6144K)
 Metaspace       used 56109K, committed 57024K, reserved 1114112K
  class space    used 6887K, committed 7296K, reserved 1048576K
}
Event: 5.404 GC heap before
{Heap before GC invocations=19 (full 0):
 garbage-first heap   total reserved 3604480K, committed 90112K, used 75707K [0x0000000724000000, 0x0000000800000000)
  region size 2048K, 19 young (38912K), 3 survivors (6144K)
 Metaspace       used 56445K, committed 57344K, reserved 1114112K
  class space    used 6918K, committed 7360K, reserved 1048576K
}
Event: 5.408 GC heap after
{Heap after GC invocations=20 (full 0):
 garbage-first heap   total reserved 3604480K, committed 90112K, used 45601K [0x0000000724000000, 0x0000000800000000)
  region size 2048K, 2 young (4096K), 2 survivors (4096K)
 Metaspace       used 56445K, committed 57344K, reserved 1114112K
  class space    used 6918K, committed 7360K, reserved 1048576K
}
Event: 5.980 GC heap before
{Heap before GC invocations=20 (full 0):
 garbage-first heap   total reserved 3604480K, committed 90112K, used 57889K [0x0000000724000000, 0x0000000800000000)
  region size 2048K, 9 young (18432K), 2 survivors (4096K)
 Metaspace       used 59389K, committed 60288K, reserved 1114112K
  class space    used 7168K, committed 7616K, reserved 1048576K
}
Event: 5.982 GC heap after
{Heap after GC invocations=21 (full 0):
 garbage-first heap   total reserved 3604480K, committed 90112K, used 45840K [0x0000000724000000, 0x0000000800000000)
  region size 2048K, 2 young (4096K), 2 survivors (4096K)
 Metaspace       used 59389K, committed 60288K, reserved 1114112K
  class space    used 7168K, committed 7616K, reserved 1048576K
}
Event: 6.208 GC heap before
{Heap before GC invocations=22 (full 0):
 garbage-first heap   total reserved 3604480K, committed 90112K, used 76560K [0x0000000724000000, 0x0000000800000000)
  region size 2048K, 17 young (34816K), 2 survivors (4096K)
 Metaspace       used 60113K, committed 60992K, reserved 1114112K
  class space    used 7259K, committed 7680K, reserved 1048576K
}
Event: 6.212 GC heap after
{Heap after GC invocations=23 (full 0):
 garbage-first heap   total reserved 3604480K, committed 90112K, used 48963K [0x0000000724000000, 0x0000000800000000)
  region size 2048K, 3 young (6144K), 3 survivors (6144K)
 Metaspace       used 60113K, committed 60992K, reserved 1114112K
  class space    used 7259K, committed 7680K, reserved 1048576K
}
Event: 7.574 GC heap before
{Heap before GC invocations=23 (full 0):
 garbage-first heap   total reserved 3604480K, committed 90112K, used 75587K [0x0000000724000000, 0x0000000800000000)
  region size 2048K, 16 young (32768K), 3 survivors (6144K)
 Metaspace       used 61485K, committed 62464K, reserved 1114112K
  class space    used 7448K, committed 7872K, reserved 1048576K
}
Event: 7.578 GC heap after
{Heap after GC invocations=24 (full 0):
 garbage-first heap   total reserved 3604480K, committed 90112K, used 51745K [0x0000000724000000, 0x0000000800000000)
  region size 2048K, 2 young (4096K), 2 survivors (4096K)
 Metaspace       used 61485K, committed 62464K, reserved 1114112K
  class space    used 7448K, committed 7872K, reserved 1048576K
}
Event: 7.678 GC heap before
{Heap before GC invocations=24 (full 0):
 garbage-first heap   total reserved 3604480K, committed 90112K, used 76321K [0x0000000724000000, 0x0000000800000000)
  region size 2048K, 15 young (30720K), 2 survivors (4096K)
 Metaspace       used 61673K, committed 62592K, reserved 1114112K
  class space    used 7470K, committed 7872K, reserved 1048576K
}
Event: 7.681 GC heap after
{Heap after GC invocations=25 (full 0):
 garbage-first heap   total reserved 3604480K, committed 90112K, used 55118K [0x0000000724000000, 0x0000000800000000)
  region size 2048K, 2 young (4096K), 2 survivors (4096K)
 Metaspace       used 61673K, committed 62592K, reserved 1114112K
  class space    used 7470K, committed 7872K, reserved 1048576K
}
Event: 8.159 GC heap before
{Heap before GC invocations=26 (full 0):
 garbage-first heap   total reserved 3604480K, committed 96256K, used 77646K [0x0000000724000000, 0x0000000800000000)
  region size 2048K, 13 young (26624K), 2 survivors (4096K)
 Metaspace       used 62835K, committed 63808K, reserved 1114112K
  class space    used 7579K, committed 8000K, reserved 1048576K
}
Event: 8.161 GC heap after
{Heap after GC invocations=27 (full 0):
 garbage-first heap   total reserved 3604480K, committed 96256K, used 56843K [0x0000000724000000, 0x0000000800000000)
  region size 2048K, 2 young (4096K), 2 survivors (4096K)
 Metaspace       used 62835K, committed 63808K, reserved 1114112K
  class space    used 7579K, committed 8000K, reserved 1048576K
}

