# JRE version: Java(TM) SE Runtime Environment (23.0.1+11) (build 23.0.1+11-39)
# Java VM: Java HotSpot(TM) 64-Bit Server VM (23.0.1+11-39, mixed mode, sharing, tiered, compressed oops, compressed class ptrs, g1 gc, windows-amd64)
GC Precious Log:
 CardTable entry size: 512
 Card Set container configuration: InlinePtr #cards 4 size 8 Array Of Cards #cards 16 size 48 Howl #buckets 8 coarsen threshold 3686 Howl Bitmap #cards 512 size 80 coarsen threshold 460 Card regions per heap region 1 cards per card region 4096
 CPUs: 16 total, 16 available
 Memory: 15613M
 Large Page Support: Disabled
 NUMA Support: Disabled
 Compressed Oops: Enabled (Zero based)
 Heap Region Size: 2M
 Heap Min Capacity: 8M
 Heap Initial Capacity: 244M
 Heap Max Capacity: 3904M
 Pre-touch: Disabled
 Parallel Workers: 13
 Concurrent Workers: 3
 Concurrent Refinement Workers: 13
 Periodic GC: Disabled
Heap:
 garbage-first heap   total reserved 3997696K, committed 141312K, used 90032K [0x000000070c000000, 0x0000000800000000)
  region size 2048K, 3 young (6144K), 3 survivors (6144K)
 Metaspace       used 71999K, committed 73024K, reserved 1114112K
  class space    used 8732K, committed 9216K, reserved 1048576K
GC Heap History (20 events):
Event: 7.577 GC heap after
{Heap after GC invocations=25 (full 0):
 garbage-first heap   total reserved 3997696K, committed 112640K, used 53932K [0x000000070c000000, 0x0000000800000000)
  region size 2048K, 3 young (6144K), 3 survivors (6144K)
 Metaspace       used 69944K, committed 70912K, reserved 1114112K
  class space    used 8579K, committed 9024K, reserved 1048576K
}
Event: 7.866 GC heap before
{Heap before GC invocations=25 (full 0):
 garbage-first heap   total reserved 3997696K, committed 112640K, used 96940K [0x000000070c000000, 0x0000000800000000)
  region size 2048K, 24 young (49152K), 3 survivors (6144K)
 Metaspace       used 71421K, committed 72448K, reserved 1114112K
  class space    used 8725K, committed 9216K, reserved 1048576K
}
Event: 7.869 GC heap after
{Heap after GC invocations=26 (full 0):
 garbage-first heap   total reserved 3997696K, committed 112640K, used 59041K [0x000000070c000000, 0x0000000800000000)
  region size 2048K, 3 young (6144K), 3 survivors (6144K)
 Metaspace       used 71421K, committed 72448K, reserved 1114112K
  class space    used 8725K, committed 9216K, reserved 1048576K
}
Event: 7.943 GC heap before
{Heap before GC invocations=26 (full 0):
 garbage-first heap   total reserved 3997696K, committed 112640K, used 95905K [0x000000070c000000, 0x0000000800000000)
  region size 2048K, 21 young (43008K), 3 survivors (6144K)
 Metaspace       used 71518K, committed 72512K, reserved 1114112K
  class space    used 8729K, committed 9216K, reserved 1048576K
}
Event: 7.946 GC heap after
{Heap after GC invocations=27 (full 0):
 garbage-first heap   total reserved 3997696K, committed 112640K, used 62074K [0x000000070c000000, 0x0000000800000000)
  region size 2048K, 2 young (4096K), 2 survivors (4096K)
 Metaspace       used 71518K, committed 72512K, reserved 1114112K
  class space    used 8729K, committed 9216K, reserved 1048576K
}
Event: 8.029 GC heap before
{Heap before GC invocations=28 (full 0):
 garbage-first heap   total reserved 3997696K, committed 112640K, used 98938K [0x000000070c000000, 0x0000000800000000)
  region size 2048K, 20 young (40960K), 2 survivors (4096K)
 Metaspace       used 71567K, committed 72576K, reserved 1114112K
  class space    used 8729K, committed 9216K, reserved 1048576K
}
Event: 8.031 GC heap after
{Heap after GC invocations=29 (full 0):
 garbage-first heap   total reserved 3997696K, committed 112640K, used 66059K [0x000000070c000000, 0x0000000800000000)
  region size 2048K, 3 young (6144K), 3 survivors (6144K)
 Metaspace       used 71567K, committed 72576K, reserved 1114112K
  class space    used 8729K, committed 9216K, reserved 1048576K
}
Event: 8.079 GC heap before
{Heap before GC invocations=29 (full 0):
 garbage-first heap   total reserved 3997696K, committed 112640K, used 94731K [0x000000070c000000, 0x0000000800000000)
  region size 2048K, 17 young (34816K), 3 survivors (6144K)
 Metaspace       used 71569K, committed 72576K, reserved 1114112K
  class space    used 8730K, committed 9216K, reserved 1048576K
}
Event: 8.082 GC heap after
{Heap after GC invocations=30 (full 0):
 garbage-first heap   total reserved 3997696K, committed 135168K, used 68870K [0x000000070c000000, 0x0000000800000000)
  region size 2048K, 2 young (4096K), 2 survivors (4096K)
 Metaspace       used 71569K, committed 72576K, reserved 1114112K
  class space    used 8730K, committed 9216K, reserved 1048576K
}
Event: 8.183 GC heap before
{Heap before GC invocations=30 (full 0):
 garbage-first heap   total reserved 3997696K, committed 135168K, used 115974K [0x000000070c000000, 0x0000000800000000)
  region size 2048K, 26 young (53248K), 2 survivors (4096K)
 Metaspace       used 71721K, committed 72704K, reserved 1114112K
  class space    used 8732K, committed 9216K, reserved 1048576K
}
Event: 8.186 GC heap after
{Heap after GC invocations=31 (full 0):
 garbage-first heap   total reserved 3997696K, committed 135168K, used 72211K [0x000000070c000000, 0x0000000800000000)
  region size 2048K, 4 young (8192K), 4 survivors (8192K)
 Metaspace       used 71721K, committed 72704K, reserved 1114112K
  class space    used 8732K, committed 9216K, reserved 1048576K
}
Event: 8.265 GC heap before
{Heap before GC invocations=32 (full 0):
 garbage-first heap   total reserved 3997696K, committed 135168K, used 115219K [0x000000070c000000, 0x0000000800000000)
  region size 2048K, 26 young (53248K), 4 survivors (8192K)
 Metaspace       used 71782K, committed 72768K, reserved 1114112K
  class space    used 8732K, committed 9216K, reserved 1048576K
}
Event: 8.268 GC heap after
{Heap after GC invocations=33 (full 0):
 garbage-first heap   total reserved 3997696K, committed 135168K, used 76235K [0x000000070c000000, 0x0000000800000000)
  region size 2048K, 4 young (8192K), 4 survivors (8192K)
 Metaspace       used 71782K, committed 72768K, reserved 1114112K
  class space    used 8732K, committed 9216K, reserved 1048576K
}
Event: 8.346 GC heap before
{Heap before GC invocations=33 (full 0):
 garbage-first heap   total reserved 3997696K, committed 135168K, used 115147K [0x000000070c000000, 0x0000000800000000)
  region size 2048K, 24 young (49152K), 4 survivors (8192K)
 Metaspace       used 71843K, committed 72832K, reserved 1114112K
  class space    used 8732K, committed 9216K, reserved 1048576K
}
Event: 8.349 GC heap after
{Heap after GC invocations=34 (full 0):
 garbage-first heap   total reserved 3997696K, committed 135168K, used 79356K [0x000000070c000000, 0x0000000800000000)
  region size 2048K, 3 young (6144K), 3 survivors (6144K)
 Metaspace       used 71843K, committed 72832K, reserved 1114112K
  class space    used 8732K, committed 9216K, reserved 1048576K
}
Event: 8.411 GC heap before
{Heap before GC invocations=34 (full 0):
 garbage-first heap   total reserved 3997696K, committed 135168K, used 118268K [0x000000070c000000, 0x0000000800000000)
  region size 2048K, 22 young (45056K), 3 survivors (6144K)
 Metaspace       used 71870K, committed 72832K, reserved 1114112K
  class space    used 8732K, committed 9216K, reserved 1048576K
}
Event: 8.414 GC heap after
{Heap after GC invocations=35 (full 0):
 garbage-first heap   total reserved 3997696K, committed 135168K, used 82839K [0x000000070c000000, 0x0000000800000000)
  region size 2048K, 2 young (4096K), 2 survivors (4096K)
 Metaspace       used 71870K, committed 72832K, reserved 1114112K
  class space    used 8732K, committed 9216K, reserved 1048576K
}
Event: 8.513 GC heap before
{Heap before GC invocations=36 (full 0):
 garbage-first heap   total reserved 3997696K, committed 141312K, used 119703K [0x000000070c000000, 0x0000000800000000)
  region size 2048K, 21 young (43008K), 2 survivors (4096K)
 Metaspace       used 71989K, committed 73024K, reserved 1114112K
  class space    used 8732K, committed 9216K, reserved 1048576K
}
Event: 8.516 GC heap after
{Heap after GC invocations=37 (full 0):
 garbage-first heap   total reserved 3997696K, committed 141312K, used 88010K [0x000000070c000000, 0x0000000800000000)
  region size 2048K, 3 young (6144K), 3 survivors (6144K)
 Metaspace       used 71989K, committed 73024K, reserved 1114112K
  class space    used 8732K, committed 9216K, reserved 1048576K
}
Event: 8.576 GC heap before
{Heap before GC invocations=37 (full 0):
 garbage-first heap   total reserved 3997696K, committed 141312K, used 122826K [0x000000070c000000, 0x0000000800000000)
  region size 2048K, 21 young (43008K), 3 survivors (6144K)
 Metaspace       used 71999K, committed 73024K, reserved 1114112K
  class space    used 8732K, committed 9216K, reserved 1048576K
}

