# JRE version: Java(TM) SE Runtime Environment (23.0.1+11) (build 23.0.1+11-39)
# Java VM: Java HotSpot(TM) 64-Bit Server VM (23.0.1+11-39, mixed mode, sharing, tiered, compressed oops, compressed class ptrs, g1 gc, windows-amd64)
GC Precious Log:
 CardTable entry size: 512
 Card Set container configuration: InlinePtr #cards 4 size 8 Array Of Cards #cards 16 size 48 Howl #buckets 8 coarsen threshold 3686 Howl Bitmap #cards 512 size 80 coarsen threshold 460 Card regions per heap region 1 cards per card region 4096
 CPUs: 16 total, 16 available
 Memory: 15613M
 Large Page Support: Disabled
 NUMA Support: Disabled
 Compressed Oops: Enabled (Zero based)
 Heap Region Size: 2M
 Heap Min Capacity: 8M
 Heap Initial Capacity: 244M
 Heap Max Capacity: 3904M
 Pre-touch: Disabled
 Parallel Workers: 13
 Concurrent Workers: 3
 Concurrent Refinement Workers: 13
 Periodic GC: Disabled
Heap:
 garbage-first heap   total reserved 3997696K, committed 704512K, used 588599K [0x000000070c000000, 0x0000000800000000)
  region size 2048K, 67 young (137216K), 10 survivors (20480K)
 Metaspace       used 81584K, committed 82624K, reserved 1179648K
  class space    used 9176K, committed 9664K, reserved 1048576K
GC Heap History (20 events):
Event: 22.550 GC heap before
{Heap before GC invocations=74 (full 0):
 garbage-first heap   total reserved 3997696K, committed 454656K, used 403856K [0x000000070c000000, 0x0000000800000000)
  region size 2048K, 61 young (124928K), 8 survivors (16384K)
 Metaspace       used 80148K, committed 81152K, reserved 1179648K
  class space    used 9114K, committed 9600K, reserved 1048576K
}
Event: 22.561 GC heap after
{Heap after GC invocations=75 (full 0):
 garbage-first heap   total reserved 3997696K, committed 546816K, used 311164K [0x000000070c000000, 0x0000000800000000)
  region size 2048K, 8 young (16384K), 8 survivors (16384K)
 Metaspace       used 80148K, committed 81152K, reserved 1179648K
  class space    used 9114K, committed 9600K, reserved 1048576K
}
Event: 23.586 GC heap before
{Heap before GC invocations=76 (full 0):
 garbage-first heap   total reserved 3997696K, committed 546816K, used 462716K [0x000000070c000000, 0x0000000800000000)
  region size 2048K, 82 young (167936K), 8 survivors (16384K)
 Metaspace       used 80730K, committed 81792K, reserved 1179648K
  class space    used 9165K, committed 9664K, reserved 1048576K
}
Event: 23.597 GC heap after
{Heap after GC invocations=77 (full 0):
 garbage-first heap   total reserved 3997696K, committed 546816K, used 333800K [0x000000070c000000, 0x0000000800000000)
  region size 2048K, 11 young (22528K), 11 survivors (22528K)
 Metaspace       used 80730K, committed 81792K, reserved 1179648K
  class space    used 9165K, committed 9664K, reserved 1048576K
}
Event: 24.262 GC heap before
{Heap before GC invocations=77 (full 0):
 garbage-first heap   total reserved 3997696K, committed 546816K, used 471016K [0x000000070c000000, 0x0000000800000000)
  region size 2048K, 78 young (159744K), 11 survivors (22528K)
 Metaspace       used 80844K, committed 81920K, reserved 1179648K
  class space    used 9166K, committed 9664K, reserved 1048576K
}
Event: 24.274 GC heap after
{Heap after GC invocations=78 (full 0):
 garbage-first heap   total reserved 3997696K, committed 546816K, used 348920K [0x000000070c000000, 0x0000000800000000)
  region size 2048K, 9 young (18432K), 9 survivors (18432K)
 Metaspace       used 80844K, committed 81920K, reserved 1179648K
  class space    used 9166K, committed 9664K, reserved 1048576K
}
Event: 24.854 GC heap before
{Heap before GC invocations=78 (full 0):
 garbage-first heap   total reserved 3997696K, committed 546816K, used 484088K [0x000000070c000000, 0x0000000800000000)
  region size 2048K, 75 young (153600K), 9 survivors (18432K)
 Metaspace       used 80973K, committed 82048K, reserved 1179648K
  class space    used 9166K, committed 9664K, reserved 1048576K
}
Event: 24.863 GC heap after
{Heap after GC invocations=79 (full 0):
 garbage-first heap   total reserved 3997696K, committed 546816K, used 367243K [0x000000070c000000, 0x0000000800000000)
  region size 2048K, 9 young (18432K), 9 survivors (18432K)
 Metaspace       used 80973K, committed 82048K, reserved 1179648K
  class space    used 9166K, committed 9664K, reserved 1048576K
}
Event: 25.543 GC heap before
{Heap before GC invocations=80 (full 0):
 garbage-first heap   total reserved 3997696K, committed 614400K, used 494219K [0x000000070c000000, 0x0000000800000000)
  region size 2048K, 71 young (145408K), 9 survivors (18432K)
 Metaspace       used 81021K, committed 82048K, reserved 1179648K
  class space    used 9168K, committed 9664K, reserved 1048576K
}
Event: 25.553 GC heap after
{Heap after GC invocations=81 (full 0):
 garbage-first heap   total reserved 3997696K, committed 614400K, used 385551K [0x000000070c000000, 0x0000000800000000)
  region size 2048K, 9 young (18432K), 9 survivors (18432K)
 Metaspace       used 81021K, committed 82048K, reserved 1179648K
  class space    used 9168K, committed 9664K, reserved 1048576K
}
Event: 26.169 GC heap before
{Heap before GC invocations=81 (full 0):
 garbage-first heap   total reserved 3997696K, committed 614400K, used 539151K [0x000000070c000000, 0x0000000800000000)
  region size 2048K, 84 young (172032K), 9 survivors (18432K)
 Metaspace       used 81218K, committed 82240K, reserved 1179648K
  class space    used 9172K, committed 9664K, reserved 1048576K
}
Event: 26.180 GC heap after
{Heap after GC invocations=82 (full 0):
 garbage-first heap   total reserved 3997696K, committed 614400K, used 399354K [0x000000070c000000, 0x0000000800000000)
  region size 2048K, 9 young (18432K), 9 survivors (18432K)
 Metaspace       used 81218K, committed 82240K, reserved 1179648K
  class space    used 9172K, committed 9664K, reserved 1048576K
}
Event: 26.724 GC heap before
{Heap before GC invocations=82 (full 0):
 garbage-first heap   total reserved 3997696K, committed 614400K, used 550906K [0x000000070c000000, 0x0000000800000000)
  region size 2048K, 83 young (169984K), 9 survivors (18432K)
 Metaspace       used 81251K, committed 82304K, reserved 1179648K
  class space    used 9173K, committed 9664K, reserved 1048576K
}
Event: 26.735 GC heap after
{Heap after GC invocations=83 (full 0):
 garbage-first heap   total reserved 3997696K, committed 614400K, used 420601K [0x000000070c000000, 0x0000000800000000)
  region size 2048K, 11 young (22528K), 11 survivors (22528K)
 Metaspace       used 81251K, committed 82304K, reserved 1179648K
  class space    used 9173K, committed 9664K, reserved 1048576K
}
Event: 27.296 GC heap before
{Heap before GC invocations=84 (full 0):
 garbage-first heap   total reserved 3997696K, committed 704512K, used 553721K [0x000000070c000000, 0x0000000800000000)
  region size 2048K, 76 young (155648K), 11 survivors (22528K)
 Metaspace       used 81329K, committed 82368K, reserved 1179648K
  class space    used 9175K, committed 9664K, reserved 1048576K
}
Event: 27.308 GC heap after
{Heap after GC invocations=85 (full 0):
 garbage-first heap   total reserved 3997696K, committed 704512K, used 438228K [0x000000070c000000, 0x0000000800000000)
  region size 2048K, 9 young (18432K), 9 survivors (18432K)
 Metaspace       used 81329K, committed 82368K, reserved 1179648K
  class space    used 9175K, committed 9664K, reserved 1048576K
}
Event: 27.896 GC heap before
{Heap before GC invocations=85 (full 0):
 garbage-first heap   total reserved 3997696K, committed 704512K, used 624596K [0x000000070c000000, 0x0000000800000000)
  region size 2048K, 100 young (204800K), 9 survivors (18432K)
 Metaspace       used 81445K, committed 82432K, reserved 1179648K
  class space    used 9175K, committed 9664K, reserved 1048576K
}
Event: 27.906 GC heap after
{Heap after GC invocations=86 (full 0):
 garbage-first heap   total reserved 3997696K, committed 704512K, used 453310K [0x000000070c000000, 0x0000000800000000)
  region size 2048K, 11 young (22528K), 11 survivors (22528K)
 Metaspace       used 81445K, committed 82432K, reserved 1179648K
  class space    used 9175K, committed 9664K, reserved 1048576K
}
Event: 28.200 GC heap before
{Heap before GC invocations=86 (full 0):
 garbage-first heap   total reserved 3997696K, committed 704512K, used 623294K [0x000000070c000000, 0x0000000800000000)
  region size 2048K, 94 young (192512K), 11 survivors (22528K)
 Metaspace       used 81555K, committed 82560K, reserved 1179648K
  class space    used 9175K, committed 9664K, reserved 1048576K
}
Event: 28.209 GC heap after
{Heap after GC invocations=87 (full 0):
 garbage-first heap   total reserved 3997696K, committed 704512K, used 473911K [0x000000070c000000, 0x0000000800000000)
  region size 2048K, 10 young (20480K), 10 survivors (20480K)
 Metaspace       used 81555K, committed 82560K, reserved 1179648K
  class space    used 9175K, committed 9664K, reserved 1048576K
}

