# JRE version: Java(TM) SE Runtime Environment (23.0.1+11) (build 23.0.1+11-39)
# Java VM: Java HotSpot(TM) 64-Bit Server VM (23.0.1+11-39, mixed mode, sharing, tiered, compressed oops, compressed class ptrs, g1 gc, windows-amd64)
GC Precious Log:
 CardTable entry size: 512
 Card Set container configuration: InlinePtr #cards 4 size 8 Array Of Cards #cards 16 size 48 Howl #buckets 8 coarsen threshold 3686 Howl Bitmap #cards 512 size 80 coarsen threshold 460 Card regions per heap region 1 cards per card region 4096
 CPUs: 16 total, 16 available
 Memory: 15613M
 Large Page Support: Disabled
 NUMA Support: Disabled
 Compressed Oops: Enabled (Zero based)
 Heap Region Size: 2M
 Heap Min Capacity: 8M
 Heap Initial Capacity: 244M
 Heap Max Capacity: 3904M
 Pre-touch: Disabled
 Parallel Workers: 13
 Concurrent Workers: 3
 Concurrent Refinement Workers: 13
 Periodic GC: Disabled
Heap:
 garbage-first heap   total reserved 3997696K, committed 198656K, used 126862K [0x000000070c000000, 0x0000000800000000)
  region size 2048K, 3 young (6144K), 3 survivors (6144K)
 Metaspace       used 75608K, committed 76608K, reserved 1179648K
  class space    used 8917K, committed 9344K, reserved 1048576K
GC Heap History (20 events):
Event: 11.193 GC heap after
{Heap after GC invocations=35 (full 0):
 garbage-first heap   total reserved 3997696K, committed 120832K, used 71859K [0x000000070c000000, 0x0000000800000000)
  region size 2048K, 3 young (6144K), 3 survivors (6144K)
 Metaspace       used 72072K, committed 73088K, reserved 1114112K
  class space    used 8801K, committed 9280K, reserved 1048576K
}
Event: 11.261 GC heap before
{Heap before GC invocations=35 (full 0):
 garbage-first heap   total reserved 3997696K, committed 120832K, used 104627K [0x000000070c000000, 0x0000000800000000)
  region size 2048K, 19 young (38912K), 3 survivors (6144K)
 Metaspace       used 72186K, committed 73216K, reserved 1114112K
  class space    used 8802K, committed 9280K, reserved 1048576K
}
Event: 11.263 GC heap after
{Heap after GC invocations=36 (full 0):
 garbage-first heap   total reserved 3997696K, committed 120832K, used 74136K [0x000000070c000000, 0x0000000800000000)
  region size 2048K, 3 young (6144K), 3 survivors (6144K)
 Metaspace       used 72186K, committed 73216K, reserved 1114112K
  class space    used 8802K, committed 9280K, reserved 1048576K
}
Event: 11.314 GC heap before
{Heap before GC invocations=36 (full 0):
 garbage-first heap   total reserved 3997696K, committed 120832K, used 104856K [0x000000070c000000, 0x0000000800000000)
  region size 2048K, 18 young (36864K), 3 survivors (6144K)
 Metaspace       used 72245K, committed 73280K, reserved 1114112K
  class space    used 8802K, committed 9280K, reserved 1048576K
}
Event: 11.317 GC heap after
{Heap after GC invocations=37 (full 0):
 garbage-first heap   total reserved 3997696K, committed 194560K, used 79821K [0x000000070c000000, 0x0000000800000000)
  region size 2048K, 3 young (6144K), 3 survivors (6144K)
 Metaspace       used 72245K, committed 73280K, reserved 1114112K
  class space    used 8802K, committed 9280K, reserved 1048576K
}
Event: 11.476 GC heap before
{Heap before GC invocations=38 (full 0):
 garbage-first heap   total reserved 3997696K, committed 194560K, used 163789K [0x000000070c000000, 0x0000000800000000)
  region size 2048K, 45 young (92160K), 3 survivors (6144K)
 Metaspace       used 72326K, committed 73344K, reserved 1114112K
  class space    used 8802K, committed 9280K, reserved 1048576K
}
Event: 11.480 GC heap after
{Heap after GC invocations=39 (full 0):
 garbage-first heap   total reserved 3997696K, committed 194560K, used 84630K [0x000000070c000000, 0x0000000800000000)
  region size 2048K, 6 young (12288K), 6 survivors (12288K)
 Metaspace       used 72326K, committed 73344K, reserved 1114112K
  class space    used 8802K, committed 9280K, reserved 1048576K
}
Event: 11.616 GC heap before
{Heap before GC invocations=39 (full 0):
 garbage-first heap   total reserved 3997696K, committed 194560K, used 166550K [0x000000070c000000, 0x0000000800000000)
  region size 2048K, 46 young (94208K), 6 survivors (12288K)
 Metaspace       used 72468K, committed 73536K, reserved 1114112K
  class space    used 8802K, committed 9280K, reserved 1048576K
}
Event: 11.621 GC heap after
{Heap after GC invocations=40 (full 0):
 garbage-first heap   total reserved 3997696K, committed 194560K, used 90669K [0x000000070c000000, 0x0000000800000000)
  region size 2048K, 4 young (8192K), 4 survivors (8192K)
 Metaspace       used 72468K, committed 73536K, reserved 1114112K
  class space    used 8802K, committed 9280K, reserved 1048576K
}
Event: 11.741 GC heap before
{Heap before GC invocations=40 (full 0):
 garbage-first heap   total reserved 3997696K, committed 194560K, used 168493K [0x000000070c000000, 0x0000000800000000)
  region size 2048K, 42 young (86016K), 4 survivors (8192K)
 Metaspace       used 72567K, committed 73600K, reserved 1114112K
  class space    used 8802K, committed 9280K, reserved 1048576K
}
Event: 11.745 GC heap after
{Heap after GC invocations=41 (full 0):
 garbage-first heap   total reserved 3997696K, committed 194560K, used 98058K [0x000000070c000000, 0x0000000800000000)
  region size 2048K, 4 young (8192K), 4 survivors (8192K)
 Metaspace       used 72567K, committed 73600K, reserved 1114112K
  class space    used 8802K, committed 9280K, reserved 1048576K
}
Event: 12.261 GC heap before
{Heap before GC invocations=42 (full 0):
 garbage-first heap   total reserved 3997696K, committed 194560K, used 169738K [0x000000070c000000, 0x0000000800000000)
  region size 2048K, 39 young (79872K), 4 survivors (8192K)
 Metaspace       used 73757K, committed 74688K, reserved 1179648K
  class space    used 8861K, committed 9280K, reserved 1048576K
}
Event: 12.266 GC heap after
{Heap after GC invocations=43 (full 0):
 garbage-first heap   total reserved 3997696K, committed 194560K, used 106435K [0x000000070c000000, 0x0000000800000000)
  region size 2048K, 5 young (10240K), 5 survivors (10240K)
 Metaspace       used 73757K, committed 74688K, reserved 1179648K
  class space    used 8861K, committed 9280K, reserved 1048576K
}
Event: 12.559 GC heap before
{Heap before GC invocations=43 (full 0):
 garbage-first heap   total reserved 3997696K, committed 194560K, used 167875K [0x000000070c000000, 0x0000000800000000)
  region size 2048K, 36 young (73728K), 5 survivors (10240K)
 Metaspace       used 74313K, committed 75264K, reserved 1179648K
  class space    used 8864K, committed 9280K, reserved 1048576K
}
Event: 12.563 GC heap after
{Heap after GC invocations=44 (full 0):
 garbage-first heap   total reserved 3997696K, committed 194560K, used 110673K [0x000000070c000000, 0x0000000800000000)
  region size 2048K, 3 young (6144K), 3 survivors (6144K)
 Metaspace       used 74313K, committed 75264K, reserved 1179648K
  class space    used 8864K, committed 9280K, reserved 1048576K
}
Event: 12.981 GC heap before
{Heap before GC invocations=44 (full 0):
 garbage-first heap   total reserved 3997696K, committed 194560K, used 174161K [0x000000070c000000, 0x0000000800000000)
  region size 2048K, 34 young (69632K), 3 survivors (6144K)
 Metaspace       used 75090K, committed 76096K, reserved 1179648K
  class space    used 8891K, committed 9344K, reserved 1048576K
}
Event: 12.985 GC heap after
{Heap after GC invocations=45 (full 0):
 garbage-first heap   total reserved 3997696K, committed 194560K, used 117044K [0x000000070c000000, 0x0000000800000000)
  region size 2048K, 5 young (10240K), 5 survivors (10240K)
 Metaspace       used 75090K, committed 76096K, reserved 1179648K
  class space    used 8891K, committed 9344K, reserved 1048576K
}
Event: 13.169 GC heap before
{Heap before GC invocations=46 (full 0):
 garbage-first heap   total reserved 3997696K, committed 198656K, used 170292K [0x000000070c000000, 0x0000000800000000)
  region size 2048K, 31 young (63488K), 5 survivors (10240K)
 Metaspace       used 75231K, committed 76224K, reserved 1179648K
  class space    used 8899K, committed 9344K, reserved 1048576K
}
Event: 13.174 GC heap after
{Heap after GC invocations=47 (full 0):
 garbage-first heap   total reserved 3997696K, committed 198656K, used 122981K [0x000000070c000000, 0x0000000800000000)
  region size 2048K, 3 young (6144K), 3 survivors (6144K)
 Metaspace       used 75231K, committed 76224K, reserved 1179648K
  class space    used 8899K, committed 9344K, reserved 1048576K
}
Event: 13.480 GC heap before
{Heap before GC invocations=47 (full 0):
 garbage-first heap   total reserved 3997696K, committed 198656K, used 178277K [0x000000070c000000, 0x0000000800000000)
  region size 2048K, 30 young (61440K), 3 survivors (6144K)
 Metaspace       used 75608K, committed 76608K, reserved 1179648K
  class space    used 8917K, committed 9344K, reserved 1048576K
}

