# JRE version: Java(TM) SE Runtime Environment (23.0.1+11) (build 23.0.1+11-39)
# Java VM: Java HotSpot(TM) 64-Bit Server VM (23.0.1+11-39, mixed mode, sharing, tiered, compressed oops, compressed class ptrs, g1 gc, windows-amd64)
GC Precious Log:
 CardTable entry size: 512
 Card Set container configuration: InlinePtr #cards 4 size 8 Array Of Cards #cards 16 size 48 Howl #buckets 8 coarsen threshold 3686 Howl Bitmap #cards 512 size 80 coarsen threshold 460 Card regions per heap region 1 cards per card region 4096
 CPUs: 16 total, 16 available
 Memory: 15613M
 Large Page Support: Disabled
 NUMA Support: Disabled
 Compressed Oops: Enabled (Zero based)
 Heap Region Size: 2M
 Heap Min Capacity: 8M
 Heap Initial Capacity: 244M
 Heap Max Capacity: 3904M
 Pre-touch: Disabled
 Parallel Workers: 13
 Concurrent Workers: 3
 Concurrent Refinement Workers: 13
 Periodic GC: Disabled
Heap:
 garbage-first heap   total reserved 3997696K, committed 137216K, used 71149K [0x000000070c000000, 0x0000000800000000)
  region size 2048K, 16 young (32768K), 1 survivors (2048K)
 Metaspace       used 53516K, committed 54528K, reserved 1114112K
  class space    used 6565K, committed 7040K, reserved 1048576K
GC Heap History (20 events):
Event: 6.529 GC heap before
{Heap before GC invocations=23 (full 0):
 garbage-first heap   total reserved 3997696K, committed 57344K, used 46008K [0x000000070c000000, 0x0000000800000000)
  region size 2048K, 13 young (26624K), 1 survivors (2048K)
 Metaspace       used 33488K, committed 33920K, reserved 1114112K
  class space    used 3829K, committed 4032K, reserved 1048576K
}
Event: 6.530 GC heap after
{Heap after GC invocations=24 (full 0):
 garbage-first heap   total reserved 3997696K, committed 57344K, used 21430K [0x000000070c000000, 0x0000000800000000)
  region size 2048K, 1 young (2048K), 1 survivors (2048K)
 Metaspace       used 33488K, committed 33920K, reserved 1114112K
  class space    used 3829K, committed 4032K, reserved 1048576K
}
Event: 36.737 GC heap before
{Heap before GC invocations=24 (full 0):
 garbage-first heap   total reserved 3997696K, committed 57344K, used 46006K [0x000000070c000000, 0x0000000800000000)
  region size 2048K, 13 young (26624K), 1 survivors (2048K)
 Metaspace       used 34160K, committed 34560K, reserved 1114112K
  class space    used 3905K, committed 4032K, reserved 1048576K
}
Event: 36.738 GC heap after
{Heap after GC invocations=25 (full 0):
 garbage-first heap   total reserved 3997696K, committed 57344K, used 21686K [0x000000070c000000, 0x0000000800000000)
  region size 2048K, 1 young (2048K), 1 survivors (2048K)
 Metaspace       used 34160K, committed 34560K, reserved 1114112K
  class space    used 3905K, committed 4032K, reserved 1048576K
}
Event: 36.842 GC heap before
{Heap before GC invocations=25 (full 0):
 garbage-first heap   total reserved 3997696K, committed 57344K, used 25782K [0x000000070c000000, 0x0000000800000000)
  region size 2048K, 4 young (8192K), 1 survivors (2048K)
 Metaspace       used 34794K, committed 35200K, reserved 1114112K
  class space    used 3979K, committed 4160K, reserved 1048576K
}
Event: 36.844 GC heap after
{Heap after GC invocations=26 (full 0):
 garbage-first heap   total reserved 3997696K, committed 57344K, used 22189K [0x000000070c000000, 0x0000000800000000)
  region size 2048K, 1 young (2048K), 1 survivors (2048K)
 Metaspace       used 34794K, committed 35200K, reserved 1114112K
  class space    used 3979K, committed 4160K, reserved 1048576K
}
Event: 36.955 GC heap before
{Heap before GC invocations=26 (full 0):
 garbage-first heap   total reserved 3997696K, committed 57344K, used 32429K [0x000000070c000000, 0x0000000800000000)
  region size 2048K, 6 young (12288K), 1 survivors (2048K)
 Metaspace       used 35246K, committed 35648K, reserved 1114112K
  class space    used 3994K, committed 4160K, reserved 1048576K
}
Event: 36.958 GC heap after
{Heap after GC invocations=27 (full 0):
 garbage-first heap   total reserved 3997696K, committed 57344K, used 27091K [0x000000070c000000, 0x0000000800000000)
  region size 2048K, 2 young (4096K), 2 survivors (4096K)
 Metaspace       used 35246K, committed 35648K, reserved 1114112K
  class space    used 3994K, committed 4160K, reserved 1048576K
}
Event: 37.171 GC heap before
{Heap before GC invocations=28 (full 0):
 garbage-first heap   total reserved 3997696K, committed 57344K, used 47571K [0x000000070c000000, 0x0000000800000000)
  region size 2048K, 11 young (22528K), 2 survivors (4096K)
 Metaspace       used 35280K, committed 35712K, reserved 1114112K
  class space    used 3995K, committed 4160K, reserved 1048576K
}
Event: 37.175 GC heap after
{Heap after GC invocations=29 (full 0):
 garbage-first heap   total reserved 3997696K, committed 59392K, used 29960K [0x000000070c000000, 0x0000000800000000)
  region size 2048K, 2 young (4096K), 2 survivors (4096K)
 Metaspace       used 35280K, committed 35712K, reserved 1114112K
  class space    used 3995K, committed 4160K, reserved 1048576K
}
Event: 37.463 GC heap before
{Heap before GC invocations=29 (full 0):
 garbage-first heap   total reserved 3997696K, committed 59392K, used 44296K [0x000000070c000000, 0x0000000800000000)
  region size 2048K, 10 young (20480K), 2 survivors (4096K)
 Metaspace       used 38327K, committed 38720K, reserved 1114112K
  class space    used 4665K, committed 4800K, reserved 1048576K
}
Event: 37.466 GC heap after
{Heap after GC invocations=30 (full 0):
 garbage-first heap   total reserved 3997696K, committed 59392K, used 32518K [0x000000070c000000, 0x0000000800000000)
  region size 2048K, 2 young (4096K), 2 survivors (4096K)
 Metaspace       used 38327K, committed 38720K, reserved 1114112K
  class space    used 4665K, committed 4800K, reserved 1048576K
}
Event: 37.943 GC heap before
{Heap before GC invocations=30 (full 0):
 garbage-first heap   total reserved 3997696K, committed 59392K, used 46854K [0x000000070c000000, 0x0000000800000000)
  region size 2048K, 10 young (20480K), 2 survivors (4096K)
 Metaspace       used 41945K, committed 42368K, reserved 1114112K
  class space    used 5079K, committed 5248K, reserved 1048576K
}
Event: 37.945 GC heap after
{Heap after GC invocations=31 (full 0):
 garbage-first heap   total reserved 3997696K, committed 59392K, used 33790K [0x000000070c000000, 0x0000000800000000)
  region size 2048K, 2 young (4096K), 2 survivors (4096K)
 Metaspace       used 41945K, committed 42368K, reserved 1114112K
  class space    used 5079K, committed 5248K, reserved 1048576K
}
Event: 38.358 GC heap before
{Heap before GC invocations=32 (full 0):
 garbage-first heap   total reserved 3997696K, committed 59392K, used 48126K [0x000000070c000000, 0x0000000800000000)
  region size 2048K, 10 young (20480K), 2 survivors (4096K)
 Metaspace       used 45245K, committed 45632K, reserved 1114112K
  class space    used 5622K, committed 5760K, reserved 1048576K
}
Event: 38.361 GC heap after
{Heap after GC invocations=33 (full 0):
 garbage-first heap   total reserved 3997696K, committed 59392K, used 36093K [0x000000070c000000, 0x0000000800000000)
  region size 2048K, 2 young (4096K), 2 survivors (4096K)
 Metaspace       used 45245K, committed 45632K, reserved 1114112K
  class space    used 5622K, committed 5760K, reserved 1048576K
}
Event: 38.680 GC heap before
{Heap before GC invocations=33 (full 0):
 garbage-first heap   total reserved 3997696K, committed 59392K, used 48381K [0x000000070c000000, 0x0000000800000000)
  region size 2048K, 9 young (18432K), 2 survivors (4096K)
 Metaspace       used 48245K, committed 48768K, reserved 1114112K
  class space    used 5876K, committed 6080K, reserved 1048576K
}
Event: 38.684 GC heap after
{Heap after GC invocations=34 (full 0):
 garbage-first heap   total reserved 3997696K, committed 59392K, used 37194K [0x000000070c000000, 0x0000000800000000)
  region size 2048K, 1 young (2048K), 1 survivors (2048K)
 Metaspace       used 48245K, committed 48768K, reserved 1114112K
  class space    used 5876K, committed 6080K, reserved 1048576K
}
Event: 38.904 GC heap before
{Heap before GC invocations=34 (full 0):
 garbage-first heap   total reserved 3997696K, committed 59392K, used 51530K [0x000000070c000000, 0x0000000800000000)
  region size 2048K, 8 young (16384K), 1 survivors (2048K)
 Metaspace       used 49938K, committed 50752K, reserved 1114112K
  class space    used 6154K, committed 6528K, reserved 1048576K
}
Event: 38.907 GC heap after
{Heap after GC invocations=35 (full 0):
 garbage-first heap   total reserved 3997696K, committed 155648K, used 38381K [0x000000070c000000, 0x0000000800000000)
  region size 2048K, 1 young (2048K), 1 survivors (2048K)
 Metaspace       used 49938K, committed 50752K, reserved 1114112K
  class space    used 6154K, committed 6528K, reserved 1048576K
}

