# JRE version: Java(TM) SE Runtime Environment (23.0.1+11) (build 23.0.1+11-39)
# Java VM: Java HotSpot(TM) 64-Bit Server VM (23.0.1+11-39, mixed mode, sharing, tiered, compressed oops, compressed class ptrs, g1 gc, windows-amd64)
GC Precious Log:
 CardTable entry size: 512
 Card Set container configuration: InlinePtr #cards 4 size 8 Array Of Cards #cards 16 size 48 Howl #buckets 8 coarsen threshold 3686 Howl Bitmap #cards 512 size 80 coarsen threshold 460 Card regions per heap region 1 cards per card region 4096
 CPUs: 16 total, 16 available
 Memory: 15613M
 Large Page Support: Disabled
 NUMA Support: Disabled
 Compressed Oops: Enabled (Zero based)
 Heap Region Size: 2M
 Heap Min Capacity: 8M
 Heap Initial Capacity: 244M
 Heap Max Capacity: 3904M
 Pre-touch: Disabled
 Parallel Workers: 13
 Concurrent Workers: 3
 Concurrent Refinement Workers: 13
 Periodic GC: Disabled
Heap:
 garbage-first heap   total reserved 3997696K, committed 724992K, used 548371K [0x000000070c000000, 0x0000000800000000)
  region size 2048K, 40 young (81920K), 11 survivors (22528K)
 Metaspace       used 82260K, committed 83264K, reserved 1179648K
  class space    used 9242K, committed 9728K, reserved 1048576K
GC Heap History (20 events):
Event: 31.900 GC heap before
{Heap before GC invocations=59 (full 0):
 garbage-first heap   total reserved 3997696K, committed 475136K, used 426208K [0x000000070c000000, 0x0000000800000000)
  region size 2048K, 71 young (145408K), 7 survivors (14336K)
 Metaspace       used 80543K, committed 81536K, reserved 1179648K
  class space    used 9106K, committed 9600K, reserved 1048576K
}
Event: 31.910 GC heap after
{Heap after GC invocations=60 (full 0):
 garbage-first heap   total reserved 3997696K, committed 475136K, used 311032K [0x000000070c000000, 0x0000000800000000)
  region size 2048K, 9 young (18432K), 9 survivors (18432K)
 Metaspace       used 80543K, committed 81536K, reserved 1179648K
  class space    used 9106K, committed 9600K, reserved 1048576K
}
Event: 32.363 GC heap before
{Heap before GC invocations=60 (full 0):
 garbage-first heap   total reserved 3997696K, committed 475136K, used 427768K [0x000000070c000000, 0x0000000800000000)
  region size 2048K, 66 young (135168K), 9 survivors (18432K)
 Metaspace       used 80585K, committed 81600K, reserved 1179648K
  class space    used 9106K, committed 9600K, reserved 1048576K
}
Event: 32.373 GC heap after
{Heap after GC invocations=61 (full 0):
 garbage-first heap   total reserved 3997696K, committed 475136K, used 329728K [0x000000070c000000, 0x0000000800000000)
  region size 2048K, 9 young (18432K), 9 survivors (18432K)
 Metaspace       used 80585K, committed 81600K, reserved 1179648K
  class space    used 9106K, committed 9600K, reserved 1048576K
}
Event: 33.090 GC heap before
{Heap before GC invocations=62 (full 0):
 garbage-first heap   total reserved 3997696K, committed 550912K, used 428032K [0x000000070c000000, 0x0000000800000000)
  region size 2048K, 57 young (116736K), 9 survivors (18432K)
 Metaspace       used 80653K, committed 81664K, reserved 1179648K
  class space    used 9109K, committed 9600K, reserved 1048576K
}
Event: 33.100 GC heap after
{Heap after GC invocations=63 (full 0):
 garbage-first heap   total reserved 3997696K, committed 550912K, used 342408K [0x000000070c000000, 0x0000000800000000)
  region size 2048K, 8 young (16384K), 8 survivors (16384K)
 Metaspace       used 80653K, committed 81664K, reserved 1179648K
  class space    used 9109K, committed 9600K, reserved 1048576K
}
Event: 33.780 GC heap before
{Heap before GC invocations=63 (full 0):
 garbage-first heap   total reserved 3997696K, committed 550912K, used 493960K [0x000000070c000000, 0x0000000800000000)
  region size 2048K, 82 young (167936K), 8 survivors (16384K)
 Metaspace       used 80846K, committed 81856K, reserved 1179648K
  class space    used 9120K, committed 9600K, reserved 1048576K
}
Event: 33.792 GC heap after
{Heap after GC invocations=64 (full 0):
 garbage-first heap   total reserved 3997696K, committed 661504K, used 361072K [0x000000070c000000, 0x0000000800000000)
  region size 2048K, 11 young (22528K), 11 survivors (22528K)
 Metaspace       used 80846K, committed 81856K, reserved 1179648K
  class space    used 9120K, committed 9600K, reserved 1048576K
}
Event: 34.580 GC heap before
{Heap before GC invocations=64 (full 0):
 garbage-first heap   total reserved 3997696K, committed 661504K, used 545392K [0x000000070c000000, 0x0000000800000000)
  region size 2048K, 101 young (206848K), 11 survivors (22528K)
 Metaspace       used 80932K, committed 81920K, reserved 1179648K
  class space    used 9121K, committed 9600K, reserved 1048576K
}
Event: 34.593 GC heap after
{Heap after GC invocations=65 (full 0):
 garbage-first heap   total reserved 3997696K, committed 661504K, used 385220K [0x000000070c000000, 0x0000000800000000)
  region size 2048K, 13 young (26624K), 13 survivors (26624K)
 Metaspace       used 80932K, committed 81920K, reserved 1179648K
  class space    used 9121K, committed 9600K, reserved 1048576K
}
Event: 35.583 GC heap before
{Heap before GC invocations=65 (full 0):
 garbage-first heap   total reserved 3997696K, committed 661504K, used 561348K [0x000000070c000000, 0x0000000800000000)
  region size 2048K, 99 young (202752K), 13 survivors (26624K)
 Metaspace       used 81133K, committed 82176K, reserved 1179648K
  class space    used 9128K, committed 9600K, reserved 1048576K
}
Event: 35.595 GC heap after
{Heap after GC invocations=66 (full 0):
 garbage-first heap   total reserved 3997696K, committed 661504K, used 407390K [0x000000070c000000, 0x0000000800000000)
  region size 2048K, 11 young (22528K), 11 survivors (22528K)
 Metaspace       used 81133K, committed 82176K, reserved 1179648K
  class space    used 9128K, committed 9600K, reserved 1048576K
}
Event: 36.276 GC heap before
{Heap before GC invocations=66 (full 0):
 garbage-first heap   total reserved 3997696K, committed 661504K, used 581470K [0x000000070c000000, 0x0000000800000000)
  region size 2048K, 96 young (196608K), 11 survivors (22528K)
 Metaspace       used 81171K, committed 82176K, reserved 1179648K
  class space    used 9128K, committed 9600K, reserved 1048576K
}
Event: 36.289 GC heap after
{Heap after GC invocations=67 (full 0):
 garbage-first heap   total reserved 3997696K, committed 661504K, used 433098K [0x000000070c000000, 0x0000000800000000)
  region size 2048K, 12 young (24576K), 12 survivors (24576K)
 Metaspace       used 81171K, committed 82176K, reserved 1179648K
  class space    used 9128K, committed 9600K, reserved 1048576K
}
Event: 36.921 GC heap before
{Heap before GC invocations=68 (full 0):
 garbage-first heap   total reserved 3997696K, committed 724992K, used 594890K [0x000000070c000000, 0x0000000800000000)
  region size 2048K, 91 young (186368K), 12 survivors (24576K)
 Metaspace       used 81268K, committed 82304K, reserved 1179648K
  class space    used 9128K, committed 9600K, reserved 1048576K
}
Event: 36.931 GC heap after
{Heap after GC invocations=69 (full 0):
 garbage-first heap   total reserved 3997696K, committed 724992K, used 451573K [0x000000070c000000, 0x0000000800000000)
  region size 2048K, 10 young (20480K), 10 survivors (20480K)
 Metaspace       used 81268K, committed 82304K, reserved 1179648K
  class space    used 9128K, committed 9600K, reserved 1048576K
}
Event: 37.356 GC heap before
{Heap before GC invocations=69 (full 0):
 garbage-first heap   total reserved 3997696K, committed 724992K, used 646133K [0x000000070c000000, 0x0000000800000000)
  region size 2048K, 105 young (215040K), 10 survivors (20480K)
 Metaspace       used 81344K, committed 82368K, reserved 1179648K
  class space    used 9128K, committed 9600K, reserved 1048576K
}
Event: 37.367 GC heap after
{Heap after GC invocations=70 (full 0):
 garbage-first heap   total reserved 3997696K, committed 724992K, used 468550K [0x000000070c000000, 0x0000000800000000)
  region size 2048K, 12 young (24576K), 12 survivors (24576K)
 Metaspace       used 81344K, committed 82368K, reserved 1179648K
  class space    used 9128K, committed 9600K, reserved 1048576K
}
Event: 37.858 GC heap before
{Heap before GC invocations=70 (full 0):
 garbage-first heap   total reserved 3997696K, committed 724992K, used 650822K [0x000000070c000000, 0x0000000800000000)
  region size 2048K, 102 young (208896K), 12 survivors (24576K)
 Metaspace       used 82258K, committed 83264K, reserved 1179648K
  class space    used 9242K, committed 9728K, reserved 1048576K
}
Event: 37.868 GC heap after
{Heap after GC invocations=71 (full 0):
 garbage-first heap   total reserved 3997696K, committed 724992K, used 491027K [0x000000070c000000, 0x0000000800000000)
  region size 2048K, 11 young (22528K), 11 survivors (22528K)
 Metaspace       used 82258K, committed 83264K, reserved 1179648K
  class space    used 9242K, committed 9728K, reserved 1048576K
}

