# JRE version: Java(TM) SE Runtime Environment (23.0.1+11) (build 23.0.1+11-39)
# Java VM: Java HotSpot(TM) 64-Bit Server VM (23.0.1+11-39, mixed mode, sharing, tiered, compressed oops, compressed class ptrs, g1 gc, windows-amd64)
GC Precious Log:
 CardTable entry size: 512
 Card Set container configuration: InlinePtr #cards 4 size 8 Array Of Cards #cards 16 size 48 Howl #buckets 8 coarsen threshold 3686 Howl Bitmap #cards 512 size 80 coarsen threshold 460 Card regions per heap region 1 cards per card region 4096
 CPUs: 16 total, 16 available
 Memory: 15613M
 Large Page Support: Disabled
 NUMA Support: Disabled
 Compressed Oops: Enabled (Zero based)
 Heap Region Size: 2M
 Heap Min Capacity: 8M
 Heap Initial Capacity: 244M
 Heap Max Capacity: 3904M
 Pre-touch: Disabled
 Parallel Workers: 13
 Concurrent Workers: 3
 Concurrent Refinement Workers: 13
 Periodic GC: Disabled
Heap:
 garbage-first heap   total reserved 3997696K, committed 614400K, used 545279K [0x000000070c000000, 0x0000000800000000)
  region size 2048K, 89 young (182272K), 12 survivors (24576K)
 Metaspace       used 81569K, committed 82816K, reserved 1179648K
  class space    used 9208K, committed 9792K, reserved 1048576K
GC Heap History (20 events):
Event: 49.927 GC heap before
{Heap before GC invocations=63 (full 0):
 garbage-first heap   total reserved 3997696K, committed 417792K, used 377874K [0x000000070c000000, 0x0000000800000000)
  region size 2048K, 64 young (131072K), 8 survivors (16384K)
 Metaspace       used 80291K, committed 81280K, reserved 1179648K
  class space    used 9083K, committed 9536K, reserved 1048576K
}
Event: 49.936 GC heap after
{Heap after GC invocations=64 (full 0):
 garbage-first heap   total reserved 3997696K, committed 417792K, used 277775K [0x000000070c000000, 0x0000000800000000)
  region size 2048K, 7 young (14336K), 7 survivors (14336K)
 Metaspace       used 80291K, committed 81280K, reserved 1179648K
  class space    used 9083K, committed 9536K, reserved 1048576K
}
Event: 50.452 GC heap before
{Heap before GC invocations=65 (full 0):
 garbage-first heap   total reserved 3997696K, committed 464896K, used 378127K [0x000000070c000000, 0x0000000800000000)
  region size 2048K, 56 young (114688K), 7 survivors (14336K)
 Metaspace       used 80386K, committed 81408K, reserved 1179648K
  class space    used 9084K, committed 9536K, reserved 1048576K
}
Event: 50.459 GC heap after
{Heap after GC invocations=66 (full 0):
 garbage-first heap   total reserved 3997696K, committed 464896K, used 287956K [0x000000070c000000, 0x0000000800000000)
  region size 2048K, 5 young (10240K), 5 survivors (10240K)
 Metaspace       used 80386K, committed 81408K, reserved 1179648K
  class space    used 9084K, committed 9536K, reserved 1048576K
}
Event: 51.382 GC heap before
{Heap before GC invocations=66 (full 0):
 garbage-first heap   total reserved 3997696K, committed 464896K, used 423124K [0x000000070c000000, 0x0000000800000000)
  region size 2048K, 71 young (145408K), 5 survivors (10240K)
 Metaspace       used 80543K, committed 81536K, reserved 1179648K
  class space    used 9087K, committed 9536K, reserved 1048576K
}
Event: 51.393 GC heap after
{Heap after GC invocations=67 (full 0):
 garbage-first heap   total reserved 3997696K, committed 464896K, used 302781K [0x000000070c000000, 0x0000000800000000)
  region size 2048K, 8 young (16384K), 8 survivors (16384K)
 Metaspace       used 80543K, committed 81536K, reserved 1179648K
  class space    used 9087K, committed 9536K, reserved 1048576K
}
Event: 52.248 GC heap before
{Heap before GC invocations=67 (full 0):
 garbage-first heap   total reserved 3997696K, committed 464896K, used 423613K [0x000000070c000000, 0x0000000800000000)
  region size 2048K, 67 young (137216K), 8 survivors (16384K)
 Metaspace       used 80632K, committed 81600K, reserved 1179648K
  class space    used 9088K, committed 9536K, reserved 1048576K
}
Event: 52.259 GC heap after
{Heap after GC invocations=68 (full 0):
 garbage-first heap   total reserved 3997696K, committed 464896K, used 318042K [0x000000070c000000, 0x0000000800000000)
  region size 2048K, 8 young (16384K), 8 survivors (16384K)
 Metaspace       used 80632K, committed 81600K, reserved 1179648K
  class space    used 9088K, committed 9536K, reserved 1048576K
}
Event: 52.675 GC heap before
{Heap before GC invocations=69 (full 0):
 garbage-first heap   total reserved 3997696K, committed 532480K, used 420442K [0x000000070c000000, 0x0000000800000000)
  region size 2048K, 58 young (118784K), 8 survivors (16384K)
 Metaspace       used 80632K, committed 81600K, reserved 1179648K
  class space    used 9088K, committed 9536K, reserved 1048576K
}
Event: 52.686 GC heap after
{Heap after GC invocations=70 (full 0):
 garbage-first heap   total reserved 3997696K, committed 532480K, used 327120K [0x000000070c000000, 0x0000000800000000)
  region size 2048K, 5 young (10240K), 5 survivors (10240K)
 Metaspace       used 80632K, committed 81600K, reserved 1179648K
  class space    used 9088K, committed 9536K, reserved 1048576K
}
Event: 53.261 GC heap before
{Heap before GC invocations=70 (full 0):
 garbage-first heap   total reserved 3997696K, committed 532480K, used 476624K [0x000000070c000000, 0x0000000800000000)
  region size 2048K, 78 young (159744K), 5 survivors (10240K)
 Metaspace       used 80690K, committed 81664K, reserved 1179648K
  class space    used 9089K, committed 9536K, reserved 1048576K
}
Event: 53.271 GC heap after
{Heap after GC invocations=71 (full 0):
 garbage-first heap   total reserved 3997696K, committed 532480K, used 337658K [0x000000070c000000, 0x0000000800000000)
  region size 2048K, 10 young (20480K), 10 survivors (20480K)
 Metaspace       used 80690K, committed 81664K, reserved 1179648K
  class space    used 9089K, committed 9536K, reserved 1048576K
}
Event: 53.533 GC heap before
{Heap before GC invocations=71 (full 0):
 garbage-first heap   total reserved 3997696K, committed 532480K, used 478970K [0x000000070c000000, 0x0000000800000000)
  region size 2048K, 79 young (161792K), 10 survivors (20480K)
 Metaspace       used 80721K, committed 81664K, reserved 1179648K
  class space    used 9090K, committed 9536K, reserved 1048576K
}
Event: 53.543 GC heap after
{Heap after GC invocations=72 (full 0):
 garbage-first heap   total reserved 3997696K, committed 532480K, used 357230K [0x000000070c000000, 0x0000000800000000)
  region size 2048K, 9 young (18432K), 9 survivors (18432K)
 Metaspace       used 80721K, committed 81664K, reserved 1179648K
  class space    used 9090K, committed 9536K, reserved 1048576K
}
Event: 53.837 GC heap before
{Heap before GC invocations=72 (full 0):
 garbage-first heap   total reserved 3997696K, committed 532480K, used 486254K [0x000000070c000000, 0x0000000800000000)
  region size 2048K, 72 young (147456K), 9 survivors (18432K)
 Metaspace       used 80800K, committed 81792K, reserved 1179648K
  class space    used 9090K, committed 9536K, reserved 1048576K
}
Event: 53.845 GC heap after
{Heap after GC invocations=73 (full 0):
 garbage-first heap   total reserved 3997696K, committed 532480K, used 367836K [0x000000070c000000, 0x0000000800000000)
  region size 2048K, 7 young (14336K), 7 survivors (14336K)
 Metaspace       used 80800K, committed 81792K, reserved 1179648K
  class space    used 9090K, committed 9536K, reserved 1048576K
}
Event: 55.422 GC heap before
{Heap before GC invocations=74 (full 0):
 garbage-first heap   total reserved 3997696K, committed 614400K, used 486620K [0x000000070c000000, 0x0000000800000000)
  region size 2048K, 65 young (133120K), 7 survivors (14336K)
 Metaspace       used 80819K, committed 81792K, reserved 1179648K
  class space    used 9090K, committed 9536K, reserved 1048576K
}
Event: 55.428 GC heap after
{Heap after GC invocations=75 (full 0):
 garbage-first heap   total reserved 3997696K, committed 614400K, used 379362K [0x000000070c000000, 0x0000000800000000)
  region size 2048K, 7 young (14336K), 7 survivors (14336K)
 Metaspace       used 80819K, committed 81792K, reserved 1179648K
  class space    used 9090K, committed 9536K, reserved 1048576K
}
Event: 56.213 GC heap before
{Heap before GC invocations=75 (full 0):
 garbage-first heap   total reserved 3997696K, committed 614400K, used 547298K [0x000000070c000000, 0x0000000800000000)
  region size 2048K, 89 young (182272K), 7 survivors (14336K)
 Metaspace       used 80900K, committed 81856K, reserved 1179648K
  class space    used 9093K, committed 9536K, reserved 1048576K
}
Event: 56.225 GC heap after
{Heap after GC invocations=76 (full 0):
 garbage-first heap   total reserved 3997696K, committed 614400K, used 389631K [0x000000070c000000, 0x0000000800000000)
  region size 2048K, 12 young (24576K), 12 survivors (24576K)
 Metaspace       used 80900K, committed 81856K, reserved 1179648K
  class space    used 9093K, committed 9536K, reserved 1048576K
}

