# JRE version: Java(TM) SE Runtime Environment (23.0.1+11) (build 23.0.1+11-39)
# Java VM: Java HotSpot(TM) 64-Bit Server VM (23.0.1+11-39, mixed mode, sharing, tiered, compressed oops, compressed class ptrs, g1 gc, windows-amd64)
GC Precious Log:
 CardTable entry size: 512
 Card Set container configuration: InlinePtr #cards 4 size 8 Array Of Cards #cards 16 size 48 Howl #buckets 8 coarsen threshold 3686 Howl Bitmap #cards 512 size 80 coarsen threshold 460 Card regions per heap region 1 cards per card region 4096
 CPUs: 16 total, 16 available
 Memory: 15613M
 Large Page Support: Disabled
 NUMA Support: Disabled
 Compressed Oops: Enabled (Zero based)
 Heap Region Size: 2M
 Heap Min Capacity: 8M
 Heap Initial Capacity: 244M
 Heap Max Capacity: 3904M
 Pre-touch: Disabled
 Parallel Workers: 13
 Concurrent Workers: 3
 Concurrent Refinement Workers: 13
 Periodic GC: Disabled
Heap:
 garbage-first heap   total reserved 3997696K, committed 565248K, used 433178K [0x000000070c000000, 0x0000000800000000)
  region size 2048K, 71 young (145408K), 2 survivors (4096K)
 Metaspace       used 79631K, committed 80704K, reserved 1179648K
  class space    used 9099K, committed 9600K, reserved 1048576K
GC Heap History (20 events):
Event: 17.761 GC heap before
{Heap before GC invocations=44 (full 0):
 garbage-first heap   total reserved 3997696K, committed 294912K, used 231011K [0x000000070c000000, 0x0000000800000000)
  region size 2048K, 25 young (51200K), 5 survivors (10240K)
 Metaspace       used 78386K, committed 79424K, reserved 1179648K
  class space    used 9029K, committed 9536K, reserved 1048576K
}
Event: 17.769 GC heap after
{Heap after GC invocations=45 (full 0):
 garbage-first heap   total reserved 3997696K, committed 354304K, used 196678K [0x000000070c000000, 0x0000000800000000)
  region size 2048K, 3 young (6144K), 3 survivors (6144K)
 Metaspace       used 78386K, committed 79424K, reserved 1179648K
  class space    used 9029K, committed 9536K, reserved 1048576K
}
Event: 18.214 GC heap before
{Heap before GC invocations=46 (full 0):
 garbage-first heap   total reserved 3997696K, committed 354304K, used 309318K [0x000000070c000000, 0x0000000800000000)
  region size 2048K, 55 young (112640K), 3 survivors (6144K)
 Metaspace       used 78432K, committed 79424K, reserved 1179648K
  class space    used 9030K, committed 9536K, reserved 1048576K
}
Event: 18.219 GC heap after
{Heap after GC invocations=47 (full 0):
 garbage-first heap   total reserved 3997696K, committed 354304K, used 212855K [0x000000070c000000, 0x0000000800000000)
  region size 2048K, 7 young (14336K), 7 survivors (14336K)
 Metaspace       used 78432K, committed 79424K, reserved 1179648K
  class space    used 9030K, committed 9536K, reserved 1048576K
}
Event: 18.381 GC heap before
{Heap before GC invocations=47 (full 0):
 garbage-first heap   total reserved 3997696K, committed 354304K, used 313207K [0x000000070c000000, 0x0000000800000000)
  region size 2048K, 56 young (114688K), 7 survivors (14336K)
 Metaspace       used 78434K, committed 79424K, reserved 1179648K
  class space    used 9031K, committed 9536K, reserved 1048576K
}
Event: 18.388 GC heap after
{Heap after GC invocations=48 (full 0):
 garbage-first heap   total reserved 3997696K, committed 354304K, used 224382K [0x000000070c000000, 0x0000000800000000)
  region size 2048K, 6 young (12288K), 6 survivors (12288K)
 Metaspace       used 78434K, committed 79424K, reserved 1179648K
  class space    used 9031K, committed 9536K, reserved 1048576K
}
Event: 20.066 GC heap before
{Heap before GC invocations=48 (full 0):
 garbage-first heap   total reserved 3997696K, committed 354304K, used 316542K [0x000000070c000000, 0x0000000800000000)
  region size 2048K, 51 young (104448K), 6 survivors (12288K)
 Metaspace       used 78861K, committed 79936K, reserved 1179648K
  class space    used 9064K, committed 9536K, reserved 1048576K
}
Event: 20.072 GC heap after
{Heap after GC invocations=49 (full 0):
 garbage-first heap   total reserved 3997696K, committed 354304K, used 236430K [0x000000070c000000, 0x0000000800000000)
  region size 2048K, 6 young (12288K), 6 survivors (12288K)
 Metaspace       used 78861K, committed 79936K, reserved 1179648K
  class space    used 9064K, committed 9536K, reserved 1048576K
}
Event: 22.731 GC heap before
{Heap before GC invocations=50 (full 0):
 garbage-first heap   total reserved 3997696K, committed 397312K, used 318350K [0x000000070c000000, 0x0000000800000000)
  region size 2048K, 46 young (94208K), 6 survivors (12288K)
 Metaspace       used 79191K, committed 80192K, reserved 1179648K
  class space    used 9074K, committed 9536K, reserved 1048576K
}
Event: 22.737 GC heap after
{Heap after GC invocations=51 (full 0):
 garbage-first heap   total reserved 3997696K, committed 397312K, used 244626K [0x000000070c000000, 0x0000000800000000)
  region size 2048K, 5 young (10240K), 5 survivors (10240K)
 Metaspace       used 79191K, committed 80192K, reserved 1179648K
  class space    used 9074K, committed 9536K, reserved 1048576K
}
Event: 22.875 GC heap before
{Heap before GC invocations=51 (full 0):
 garbage-first heap   total reserved 3997696K, committed 397312K, used 353170K [0x000000070c000000, 0x0000000800000000)
  region size 2048K, 58 young (118784K), 5 survivors (10240K)
 Metaspace       used 79208K, committed 80256K, reserved 1179648K
  class space    used 9076K, committed 9536K, reserved 1048576K
}
Event: 22.882 GC heap after
{Heap after GC invocations=52 (full 0):
 garbage-first heap   total reserved 3997696K, committed 397312K, used 253314K [0x000000070c000000, 0x0000000800000000)
  region size 2048K, 8 young (16384K), 8 survivors (16384K)
 Metaspace       used 79208K, committed 80256K, reserved 1179648K
  class space    used 9076K, committed 9536K, reserved 1048576K
}
Event: 23.253 GC heap before
{Heap before GC invocations=52 (full 0):
 garbage-first heap   total reserved 3997696K, committed 397312K, used 357762K [0x000000070c000000, 0x0000000800000000)
  region size 2048K, 59 young (120832K), 8 survivors (16384K)
 Metaspace       used 79238K, committed 80256K, reserved 1179648K
  class space    used 9076K, committed 9536K, reserved 1048576K
}
Event: 23.261 GC heap after
{Heap after GC invocations=53 (full 0):
 garbage-first heap   total reserved 3997696K, committed 397312K, used 267790K [0x000000070c000000, 0x0000000800000000)
  region size 2048K, 7 young (14336K), 7 survivors (14336K)
 Metaspace       used 79238K, committed 80256K, reserved 1179648K
  class space    used 9076K, committed 9536K, reserved 1048576K
}
Event: 23.648 GC heap before
{Heap before GC invocations=54 (full 0):
 garbage-first heap   total reserved 3997696K, committed 450560K, used 357902K [0x000000070c000000, 0x0000000800000000)
  region size 2048K, 51 young (104448K), 7 survivors (14336K)
 Metaspace       used 79320K, committed 80384K, reserved 1179648K
  class space    used 9084K, committed 9600K, reserved 1048576K
}
Event: 23.655 GC heap after
{Heap after GC invocations=55 (full 0):
 garbage-first heap   total reserved 3997696K, committed 450560K, used 279452K [0x000000070c000000, 0x0000000800000000)
  region size 2048K, 6 young (12288K), 6 survivors (12288K)
 Metaspace       used 79320K, committed 80384K, reserved 1179648K
  class space    used 9084K, committed 9600K, reserved 1048576K
}
Event: 24.748 GC heap before
{Heap before GC invocations=55 (full 0):
 garbage-first heap   total reserved 3997696K, committed 450560K, used 402332K [0x000000070c000000, 0x0000000800000000)
  region size 2048K, 66 young (135168K), 6 survivors (12288K)
 Metaspace       used 79474K, committed 80576K, reserved 1179648K
  class space    used 9094K, committed 9600K, reserved 1048576K
}
Event: 25.144 GC heap after
{Heap after GC invocations=56 (full 0):
 garbage-first heap   total reserved 3997696K, committed 565248K, used 292757K [0x000000070c000000, 0x0000000800000000)
  region size 2048K, 8 young (16384K), 8 survivors (16384K)
 Metaspace       used 79474K, committed 80576K, reserved 1179648K
  class space    used 9094K, committed 9600K, reserved 1048576K
}
Event: 25.149 GC heap before
{Heap before GC invocations=56 (full 0):
 garbage-first heap   total reserved 3997696K, committed 565248K, used 302997K [0x000000070c000000, 0x0000000800000000)
  region size 2048K, 13 young (26624K), 8 survivors (16384K)
 Metaspace       used 79474K, committed 80576K, reserved 1179648K
  class space    used 9094K, committed 9600K, reserved 1048576K
}
Event: 25.153 GC heap after
{Heap after GC invocations=57 (full 0):
 garbage-first heap   total reserved 3997696K, committed 565248K, used 295962K [0x000000070c000000, 0x0000000800000000)
  region size 2048K, 2 young (4096K), 2 survivors (4096K)
 Metaspace       used 79474K, committed 80576K, reserved 1179648K
  class space    used 9094K, committed 9600K, reserved 1048576K
}

