# JRE version: Java(TM) SE Runtime Environment (23.0.1+11) (build 23.0.1+11-39)
# Java VM: Java HotSpot(TM) 64-Bit Server VM (23.0.1+11-39, mixed mode, sharing, tiered, compressed oops, compressed class ptrs, g1 gc, windows-amd64)
GC Precious Log:
 CardTable entry size: 512
 Card Set container configuration: InlinePtr #cards 4 size 8 Array Of Cards #cards 16 size 48 Howl #buckets 8 coarsen threshold 3686 Howl Bitmap #cards 512 size 80 coarsen threshold 460 Card regions per heap region 1 cards per card region 4096
 CPUs: 16 total, 16 available
 Memory: 15613M
 Large Page Support: Disabled
 NUMA Support: Disabled
 Compressed Oops: Enabled (Zero based)
 Heap Region Size: 2M
 Heap Min Capacity: 8M
 Heap Initial Capacity: 244M
 Heap Max Capacity: 3904M
 Pre-touch: Disabled
 Parallel Workers: 13
 Concurrent Workers: 3
 Concurrent Refinement Workers: 13
 Periodic GC: Disabled
Heap:
 garbage-first heap   total reserved 3997696K, committed 684032K, used 568712K [0x000000070c000000, 0x0000000800000000)
  region size 2048K, 80 young (163840K), 8 survivors (16384K)
 Metaspace       used 82289K, committed 83328K, reserved 1179648K
  class space    used 9240K, committed 9728K, reserved 1048576K
GC Heap History (20 events):
Event: 35.073 GC heap before
{Heap before GC invocations=58 (full 0):
 garbage-first heap   total reserved 3997696K, committed 454656K, used 370424K [0x000000070c000000, 0x0000000800000000)
  region size 2048K, 56 young (114688K), 8 survivors (16384K)
 Metaspace       used 80259K, committed 81280K, reserved 1179648K
  class space    used 9093K, committed 9600K, reserved 1048576K
}
Event: 35.084 GC heap after
{Heap after GC invocations=59 (full 0):
 garbage-first heap   total reserved 3997696K, committed 454656K, used 284045K [0x000000070c000000, 0x0000000800000000)
  region size 2048K, 7 young (14336K), 7 survivors (14336K)
 Metaspace       used 80259K, committed 81280K, reserved 1179648K
  class space    used 9093K, committed 9600K, reserved 1048576K
}
Event: 37.391 GC heap before
{Heap before GC invocations=59 (full 0):
 garbage-first heap   total reserved 3997696K, committed 454656K, used 400781K [0x000000070c000000, 0x0000000800000000)
  region size 2048K, 64 young (131072K), 7 survivors (14336K)
 Metaspace       used 81342K, committed 82368K, reserved 1179648K
  class space    used 9181K, committed 9664K, reserved 1048576K
}
Event: 37.407 GC heap after
{Heap after GC invocations=60 (full 0):
 garbage-first heap   total reserved 3997696K, committed 454656K, used 292608K [0x000000070c000000, 0x0000000800000000)
  region size 2048K, 6 young (12288K), 6 survivors (12288K)
 Metaspace       used 81342K, committed 82368K, reserved 1179648K
  class space    used 9181K, committed 9664K, reserved 1048576K
}
Event: 38.028 GC heap before
{Heap before GC invocations=60 (full 0):
 garbage-first heap   total reserved 3997696K, committed 454656K, used 409344K [0x000000070c000000, 0x0000000800000000)
  region size 2048K, 63 young (129024K), 6 survivors (12288K)
 Metaspace       used 81621K, committed 82624K, reserved 1179648K
  class space    used 9207K, committed 9664K, reserved 1048576K
}
Event: 38.040 GC heap after
{Heap after GC invocations=61 (full 0):
 garbage-first heap   total reserved 3997696K, committed 454656K, used 305652K [0x000000070c000000, 0x0000000800000000)
  region size 2048K, 7 young (14336K), 7 survivors (14336K)
 Metaspace       used 81621K, committed 82624K, reserved 1179648K
  class space    used 9207K, committed 9664K, reserved 1048576K
}
Event: 39.056 GC heap before
{Heap before GC invocations=62 (full 0):
 garbage-first heap   total reserved 3997696K, committed 512000K, used 412148K [0x000000070c000000, 0x0000000800000000)
  region size 2048K, 59 young (120832K), 7 survivors (14336K)
 Metaspace       used 81673K, committed 82688K, reserved 1179648K
  class space    used 9208K, committed 9664K, reserved 1048576K
}
Event: 39.065 GC heap after
{Heap after GC invocations=63 (full 0):
 garbage-first heap   total reserved 3997696K, committed 512000K, used 320924K [0x000000070c000000, 0x0000000800000000)
  region size 2048K, 8 young (16384K), 8 survivors (16384K)
 Metaspace       used 81673K, committed 82688K, reserved 1179648K
  class space    used 9208K, committed 9664K, reserved 1048576K
}
Event: 40.050 GC heap before
{Heap before GC invocations=63 (full 0):
 garbage-first heap   total reserved 3997696K, committed 512000K, used 458140K [0x000000070c000000, 0x0000000800000000)
  region size 2048K, 75 young (153600K), 8 survivors (16384K)
 Metaspace       used 81853K, committed 82816K, reserved 1179648K
  class space    used 9222K, committed 9664K, reserved 1048576K
}
Event: 40.067 GC heap after
{Heap after GC invocations=64 (full 0):
 garbage-first heap   total reserved 3997696K, committed 512000K, used 336496K [0x000000070c000000, 0x0000000800000000)
  region size 2048K, 10 young (20480K), 10 survivors (20480K)
 Metaspace       used 81853K, committed 82816K, reserved 1179648K
  class space    used 9222K, committed 9664K, reserved 1048576K
}
Event: 40.746 GC heap before
{Heap before GC invocations=64 (full 0):
 garbage-first heap   total reserved 3997696K, committed 512000K, used 463472K [0x000000070c000000, 0x0000000800000000)
  region size 2048K, 72 young (147456K), 10 survivors (20480K)
 Metaspace       used 81889K, committed 82880K, reserved 1179648K
  class space    used 9222K, committed 9664K, reserved 1048576K
}
Event: 40.760 GC heap after
{Heap after GC invocations=65 (full 0):
 garbage-first heap   total reserved 3997696K, committed 512000K, used 352769K [0x000000070c000000, 0x0000000800000000)
  region size 2048K, 8 young (16384K), 8 survivors (16384K)
 Metaspace       used 81889K, committed 82880K, reserved 1179648K
  class space    used 9222K, committed 9664K, reserved 1048576K
}
Event: 42.189 GC heap before
{Heap before GC invocations=66 (full 0):
 garbage-first heap   total reserved 3997696K, committed 591872K, used 463361K [0x000000070c000000, 0x0000000800000000)
  region size 2048K, 62 young (126976K), 8 survivors (16384K)
 Metaspace       used 82066K, committed 83072K, reserved 1179648K
  class space    used 9236K, committed 9728K, reserved 1048576K
}
Event: 42.203 GC heap after
{Heap after GC invocations=67 (full 0):
 garbage-first heap   total reserved 3997696K, committed 591872K, used 369441K [0x000000070c000000, 0x0000000800000000)
  region size 2048K, 8 young (16384K), 8 survivors (16384K)
 Metaspace       used 82066K, committed 83072K, reserved 1179648K
  class space    used 9236K, committed 9728K, reserved 1048576K
}
Event: 43.412 GC heap before
{Heap before GC invocations=67 (full 0):
 garbage-first heap   total reserved 3997696K, committed 591872K, used 525089K [0x000000070c000000, 0x0000000800000000)
  region size 2048K, 84 young (172032K), 8 survivors (16384K)
 Metaspace       used 82132K, committed 83136K, reserved 1179648K
  class space    used 9236K, committed 9728K, reserved 1048576K
}
Event: 43.429 GC heap after
{Heap after GC invocations=68 (full 0):
 garbage-first heap   total reserved 3997696K, committed 591872K, used 387189K [0x000000070c000000, 0x0000000800000000)
  region size 2048K, 11 young (22528K), 11 survivors (22528K)
 Metaspace       used 82132K, committed 83136K, reserved 1179648K
  class space    used 9236K, committed 9728K, reserved 1048576K
}
Event: 44.129 GC heap before
{Heap before GC invocations=68 (full 0):
 garbage-first heap   total reserved 3997696K, committed 591872K, used 528501K [0x000000070c000000, 0x0000000800000000)
  region size 2048K, 80 young (163840K), 11 survivors (22528K)
 Metaspace       used 82157K, committed 83200K, reserved 1179648K
  class space    used 9236K, committed 9728K, reserved 1048576K
}
Event: 44.142 GC heap after
{Heap after GC invocations=69 (full 0):
 garbage-first heap   total reserved 3997696K, committed 591872K, used 406344K [0x000000070c000000, 0x0000000800000000)
  region size 2048K, 10 young (20480K), 10 survivors (20480K)
 Metaspace       used 82157K, committed 83200K, reserved 1179648K
  class space    used 9236K, committed 9728K, reserved 1048576K
}
Event: 45.834 GC heap before
{Heap before GC invocations=70 (full 0):
 garbage-first heap   total reserved 3997696K, committed 684032K, used 531272K [0x000000070c000000, 0x0000000800000000)
  region size 2048K, 71 young (145408K), 10 survivors (20480K)
 Metaspace       used 82248K, committed 83264K, reserved 1179648K
  class space    used 9240K, committed 9728K, reserved 1048576K
}
Event: 45.847 GC heap after
{Heap after GC invocations=71 (full 0):
 garbage-first heap   total reserved 3997696K, committed 684032K, used 423304K [0x000000070c000000, 0x0000000800000000)
  region size 2048K, 8 young (16384K), 8 survivors (16384K)
 Metaspace       used 82248K, committed 83264K, reserved 1179648K
  class space    used 9240K, committed 9728K, reserved 1048576K
}

