# JRE version: Java(TM) SE Runtime Environment (23.0.1+11) (build 23.0.1+11-39)
# Java VM: Java HotSpot(TM) 64-Bit Server VM (23.0.1+11-39, mixed mode, sharing, tiered, compressed oops, compressed class ptrs, g1 gc, windows-amd64)
GC Precious Log:
 CardTable entry size: 512
 Card Set container configuration: InlinePtr #cards 5 size 8 Array Of Cards #cards 10 size 36 Howl #buckets 4 coarsen threshold 1843 Howl Bitmap #cards 512 size 80 coarsen threshold 460 Card regions per heap region 1 cards per card region 2048
 CPUs: 16 total, 16 available
 Memory: 14077M
 Large Page Support: Disabled
 NUMA Support: Disabled
 Compressed Oops: Enabled (32-bit)
 Heap Region Size: 1M
 Heap Min Capacity: 8M
 Heap Initial Capacity: 220M
 Heap Max Capacity: 2G
 Pre-touch: Disabled
 Parallel Workers: 13
 Concurrent Workers: 3
 Concurrent Refinement Workers: 13
 Periodic GC: Disabled
Heap:
 garbage-first heap   total reserved 2097152K, committed 275456K, used 189762K [0x0000000080000000, 0x0000000100000000)
  region size 1024K, 28 young (28672K), 9 survivors (9216K)
 Metaspace       used 148020K, committed 150848K, reserved 1179648K
  class space    used 19401K, committed 20736K, reserved 1048576K
GC Heap History (20 events):
Event: 18.048 GC heap before
{Heap before GC invocations=50 (full 0):
 garbage-first heap   total reserved 2097152K, committed 218112K, used 180345K [0x0000000080000000, 0x0000000100000000)
  region size 1024K, 81 young (82944K), 4 survivors (4096K)
 Metaspace       used 100480K, committed 102720K, reserved 1179648K
  class space    used 14218K, committed 15296K, reserved 1048576K
}
Event: 18.053 GC heap after
{Heap after GC invocations=51 (full 0):
 garbage-first heap   total reserved 2097152K, committed 218112K, used 103178K [0x0000000080000000, 0x0000000100000000)
  region size 1024K, 7 young (7168K), 7 survivors (7168K)
 Metaspace       used 100480K, committed 102720K, reserved 1179648K
  class space    used 14218K, committed 15296K, reserved 1048576K
}
Event: 18.085 GC heap before
{Heap before GC invocations=51 (full 0):
 garbage-first heap   total reserved 2097152K, committed 218112K, used 105226K [0x0000000080000000, 0x0000000100000000)
  region size 1024K, 10 young (10240K), 7 survivors (7168K)
 Metaspace       used 100846K, committed 103104K, reserved 1179648K
  class space    used 14259K, committed 15360K, reserved 1048576K
}
Event: 18.088 GC heap after
{Heap after GC invocations=52 (full 0):
 garbage-first heap   total reserved 2097152K, committed 218112K, used 103549K [0x0000000080000000, 0x0000000100000000)
  region size 1024K, 7 young (7168K), 7 survivors (7168K)
 Metaspace       used 100846K, committed 103104K, reserved 1179648K
  class space    used 14259K, committed 15360K, reserved 1048576K
}
Event: 18.374 GC heap before
{Heap before GC invocations=53 (full 0):
 garbage-first heap   total reserved 2097152K, committed 218112K, used 197757K [0x0000000080000000, 0x0000000100000000)
  region size 1024K, 91 young (93184K), 7 survivors (7168K)
 Metaspace       used 101244K, committed 103552K, reserved 1179648K
  class space    used 14271K, committed 15360K, reserved 1048576K
}
Event: 18.390 GC heap after
{Heap after GC invocations=54 (full 0):
 garbage-first heap   total reserved 2097152K, committed 232448K, used 131242K [0x0000000080000000, 0x0000000100000000)
  region size 1024K, 12 young (12288K), 12 survivors (12288K)
 Metaspace       used 101244K, committed 103552K, reserved 1179648K
  class space    used 14271K, committed 15360K, reserved 1048576K
}
Event: 19.051 GC heap before
{Heap before GC invocations=54 (full 0):
 garbage-first heap   total reserved 2097152K, committed 232448K, used 205994K [0x0000000080000000, 0x0000000100000000)
  region size 1024K, 78 young (79872K), 12 survivors (12288K)
 Metaspace       used 106717K, committed 108992K, reserved 1179648K
  class space    used 14922K, committed 16000K, reserved 1048576K
}
Event: 19.060 GC heap after
{Heap after GC invocations=55 (full 0):
 garbage-first heap   total reserved 2097152K, committed 232448K, used 146736K [0x0000000080000000, 0x0000000100000000)
  region size 1024K, 9 young (9216K), 9 survivors (9216K)
 Metaspace       used 106717K, committed 108992K, reserved 1179648K
  class space    used 14922K, committed 16000K, reserved 1048576K
}
Event: 19.636 GC heap before
{Heap before GC invocations=55 (full 0):
 garbage-first heap   total reserved 2097152K, committed 232448K, used 206128K [0x0000000080000000, 0x0000000100000000)
  region size 1024K, 67 young (68608K), 9 survivors (9216K)
 Metaspace       used 113775K, committed 116416K, reserved 1179648K
  class space    used 15747K, committed 17024K, reserved 1048576K
}
Event: 19.640 GC heap after
{Heap after GC invocations=56 (full 0):
 garbage-first heap   total reserved 2097152K, committed 232448K, used 150665K [0x0000000080000000, 0x0000000100000000)
  region size 1024K, 4 young (4096K), 4 survivors (4096K)
 Metaspace       used 113775K, committed 116416K, reserved 1179648K
  class space    used 15747K, committed 17024K, reserved 1048576K
}
Event: 20.178 GC heap before
{Heap before GC invocations=57 (full 0):
 garbage-first heap   total reserved 2097152K, committed 250880K, used 210057K [0x0000000080000000, 0x0000000100000000)
  region size 1024K, 62 young (63488K), 4 survivors (4096K)
 Metaspace       used 118536K, committed 121216K, reserved 1179648K
  class space    used 16378K, committed 17664K, reserved 1048576K
}
Event: 20.182 GC heap after
{Heap after GC invocations=58 (full 0):
 garbage-first heap   total reserved 2097152K, committed 250880K, used 152693K [0x0000000080000000, 0x0000000100000000)
  region size 1024K, 7 young (7168K), 7 survivors (7168K)
 Metaspace       used 118536K, committed 121216K, reserved 1179648K
  class space    used 16378K, committed 17664K, reserved 1048576K
}
Event: 20.652 GC heap before
{Heap before GC invocations=58 (full 0):
 garbage-first heap   total reserved 2097152K, committed 250880K, used 225397K [0x0000000080000000, 0x0000000100000000)
  region size 1024K, 78 young (79872K), 7 survivors (7168K)
 Metaspace       used 121016K, committed 123712K, reserved 1179648K
  class space    used 16639K, committed 17920K, reserved 1048576K
}
Event: 20.658 GC heap after
{Heap after GC invocations=59 (full 0):
 garbage-first heap   total reserved 2097152K, committed 250880K, used 157345K [0x0000000080000000, 0x0000000100000000)
  region size 1024K, 10 young (10240K), 10 survivors (10240K)
 Metaspace       used 121016K, committed 123712K, reserved 1179648K
  class space    used 16639K, committed 17920K, reserved 1048576K
}
Event: 22.463 GC heap before
{Heap before GC invocations=59 (full 0):
 garbage-first heap   total reserved 2097152K, committed 250880K, used 226977K [0x0000000080000000, 0x0000000100000000)
  region size 1024K, 78 young (79872K), 10 survivors (10240K)
 Metaspace       used 128055K, committed 130688K, reserved 1179648K
  class space    used 17289K, committed 18560K, reserved 1048576K
}
Event: 22.469 GC heap after
{Heap after GC invocations=60 (full 0):
 garbage-first heap   total reserved 2097152K, committed 250880K, used 163545K [0x0000000080000000, 0x0000000100000000)
  region size 1024K, 7 young (7168K), 7 survivors (7168K)
 Metaspace       used 128055K, committed 130688K, reserved 1179648K
  class space    used 17289K, committed 18560K, reserved 1048576K
}
Event: 23.215 GC heap before
{Heap before GC invocations=61 (full 0):
 garbage-first heap   total reserved 2097152K, committed 275456K, used 228057K [0x0000000080000000, 0x0000000100000000)
  region size 1024K, 70 young (71680K), 7 survivors (7168K)
 Metaspace       used 135867K, committed 138560K, reserved 1179648K
  class space    used 18174K, committed 19456K, reserved 1048576K
}
Event: 23.219 GC heap after
{Heap after GC invocations=62 (full 0):
 garbage-first heap   total reserved 2097152K, committed 275456K, used 168622K [0x0000000080000000, 0x0000000100000000)
  region size 1024K, 5 young (5120K), 5 survivors (5120K)
 Metaspace       used 135867K, committed 138560K, reserved 1179648K
  class space    used 18174K, committed 19456K, reserved 1048576K
}
Event: 24.600 GC heap before
{Heap before GC invocations=62 (full 0):
 garbage-first heap   total reserved 2097152K, committed 275456K, used 251566K [0x0000000080000000, 0x0000000100000000)
  region size 1024K, 86 young (88064K), 5 survivors (5120K)
 Metaspace       used 146724K, committed 149440K, reserved 1179648K
  class space    used 19198K, committed 20480K, reserved 1048576K
}
Event: 24.605 GC heap after
{Heap after GC invocations=63 (full 0):
 garbage-first heap   total reserved 2097152K, committed 275456K, used 171330K [0x0000000080000000, 0x0000000100000000)
  region size 1024K, 9 young (9216K), 9 survivors (9216K)
 Metaspace       used 146724K, committed 149440K, reserved 1179648K
  class space    used 19198K, committed 20480K, reserved 1048576K
}

