# JRE version: Java(TM) SE Runtime Environment (23.0.1+11) (build 23.0.1+11-39)
# Java VM: Java HotSpot(TM) 64-Bit Server VM (23.0.1+11-39, mixed mode, sharing, tiered, compressed oops, compressed class ptrs, g1 gc, windows-amd64)
GC Precious Log:
 CardTable entry size: 512
 Card Set container configuration: InlinePtr #cards 4 size 8 Array Of Cards #cards 16 size 48 Howl #buckets 8 coarsen threshold 3686 Howl Bitmap #cards 512 size 80 coarsen threshold 460 Card regions per heap region 1 cards per card region 4096
 CPUs: 16 total, 16 available
 Memory: 15613M
 Large Page Support: Disabled
 NUMA Support: Disabled
 Compressed Oops: Enabled (Zero based)
 Heap Region Size: 2M
 Heap Min Capacity: 8M
 Heap Initial Capacity: 244M
 Heap Max Capacity: 3904M
 Pre-touch: Disabled
 Parallel Workers: 13
 Concurrent Workers: 3
 Concurrent Refinement Workers: 13
 Periodic GC: Disabled
Heap:
 garbage-first heap   total reserved 3997696K, committed 868352K, used 661504K [0x000000070c000000, 0x0000000800000000)
  region size 2048K, 20 young (40960K), 13 survivors (26624K)
 Metaspace       used 82348K, committed 83328K, reserved 1179648K
  class space    used 9250K, committed 9728K, reserved 1048576K
GC Heap History (20 events):
Event: 21.759 GC heap before
{Heap before GC invocations=68 (full 0):
 garbage-first heap   total reserved 3997696K, committed 643072K, used 498145K [0x000000070c000000, 0x0000000800000000)
  region size 2048K, 65 young (133120K), 9 survivors (18432K)
 Metaspace       used 80825K, committed 81856K, reserved 1179648K
  class space    used 9121K, committed 9600K, reserved 1048576K
}
Event: 21.767 GC heap after
{Heap after GC invocations=69 (full 0):
 garbage-first heap   total reserved 3997696K, committed 643072K, used 397957K [0x000000070c000000, 0x0000000800000000)
  region size 2048K, 8 young (16384K), 8 survivors (16384K)
 Metaspace       used 80825K, committed 81856K, reserved 1179648K
  class space    used 9121K, committed 9600K, reserved 1048576K
}
Event: 22.598 GC heap before
{Heap before GC invocations=69 (full 0):
 garbage-first heap   total reserved 3997696K, committed 643072K, used 567941K [0x000000070c000000, 0x0000000800000000)
  region size 2048K, 91 young (186368K), 8 survivors (16384K)
 Metaspace       used 80996K, committed 81984K, reserved 1179648K
  class space    used 9126K, committed 9600K, reserved 1048576K
}
Event: 22.610 GC heap after
{Heap after GC invocations=70 (full 0):
 garbage-first heap   total reserved 3997696K, committed 772096K, used 418892K [0x000000070c000000, 0x0000000800000000)
  region size 2048K, 12 young (24576K), 12 survivors (24576K)
 Metaspace       used 80996K, committed 81984K, reserved 1179648K
  class space    used 9126K, committed 9600K, reserved 1048576K
}
Event: 23.183 GC heap before
{Heap before GC invocations=70 (full 0):
 garbage-first heap   total reserved 3997696K, committed 772096K, used 633932K [0x000000070c000000, 0x0000000800000000)
  region size 2048K, 117 young (239616K), 12 survivors (24576K)
 Metaspace       used 81076K, committed 82048K, reserved 1179648K
  class space    used 9127K, committed 9600K, reserved 1048576K
}
Event: 23.195 GC heap after
{Heap after GC invocations=71 (full 0):
 garbage-first heap   total reserved 3997696K, committed 772096K, used 443821K [0x000000070c000000, 0x0000000800000000)
  region size 2048K, 13 young (26624K), 13 survivors (26624K)
 Metaspace       used 81076K, committed 82048K, reserved 1179648K
  class space    used 9127K, committed 9600K, reserved 1048576K
}
Event: 23.893 GC heap before
{Heap before GC invocations=71 (full 0):
 garbage-first heap   total reserved 3997696K, committed 772096K, used 650669K [0x000000070c000000, 0x0000000800000000)
  region size 2048K, 114 young (233472K), 13 survivors (26624K)
 Metaspace       used 81237K, committed 82240K, reserved 1179648K
  class space    used 9129K, committed 9600K, reserved 1048576K
}
Event: 23.906 GC heap after
{Heap after GC invocations=72 (full 0):
 garbage-first heap   total reserved 3997696K, committed 772096K, used 469565K [0x000000070c000000, 0x0000000800000000)
  region size 2048K, 13 young (26624K), 13 survivors (26624K)
 Metaspace       used 81237K, committed 82240K, reserved 1179648K
  class space    used 9129K, committed 9600K, reserved 1048576K
}
Event: 24.352 GC heap before
{Heap before GC invocations=72 (full 0):
 garbage-first heap   total reserved 3997696K, committed 772096K, used 672317K [0x000000070c000000, 0x0000000800000000)
  region size 2048K, 112 young (229376K), 13 survivors (26624K)
 Metaspace       used 81374K, committed 82368K, reserved 1179648K
  class space    used 9129K, committed 9600K, reserved 1048576K
}
Event: 24.362 GC heap after
{Heap after GC invocations=73 (full 0):
 garbage-first heap   total reserved 3997696K, committed 772096K, used 494699K [0x000000070c000000, 0x0000000800000000)
  region size 2048K, 12 young (24576K), 12 survivors (24576K)
 Metaspace       used 81374K, committed 82368K, reserved 1179648K
  class space    used 9129K, committed 9600K, reserved 1048576K
}
Event: 24.856 GC heap before
{Heap before GC invocations=73 (full 0):
 garbage-first heap   total reserved 3997696K, committed 772096K, used 687211K [0x000000070c000000, 0x0000000800000000)
  region size 2048K, 107 young (219136K), 12 survivors (24576K)
 Metaspace       used 82249K, committed 83264K, reserved 1179648K
  class space    used 9246K, committed 9728K, reserved 1048576K
}
Event: 24.867 GC heap after
{Heap after GC invocations=74 (full 0):
 garbage-first heap   total reserved 3997696K, committed 772096K, used 519173K [0x000000070c000000, 0x0000000800000000)
  region size 2048K, 12 young (24576K), 12 survivors (24576K)
 Metaspace       used 82249K, committed 83264K, reserved 1179648K
  class space    used 9246K, committed 9728K, reserved 1048576K
}
Event: 25.709 GC heap before
{Heap before GC invocations=75 (full 0):
 garbage-first heap   total reserved 3997696K, committed 868352K, used 701445K [0x000000070c000000, 0x0000000800000000)
  region size 2048K, 101 young (206848K), 12 survivors (24576K)
 Metaspace       used 82270K, committed 83264K, reserved 1179648K
  class space    used 9246K, committed 9728K, reserved 1048576K
}
Event: 25.724 GC heap after
{Heap after GC invocations=76 (full 0):
 garbage-first heap   total reserved 3997696K, committed 868352K, used 554994K [0x000000070c000000, 0x0000000800000000)
  region size 2048K, 13 young (26624K), 13 survivors (26624K)
 Metaspace       used 82270K, committed 83264K, reserved 1179648K
  class space    used 9246K, committed 9728K, reserved 1048576K
}
Event: 26.406 GC heap before
{Heap before GC invocations=76 (full 0):
 garbage-first heap   total reserved 3997696K, committed 868352K, used 772082K [0x000000070c000000, 0x0000000800000000)
  region size 2048K, 119 young (243712K), 13 survivors (26624K)
 Metaspace       used 82306K, committed 83328K, reserved 1179648K
  class space    used 9246K, committed 9728K, reserved 1048576K
}
Event: 26.425 GC heap after
{Heap after GC invocations=77 (full 0):
 garbage-first heap   total reserved 3997696K, committed 868352K, used 586184K [0x000000070c000000, 0x0000000800000000)
  region size 2048K, 15 young (30720K), 15 survivors (30720K)
 Metaspace       used 82306K, committed 83328K, reserved 1179648K
  class space    used 9246K, committed 9728K, reserved 1048576K
}
Event: 26.714 GC heap before
{Heap before GC invocations=77 (full 0):
 garbage-first heap   total reserved 3997696K, committed 868352K, used 782792K [0x000000070c000000, 0x0000000800000000)
  region size 2048K, 111 young (227328K), 15 survivors (30720K)
 Metaspace       used 82344K, committed 83328K, reserved 1179648K
  class space    used 9250K, committed 9728K, reserved 1048576K
}
Event: 26.728 GC heap after
{Heap after GC invocations=78 (full 0):
 garbage-first heap   total reserved 3997696K, committed 868352K, used 616895K [0x000000070c000000, 0x0000000800000000)
  region size 2048K, 14 young (28672K), 14 survivors (28672K)
 Metaspace       used 82344K, committed 83328K, reserved 1179648K
  class space    used 9250K, committed 9728K, reserved 1048576K
}
Event: 26.989 GC heap before
{Heap before GC invocations=78 (full 0):
 garbage-first heap   total reserved 3997696K, committed 868352K, used 795071K [0x000000070c000000, 0x0000000800000000)
  region size 2048K, 100 young (204800K), 14 survivors (28672K)
 Metaspace       used 82348K, committed 83328K, reserved 1179648K
  class space    used 9250K, committed 9728K, reserved 1048576K
}
Event: 27.004 GC heap after
{Heap after GC invocations=79 (full 0):
 garbage-first heap   total reserved 3997696K, committed 868352K, used 649216K [0x000000070c000000, 0x0000000800000000)
  region size 2048K, 13 young (26624K), 13 survivors (26624K)
 Metaspace       used 82348K, committed 83328K, reserved 1179648K
  class space    used 9250K, committed 9728K, reserved 1048576K
}

