# JRE version: Java(TM) SE Runtime Environment (23.0.1+11) (build 23.0.1+11-39)
# Java VM: Java HotSpot(TM) 64-Bit Server VM (23.0.1+11-39, mixed mode, sharing, tiered, compressed oops, compressed class ptrs, g1 gc, windows-amd64)
GC Precious Log:
 CardTable entry size: 512
 Card Set container configuration: InlinePtr #cards 5 size 8 Array Of Cards #cards 10 size 36 Howl #buckets 4 coarsen threshold 1843 Howl Bitmap #cards 512 size 80 coarsen threshold 460 Card regions per heap region 1 cards per card region 2048
 CPUs: 16 total, 16 available
 Memory: 15613M
 Large Page Support: Disabled
 NUMA Support: Disabled
 Compressed Oops: Enabled (32-bit)
 Heap Region Size: 1M
 Heap Min Capacity: 8M
 Heap Initial Capacity: 244M
 Heap Max Capacity: 2G
 Pre-touch: Disabled
 Parallel Workers: 13
 Concurrent Workers: 3
 Concurrent Refinement Workers: 13
 Periodic GC: Disabled
Heap:
 garbage-first heap   total reserved 2097152K, committed 147456K, used 124296K [0x0000000080000000, 0x0000000100000000)
  region size 1024K, 32 young (32768K), 4 survivors (4096K)
 Metaspace       used 84201K, committed 86336K, reserved 1179648K
  class space    used 11840K, committed 12864K, reserved 1048576K
GC Heap History (20 events):
Event: 8.577 GC heap before
{Heap before GC invocations=19 (full 0):
 garbage-first heap   total reserved 2097152K, committed 101376K, used 89353K [0x0000000080000000, 0x0000000100000000)
  region size 1024K, 40 young (40960K), 4 survivors (4096K)
 Metaspace       used 57985K, committed 59840K, reserved 1114112K
  class space    used 8411K, committed 9280K, reserved 1048576K
}
Event: 8.580 GC heap after
{Heap after GC invocations=20 (full 0):
 garbage-first heap   total reserved 2097152K, committed 101376K, used 53990K [0x0000000080000000, 0x0000000100000000)
  region size 1024K, 5 young (5120K), 5 survivors (5120K)
 Metaspace       used 57985K, committed 59840K, reserved 1114112K
  class space    used 8411K, committed 9280K, reserved 1048576K
}
Event: 8.633 GC heap before
{Heap before GC invocations=20 (full 0):
 garbage-first heap   total reserved 2097152K, committed 101376K, used 59110K [0x0000000080000000, 0x0000000100000000)
  region size 1024K, 11 young (11264K), 5 survivors (5120K)
 Metaspace       used 58104K, committed 60032K, reserved 1114112K
  class space    used 8427K, committed 9344K, reserved 1048576K
}
Event: 8.636 GC heap after
{Heap after GC invocations=21 (full 0):
 garbage-first heap   total reserved 2097152K, committed 121856K, used 54868K [0x0000000080000000, 0x0000000100000000)
  region size 1024K, 1 young (1024K), 1 survivors (1024K)
 Metaspace       used 58104K, committed 60032K, reserved 1114112K
  class space    used 8427K, committed 9344K, reserved 1048576K
}
Event: 9.346 GC heap before
{Heap before GC invocations=22 (full 0):
 garbage-first heap   total reserved 2097152K, committed 121856K, used 120404K [0x0000000080000000, 0x0000000100000000)
  region size 1024K, 52 young (53248K), 1 survivors (1024K)
 Metaspace       used 61621K, committed 63552K, reserved 1114112K
  class space    used 8824K, committed 9728K, reserved 1048576K
}
Event: 9.349 GC heap after
{Heap after GC invocations=23 (full 0):
 garbage-first heap   total reserved 2097152K, committed 131072K, used 76582K [0x0000000080000000, 0x0000000100000000)
  region size 1024K, 7 young (7168K), 7 survivors (7168K)
 Metaspace       used 61621K, committed 63552K, reserved 1114112K
  class space    used 8824K, committed 9728K, reserved 1048576K
}
Event: 9.832 GC heap before
{Heap before GC invocations=23 (full 0):
 garbage-first heap   total reserved 2097152K, committed 131072K, used 116518K [0x0000000080000000, 0x0000000100000000)
  region size 1024K, 46 young (47104K), 7 survivors (7168K)
 Metaspace       used 65605K, committed 67520K, reserved 1114112K
  class space    used 9276K, committed 10176K, reserved 1048576K
}
Event: 9.836 GC heap after
{Heap after GC invocations=24 (full 0):
 garbage-first heap   total reserved 2097152K, committed 131072K, used 77148K [0x0000000080000000, 0x0000000100000000)
  region size 1024K, 2 young (2048K), 2 survivors (2048K)
 Metaspace       used 65605K, committed 67520K, reserved 1114112K
  class space    used 9276K, committed 10176K, reserved 1048576K
}
Event: 10.105 GC heap before
{Heap before GC invocations=24 (full 0):
 garbage-first heap   total reserved 2097152K, committed 131072K, used 97628K [0x0000000080000000, 0x0000000100000000)
  region size 1024K, 23 young (23552K), 2 survivors (2048K)
 Metaspace       used 69376K, committed 71424K, reserved 1114112K
  class space    used 9797K, committed 10752K, reserved 1048576K
}
Event: 10.108 GC heap after
{Heap after GC invocations=25 (full 0):
 garbage-first heap   total reserved 2097152K, committed 131072K, used 79576K [0x0000000080000000, 0x0000000100000000)
  region size 1024K, 4 young (4096K), 4 survivors (4096K)
 Metaspace       used 69376K, committed 71424K, reserved 1114112K
  class space    used 9797K, committed 10752K, reserved 1048576K
}
Event: 10.431 GC heap before
{Heap before GC invocations=26 (full 0):
 garbage-first heap   total reserved 2097152K, committed 142336K, used 122584K [0x0000000080000000, 0x0000000100000000)
  region size 1024K, 41 young (41984K), 4 survivors (4096K)
 Metaspace       used 71157K, committed 73152K, reserved 1114112K
  class space    used 10060K, committed 11008K, reserved 1048576K
}
Event: 10.434 GC heap after
{Heap after GC invocations=27 (full 0):
 garbage-first heap   total reserved 2097152K, committed 142336K, used 84098K [0x0000000080000000, 0x0000000100000000)
  region size 1024K, 6 young (6144K), 6 survivors (6144K)
 Metaspace       used 71157K, committed 73152K, reserved 1114112K
  class space    used 10060K, committed 11008K, reserved 1048576K
}
Event: 10.990 GC heap before
{Heap before GC invocations=27 (full 0):
 garbage-first heap   total reserved 2097152K, committed 142336K, used 126082K [0x0000000080000000, 0x0000000100000000)
  region size 1024K, 48 young (49152K), 6 survivors (6144K)
 Metaspace       used 74434K, committed 76480K, reserved 1114112K
  class space    used 10492K, committed 11456K, reserved 1048576K
}
Event: 10.994 GC heap after
{Heap after GC invocations=28 (full 0):
 garbage-first heap   total reserved 2097152K, committed 142336K, used 85733K [0x0000000080000000, 0x0000000100000000)
  region size 1024K, 3 young (3072K), 3 survivors (3072K)
 Metaspace       used 74434K, committed 76480K, reserved 1114112K
  class space    used 10492K, committed 11456K, reserved 1048576K
}
Event: 11.534 GC heap before
{Heap before GC invocations=28 (full 0):
 garbage-first heap   total reserved 2097152K, committed 142336K, used 128741K [0x0000000080000000, 0x0000000100000000)
  region size 1024K, 45 young (46080K), 3 survivors (3072K)
 Metaspace       used 78514K, committed 80640K, reserved 1179648K
  class space    used 11014K, committed 12032K, reserved 1048576K
}
Event: 11.537 GC heap after
{Heap after GC invocations=29 (full 0):
 garbage-first heap   total reserved 2097152K, committed 142336K, used 87312K [0x0000000080000000, 0x0000000100000000)
  region size 1024K, 4 young (4096K), 4 survivors (4096K)
 Metaspace       used 78514K, committed 80640K, reserved 1179648K
  class space    used 11014K, committed 12032K, reserved 1048576K
}
Event: 12.114 GC heap before
{Heap before GC invocations=30 (full 0):
 garbage-first heap   total reserved 2097152K, committed 147456K, used 132368K [0x0000000080000000, 0x0000000100000000)
  region size 1024K, 45 young (46080K), 4 survivors (4096K)
 Metaspace       used 80642K, committed 82752K, reserved 1179648K
  class space    used 11343K, committed 12352K, reserved 1048576K
}
Event: 12.119 GC heap after
{Heap after GC invocations=31 (full 0):
 garbage-first heap   total reserved 2097152K, committed 147456K, used 94585K [0x0000000080000000, 0x0000000100000000)
  region size 1024K, 6 young (6144K), 6 survivors (6144K)
 Metaspace       used 80642K, committed 82752K, reserved 1179648K
  class space    used 11343K, committed 12352K, reserved 1048576K
}
Event: 12.562 GC heap before
{Heap before GC invocations=31 (full 0):
 garbage-first heap   total reserved 2097152K, committed 147456K, used 132473K [0x0000000080000000, 0x0000000100000000)
  region size 1024K, 43 young (44032K), 6 survivors (6144K)
 Metaspace       used 82197K, committed 84288K, reserved 1179648K
  class space    used 11541K, committed 12544K, reserved 1048576K
}
Event: 12.569 GC heap after
{Heap after GC invocations=32 (full 0):
 garbage-first heap   total reserved 2097152K, committed 147456K, used 96648K [0x0000000080000000, 0x0000000100000000)
  region size 1024K, 4 young (4096K), 4 survivors (4096K)
 Metaspace       used 82197K, committed 84288K, reserved 1179648K
  class space    used 11541K, committed 12544K, reserved 1048576K
}

