# JRE version: Java(TM) SE Runtime Environment (23.0.1+11) (build 23.0.1+11-39)
# Java VM: Java HotSpot(TM) 64-Bit Server VM (23.0.1+11-39, mixed mode, sharing, tiered, compressed oops, compressed class ptrs, g1 gc, windows-amd64)
GC Precious Log:
 CardTable entry size: 512
 Card Set container configuration: InlinePtr #cards 4 size 8 Array Of Cards #cards 16 size 48 Howl #buckets 8 coarsen threshold 3686 Howl Bitmap #cards 512 size 80 coarsen threshold 460 Card regions per heap region 1 cards per card region 4096
 CPUs: 16 total, 16 available
 Memory: 15613M
 Large Page Support: Disabled
 NUMA Support: Disabled
 Compressed Oops: Enabled (Zero based)
 Heap Region Size: 2M
 Heap Min Capacity: 8M
 Heap Initial Capacity: 244M
 Heap Max Capacity: 3904M
 Pre-touch: Disabled
 Parallel Workers: 13
 Concurrent Workers: 3
 Concurrent Refinement Workers: 13
 Periodic GC: Disabled
Heap:
 garbage-first heap   total reserved 3997696K, committed 231424K, used 123498K [0x000000070c000000, 0x0000000800000000)
  region size 2048K, 4 young (8192K), 4 survivors (8192K)
 Metaspace       used 74035K, committed 75072K, reserved 1179648K
  class space    used 8783K, committed 9280K, reserved 1048576K
GC Heap History (20 events):
Event: 9.476 GC heap after
{Heap after GC invocations=42 (full 0):
 garbage-first heap   total reserved 3997696K, committed 102400K, used 66682K [0x000000070c000000, 0x0000000800000000)
  region size 2048K, 2 young (4096K), 2 survivors (4096K)
 Metaspace       used 61042K, committed 62016K, reserved 1114112K
  class space    used 7373K, committed 7808K, reserved 1048576K
}
Event: 9.513 GC heap before
{Heap before GC invocations=42 (full 0):
 garbage-first heap   total reserved 3997696K, committed 102400K, used 70778K [0x000000070c000000, 0x0000000800000000)
  region size 2048K, 5 young (10240K), 2 survivors (4096K)
 Metaspace       used 61444K, committed 62336K, reserved 1114112K
  class space    used 7425K, committed 7808K, reserved 1048576K
}
Event: 9.515 GC heap after
{Heap after GC invocations=43 (full 0):
 garbage-first heap   total reserved 3997696K, committed 102400K, used 67743K [0x000000070c000000, 0x0000000800000000)
  region size 2048K, 2 young (4096K), 2 survivors (4096K)
 Metaspace       used 61444K, committed 62336K, reserved 1114112K
  class space    used 7425K, committed 7808K, reserved 1048576K
}
Event: 9.596 GC heap before
{Heap before GC invocations=44 (full 0):
 garbage-first heap   total reserved 3997696K, committed 120832K, used 90271K [0x000000070c000000, 0x0000000800000000)
  region size 2048K, 12 young (24576K), 2 survivors (4096K)
 Metaspace       used 62911K, committed 63808K, reserved 1114112K
  class space    used 7600K, committed 8000K, reserved 1048576K
}
Event: 9.599 GC heap after
{Heap after GC invocations=45 (full 0):
 garbage-first heap   total reserved 3997696K, committed 120832K, used 70817K [0x000000070c000000, 0x0000000800000000)
  region size 2048K, 2 young (4096K), 2 survivors (4096K)
 Metaspace       used 62911K, committed 63808K, reserved 1114112K
  class space    used 7600K, committed 8000K, reserved 1048576K
}
Event: 9.665 GC heap before
{Heap before GC invocations=45 (full 0):
 garbage-first heap   total reserved 3997696K, committed 120832K, used 101537K [0x000000070c000000, 0x0000000800000000)
  region size 2048K, 18 young (36864K), 2 survivors (4096K)
 Metaspace       used 63855K, committed 64768K, reserved 1114112K
  class space    used 7747K, committed 8128K, reserved 1048576K
}
Event: 9.667 GC heap after
{Heap after GC invocations=46 (full 0):
 garbage-first heap   total reserved 3997696K, committed 169984K, used 71679K [0x000000070c000000, 0x0000000800000000)
  region size 2048K, 1 young (2048K), 1 survivors (2048K)
 Metaspace       used 63855K, committed 64768K, reserved 1114112K
  class space    used 7747K, committed 8128K, reserved 1048576K
}
Event: 10.621 GC heap before
{Heap before GC invocations=46 (full 0):
 garbage-first heap   total reserved 3997696K, committed 169984K, used 145407K [0x000000070c000000, 0x0000000800000000)
  region size 2048K, 35 young (71680K), 1 survivors (2048K)
 Metaspace       used 70116K, committed 71168K, reserved 1114112K
  class space    used 8535K, committed 9024K, reserved 1048576K
}
Event: 10.628 GC heap after
{Heap after GC invocations=47 (full 0):
 garbage-first heap   total reserved 3997696K, committed 169984K, used 86207K [0x000000070c000000, 0x0000000800000000)
  region size 2048K, 5 young (10240K), 5 survivors (10240K)
 Metaspace       used 70116K, committed 71168K, reserved 1114112K
  class space    used 8535K, committed 9024K, reserved 1048576K
}
Event: 10.936 GC heap before
{Heap before GC invocations=47 (full 0):
 garbage-first heap   total reserved 3997696K, committed 169984K, used 137407K [0x000000070c000000, 0x0000000800000000)
  region size 2048K, 28 young (57344K), 5 survivors (10240K)
 Metaspace       used 70812K, committed 71808K, reserved 1114112K
  class space    used 8569K, committed 9024K, reserved 1048576K
}
Event: 10.941 GC heap after
{Heap after GC invocations=48 (full 0):
 garbage-first heap   total reserved 3997696K, committed 169984K, used 93535K [0x000000070c000000, 0x0000000800000000)
  region size 2048K, 4 young (8192K), 4 survivors (8192K)
 Metaspace       used 70812K, committed 71808K, reserved 1114112K
  class space    used 8569K, committed 9024K, reserved 1048576K
}
Event: 11.236 GC heap before
{Heap before GC invocations=48 (full 0):
 garbage-first heap   total reserved 3997696K, committed 169984K, used 138591K [0x000000070c000000, 0x0000000800000000)
  region size 2048K, 27 young (55296K), 4 survivors (8192K)
 Metaspace       used 71706K, committed 72704K, reserved 1114112K
  class space    used 8648K, committed 9152K, reserved 1048576K
}
Event: 11.241 GC heap after
{Heap after GC invocations=49 (full 0):
 garbage-first heap   total reserved 3997696K, committed 169984K, used 99358K [0x000000070c000000, 0x0000000800000000)
  region size 2048K, 3 young (6144K), 3 survivors (6144K)
 Metaspace       used 71706K, committed 72704K, reserved 1114112K
  class space    used 8648K, committed 9152K, reserved 1048576K
}
Event: 12.023 GC heap before
{Heap before GC invocations=49 (full 0):
 garbage-first heap   total reserved 3997696K, committed 169984K, used 148510K [0x000000070c000000, 0x0000000800000000)
  region size 2048K, 26 young (53248K), 3 survivors (6144K)
 Metaspace       used 73483K, committed 74496K, reserved 1114112K
  class space    used 8777K, committed 9280K, reserved 1048576K
}
Event: 12.029 GC heap after
{Heap after GC invocations=50 (full 0):
 garbage-first heap   total reserved 3997696K, committed 169984K, used 107805K [0x000000070c000000, 0x0000000800000000)
  region size 2048K, 4 young (8192K), 4 survivors (8192K)
 Metaspace       used 73483K, committed 74496K, reserved 1114112K
  class space    used 8777K, committed 9280K, reserved 1048576K
}
Event: 12.346 GC heap before
{Heap before GC invocations=50 (full 0):
 garbage-first heap   total reserved 3997696K, committed 169984K, used 148765K [0x000000070c000000, 0x0000000800000000)
  region size 2048K, 24 young (49152K), 4 survivors (8192K)
 Metaspace       used 73830K, committed 74880K, reserved 1179648K
  class space    used 8777K, committed 9280K, reserved 1048576K
}
Event: 12.351 GC heap after
{Heap after GC invocations=51 (full 0):
 garbage-first heap   total reserved 3997696K, committed 169984K, used 115036K [0x000000070c000000, 0x0000000800000000)
  region size 2048K, 3 young (6144K), 3 survivors (6144K)
 Metaspace       used 73830K, committed 74880K, reserved 1179648K
  class space    used 8777K, committed 9280K, reserved 1048576K
}
Event: 12.453 GC heap before
{Heap before GC invocations=52 (full 0):
 garbage-first heap   total reserved 3997696K, committed 194560K, used 149852K [0x000000070c000000, 0x0000000800000000)
  region size 2048K, 20 young (40960K), 3 survivors (6144K)
 Metaspace       used 73865K, committed 74880K, reserved 1179648K
  class space    used 8777K, committed 9280K, reserved 1048576K
}
Event: 12.456 GC heap after
{Heap after GC invocations=53 (full 0):
 garbage-first heap   total reserved 3997696K, committed 194560K, used 116958K [0x000000070c000000, 0x0000000800000000)
  region size 2048K, 3 young (6144K), 3 survivors (6144K)
 Metaspace       used 73865K, committed 74880K, reserved 1179648K
  class space    used 8777K, committed 9280K, reserved 1048576K
}
Event: 12.634 GC heap before
{Heap before GC invocations=53 (full 0):
 garbage-first heap   total reserved 3997696K, committed 194560K, used 170206K [0x000000070c000000, 0x0000000800000000)
  region size 2048K, 28 young (57344K), 3 survivors (6144K)
 Metaspace       used 74035K, committed 75072K, reserved 1179648K
  class space    used 8783K, committed 9280K, reserved 1048576K
}

