# JRE version: Java(TM) SE Runtime Environment (23.0.1+11) (build 23.0.1+11-39)
# Java VM: Java HotSpot(TM) 64-Bit Server VM (23.0.1+11-39, mixed mode, sharing, tiered, compressed oops, compressed class ptrs, g1 gc, windows-amd64)
GC Precious Log:
 CardTable entry size: 512
 Card Set container configuration: InlinePtr #cards 5 size 8 Array Of Cards #cards 10 size 36 Howl #buckets 4 coarsen threshold 1843 Howl Bitmap #cards 512 size 80 coarsen threshold 460 Card regions per heap region 1 cards per card region 2048
 CPUs: 16 total, 16 available
 Memory: 15613M
 Large Page Support: Disabled
 NUMA Support: Disabled
 Compressed Oops: Enabled (32-bit)
 Heap Region Size: 1M
 Heap Min Capacity: 8M
 Heap Initial Capacity: 244M
 Heap Max Capacity: 2G
 Pre-touch: Disabled
 Parallel Workers: 13
 Concurrent Workers: 3
 Concurrent Refinement Workers: 13
 Periodic GC: Disabled
Heap:
 garbage-first heap   total reserved 2097152K, committed 276480K, used 176518K [0x0000000080000000, 0x0000000100000000)
  region size 1024K, 9 young (9216K), 5 survivors (5120K)
 Metaspace       used 150333K, committed 153088K, reserved 1245184K
  class space    used 19688K, committed 20992K, reserved 1048576K
GC Heap History (20 events):
Event: 16.635 GC heap before
{Heap before GC invocations=45 (full 0):
 garbage-first heap   total reserved 2097152K, committed 179200K, used 159744K [0x0000000080000000, 0x0000000100000000)
  region size 1024K, 41 young (41984K), 6 survivors (6144K)
 Metaspace       used 101967K, committed 104192K, reserved 1179648K
  class space    used 14392K, committed 15424K, reserved 1048576K
}
Event: 16.641 GC heap after
{Heap after GC invocations=46 (full 0):
 garbage-first heap   total reserved 2097152K, committed 179200K, used 134485K [0x0000000080000000, 0x0000000100000000)
  region size 1024K, 6 young (6144K), 6 survivors (6144K)
 Metaspace       used 101967K, committed 104192K, reserved 1179648K
  class space    used 14392K, committed 15424K, reserved 1048576K
}
Event: 17.019 GC heap before
{Heap before GC invocations=47 (full 0):
 garbage-first heap   total reserved 2097152K, committed 224256K, used 166229K [0x0000000080000000, 0x0000000100000000)
  region size 1024K, 31 young (31744K), 6 survivors (6144K)
 Metaspace       used 104807K, committed 107072K, reserved 1179648K
  class space    used 14740K, committed 15808K, reserved 1048576K
}
Event: 17.022 GC heap after
{Heap after GC invocations=48 (full 0):
 garbage-first heap   total reserved 2097152K, committed 224256K, used 143777K [0x0000000080000000, 0x0000000100000000)
  region size 1024K, 3 young (3072K), 3 survivors (3072K)
 Metaspace       used 104807K, committed 107072K, reserved 1179648K
  class space    used 14740K, committed 15808K, reserved 1048576K
}
Event: 17.680 GC heap before
{Heap before GC invocations=48 (full 0):
 garbage-first heap   total reserved 2097152K, committed 224256K, used 198049K [0x0000000080000000, 0x0000000100000000)
  region size 1024K, 56 young (57344K), 3 survivors (3072K)
 Metaspace       used 110645K, committed 112960K, reserved 1179648K
  class space    used 15288K, committed 16384K, reserved 1048576K
}
Event: 17.683 GC heap after
{Heap after GC invocations=49 (full 0):
 garbage-first heap   total reserved 2097152K, committed 224256K, used 146311K [0x0000000080000000, 0x0000000100000000)
  region size 1024K, 7 young (7168K), 7 survivors (7168K)
 Metaspace       used 110645K, committed 112960K, reserved 1179648K
  class space    used 15288K, committed 16384K, reserved 1048576K
}
Event: 18.389 GC heap before
{Heap before GC invocations=49 (full 0):
 garbage-first heap   total reserved 2097152K, committed 224256K, used 200583K [0x0000000080000000, 0x0000000100000000)
  region size 1024K, 60 young (61440K), 7 survivors (7168K)
 Metaspace       used 116900K, committed 119424K, reserved 1179648K
  class space    used 16157K, committed 17408K, reserved 1048576K
}
Event: 18.394 GC heap after
{Heap after GC invocations=50 (full 0):
 garbage-first heap   total reserved 2097152K, committed 224256K, used 149994K [0x0000000080000000, 0x0000000100000000)
  region size 1024K, 8 young (8192K), 8 survivors (8192K)
 Metaspace       used 116900K, committed 119424K, reserved 1179648K
  class space    used 16157K, committed 17408K, reserved 1048576K
}
Event: 18.947 GC heap before
{Heap before GC invocations=51 (full 0):
 garbage-first heap   total reserved 2097152K, committed 250880K, used 203242K [0x0000000080000000, 0x0000000100000000)
  region size 1024K, 59 young (60416K), 8 survivors (8192K)
 Metaspace       used 119956K, committed 122496K, reserved 1179648K
  class space    used 16582K, committed 17792K, reserved 1048576K
}
Event: 18.951 GC heap after
{Heap after GC invocations=52 (full 0):
 garbage-first heap   total reserved 2097152K, committed 250880K, used 153817K [0x0000000080000000, 0x0000000100000000)
  region size 1024K, 7 young (7168K), 7 survivors (7168K)
 Metaspace       used 119956K, committed 122496K, reserved 1179648K
  class space    used 16582K, committed 17792K, reserved 1048576K
}
Event: 19.474 GC heap before
{Heap before GC invocations=52 (full 0):
 garbage-first heap   total reserved 2097152K, committed 250880K, used 228569K [0x0000000080000000, 0x0000000100000000)
  region size 1024K, 80 young (81920K), 7 survivors (7168K)
 Metaspace       used 122787K, committed 125376K, reserved 1179648K
  class space    used 16881K, committed 18112K, reserved 1048576K
}
Event: 19.480 GC heap after
{Heap after GC invocations=53 (full 0):
 garbage-first heap   total reserved 2097152K, committed 250880K, used 158508K [0x0000000080000000, 0x0000000100000000)
  region size 1024K, 10 young (10240K), 10 survivors (10240K)
 Metaspace       used 122787K, committed 125376K, reserved 1179648K
  class space    used 16881K, committed 18112K, reserved 1048576K
}
Event: 21.123 GC heap before
{Heap before GC invocations=53 (full 0):
 garbage-first heap   total reserved 2097152K, committed 250880K, used 227116K [0x0000000080000000, 0x0000000100000000)
  region size 1024K, 77 young (78848K), 10 survivors (10240K)
 Metaspace       used 129766K, committed 132416K, reserved 1179648K
  class space    used 17496K, committed 18752K, reserved 1048576K
}
Event: 21.130 GC heap after
{Heap after GC invocations=54 (full 0):
 garbage-first heap   total reserved 2097152K, committed 250880K, used 165246K [0x0000000080000000, 0x0000000100000000)
  region size 1024K, 7 young (7168K), 7 survivors (7168K)
 Metaspace       used 129766K, committed 132416K, reserved 1179648K
  class space    used 17496K, committed 18752K, reserved 1048576K
}
Event: 22.086 GC heap before
{Heap before GC invocations=55 (full 0):
 garbage-first heap   total reserved 2097152K, committed 276480K, used 227710K [0x0000000080000000, 0x0000000100000000)
  region size 1024K, 69 young (70656K), 7 survivors (7168K)
 Metaspace       used 138417K, committed 141056K, reserved 1179648K
  class space    used 18389K, committed 19648K, reserved 1048576K
}
Event: 22.090 GC heap after
{Heap after GC invocations=56 (full 0):
 garbage-first heap   total reserved 2097152K, committed 276480K, used 169059K [0x0000000080000000, 0x0000000100000000)
  region size 1024K, 4 young (4096K), 4 survivors (4096K)
 Metaspace       used 138417K, committed 141056K, reserved 1179648K
  class space    used 18389K, committed 19648K, reserved 1048576K
}
Event: 23.488 GC heap before
{Heap before GC invocations=56 (full 0):
 garbage-first heap   total reserved 2097152K, committed 276480K, used 249955K [0x0000000080000000, 0x0000000100000000)
  region size 1024K, 84 young (86016K), 4 survivors (4096K)
 Metaspace       used 148227K, committed 150912K, reserved 1179648K
  class space    used 19387K, committed 20672K, reserved 1048576K
}
Event: 23.495 GC heap after
{Heap after GC invocations=57 (full 0):
 garbage-first heap   total reserved 2097152K, committed 276480K, used 170788K [0x0000000080000000, 0x0000000100000000)
  region size 1024K, 7 young (7168K), 7 survivors (7168K)
 Metaspace       used 148227K, committed 150912K, reserved 1179648K
  class space    used 19387K, committed 20672K, reserved 1048576K
}
Event: 23.846 GC heap before
{Heap before GC invocations=57 (full 0):
 garbage-first heap   total reserved 2097152K, committed 276480K, used 196388K [0x0000000080000000, 0x0000000100000000)
  region size 1024K, 33 young (33792K), 7 survivors (7168K)
 Metaspace       used 150066K, committed 152832K, reserved 1245184K
  class space    used 19660K, committed 20928K, reserved 1048576K
}
Event: 23.850 GC heap after
{Heap after GC invocations=58 (full 0):
 garbage-first heap   total reserved 2097152K, committed 276480K, used 172422K [0x0000000080000000, 0x0000000100000000)
  region size 1024K, 5 young (5120K), 5 survivors (5120K)
 Metaspace       used 150066K, committed 152832K, reserved 1245184K
  class space    used 19660K, committed 20928K, reserved 1048576K
}

