# JRE version: Java(TM) SE Runtime Environment (23.0.1+11) (build 23.0.1+11-39)
# Java VM: Java HotSpot(TM) 64-Bit Server VM (23.0.1+11-39, mixed mode, sharing, tiered, compressed oops, compressed class ptrs, g1 gc, windows-amd64)
GC Precious Log:
 CardTable entry size: 512
 Card Set container configuration: InlinePtr #cards 4 size 8 Array Of Cards #cards 16 size 48 Howl #buckets 8 coarsen threshold 3686 Howl Bitmap #cards 512 size 80 coarsen threshold 460 Card regions per heap region 1 cards per card region 4096
 CPUs: 16 total, 16 available
 Memory: 15613M
 Large Page Support: Disabled
 NUMA Support: Disabled
 Compressed Oops: Enabled (Zero based)
 Heap Region Size: 2M
 Heap Min Capacity: 8M
 Heap Initial Capacity: 244M
 Heap Max Capacity: 3904M
 Pre-touch: Disabled
 Parallel Workers: 13
 Concurrent Workers: 3
 Concurrent Refinement Workers: 13
 Periodic GC: Disabled
Heap:
 garbage-first heap   total reserved 3997696K, committed 141312K, used 88242K [0x000000070c000000, 0x0000000800000000)
  region size 2048K, 3 young (6144K), 3 survivors (6144K)
 Metaspace       used 72058K, committed 73088K, reserved 1114112K
  class space    used 8743K, committed 9216K, reserved 1048576K
GC Heap History (20 events):
Event: 8.043 GC heap after
{Heap after GC invocations=26 (full 0):
 garbage-first heap   total reserved 3997696K, committed 110592K, used 52392K [0x000000070c000000, 0x0000000800000000)
  region size 2048K, 4 young (8192K), 4 survivors (8192K)
 Metaspace       used 69977K, committed 70976K, reserved 1114112K
  class space    used 8589K, committed 9088K, reserved 1048576K
}
Event: 8.321 GC heap before
{Heap before GC invocations=26 (full 0):
 garbage-first heap   total reserved 3997696K, committed 110592K, used 91304K [0x000000070c000000, 0x0000000800000000)
  region size 2048K, 23 young (47104K), 4 survivors (8192K)
 Metaspace       used 70358K, committed 71360K, reserved 1114112K
  class space    used 8601K, committed 9088K, reserved 1048576K
}
Event: 8.325 GC heap after
{Heap after GC invocations=27 (full 0):
 garbage-first heap   total reserved 3997696K, committed 110592K, used 55613K [0x000000070c000000, 0x0000000800000000)
  region size 2048K, 2 young (4096K), 2 survivors (4096K)
 Metaspace       used 70358K, committed 71360K, reserved 1114112K
  class space    used 8601K, committed 9088K, reserved 1048576K
}
Event: 8.560 GC heap before
{Heap before GC invocations=27 (full 0):
 garbage-first heap   total reserved 3997696K, committed 110592K, used 94525K [0x000000070c000000, 0x0000000800000000)
  region size 2048K, 21 young (43008K), 2 survivors (4096K)
 Metaspace       used 71499K, committed 72512K, reserved 1114112K
  class space    used 8736K, committed 9216K, reserved 1048576K
}
Event: 8.563 GC heap after
{Heap after GC invocations=28 (full 0):
 garbage-first heap   total reserved 3997696K, committed 110592K, used 58662K [0x000000070c000000, 0x0000000800000000)
  region size 2048K, 3 young (6144K), 3 survivors (6144K)
 Metaspace       used 71499K, committed 72512K, reserved 1114112K
  class space    used 8736K, committed 9216K, reserved 1048576K
}
Event: 8.794 GC heap before
{Heap before GC invocations=29 (full 0):
 garbage-first heap   total reserved 3997696K, committed 110592K, used 95526K [0x000000070c000000, 0x0000000800000000)
  region size 2048K, 21 young (43008K), 3 survivors (6144K)
 Metaspace       used 71519K, committed 72512K, reserved 1114112K
  class space    used 8740K, committed 9216K, reserved 1048576K
}
Event: 8.797 GC heap after
{Heap after GC invocations=30 (full 0):
 garbage-first heap   total reserved 3997696K, committed 110592K, used 62409K [0x000000070c000000, 0x0000000800000000)
  region size 2048K, 2 young (4096K), 2 survivors (4096K)
 Metaspace       used 71519K, committed 72512K, reserved 1114112K
  class space    used 8740K, committed 9216K, reserved 1048576K
}
Event: 8.870 GC heap before
{Heap before GC invocations=30 (full 0):
 garbage-first heap   total reserved 3997696K, committed 110592K, used 97225K [0x000000070c000000, 0x0000000800000000)
  region size 2048K, 19 young (38912K), 2 survivors (4096K)
 Metaspace       used 71588K, committed 72576K, reserved 1114112K
  class space    used 8740K, committed 9216K, reserved 1048576K
}
Event: 8.874 GC heap after
{Heap after GC invocations=31 (full 0):
 garbage-first heap   total reserved 3997696K, committed 133120K, used 65848K [0x000000070c000000, 0x0000000800000000)
  region size 2048K, 2 young (4096K), 2 survivors (4096K)
 Metaspace       used 71588K, committed 72576K, reserved 1114112K
  class space    used 8740K, committed 9216K, reserved 1048576K
}
Event: 8.966 GC heap before
{Heap before GC invocations=31 (full 0):
 garbage-first heap   total reserved 3997696K, committed 133120K, used 115000K [0x000000070c000000, 0x0000000800000000)
  region size 2048K, 26 young (53248K), 2 survivors (4096K)
 Metaspace       used 71671K, committed 72640K, reserved 1114112K
  class space    used 8742K, committed 9216K, reserved 1048576K
}
Event: 8.969 GC heap after
{Heap after GC invocations=32 (full 0):
 garbage-first heap   total reserved 3997696K, committed 133120K, used 69494K [0x000000070c000000, 0x0000000800000000)
  region size 2048K, 4 young (8192K), 4 survivors (8192K)
 Metaspace       used 71671K, committed 72640K, reserved 1114112K
  class space    used 8742K, committed 9216K, reserved 1048576K
}
Event: 9.085 GC heap before
{Heap before GC invocations=33 (full 0):
 garbage-first heap   total reserved 3997696K, committed 133120K, used 112502K [0x000000070c000000, 0x0000000800000000)
  region size 2048K, 26 young (53248K), 4 survivors (8192K)
 Metaspace       used 71836K, committed 72832K, reserved 1114112K
  class space    used 8743K, committed 9216K, reserved 1048576K
}
Event: 9.089 GC heap after
{Heap after GC invocations=34 (full 0):
 garbage-first heap   total reserved 3997696K, committed 133120K, used 73677K [0x000000070c000000, 0x0000000800000000)
  region size 2048K, 4 young (8192K), 4 survivors (8192K)
 Metaspace       used 71836K, committed 72832K, reserved 1114112K
  class space    used 8743K, committed 9216K, reserved 1048576K
}
Event: 9.156 GC heap before
{Heap before GC invocations=34 (full 0):
 garbage-first heap   total reserved 3997696K, committed 133120K, used 114637K [0x000000070c000000, 0x0000000800000000)
  region size 2048K, 25 young (51200K), 4 survivors (8192K)
 Metaspace       used 71878K, committed 72832K, reserved 1114112K
  class space    used 8743K, committed 9216K, reserved 1048576K
}
Event: 9.160 GC heap after
{Heap after GC invocations=35 (full 0):
 garbage-first heap   total reserved 3997696K, committed 133120K, used 78411K [0x000000070c000000, 0x0000000800000000)
  region size 2048K, 3 young (6144K), 3 survivors (6144K)
 Metaspace       used 71878K, committed 72832K, reserved 1114112K
  class space    used 8743K, committed 9216K, reserved 1048576K
}
Event: 9.226 GC heap before
{Heap before GC invocations=35 (full 0):
 garbage-first heap   total reserved 3997696K, committed 133120K, used 117323K [0x000000070c000000, 0x0000000800000000)
  region size 2048K, 22 young (45056K), 3 survivors (6144K)
 Metaspace       used 71922K, committed 72896K, reserved 1114112K
  class space    used 8743K, committed 9216K, reserved 1048576K
}
Event: 9.229 GC heap after
{Heap after GC invocations=36 (full 0):
 garbage-first heap   total reserved 3997696K, committed 133120K, used 81945K [0x000000070c000000, 0x0000000800000000)
  region size 2048K, 2 young (4096K), 2 survivors (4096K)
 Metaspace       used 71922K, committed 72896K, reserved 1114112K
  class space    used 8743K, committed 9216K, reserved 1048576K
}
Event: 9.332 GC heap before
{Heap before GC invocations=37 (full 0):
 garbage-first heap   total reserved 3997696K, committed 141312K, used 118809K [0x000000070c000000, 0x0000000800000000)
  region size 2048K, 20 young (40960K), 2 survivors (4096K)
 Metaspace       used 72038K, committed 73088K, reserved 1114112K
  class space    used 8743K, committed 9216K, reserved 1048576K
}
Event: 9.335 GC heap after
{Heap after GC invocations=38 (full 0):
 garbage-first heap   total reserved 3997696K, committed 141312K, used 85156K [0x000000070c000000, 0x0000000800000000)
  region size 2048K, 2 young (4096K), 2 survivors (4096K)
 Metaspace       used 72038K, committed 73088K, reserved 1114112K
  class space    used 8743K, committed 9216K, reserved 1048576K
}
Event: 9.407 GC heap before
{Heap before GC invocations=38 (full 0):
 garbage-first heap   total reserved 3997696K, committed 141312K, used 126116K [0x000000070c000000, 0x0000000800000000)
  region size 2048K, 23 young (47104K), 2 survivors (4096K)
 Metaspace       used 72058K, committed 73088K, reserved 1114112K
  class space    used 8743K, committed 9216K, reserved 1048576K
}

