# JRE version: OpenJDK Runtime Environment Temurin-21.0.10+7 (21.0.10+7) (build 21.0.10+7-LTS)
# Java VM: OpenJDK 64-Bit Server VM Temurin-21.0.10+7 (21.0.10+7-LTS, mixed mode, sharing, tiered, compressed oops, compressed class ptrs, g1 gc, windows-amd64)
GC Precious Log:
 CardTable entry size: 512
 Card Set container configuration: InlinePtr #cards 5 size 8 Array Of Cards #cards 12 size 40 Howl #buckets 4 coarsen threshold 1843 Howl Bitmap #cards 512 size 80 coarsen threshold 460 Card regions per heap region 1 cards per card region 2048
 CPUs: 16 total, 16 available
 Memory: 15613M
 Large Page Support: Disabled
 NUMA Support: Disabled
 Compressed Oops: Enabled (32-bit)
 Heap Region Size: 1M
 Heap Min Capacity: 8M
 Heap Initial Capacity: 244M
 Heap Max Capacity: 2G
 Pre-touch: Disabled
 Parallel Workers: 13
 Concurrent Workers: 3
 Concurrent Refinement Workers: 13
 Periodic GC: Disabled
Heap:
 garbage-first heap   total 172032K, used 95052K [0x0000000080000000, 0x0000000100000000)
  region size 1024K, 3 young (3072K), 3 survivors (3072K)
 Metaspace       used 87755K, committed 89856K, reserved 1179648K
  class space    used 12429K, committed 13504K, reserved 1048576K
GC Heap History (20 events):
Event: 7.393 GC heap after
{Heap after GC invocations=17 (full 0):
 garbage-first heap   total 121856K, used 62325K [0x0000000080000000, 0x0000000100000000)
  region size 1024K, 8 young (8192K), 8 survivors (8192K)
 Metaspace       used 56413K, committed 58176K, reserved 1114112K
  class space    used 8170K, committed 9024K, reserved 1048576K
}
Event: 7.946 GC heap before
{Heap before GC invocations=17 (full 0):
 garbage-first heap   total 121856K, used 112501K [0x0000000080000000, 0x0000000100000000)
  region size 1024K, 51 young (52224K), 8 survivors (8192K)
 Metaspace       used 59502K, committed 61312K, reserved 1114112K
  class space    used 8534K, committed 9408K, reserved 1048576K
}
Event: 7.950 GC heap after
{Heap after GC invocations=18 (full 0):
 garbage-first heap   total 130048K, used 73254K [0x0000000080000000, 0x0000000100000000)
  region size 1024K, 7 young (7168K), 7 survivors (7168K)
 Metaspace       used 59502K, committed 61312K, reserved 1114112K
  class space    used 8534K, committed 9408K, reserved 1048576K
}
Event: 8.369 GC heap before
{Heap before GC invocations=18 (full 0):
 garbage-first heap   total 130048K, used 114214K [0x0000000080000000, 0x0000000100000000)
  region size 1024K, 47 young (48128K), 7 survivors (7168K)
 Metaspace       used 63729K, committed 65664K, reserved 1114112K
  class space    used 8951K, committed 9920K, reserved 1048576K
}
Event: 8.372 GC heap after
{Heap after GC invocations=19 (full 0):
 garbage-first heap   total 130048K, used 74744K [0x0000000080000000, 0x0000000100000000)
  region size 1024K, 2 young (2048K), 2 survivors (2048K)
 Metaspace       used 63729K, committed 65664K, reserved 1114112K
  class space    used 8951K, committed 9920K, reserved 1048576K
}
Event: 8.811 GC heap before
{Heap before GC invocations=20 (full 0):
 garbage-first heap   total 130048K, used 121848K [0x0000000080000000, 0x0000000100000000)
  region size 1024K, 43 young (44032K), 2 survivors (2048K)
 Metaspace       used 67061K, committed 69056K, reserved 1114112K
  class space    used 9504K, committed 10496K, reserved 1048576K
}
Event: 8.814 GC heap after
{Heap after GC invocations=21 (full 0):
 garbage-first heap   total 130048K, used 80382K [0x0000000080000000, 0x0000000100000000)
  region size 1024K, 6 young (6144K), 6 survivors (6144K)
 Metaspace       used 67061K, committed 69056K, reserved 1114112K
  class space    used 9504K, committed 10496K, reserved 1048576K
}
Event: 9.238 GC heap before
{Heap before GC invocations=21 (full 0):
 garbage-first heap   total 130048K, used 117246K [0x0000000080000000, 0x0000000100000000)
  region size 1024K, 42 young (43008K), 6 survivors (6144K)
 Metaspace       used 69870K, committed 71808K, reserved 1114112K
  class space    used 9842K, committed 10816K, reserved 1048576K
}
Event: 9.242 GC heap after
{Heap after GC invocations=22 (full 0):
 garbage-first heap   total 130048K, used 81607K [0x0000000080000000, 0x0000000100000000)
  region size 1024K, 3 young (3072K), 3 survivors (3072K)
 Metaspace       used 69870K, committed 71808K, reserved 1114112K
  class space    used 9842K, committed 10816K, reserved 1048576K
}
Event: 9.692 GC heap before
{Heap before GC invocations=22 (full 0):
 garbage-first heap   total 130048K, used 118471K [0x0000000080000000, 0x0000000100000000)
  region size 1024K, 39 young (39936K), 3 survivors (3072K)
 Metaspace       used 73773K, committed 75776K, reserved 1114112K
  class space    used 10328K, committed 11328K, reserved 1048576K
}
Event: 9.695 GC heap after
{Heap after GC invocations=23 (full 0):
 garbage-first heap   total 130048K, used 83184K [0x0000000080000000, 0x0000000100000000)
  region size 1024K, 4 young (4096K), 4 survivors (4096K)
 Metaspace       used 73773K, committed 75776K, reserved 1114112K
  class space    used 10328K, committed 11328K, reserved 1048576K
}
Event: 10.174 GC heap before
{Heap before GC invocations=24 (full 0):
 garbage-first heap   total 140288K, used 120048K [0x0000000080000000, 0x0000000100000000)
  region size 1024K, 40 young (40960K), 4 survivors (4096K)
 Metaspace       used 76619K, committed 78656K, reserved 1179648K
  class space    used 10731K, committed 11712K, reserved 1048576K
}
Event: 10.177 GC heap after
{Heap after GC invocations=25 (full 0):
 garbage-first heap   total 140288K, used 84756K [0x0000000080000000, 0x0000000100000000)
  region size 1024K, 4 young (4096K), 4 survivors (4096K)
 Metaspace       used 76619K, committed 78656K, reserved 1179648K
  class space    used 10731K, committed 11712K, reserved 1048576K
}
Event: 10.669 GC heap before
{Heap before GC invocations=25 (full 0):
 garbage-first heap   total 140288K, used 131860K [0x0000000080000000, 0x0000000100000000)
  region size 1024K, 47 young (48128K), 4 survivors (4096K)
 Metaspace       used 78638K, committed 80704K, reserved 1179648K
  class space    used 11039K, committed 12032K, reserved 1048576K
}
Event: 10.673 GC heap after
{Heap after GC invocations=26 (full 0):
 garbage-first heap   total 143360K, used 91471K [0x0000000080000000, 0x0000000100000000)
  region size 1024K, 6 young (6144K), 6 survivors (6144K)
 Metaspace       used 78638K, committed 80704K, reserved 1179648K
  class space    used 11039K, committed 12032K, reserved 1048576K
}
Event: 11.075 GC heap before
{Heap before GC invocations=26 (full 0):
 garbage-first heap   total 143360K, used 131407K [0x0000000080000000, 0x0000000100000000)
  region size 1024K, 45 young (46080K), 6 survivors (6144K)
 Metaspace       used 80985K, committed 83072K, reserved 1179648K
  class space    used 11344K, committed 12352K, reserved 1048576K
}
Event: 11.079 GC heap after
{Heap after GC invocations=27 (full 0):
 garbage-first heap   total 143360K, used 94278K [0x0000000080000000, 0x0000000100000000)
  region size 1024K, 4 young (4096K), 4 survivors (4096K)
 Metaspace       used 80985K, committed 83072K, reserved 1179648K
  class space    used 11344K, committed 12352K, reserved 1048576K
}
Event: 11.475 GC heap before
{Heap before GC invocations=28 (full 0):
 garbage-first heap   total 158720K, used 132166K [0x0000000080000000, 0x0000000100000000)
  region size 1024K, 41 young (41984K), 4 survivors (4096K)
 Metaspace       used 83771K, committed 85952K, reserved 1179648K
  class space    used 11747K, committed 12864K, reserved 1048576K
}
Event: 11.477 GC heap after
{Heap after GC invocations=29 (full 0):
 garbage-first heap   total 158720K, used 95442K [0x0000000080000000, 0x0000000100000000)
  region size 1024K, 2 young (2048K), 2 survivors (2048K)
 Metaspace       used 83771K, committed 85952K, reserved 1179648K
  class space    used 11747K, committed 12864K, reserved 1048576K
}
Event: 12.141 GC heap before
{Heap before GC invocations=29 (full 0):
 garbage-first heap   total 158720K, used 145618K [0x0000000080000000, 0x0000000100000000)
  region size 1024K, 51 young (52224K), 2 survivors (2048K)
 Metaspace       used 87755K, committed 89856K, reserved 1179648K
  class space    used 12429K, committed 13504K, reserved 1048576K
}

