# JRE version: Java(TM) SE Runtime Environment (23.0.1+11) (build 23.0.1+11-39)
# Java VM: Java HotSpot(TM) 64-Bit Server VM (23.0.1+11-39, mixed mode, sharing, tiered, compressed oops, compressed class ptrs, g1 gc, windows-amd64)
GC Precious Log:
 CardTable entry size: 512
 Card Set container configuration: InlinePtr #cards 5 size 8 Array Of Cards #cards 10 size 36 Howl #buckets 4 coarsen threshold 1843 Howl Bitmap #cards 512 size 80 coarsen threshold 460 Card regions per heap region 1 cards per card region 2048
 CPUs: 16 total, 16 available
 Memory: 15613M
 Large Page Support: Disabled
 NUMA Support: Disabled
 Compressed Oops: Enabled (32-bit)
 Heap Region Size: 1M
 Heap Min Capacity: 8M
 Heap Initial Capacity: 244M
 Heap Max Capacity: 2G
 Pre-touch: Disabled
 Parallel Workers: 13
 Concurrent Workers: 3
 Concurrent Refinement Workers: 13
 Periodic GC: Disabled
Heap:
 garbage-first heap   total reserved 2097152K, committed 260096K, used 174618K [0x0000000080000000, 0x0000000100000000)
  region size 1024K, 9 young (9216K), 2 survivors (2048K)
 Metaspace       used 148969K, committed 151616K, reserved 1245184K
  class space    used 19572K, committed 20864K, reserved 1048576K
GC Heap History (20 events):
Event: 18.404 GC heap before
{Heap before GC invocations=39 (full 0):
 garbage-first heap   total reserved 2097152K, committed 227328K, used 185592K [0x0000000080000000, 0x0000000100000000)
  region size 1024K, 61 young (62464K), 10 survivors (10240K)
 Metaspace       used 125967K, committed 128576K, reserved 1179648K
  class space    used 16930K, committed 18176K, reserved 1048576K
}
Event: 18.411 GC heap after
{Heap after GC invocations=40 (full 0):
 garbage-first heap   total reserved 2097152K, committed 227328K, used 138840K [0x0000000080000000, 0x0000000100000000)
  region size 1024K, 5 young (5120K), 5 survivors (5120K)
 Metaspace       used 125967K, committed 128576K, reserved 1179648K
  class space    used 16930K, committed 18176K, reserved 1048576K
}
Event: 19.289 GC heap before
{Heap before GC invocations=41 (full 0):
 garbage-first heap   total reserved 2097152K, committed 242688K, used 212568K [0x0000000080000000, 0x0000000100000000)
  region size 1024K, 72 young (73728K), 5 survivors (5120K)
 Metaspace       used 129897K, committed 132544K, reserved 1179648K
  class space    used 17481K, committed 18752K, reserved 1048576K
}
Event: 19.294 GC heap after
{Heap after GC invocations=42 (full 0):
 garbage-first heap   total reserved 2097152K, committed 242688K, used 144407K [0x0000000080000000, 0x0000000100000000)
  region size 1024K, 9 young (9216K), 9 survivors (9216K)
 Metaspace       used 129897K, committed 132544K, reserved 1179648K
  class space    used 17481K, committed 18752K, reserved 1048576K
}
Event: 20.482 GC heap before
{Heap before GC invocations=42 (full 0):
 garbage-first heap   total reserved 2097152K, committed 242688K, used 221207K [0x0000000080000000, 0x0000000100000000)
  region size 1024K, 81 young (82944K), 9 survivors (9216K)
 Metaspace       used 136023K, committed 138688K, reserved 1179648K
  class space    used 18334K, committed 19584K, reserved 1048576K
}
Event: 20.491 GC heap after
{Heap after GC invocations=43 (full 0):
 garbage-first heap   total reserved 2097152K, committed 242688K, used 149772K [0x0000000080000000, 0x0000000100000000)
  region size 1024K, 5 young (5120K), 5 survivors (5120K)
 Metaspace       used 136023K, committed 138688K, reserved 1179648K
  class space    used 18334K, committed 19584K, reserved 1048576K
}
Event: 20.728 GC heap before
{Heap before GC invocations=43 (full 0):
 garbage-first heap   total reserved 2097152K, committed 242688K, used 164108K [0x0000000080000000, 0x0000000100000000)
  region size 1024K, 20 young (20480K), 5 survivors (5120K)
 Metaspace       used 136787K, committed 139456K, reserved 1179648K
  class space    used 18447K, committed 19712K, reserved 1048576K
}
Event: 20.732 GC heap after
{Heap after GC invocations=44 (full 0):
 garbage-first heap   total reserved 2097152K, committed 242688K, used 151383K [0x0000000080000000, 0x0000000100000000)
  region size 1024K, 6 young (6144K), 6 survivors (6144K)
 Metaspace       used 136787K, committed 139456K, reserved 1179648K
  class space    used 18447K, committed 19712K, reserved 1048576K
}
Event: 21.341 GC heap before
{Heap before GC invocations=45 (full 0):
 garbage-first heap   total reserved 2097152K, committed 256000K, used 223063K [0x0000000080000000, 0x0000000100000000)
  region size 1024K, 75 young (76800K), 6 survivors (6144K)
 Metaspace       used 139414K, committed 142016K, reserved 1179648K
  class space    used 18689K, committed 19904K, reserved 1048576K
}
Event: 21.345 GC heap after
{Heap after GC invocations=46 (full 0):
 garbage-first heap   total reserved 2097152K, committed 256000K, used 151923K [0x0000000080000000, 0x0000000100000000)
  region size 1024K, 3 young (3072K), 3 survivors (3072K)
 Metaspace       used 139414K, committed 142016K, reserved 1179648K
  class space    used 18689K, committed 19904K, reserved 1048576K
}
Event: 23.479 GC heap before
{Heap before GC invocations=46 (full 0):
 garbage-first heap   total reserved 2097152K, committed 256000K, used 234867K [0x0000000080000000, 0x0000000100000000)
  region size 1024K, 84 young (86016K), 3 survivors (3072K)
 Metaspace       used 140011K, committed 142656K, reserved 1179648K
  class space    used 18742K, committed 19968K, reserved 1048576K
}
Event: 23.485 GC heap after
{Heap after GC invocations=47 (full 0):
 garbage-first heap   total reserved 2097152K, committed 256000K, used 150988K [0x0000000080000000, 0x0000000100000000)
  region size 1024K, 7 young (7168K), 7 survivors (7168K)
 Metaspace       used 140011K, committed 142656K, reserved 1179648K
  class space    used 18742K, committed 19968K, reserved 1048576K
}
Event: 23.604 GC heap before
{Heap before GC invocations=47 (full 0):
 garbage-first heap   total reserved 2097152K, committed 256000K, used 163276K [0x0000000080000000, 0x0000000100000000)
  region size 1024K, 20 young (20480K), 7 survivors (7168K)
 Metaspace       used 140178K, committed 142848K, reserved 1179648K
  class space    used 18750K, committed 20032K, reserved 1048576K
}
Event: 23.609 GC heap after
{Heap after GC invocations=48 (full 0):
 garbage-first heap   total reserved 2097152K, committed 256000K, used 154120K [0x0000000080000000, 0x0000000100000000)
  region size 1024K, 9 young (9216K), 9 survivors (9216K)
 Metaspace       used 140178K, committed 142848K, reserved 1179648K
  class space    used 18750K, committed 20032K, reserved 1048576K
}
Event: 23.990 GC heap before
{Heap before GC invocations=49 (full 0):
 garbage-first heap   total reserved 2097152K, committed 260096K, used 231944K [0x0000000080000000, 0x0000000100000000)
  region size 1024K, 84 young (86016K), 9 survivors (9216K)
 Metaspace       used 140373K, committed 143040K, reserved 1179648K
  class space    used 18755K, committed 20032K, reserved 1048576K
}
Event: 23.995 GC heap after
{Heap after GC invocations=50 (full 0):
 garbage-first heap   total reserved 2097152K, committed 260096K, used 160878K [0x0000000080000000, 0x0000000100000000)
  region size 1024K, 10 young (10240K), 10 survivors (10240K)
 Metaspace       used 140373K, committed 143040K, reserved 1179648K
  class space    used 18755K, committed 20032K, reserved 1048576K
}
Event: 25.966 GC heap before
{Heap before GC invocations=50 (full 0):
 garbage-first heap   total reserved 2097152K, committed 260096K, used 234606K [0x0000000080000000, 0x0000000100000000)
  region size 1024K, 82 young (83968K), 10 survivors (10240K)
 Metaspace       used 146013K, committed 148672K, reserved 1179648K
  class space    used 19150K, committed 20416K, reserved 1048576K
}
Event: 25.975 GC heap after
{Heap after GC invocations=51 (full 0):
 garbage-first heap   total reserved 2097152K, committed 260096K, used 166285K [0x0000000080000000, 0x0000000100000000)
  region size 1024K, 9 young (9216K), 9 survivors (9216K)
 Metaspace       used 146013K, committed 148672K, reserved 1179648K
  class space    used 19150K, committed 20416K, reserved 1048576K
}
Event: 26.426 GC heap before
{Heap before GC invocations=51 (full 0):
 garbage-first heap   total reserved 2097152K, committed 260096K, used 199053K [0x0000000080000000, 0x0000000100000000)
  region size 1024K, 42 young (43008K), 9 survivors (9216K)
 Metaspace       used 148498K, committed 151168K, reserved 1245184K
  class space    used 19519K, committed 20800K, reserved 1048576K
}
Event: 26.431 GC heap after
{Heap after GC invocations=52 (full 0):
 garbage-first heap   total reserved 2097152K, committed 260096K, used 168474K [0x0000000080000000, 0x0000000100000000)
  region size 1024K, 2 young (2048K), 2 survivors (2048K)
 Metaspace       used 148498K, committed 151168K, reserved 1245184K
  class space    used 19519K, committed 20800K, reserved 1048576K
}

