# JRE version: Java(TM) SE Runtime Environment (23.0.1+11) (build 23.0.1+11-39)
# Java VM: Java HotSpot(TM) 64-Bit Server VM (23.0.1+11-39, mixed mode, sharing, tiered, compressed oops, compressed class ptrs, g1 gc, windows-amd64)
GC Precious Log:
 CardTable entry size: 512
 Card Set container configuration: InlinePtr #cards 4 size 8 Array Of Cards #cards 16 size 48 Howl #buckets 8 coarsen threshold 3686 Howl Bitmap #cards 512 size 80 coarsen threshold 460 Card regions per heap region 1 cards per card region 4096
 CPUs: 16 total, 16 available
 Memory: 14077M
 Large Page Support: Disabled
 NUMA Support: Disabled
 Compressed Oops: Enabled (Zero based)
 Heap Region Size: 2M
 Heap Min Capacity: 8M
 Heap Initial Capacity: 220M
 Heap Max Capacity: 3520M
 Pre-touch: Disabled
 Parallel Workers: 13
 Concurrent Workers: 3
 Concurrent Refinement Workers: 13
 Periodic GC: Disabled
Heap:
 garbage-first heap   total reserved 3604480K, committed 450560K, used 323418K [0x0000000724000000, 0x0000000800000000)
  region size 2048K, 16 young (32768K), 8 survivors (16384K)
 Metaspace       used 79854K, committed 80960K, reserved 1179648K
  class space    used 9102K, committed 9600K, reserved 1048576K
GC Heap History (20 events):
Event: 20.509 GC heap before
{Heap before GC invocations=54 (full 0):
 garbage-first heap   total reserved 3604480K, committed 409600K, used 290467K [0x0000000724000000, 0x0000000800000000)
  region size 2048K, 76 young (155648K), 10 survivors (20480K)
 Metaspace       used 77180K, committed 78208K, reserved 1179648K
  class space    used 8884K, committed 9344K, reserved 1048576K
}
Event: 20.523 GC heap after
{Heap after GC invocations=55 (full 0):
 garbage-first heap   total reserved 3604480K, committed 409600K, used 170132K [0x0000000724000000, 0x0000000800000000)
  region size 2048K, 10 young (20480K), 10 survivors (20480K)
 Metaspace       used 77180K, committed 78208K, reserved 1179648K
  class space    used 8884K, committed 9344K, reserved 1048576K
}
Event: 21.831 GC heap before
{Heap before GC invocations=55 (full 0):
 garbage-first heap   total reserved 3604480K, committed 409600K, used 313492K [0x0000000724000000, 0x0000000800000000)
  region size 2048K, 79 young (161792K), 10 survivors (20480K)
 Metaspace       used 78622K, committed 79680K, reserved 1179648K
  class space    used 9025K, committed 9536K, reserved 1048576K
}
Event: 21.845 GC heap after
{Heap after GC invocations=56 (full 0):
 garbage-first heap   total reserved 3604480K, committed 409600K, used 192512K [0x0000000724000000, 0x0000000800000000)
  region size 2048K, 10 young (20480K), 10 survivors (20480K)
 Metaspace       used 78622K, committed 79680K, reserved 1179648K
  class space    used 9025K, committed 9536K, reserved 1048576K
}
Event: 22.402 GC heap before
{Heap before GC invocations=56 (full 0):
 garbage-first heap   total reserved 3604480K, committed 409600K, used 335872K [0x0000000724000000, 0x0000000800000000)
  region size 2048K, 77 young (157696K), 10 survivors (20480K)
 Metaspace       used 78851K, committed 79872K, reserved 1179648K
  class space    used 9040K, committed 9536K, reserved 1048576K
}
Event: 22.415 GC heap after
{Heap after GC invocations=57 (full 0):
 garbage-first heap   total reserved 3604480K, committed 409600K, used 213074K [0x0000000724000000, 0x0000000800000000)
  region size 2048K, 10 young (20480K), 10 survivors (20480K)
 Metaspace       used 78851K, committed 79872K, reserved 1179648K
  class space    used 9040K, committed 9536K, reserved 1048576K
}
Event: 22.671 GC heap before
{Heap before GC invocations=57 (full 0):
 garbage-first heap   total reserved 3604480K, committed 409600K, used 342098K [0x0000000724000000, 0x0000000800000000)
  region size 2048K, 72 young (147456K), 10 survivors (20480K)
 Metaspace       used 78859K, committed 79936K, reserved 1179648K
  class space    used 9041K, committed 9536K, reserved 1048576K
}
Event: 22.682 GC heap after
{Heap after GC invocations=58 (full 0):
 garbage-first heap   total reserved 3604480K, committed 409600K, used 232016K [0x0000000724000000, 0x0000000800000000)
  region size 2048K, 9 young (18432K), 9 survivors (18432K)
 Metaspace       used 78859K, committed 79936K, reserved 1179648K
  class space    used 9041K, committed 9536K, reserved 1048576K
}
Event: 25.657 GC heap before
{Heap before GC invocations=59 (full 0):
 garbage-first heap   total reserved 3604480K, committed 409600K, used 352848K [0x0000000724000000, 0x0000000800000000)
  region size 2048K, 68 young (139264K), 9 survivors (18432K)
 Metaspace       used 79343K, committed 80384K, reserved 1179648K
  class space    used 9069K, committed 9536K, reserved 1048576K
}
Event: 25.668 GC heap after
{Heap after GC invocations=60 (full 0):
 garbage-first heap   total reserved 3604480K, committed 409600K, used 245284K [0x0000000724000000, 0x0000000800000000)
  region size 2048K, 7 young (14336K), 7 survivors (14336K)
 Metaspace       used 79343K, committed 80384K, reserved 1179648K
  class space    used 9069K, committed 9536K, reserved 1048576K
}
Event: 26.949 GC heap before
{Heap before GC invocations=60 (full 0):
 garbage-first heap   total reserved 3604480K, committed 409600K, used 359972K [0x0000000724000000, 0x0000000800000000)
  region size 2048K, 63 young (129024K), 7 survivors (14336K)
 Metaspace       used 79506K, committed 80576K, reserved 1179648K
  class space    used 9078K, committed 9600K, reserved 1048576K
}
Event: 26.962 GC heap after
{Heap after GC invocations=61 (full 0):
 garbage-first heap   total reserved 3604480K, committed 409600K, used 255550K [0x0000000724000000, 0x0000000800000000)
  region size 2048K, 7 young (14336K), 7 survivors (14336K)
 Metaspace       used 79506K, committed 80576K, reserved 1179648K
  class space    used 9078K, committed 9600K, reserved 1048576K
}
Event: 27.216 GC heap before
{Heap before GC invocations=61 (full 0):
 garbage-first heap   total reserved 3604480K, committed 409600K, used 364094K [0x0000000724000000, 0x0000000800000000)
  region size 2048K, 60 young (122880K), 7 survivors (14336K)
 Metaspace       used 79524K, committed 80576K, reserved 1179648K
  class space    used 9078K, committed 9600K, reserved 1048576K
}
Event: 27.225 GC heap after
{Heap after GC invocations=62 (full 0):
 garbage-first heap   total reserved 3604480K, committed 409600K, used 268280K [0x0000000724000000, 0x0000000800000000)
  region size 2048K, 7 young (14336K), 7 survivors (14336K)
 Metaspace       used 79524K, committed 80576K, reserved 1179648K
  class space    used 9078K, committed 9600K, reserved 1048576K
}
Event: 27.465 GC heap before
{Heap before GC invocations=63 (full 0):
 garbage-first heap   total reserved 3604480K, committed 450560K, used 370680K [0x0000000724000000, 0x0000000800000000)
  region size 2048K, 57 young (116736K), 7 survivors (14336K)
 Metaspace       used 79532K, committed 80576K, reserved 1179648K
  class space    used 9079K, committed 9600K, reserved 1048576K
}
Event: 27.473 GC heap after
{Heap after GC invocations=64 (full 0):
 garbage-first heap   total reserved 3604480K, committed 450560K, used 280754K [0x0000000724000000, 0x0000000800000000)
  region size 2048K, 6 young (12288K), 6 survivors (12288K)
 Metaspace       used 79532K, committed 80576K, reserved 1179648K
  class space    used 9079K, committed 9600K, reserved 1048576K
}
Event: 28.473 GC heap before
{Heap before GC invocations=64 (full 0):
 garbage-first heap   total reserved 3604480K, committed 450560K, used 403634K [0x0000000724000000, 0x0000000800000000)
  region size 2048K, 66 young (135168K), 6 survivors (12288K)
 Metaspace       used 79751K, committed 80768K, reserved 1179648K
  class space    used 9094K, committed 9600K, reserved 1048576K
}
Event: 28.486 GC heap after
{Heap after GC invocations=65 (full 0):
 garbage-first heap   total reserved 3604480K, committed 450560K, used 294755K [0x0000000724000000, 0x0000000800000000)
  region size 2048K, 9 young (18432K), 9 survivors (18432K)
 Metaspace       used 79751K, committed 80768K, reserved 1179648K
  class space    used 9094K, committed 9600K, reserved 1048576K
}
Event: 28.762 GC heap before
{Heap before GC invocations=65 (full 0):
 garbage-first heap   total reserved 3604480K, committed 450560K, used 407395K [0x0000000724000000, 0x0000000800000000)
  region size 2048K, 64 young (131072K), 9 survivors (18432K)
 Metaspace       used 79784K, committed 80832K, reserved 1179648K
  class space    used 9098K, committed 9600K, reserved 1048576K
}
Event: 28.773 GC heap after
{Heap after GC invocations=66 (full 0):
 garbage-first heap   total reserved 3604480K, committed 450560K, used 309082K [0x0000000724000000, 0x0000000800000000)
  region size 2048K, 8 young (16384K), 8 survivors (16384K)
 Metaspace       used 79784K, committed 80832K, reserved 1179648K
  class space    used 9098K, committed 9600K, reserved 1048576K
}

