# JRE version: Java(TM) SE Runtime Environment (23.0.1+11) (build 23.0.1+11-39)
# Java VM: Java HotSpot(TM) 64-Bit Server VM (23.0.1+11-39, mixed mode, sharing, tiered, compressed oops, compressed class ptrs, g1 gc, windows-amd64)
GC Precious Log:
 CardTable entry size: 512
 Card Set container configuration: InlinePtr #cards 4 size 8 Array Of Cards #cards 16 size 48 Howl #buckets 8 coarsen threshold 3686 Howl Bitmap #cards 512 size 80 coarsen threshold 460 Card regions per heap region 1 cards per card region 4096
 CPUs: 16 total, 16 available
 Memory: 14077M
 Large Page Support: Disabled
 NUMA Support: Disabled
 Compressed Oops: Enabled (Zero based)
 Heap Region Size: 2M
 Heap Min Capacity: 8M
 Heap Initial Capacity: 220M
 Heap Max Capacity: 3520M
 Pre-touch: Disabled
 Parallel Workers: 13
 Concurrent Workers: 3
 Concurrent Refinement Workers: 13
 Periodic GC: Disabled
Heap:
 garbage-first heap   total reserved 3604480K, committed 249856K, used 161447K [0x0000000724000000, 0x0000000800000000)
  region size 2048K, 1 young (2048K), 1 survivors (2048K)
 Metaspace       used 77004K, committed 78016K, reserved 1179648K
  class space    used 8876K, committed 9344K, reserved 1048576K
GC Heap History (20 events):
Event: 14.496 GC heap after
{Heap after GC invocations=46 (full 0):
 garbage-first heap   total reserved 3604480K, committed 169984K, used 101465K [0x0000000724000000, 0x0000000800000000)
  region size 2048K, 3 young (6144K), 3 survivors (6144K)
 Metaspace       used 73878K, committed 74880K, reserved 1179648K
  class space    used 8769K, committed 9216K, reserved 1048576K
}
Event: 14.502 GC heap before
{Heap before GC invocations=46 (full 0):
 garbage-first heap   total reserved 3604480K, committed 169984K, used 103513K [0x0000000724000000, 0x0000000800000000)
  region size 2048K, 5 young (10240K), 3 survivors (6144K)
 Metaspace       used 73878K, committed 74880K, reserved 1179648K
  class space    used 8769K, committed 9216K, reserved 1048576K
}
Event: 14.504 GC heap after
{Heap after GC invocations=47 (full 0):
 garbage-first heap   total reserved 3604480K, committed 169984K, used 101909K [0x0000000724000000, 0x0000000800000000)
  region size 2048K, 1 young (2048K), 1 survivors (2048K)
 Metaspace       used 73878K, committed 74880K, reserved 1179648K
  class space    used 8769K, committed 9216K, reserved 1048576K
}
Event: 14.606 GC heap before
{Heap before GC invocations=48 (full 0):
 garbage-first heap   total reserved 3604480K, committed 178176K, used 146965K [0x0000000724000000, 0x0000000800000000)
  region size 2048K, 22 young (45056K), 1 survivors (2048K)
 Metaspace       used 73902K, committed 74880K, reserved 1179648K
  class space    used 8769K, committed 9216K, reserved 1048576K
}
Event: 14.609 GC heap after
{Heap after GC invocations=49 (full 0):
 garbage-first heap   total reserved 3604480K, committed 178176K, used 107044K [0x0000000724000000, 0x0000000800000000)
  region size 2048K, 3 young (6144K), 3 survivors (6144K)
 Metaspace       used 73902K, committed 74880K, reserved 1179648K
  class space    used 8769K, committed 9216K, reserved 1048576K
}
Event: 14.814 GC heap before
{Heap before GC invocations=49 (full 0):
 garbage-first heap   total reserved 3604480K, committed 178176K, used 154148K [0x0000000724000000, 0x0000000800000000)
  region size 2048K, 26 young (53248K), 3 survivors (6144K)
 Metaspace       used 74188K, committed 75200K, reserved 1179648K
  class space    used 8775K, committed 9216K, reserved 1048576K
}
Event: 14.819 GC heap after
{Heap after GC invocations=50 (full 0):
 garbage-first heap   total reserved 3604480K, committed 178176K, used 116723K [0x0000000724000000, 0x0000000800000000)
  region size 2048K, 4 young (8192K), 4 survivors (8192K)
 Metaspace       used 74188K, committed 75200K, reserved 1179648K
  class space    used 8775K, committed 9216K, reserved 1048576K
}
Event: 15.346 GC heap before
{Heap before GC invocations=50 (full 0):
 garbage-first heap   total reserved 3604480K, committed 178176K, used 155635K [0x0000000724000000, 0x0000000800000000)
  region size 2048K, 23 young (47104K), 4 survivors (8192K)
 Metaspace       used 74942K, committed 75968K, reserved 1179648K
  class space    used 8822K, committed 9280K, reserved 1048576K
}
Event: 15.354 GC heap after
{Heap after GC invocations=51 (full 0):
 garbage-first heap   total reserved 3604480K, committed 178176K, used 119535K [0x0000000724000000, 0x0000000800000000)
  region size 2048K, 2 young (4096K), 2 survivors (4096K)
 Metaspace       used 74942K, committed 75968K, reserved 1179648K
  class space    used 8822K, committed 9280K, reserved 1048576K
}
Event: 15.924 GC heap before
{Heap before GC invocations=51 (full 0):
 garbage-first heap   total reserved 3604480K, committed 178176K, used 144111K [0x0000000724000000, 0x0000000800000000)
  region size 2048K, 15 young (30720K), 2 survivors (4096K)
 Metaspace       used 75378K, committed 76352K, reserved 1179648K
  class space    used 8836K, committed 9280K, reserved 1048576K
}
Event: 15.927 GC heap after
{Heap after GC invocations=52 (full 0):
 garbage-first heap   total reserved 3604480K, committed 227328K, used 123589K [0x0000000724000000, 0x0000000800000000)
  region size 2048K, 2 young (4096K), 2 survivors (4096K)
 Metaspace       used 75378K, committed 76352K, reserved 1179648K
  class space    used 8836K, committed 9280K, reserved 1048576K
}
Event: 16.271 GC heap before
{Heap before GC invocations=53 (full 0):
 garbage-first heap   total reserved 3604480K, committed 227328K, used 197317K [0x0000000724000000, 0x0000000800000000)
  region size 2048K, 36 young (73728K), 2 survivors (4096K)
 Metaspace       used 75720K, committed 76672K, reserved 1179648K
  class space    used 8837K, committed 9280K, reserved 1048576K
}
Event: 16.278 GC heap after
{Heap after GC invocations=54 (full 0):
 garbage-first heap   total reserved 3604480K, committed 227328K, used 132975K [0x0000000724000000, 0x0000000800000000)
  region size 2048K, 5 young (10240K), 5 survivors (10240K)
 Metaspace       used 75720K, committed 76672K, reserved 1179648K
  class space    used 8837K, committed 9280K, reserved 1048576K
}
Event: 16.507 GC heap before
{Heap before GC invocations=54 (full 0):
 garbage-first heap   total reserved 3604480K, committed 227328K, used 194415K [0x0000000724000000, 0x0000000800000000)
  region size 2048K, 35 young (71680K), 5 survivors (10240K)
 Metaspace       used 75930K, committed 76864K, reserved 1179648K
  class space    used 8841K, committed 9280K, reserved 1048576K
}
Event: 16.516 GC heap after
{Heap after GC invocations=55 (full 0):
 garbage-first heap   total reserved 3604480K, committed 227328K, used 138454K [0x0000000724000000, 0x0000000800000000)
  region size 2048K, 4 young (8192K), 4 survivors (8192K)
 Metaspace       used 75930K, committed 76864K, reserved 1179648K
  class space    used 8841K, committed 9280K, reserved 1048576K
}
Event: 17.981 GC heap before
{Heap before GC invocations=55 (full 0):
 garbage-first heap   total reserved 3604480K, committed 227328K, used 191702K [0x0000000724000000, 0x0000000800000000)
  region size 2048K, 31 young (63488K), 4 survivors (8192K)
 Metaspace       used 76712K, committed 77760K, reserved 1179648K
  class space    used 8864K, committed 9344K, reserved 1048576K
}
Event: 17.987 GC heap after
{Heap after GC invocations=56 (full 0):
 garbage-first heap   total reserved 3604480K, committed 227328K, used 145362K [0x0000000724000000, 0x0000000800000000)
  region size 2048K, 4 young (8192K), 4 survivors (8192K)
 Metaspace       used 76712K, committed 77760K, reserved 1179648K
  class space    used 8864K, committed 9344K, reserved 1048576K
}
Event: 18.214 GC heap before
{Heap before GC invocations=57 (full 0):
 garbage-first heap   total reserved 3604480K, committed 249856K, used 204754K [0x0000000724000000, 0x0000000800000000)
  region size 2048K, 32 young (65536K), 4 survivors (8192K)
 Metaspace       used 76826K, committed 77888K, reserved 1179648K
  class space    used 8865K, committed 9344K, reserved 1048576K
}
Event: 18.221 GC heap after
{Heap after GC invocations=58 (full 0):
 garbage-first heap   total reserved 3604480K, committed 249856K, used 155894K [0x0000000724000000, 0x0000000800000000)
  region size 2048K, 4 young (8192K), 4 survivors (8192K)
 Metaspace       used 76826K, committed 77888K, reserved 1179648K
  class space    used 8865K, committed 9344K, reserved 1048576K
}
Event: 18.563 GC heap before
{Heap before GC invocations=58 (full 0):
 garbage-first heap   total reserved 3604480K, committed 249856K, used 221430K [0x0000000724000000, 0x0000000800000000)
  region size 2048K, 36 young (73728K), 4 survivors (8192K)
 Metaspace       used 76958K, committed 78016K, reserved 1179648K
  class space    used 8871K, committed 9344K, reserved 1048576K
}

