# JRE version: Java(TM) SE Runtime Environment (23.0.1+11) (build 23.0.1+11-39)
# Java VM: Java HotSpot(TM) 64-Bit Server VM (23.0.1+11-39, mixed mode, sharing, tiered, compressed oops, compressed class ptrs, g1 gc, windows-amd64)
GC Precious Log:
 CardTable entry size: 512
 Card Set container configuration: InlinePtr #cards 4 size 8 Array Of Cards #cards 16 size 48 Howl #buckets 8 coarsen threshold 3686 Howl Bitmap #cards 512 size 80 coarsen threshold 460 Card regions per heap region 1 cards per card region 4096
 CPUs: 16 total, 16 available
 Memory: 14077M
 Large Page Support: Disabled
 NUMA Support: Disabled
 Compressed Oops: Enabled (Zero based)
 Heap Region Size: 2M
 Heap Min Capacity: 8M
 Heap Initial Capacity: 220M
 Heap Max Capacity: 3520M
 Pre-touch: Disabled
 Parallel Workers: 13
 Concurrent Workers: 3
 Concurrent Refinement Workers: 13
 Periodic GC: Disabled
Heap:
 garbage-first heap   total reserved 3604480K, committed 92160K, used 61885K [0x0000000724000000, 0x0000000800000000)
  region size 2048K, 1 young (2048K), 1 survivors (2048K)
 Metaspace       used 66165K, committed 67072K, reserved 1114112K
  class space    used 8100K, committed 8512K, reserved 1048576K
GC Heap History (20 events):
Event: 5.809 GC heap after
{Heap after GC invocations=19 (full 0):
 garbage-first heap   total reserved 3604480K, committed 83968K, used 21132K [0x0000000724000000, 0x0000000800000000)
  region size 2048K, 1 young (2048K), 1 survivors (2048K)
 Metaspace       used 33436K, committed 33856K, reserved 1114112K
  class space    used 3829K, committed 4032K, reserved 1048576K
}
Event: 6.124 GC heap before
{Heap before GC invocations=19 (full 0):
 garbage-first heap   total reserved 3604480K, committed 83968K, used 68236K [0x0000000724000000, 0x0000000800000000)
  region size 2048K, 24 young (49152K), 1 survivors (2048K)
 Metaspace       used 33436K, committed 33856K, reserved 1114112K
  class space    used 3829K, committed 4032K, reserved 1048576K
}
Event: 6.125 GC heap after
{Heap after GC invocations=20 (full 0):
 garbage-first heap   total reserved 3604480K, committed 83968K, used 21138K [0x0000000724000000, 0x0000000800000000)
  region size 2048K, 1 young (2048K), 1 survivors (2048K)
 Metaspace       used 33436K, committed 33856K, reserved 1114112K
  class space    used 3829K, committed 4032K, reserved 1048576K
}
Event: 6.533 GC heap before
{Heap before GC invocations=20 (full 0):
 garbage-first heap   total reserved 3604480K, committed 83968K, used 66194K [0x0000000724000000, 0x0000000800000000)
  region size 2048K, 23 young (47104K), 1 survivors (2048K)
 Metaspace       used 35776K, committed 36160K, reserved 1114112K
  class space    used 4140K, committed 4288K, reserved 1048576K
}
Event: 6.538 GC heap after
{Heap after GC invocations=21 (full 0):
 garbage-first heap   total reserved 3604480K, committed 83968K, used 30938K [0x0000000724000000, 0x0000000800000000)
  region size 2048K, 3 young (6144K), 3 survivors (6144K)
 Metaspace       used 35776K, committed 36160K, reserved 1114112K
  class space    used 4140K, committed 4288K, reserved 1048576K
}
Event: 7.222 GC heap before
{Heap before GC invocations=22 (full 0):
 garbage-first heap   total reserved 3604480K, committed 83968K, used 69850K [0x0000000724000000, 0x0000000800000000)
  region size 2048K, 22 young (45056K), 3 survivors (6144K)
 Metaspace       used 42997K, committed 43456K, reserved 1114112K
  class space    used 5386K, committed 5568K, reserved 1048576K
}
Event: 7.227 GC heap after
{Heap after GC invocations=23 (full 0):
 garbage-first heap   total reserved 3604480K, committed 86016K, used 36702K [0x0000000724000000, 0x0000000800000000)
  region size 2048K, 3 young (6144K), 3 survivors (6144K)
 Metaspace       used 42997K, committed 43456K, reserved 1114112K
  class space    used 5386K, committed 5568K, reserved 1048576K
}
Event: 8.741 GC heap before
{Heap before GC invocations=23 (full 0):
 garbage-first heap   total reserved 3604480K, committed 86016K, used 71518K [0x0000000724000000, 0x0000000800000000)
  region size 2048K, 20 young (40960K), 3 survivors (6144K)
 Metaspace       used 48921K, committed 49664K, reserved 1114112K
  class space    used 6022K, committed 6336K, reserved 1048576K
}
Event: 8.745 GC heap after
{Heap after GC invocations=24 (full 0):
 garbage-first heap   total reserved 3604480K, committed 86016K, used 39844K [0x0000000724000000, 0x0000000800000000)
  region size 2048K, 2 young (4096K), 2 survivors (4096K)
 Metaspace       used 48921K, committed 49664K, reserved 1114112K
  class space    used 6022K, committed 6336K, reserved 1048576K
}
Event: 9.225 GC heap before
{Heap before GC invocations=24 (full 0):
 garbage-first heap   total reserved 3604480K, committed 86016K, used 68516K [0x0000000724000000, 0x0000000800000000)
  region size 2048K, 16 young (32768K), 2 survivors (4096K)
 Metaspace       used 52573K, committed 53504K, reserved 1114112K
  class space    used 6465K, committed 6848K, reserved 1048576K
}
Event: 9.229 GC heap after
{Heap after GC invocations=25 (full 0):
 garbage-first heap   total reserved 3604480K, committed 86016K, used 45570K [0x0000000724000000, 0x0000000800000000)
  region size 2048K, 3 young (6144K), 3 survivors (6144K)
 Metaspace       used 52573K, committed 53504K, reserved 1114112K
  class space    used 6465K, committed 6848K, reserved 1048576K
}
Event: 9.575 GC heap before
{Heap before GC invocations=26 (full 0):
 garbage-first heap   total reserved 3604480K, committed 86016K, used 72194K [0x0000000724000000, 0x0000000800000000)
  region size 2048K, 16 young (32768K), 3 survivors (6144K)
 Metaspace       used 55421K, committed 56320K, reserved 1114112K
  class space    used 6830K, committed 7232K, reserved 1048576K
}
Event: 9.578 GC heap after
{Heap after GC invocations=27 (full 0):
 garbage-first heap   total reserved 3604480K, committed 86016K, used 49947K [0x0000000724000000, 0x0000000800000000)
  region size 2048K, 2 young (4096K), 2 survivors (4096K)
 Metaspace       used 55421K, committed 56320K, reserved 1114112K
  class space    used 6830K, committed 7232K, reserved 1048576K
}
Event: 9.713 GC heap before
{Heap before GC invocations=27 (full 0):
 garbage-first heap   total reserved 3604480K, committed 86016K, used 74523K [0x0000000724000000, 0x0000000800000000)
  region size 2048K, 14 young (28672K), 2 survivors (4096K)
 Metaspace       used 56092K, committed 56960K, reserved 1114112K
  class space    used 6891K, committed 7296K, reserved 1048576K
}
Event: 9.716 GC heap after
{Heap after GC invocations=28 (full 0):
 garbage-first heap   total reserved 3604480K, committed 86016K, used 52052K [0x0000000724000000, 0x0000000800000000)
  region size 2048K, 2 young (4096K), 2 survivors (4096K)
 Metaspace       used 56092K, committed 56960K, reserved 1114112K
  class space    used 6891K, committed 7296K, reserved 1048576K
}
Event: 10.114 GC heap before
{Heap before GC invocations=28 (full 0):
 garbage-first heap   total reserved 3604480K, committed 86016K, used 70484K [0x0000000724000000, 0x0000000800000000)
  region size 2048K, 12 young (24576K), 2 survivors (4096K)
 Metaspace       used 58221K, committed 59200K, reserved 1114112K
  class space    used 7137K, committed 7552K, reserved 1048576K
}
Event: 10.116 GC heap after
{Heap after GC invocations=29 (full 0):
 garbage-first heap   total reserved 3604480K, committed 86016K, used 52790K [0x0000000724000000, 0x0000000800000000)
  region size 2048K, 1 young (2048K), 1 survivors (2048K)
 Metaspace       used 58221K, committed 59200K, reserved 1114112K
  class space    used 7137K, committed 7552K, reserved 1048576K
}
Event: 10.818 GC heap before
{Heap before GC invocations=30 (full 0):
 garbage-first heap   total reserved 3604480K, committed 90112K, used 77366K [0x0000000724000000, 0x0000000800000000)
  region size 2048K, 12 young (24576K), 1 survivors (2048K)
 Metaspace       used 63716K, committed 64640K, reserved 1114112K
  class space    used 7889K, committed 8320K, reserved 1048576K
}
Event: 10.821 GC heap after
{Heap after GC invocations=31 (full 0):
 garbage-first heap   total reserved 3604480K, committed 90112K, used 57310K [0x0000000724000000, 0x0000000800000000)
  region size 2048K, 2 young (4096K), 2 survivors (4096K)
 Metaspace       used 63716K, committed 64640K, reserved 1114112K
  class space    used 7889K, committed 8320K, reserved 1048576K
}
Event: 13.384 GC heap before
{Heap before GC invocations=31 (full 0):
 garbage-first heap   total reserved 3604480K, committed 90112K, used 81886K [0x0000000724000000, 0x0000000800000000)
  region size 2048K, 13 young (26624K), 2 survivors (4096K)
 Metaspace       used 66163K, committed 67072K, reserved 1114112K
  class space    used 8100K, committed 8512K, reserved 1048576K
}

