# JRE version: Java(TM) SE Runtime Environment (23.0.1+11) (build 23.0.1+11-39)
# Java VM: Java HotSpot(TM) 64-Bit Server VM (23.0.1+11-39, mixed mode, sharing, tiered, compressed oops, compressed class ptrs, g1 gc, windows-amd64)
GC Precious Log:
 CardTable entry size: 512
 Card Set container configuration: InlinePtr #cards 4 size 8 Array Of Cards #cards 16 size 48 Howl #buckets 8 coarsen threshold 3686 Howl Bitmap #cards 512 size 80 coarsen threshold 460 Card regions per heap region 1 cards per card region 4096
 CPUs: 16 total, 16 available
 Memory: 14077M
 Large Page Support: Disabled
 NUMA Support: Disabled
 Compressed Oops: Enabled (Zero based)
 Heap Region Size: 2M
 Heap Min Capacity: 8M
 Heap Initial Capacity: 220M
 Heap Max Capacity: 3520M
 Pre-touch: Disabled
 Parallel Workers: 13
 Concurrent Workers: 3
 Concurrent Refinement Workers: 13
 Periodic GC: Disabled
Heap:
 garbage-first heap   total reserved 3604480K, committed 962560K, used 732635K [0x0000000724000000, 0x0000000800000000)
  region size 2048K, 85 young (174080K), 15 survivors (30720K)
 Metaspace       used 81553K, committed 82560K, reserved 1179648K
  class space    used 9187K, committed 9664K, reserved 1048576K
GC Heap History (20 events):
Event: 40.803 GC heap before
{Heap before GC invocations=84 (full 0):
 garbage-first heap   total reserved 3604480K, committed 598016K, used 531872K [0x0000000724000000, 0x0000000800000000)
  region size 2048K, 87 young (178176K), 10 survivors (20480K)
 Metaspace       used 80608K, committed 81664K, reserved 1179648K
  class space    used 9143K, committed 9664K, reserved 1048576K
}
Event: 40.822 GC heap after
{Heap after GC invocations=85 (full 0):
 garbage-first heap   total reserved 3604480K, committed 598016K, used 387068K [0x0000000724000000, 0x0000000800000000)
  region size 2048K, 9 young (18432K), 9 survivors (18432K)
 Metaspace       used 80608K, committed 81664K, reserved 1179648K
  class space    used 9143K, committed 9664K, reserved 1048576K
}
Event: 43.874 GC heap before
{Heap before GC invocations=85 (full 0):
 garbage-first heap   total reserved 3604480K, committed 598016K, used 540668K [0x0000000724000000, 0x0000000800000000)
  region size 2048K, 84 young (172032K), 9 survivors (18432K)
 Metaspace       used 80867K, committed 81920K, reserved 1179648K
  class space    used 9161K, committed 9664K, reserved 1048576K
}
Event: 43.889 GC heap after
{Heap after GC invocations=86 (full 0):
 garbage-first heap   total reserved 3604480K, committed 598016K, used 408282K [0x0000000724000000, 0x0000000800000000)
  region size 2048K, 11 young (22528K), 11 survivors (22528K)
 Metaspace       used 80867K, committed 81920K, reserved 1179648K
  class space    used 9161K, committed 9664K, reserved 1048576K
}
Event: 46.259 GC heap before
{Heap before GC invocations=87 (full 0):
 garbage-first heap   total reserved 3604480K, committed 684032K, used 541402K [0x0000000724000000, 0x0000000800000000)
  region size 2048K, 74 young (151552K), 11 survivors (22528K)
 Metaspace       used 80940K, committed 81984K, reserved 1179648K
  class space    used 9161K, committed 9664K, reserved 1048576K
}
Event: 46.272 GC heap after
{Heap after GC invocations=88 (full 0):
 garbage-first heap   total reserved 3604480K, committed 684032K, used 424659K [0x0000000724000000, 0x0000000800000000)
  region size 2048K, 8 young (16384K), 8 survivors (16384K)
 Metaspace       used 80940K, committed 81984K, reserved 1179648K
  class space    used 9161K, committed 9664K, reserved 1048576K
}
Event: 46.555 GC heap before
{Heap before GC invocations=88 (full 0):
 garbage-first heap   total reserved 3604480K, committed 684032K, used 611027K [0x0000000724000000, 0x0000000800000000)
  region size 2048K, 100 young (204800K), 8 survivors (16384K)
 Metaspace       used 80961K, committed 81984K, reserved 1179648K
  class space    used 9161K, committed 9664K, reserved 1048576K
}
Event: 46.574 GC heap after
{Heap after GC invocations=89 (full 0):
 garbage-first heap   total reserved 3604480K, committed 684032K, used 441995K [0x0000000724000000, 0x0000000800000000)
  region size 2048K, 11 young (22528K), 11 survivors (22528K)
 Metaspace       used 80961K, committed 81984K, reserved 1179648K
  class space    used 9161K, committed 9664K, reserved 1048576K
}
Event: 48.470 GC heap before
{Heap before GC invocations=89 (full 0):
 garbage-first heap   total reserved 3604480K, committed 684032K, used 618123K [0x0000000724000000, 0x0000000800000000)
  region size 2048K, 97 young (198656K), 11 survivors (22528K)
 Metaspace       used 81158K, committed 82176K, reserved 1179648K
  class space    used 9164K, committed 9664K, reserved 1048576K
}
Event: 48.486 GC heap after
{Heap after GC invocations=90 (full 0):
 garbage-first heap   total reserved 3604480K, committed 684032K, used 464896K [0x0000000724000000, 0x0000000800000000)
  region size 2048K, 11 young (22528K), 11 survivors (22528K)
 Metaspace       used 81158K, committed 82176K, reserved 1179648K
  class space    used 9164K, committed 9664K, reserved 1048576K
}
Event: 49.251 GC heap before
{Heap before GC invocations=91 (full 0):
 garbage-first heap   total reserved 3604480K, committed 776192K, used 620544K [0x0000000724000000, 0x0000000800000000)
  region size 2048K, 87 young (178176K), 11 survivors (22528K)
 Metaspace       used 81236K, committed 82240K, reserved 1179648K
  class space    used 9177K, committed 9664K, reserved 1048576K
}
Event: 49.265 GC heap after
{Heap after GC invocations=92 (full 0):
 garbage-first heap   total reserved 3604480K, committed 776192K, used 485376K [0x0000000724000000, 0x0000000800000000)
  region size 2048K, 10 young (20480K), 10 survivors (20480K)
 Metaspace       used 81236K, committed 82240K, reserved 1179648K
  class space    used 9177K, committed 9664K, reserved 1048576K
}
Event: 49.795 GC heap before
{Heap before GC invocations=92 (full 0):
 garbage-first heap   total reserved 3604480K, committed 776192K, used 698368K [0x0000000724000000, 0x0000000800000000)
  region size 2048K, 112 young (229376K), 10 survivors (20480K)
 Metaspace       used 81303K, committed 82304K, reserved 1179648K
  class space    used 9180K, committed 9664K, reserved 1048576K
}
Event: 49.821 GC heap after
{Heap after GC invocations=93 (full 0):
 garbage-first heap   total reserved 3604480K, committed 776192K, used 505570K [0x0000000724000000, 0x0000000800000000)
  region size 2048K, 13 young (26624K), 13 survivors (26624K)
 Metaspace       used 81303K, committed 82304K, reserved 1179648K
  class space    used 9180K, committed 9664K, reserved 1048576K
}
Event: 51.948 GC heap before
{Heap before GC invocations=93 (full 0):
 garbage-first heap   total reserved 3604480K, committed 776192K, used 700130K [0x0000000724000000, 0x0000000800000000)
  region size 2048K, 108 young (221184K), 13 survivors (26624K)
 Metaspace       used 81431K, committed 82432K, reserved 1179648K
  class space    used 9184K, committed 9664K, reserved 1048576K
}
Event: 51.966 GC heap after
{Heap after GC invocations=94 (full 0):
 garbage-first heap   total reserved 3604480K, committed 962560K, used 530432K [0x0000000724000000, 0x0000000800000000)
  region size 2048K, 12 young (24576K), 12 survivors (24576K)
 Metaspace       used 81431K, committed 82432K, reserved 1179648K
  class space    used 9184K, committed 9664K, reserved 1048576K
}
Event: 52.829 GC heap before
{Heap before GC invocations=95 (full 0):
 garbage-first heap   total reserved 3604480K, committed 962560K, used 808960K [0x0000000724000000, 0x0000000800000000)
  region size 2048K, 148 young (303104K), 12 survivors (24576K)
 Metaspace       used 81468K, committed 82496K, reserved 1179648K
  class space    used 9185K, committed 9664K, reserved 1048576K
}
Event: 52.857 GC heap after
{Heap after GC invocations=96 (full 0):
 garbage-first heap   total reserved 3604480K, committed 962560K, used 565962K [0x0000000724000000, 0x0000000800000000)
  region size 2048K, 17 young (34816K), 17 survivors (34816K)
 Metaspace       used 81468K, committed 82496K, reserved 1179648K
  class space    used 9185K, committed 9664K, reserved 1048576K
}
Event: 53.726 GC heap before
{Heap before GC invocations=96 (full 0):
 garbage-first heap   total reserved 3604480K, committed 962560K, used 824010K [0x0000000724000000, 0x0000000800000000)
  region size 2048K, 143 young (292864K), 17 survivors (34816K)
 Metaspace       used 81524K, committed 82560K, reserved 1179648K
  class space    used 9187K, committed 9664K, reserved 1048576K
}
Event: 53.747 GC heap after
{Heap after GC invocations=97 (full 0):
 garbage-first heap   total reserved 3604480K, committed 962560K, used 591323K [0x0000000724000000, 0x0000000800000000)
  region size 2048K, 15 young (30720K), 15 survivors (30720K)
 Metaspace       used 81524K, committed 82560K, reserved 1179648K
  class space    used 9187K, committed 9664K, reserved 1048576K
}

