# JRE version: OpenJDK Runtime Environment (21.0.6) (build 21.0.6+-13391695-b895.109)
# Java VM: OpenJDK 64-Bit Server VM (21.0.6+-13391695-b895.109, mixed mode, tiered, compressed oops, compressed class ptrs, g1 gc, windows-amd64)
GC Precious Log:
 CardTable entry size: 512
 Card Set container configuration: InlinePtr #cards 5 size 8 Array Of Cards #cards 12 size 40 Howl #buckets 4 coarsen threshold 1843 Howl Bitmap #cards 512 size 80 coarsen threshold 460 Card regions per heap region 1 cards per card region 2048
 CPUs: 16 total, 16 available
 Memory: 14077M
 Large Page Support: Disabled
 NUMA Support: Disabled
 Compressed Oops: Enabled (32-bit)
 Heap Region Size: 1M
 Heap Min Capacity: 8M
 Heap Initial Capacity: 220M
 Heap Max Capacity: 2G
 Pre-touch: Disabled
 Parallel Workers: 13
 Concurrent Workers: 3
 Concurrent Refinement Workers: 13
 Periodic GC: Disabled
Heap:
 garbage-first heap   total 152576K, used 97184K [0x0000000080000000, 0x0000000100000000)
  region size 1024K, 6 young (6144K), 3 survivors (3072K)
 Metaspace       used 96227K, committed 98304K, reserved 1179648K
  class space    used 12788K, committed 13824K, reserved 1048576K
GC Heap History (20 events):
Event: 5.312 GC heap before
{Heap before GC invocations=22 (full 0):
 garbage-first heap   total 96256K, used 83953K [0x0000000080000000, 0x0000000100000000)
  region size 1024K, 38 young (38912K), 4 survivors (4096K)
 Metaspace       used 67927K, committed 69632K, reserved 1114112K
  class space    used 9180K, committed 9984K, reserved 1048576K
}
Event: 5.314 GC heap after
{Heap after GC invocations=23 (full 0):
 garbage-first heap   total 115712K, used 50682K [0x0000000080000000, 0x0000000100000000)
  region size 1024K, 3 young (3072K), 3 survivors (3072K)
 Metaspace       used 67927K, committed 69632K, reserved 1114112K
  class space    used 9180K, committed 9984K, reserved 1048576K
}
Event: 5.699 GC heap before
{Heap before GC invocations=24 (full 0):
 garbage-first heap   total 115712K, used 114170K [0x0000000080000000, 0x0000000100000000)
  region size 1024K, 52 young (53248K), 3 survivors (3072K)
 Metaspace       used 69877K, committed 71616K, reserved 1114112K
  class space    used 9439K, committed 10304K, reserved 1048576K
}
Event: 5.704 GC heap after
{Heap after GC invocations=25 (full 0):
 garbage-first heap   total 126976K, used 72059K [0x0000000080000000, 0x0000000100000000)
  region size 1024K, 7 young (7168K), 7 survivors (7168K)
 Metaspace       used 69877K, committed 71616K, reserved 1114112K
  class space    used 9439K, committed 10304K, reserved 1048576K
}
Event: 5.991 GC heap before
{Heap before GC invocations=25 (full 0):
 garbage-first heap   total 126976K, used 108923K [0x0000000080000000, 0x0000000100000000)
  region size 1024K, 44 young (45056K), 7 survivors (7168K)
 Metaspace       used 73644K, committed 75456K, reserved 1114112K
  class space    used 9868K, committed 10752K, reserved 1048576K
}
Event: 5.994 GC heap after
{Heap after GC invocations=26 (full 0):
 garbage-first heap   total 126976K, used 72796K [0x0000000080000000, 0x0000000100000000)
  region size 1024K, 2 young (2048K), 2 survivors (2048K)
 Metaspace       used 73644K, committed 75456K, reserved 1114112K
  class space    used 9868K, committed 10752K, reserved 1048576K
}
Event: 6.305 GC heap before
{Heap before GC invocations=26 (full 0):
 garbage-first heap   total 126976K, used 111708K [0x0000000080000000, 0x0000000100000000)
  region size 1024K, 40 young (40960K), 2 survivors (2048K)
 Metaspace       used 78118K, committed 79936K, reserved 1179648K
  class space    used 10394K, committed 11264K, reserved 1048576K
}
Event: 6.307 GC heap after
{Heap after GC invocations=27 (full 0):
 garbage-first heap   total 126976K, used 73855K [0x0000000080000000, 0x0000000100000000)
  region size 1024K, 3 young (3072K), 3 survivors (3072K)
 Metaspace       used 78118K, committed 79936K, reserved 1179648K
  class space    used 10394K, committed 11264K, reserved 1048576K
}
Event: 6.588 GC heap before
{Heap before GC invocations=28 (full 0):
 garbage-first heap   total 126976K, used 117887K [0x0000000080000000, 0x0000000100000000)
  region size 1024K, 42 young (43008K), 3 survivors (3072K)
 Metaspace       used 81389K, committed 83264K, reserved 1179648K
  class space    used 10852K, committed 11776K, reserved 1048576K
}
Event: 6.591 GC heap after
{Heap after GC invocations=29 (full 0):
 garbage-first heap   total 126976K, used 79377K [0x0000000080000000, 0x0000000100000000)
  region size 1024K, 6 young (6144K), 6 survivors (6144K)
 Metaspace       used 81389K, committed 83264K, reserved 1179648K
  class space    used 10852K, committed 11776K, reserved 1048576K
}
Event: 6.837 GC heap before
{Heap before GC invocations=29 (full 0):
 garbage-first heap   total 126976K, used 113169K [0x0000000080000000, 0x0000000100000000)
  region size 1024K, 39 young (39936K), 6 survivors (6144K)
 Metaspace       used 83953K, committed 85824K, reserved 1179648K
  class space    used 11174K, committed 12096K, reserved 1048576K
}
Event: 6.840 GC heap after
{Heap after GC invocations=30 (full 0):
 garbage-first heap   total 126976K, used 81608K [0x0000000080000000, 0x0000000100000000)
  region size 1024K, 3 young (3072K), 3 survivors (3072K)
 Metaspace       used 83953K, committed 85824K, reserved 1179648K
  class space    used 11174K, committed 12096K, reserved 1048576K
}
Event: 7.135 GC heap before
{Heap before GC invocations=30 (full 0):
 garbage-first heap   total 126976K, used 115400K [0x0000000080000000, 0x0000000100000000)
  region size 1024K, 36 young (36864K), 3 survivors (3072K)
 Metaspace       used 87821K, committed 89728K, reserved 1179648K
  class space    used 11653K, committed 12608K, reserved 1048576K
}
Event: 7.138 GC heap after
{Heap after GC invocations=31 (full 0):
 garbage-first heap   total 152576K, used 82472K [0x0000000080000000, 0x0000000100000000)
  region size 1024K, 4 young (4096K), 4 survivors (4096K)
 Metaspace       used 87821K, committed 89728K, reserved 1179648K
  class space    used 11653K, committed 12608K, reserved 1048576K
}
Event: 7.825 GC heap before
{Heap before GC invocations=32 (full 0):
 garbage-first heap   total 152576K, used 141864K [0x0000000080000000, 0x0000000100000000)
  region size 1024K, 59 young (60416K), 4 survivors (4096K)
 Metaspace       used 91909K, committed 93888K, reserved 1179648K
  class space    used 12221K, committed 13248K, reserved 1048576K
}
Event: 7.829 GC heap after
{Heap after GC invocations=33 (full 0):
 garbage-first heap   total 152576K, used 88561K [0x0000000080000000, 0x0000000100000000)
  region size 1024K, 7 young (7168K), 7 survivors (7168K)
 Metaspace       used 91909K, committed 93888K, reserved 1179648K
  class space    used 12221K, committed 13248K, reserved 1048576K
}
Event: 8.236 GC heap before
{Heap before GC invocations=33 (full 0):
 garbage-first heap   total 152576K, used 135665K [0x0000000080000000, 0x0000000100000000)
  region size 1024K, 53 young (54272K), 7 survivors (7168K)
 Metaspace       used 92827K, committed 94784K, reserved 1179648K
  class space    used 12338K, committed 13376K, reserved 1048576K
}
Event: 8.241 GC heap after
{Heap after GC invocations=34 (full 0):
 garbage-first heap   total 152576K, used 91713K [0x0000000080000000, 0x0000000100000000)
  region size 1024K, 7 young (7168K), 7 survivors (7168K)
 Metaspace       used 92827K, committed 94784K, reserved 1179648K
  class space    used 12338K, committed 13376K, reserved 1048576K
}
Event: 8.789 GC heap before
{Heap before GC invocations=34 (full 0):
 garbage-first heap   total 152576K, used 131649K [0x0000000080000000, 0x0000000100000000)
  region size 1024K, 47 young (48128K), 7 survivors (7168K)
 Metaspace       used 95994K, committed 98048K, reserved 1179648K
  class space    used 12763K, committed 13824K, reserved 1048576K
}
Event: 8.793 GC heap after
{Heap after GC invocations=35 (full 0):
 garbage-first heap   total 152576K, used 94112K [0x0000000080000000, 0x0000000100000000)
  region size 1024K, 3 young (3072K), 3 survivors (3072K)
 Metaspace       used 95994K, committed 98048K, reserved 1179648K
  class space    used 12763K, committed 13824K, reserved 1048576K
}

