# JRE version: Java(TM) SE Runtime Environment (23.0.1+11) (build 23.0.1+11-39)
# Java VM: Java HotSpot(TM) 64-Bit Server VM (23.0.1+11-39, mixed mode, sharing, tiered, compressed oops, compressed class ptrs, g1 gc, windows-amd64)
GC Precious Log:
 CardTable entry size: 512
 Card Set container configuration: InlinePtr #cards 5 size 8 Array Of Cards #cards 10 size 36 Howl #buckets 4 coarsen threshold 1843 Howl Bitmap #cards 512 size 80 coarsen threshold 460 Card regions per heap region 1 cards per card region 2048
 CPUs: 16 total, 16 available
 Memory: 15613M
 Large Page Support: Disabled
 NUMA Support: Disabled
 Compressed Oops: Enabled (32-bit)
 Heap Region Size: 1M
 Heap Min Capacity: 8M
 Heap Initial Capacity: 244M
 Heap Max Capacity: 2G
 Pre-touch: Disabled
 Parallel Workers: 13
 Concurrent Workers: 3
 Concurrent Refinement Workers: 13
 Periodic GC: Disabled
Heap:
 garbage-first heap   total reserved 2097152K, committed 261120K, used 233752K [0x0000000080000000, 0x0000000100000000)
  region size 1024K, 84 young (86016K), 11 survivors (11264K)
 Metaspace       used 149252K, committed 151936K, reserved 1245184K
  class space    used 19583K, committed 20864K, reserved 1048576K
GC Heap History (20 events):
Event: 39.551 GC heap before
{Heap before GC invocations=52 (full 0):
 garbage-first heap   total reserved 2097152K, committed 199680K, used 177324K [0x0000000080000000, 0x0000000100000000)
  region size 1024K, 47 young (48128K), 7 survivors (7168K)
 Metaspace       used 123354K, committed 125760K, reserved 1179648K
  class space    used 16408K, committed 17536K, reserved 1048576K
}
Event: 39.558 GC heap after
{Heap after GC invocations=53 (full 0):
 garbage-first heap   total reserved 2097152K, committed 199680K, used 131557K [0x0000000080000000, 0x0000000100000000)
  region size 1024K, 4 young (4096K), 4 survivors (4096K)
 Metaspace       used 123354K, committed 125760K, reserved 1179648K
  class space    used 16408K, committed 17536K, reserved 1048576K
}
Event: 40.125 GC heap before
{Heap before GC invocations=53 (full 0):
 garbage-first heap   total reserved 2097152K, committed 199680K, used 146917K [0x0000000080000000, 0x0000000100000000)
  region size 1024K, 20 young (20480K), 4 survivors (4096K)
 Metaspace       used 123682K, committed 126080K, reserved 1179648K
  class space    used 16416K, committed 17536K, reserved 1048576K
}
Event: 40.128 GC heap after
{Heap after GC invocations=54 (full 0):
 garbage-first heap   total reserved 2097152K, committed 199680K, used 134664K [0x0000000080000000, 0x0000000100000000)
  region size 1024K, 7 young (7168K), 7 survivors (7168K)
 Metaspace       used 123682K, committed 126080K, reserved 1179648K
  class space    used 16416K, committed 17536K, reserved 1048576K
}
Event: 40.787 GC heap before
{Heap before GC invocations=55 (full 0):
 garbage-first heap   total reserved 2097152K, committed 234496K, used 184840K [0x0000000080000000, 0x0000000100000000)
  region size 1024K, 49 young (50176K), 7 survivors (7168K)
 Metaspace       used 126509K, committed 128960K, reserved 1179648K
  class space    used 16758K, committed 17920K, reserved 1048576K
}
Event: 40.791 GC heap after
{Heap after GC invocations=56 (full 0):
 garbage-first heap   total reserved 2097152K, committed 234496K, used 146334K [0x0000000080000000, 0x0000000100000000)
  region size 1024K, 7 young (7168K), 7 survivors (7168K)
 Metaspace       used 126509K, committed 128960K, reserved 1179648K
  class space    used 16758K, committed 17920K, reserved 1048576K
}
Event: 41.825 GC heap before
{Heap before GC invocations=56 (full 0):
 garbage-first heap   total reserved 2097152K, committed 234496K, used 204702K [0x0000000080000000, 0x0000000100000000)
  region size 1024K, 64 young (65536K), 7 survivors (7168K)
 Metaspace       used 133451K, committed 136064K, reserved 1179648K
  class space    used 17597K, committed 18816K, reserved 1048576K
}
Event: 41.832 GC heap after
{Heap after GC invocations=57 (full 0):
 garbage-first heap   total reserved 2097152K, committed 234496K, used 145718K [0x0000000080000000, 0x0000000100000000)
  region size 1024K, 3 young (3072K), 3 survivors (3072K)
 Metaspace       used 133451K, committed 136064K, reserved 1179648K
  class space    used 17597K, committed 18816K, reserved 1048576K
}
Event: 42.015 GC heap before
{Heap before GC invocations=57 (full 0):
 garbage-first heap   total reserved 2097152K, committed 234496K, used 151862K [0x0000000080000000, 0x0000000100000000)
  region size 1024K, 10 young (10240K), 3 survivors (3072K)
 Metaspace       used 134792K, committed 137344K, reserved 1179648K
  class space    used 17753K, committed 18944K, reserved 1048576K
}
Event: 42.020 GC heap after
{Heap after GC invocations=58 (full 0):
 garbage-first heap   total reserved 2097152K, committed 234496K, used 147311K [0x0000000080000000, 0x0000000100000000)
  region size 1024K, 4 young (4096K), 4 survivors (4096K)
 Metaspace       used 134792K, committed 137344K, reserved 1179648K
  class space    used 17753K, committed 18944K, reserved 1048576K
}
Event: 43.244 GC heap before
{Heap before GC invocations=59 (full 0):
 garbage-first heap   total reserved 2097152K, committed 254976K, used 215919K [0x0000000080000000, 0x0000000100000000)
  region size 1024K, 66 young (67584K), 4 survivors (4096K)
 Metaspace       used 138384K, committed 140928K, reserved 1179648K
  class space    used 18234K, committed 19456K, reserved 1048576K
}
Event: 43.251 GC heap after
{Heap after GC invocations=60 (full 0):
 garbage-first heap   total reserved 2097152K, committed 254976K, used 152971K [0x0000000080000000, 0x0000000100000000)
  region size 1024K, 9 young (9216K), 9 survivors (9216K)
 Metaspace       used 138384K, committed 140928K, reserved 1179648K
  class space    used 18234K, committed 19456K, reserved 1048576K
}
Event: 44.708 GC heap before
{Heap before GC invocations=60 (full 0):
 garbage-first heap   total reserved 2097152K, committed 254976K, used 227723K [0x0000000080000000, 0x0000000100000000)
  region size 1024K, 79 young (80896K), 9 survivors (9216K)
 Metaspace       used 144489K, committed 147136K, reserved 1179648K
  class space    used 19084K, committed 20352K, reserved 1048576K
}
Event: 44.714 GC heap after
{Heap after GC invocations=61 (full 0):
 garbage-first heap   total reserved 2097152K, committed 254976K, used 151771K [0x0000000080000000, 0x0000000100000000)
  region size 1024K, 4 young (4096K), 4 survivors (4096K)
 Metaspace       used 144489K, committed 147136K, reserved 1179648K
  class space    used 19084K, committed 20352K, reserved 1048576K
}
Event: 45.629 GC heap before
{Heap before GC invocations=61 (full 0):
 garbage-first heap   total reserved 2097152K, committed 254976K, used 172251K [0x0000000080000000, 0x0000000100000000)
  region size 1024K, 25 young (25600K), 4 survivors (4096K)
 Metaspace       used 145540K, committed 148224K, reserved 1179648K
  class space    used 19251K, committed 20544K, reserved 1048576K
}
Event: 45.635 GC heap after
{Heap after GC invocations=62 (full 0):
 garbage-first heap   total reserved 2097152K, committed 254976K, used 153893K [0x0000000080000000, 0x0000000100000000)
  region size 1024K, 7 young (7168K), 7 survivors (7168K)
 Metaspace       used 145540K, committed 148224K, reserved 1179648K
  class space    used 19251K, committed 20544K, reserved 1048576K
}
Event: 46.811 GC heap before
{Heap before GC invocations=63 (full 0):
 garbage-first heap   total reserved 2097152K, committed 261120K, used 229669K [0x0000000080000000, 0x0000000100000000)
  region size 1024K, 80 young (81920K), 7 survivors (7168K)
 Metaspace       used 148161K, committed 150784K, reserved 1179648K
  class space    used 19496K, committed 20736K, reserved 1048576K
}
Event: 46.815 GC heap after
{Heap after GC invocations=64 (full 0):
 garbage-first heap   total reserved 2097152K, committed 261120K, used 153755K [0x0000000080000000, 0x0000000100000000)
  region size 1024K, 3 young (3072K), 3 survivors (3072K)
 Metaspace       used 148161K, committed 150784K, reserved 1179648K
  class space    used 19496K, committed 20736K, reserved 1048576K
}
Event: 47.645 GC heap before
{Heap before GC invocations=64 (full 0):
 garbage-first heap   total reserved 2097152K, committed 261120K, used 234651K [0x0000000080000000, 0x0000000100000000)
  region size 1024K, 81 young (82944K), 3 survivors (3072K)
 Metaspace       used 148987K, committed 151680K, reserved 1179648K
  class space    used 19572K, committed 20864K, reserved 1048576K
}
Event: 47.653 GC heap after
{Heap after GC invocations=65 (full 0):
 garbage-first heap   total reserved 2097152K, committed 261120K, used 160024K [0x0000000080000000, 0x0000000100000000)
  region size 1024K, 11 young (11264K), 11 survivors (11264K)
 Metaspace       used 148987K, committed 151680K, reserved 1179648K
  class space    used 19572K, committed 20864K, reserved 1048576K
}

