# JRE version: OpenJDK Runtime Environment (21.0.6) (build 21.0.6+-13391695-b895.109)
# Java VM: OpenJDK 64-Bit Server VM (21.0.6+-13391695-b895.109, mixed mode, tiered, compressed oops, compressed class ptrs, g1 gc, windows-amd64)
GC Precious Log:
 CardTable entry size: 512
 Card Set container configuration: InlinePtr #cards 4 size 8 Array Of Cards #cards 16 size 48 Howl #buckets 8 coarsen threshold 3686 Howl Bitmap #cards 512 size 80 coarsen threshold 460 Card regions per heap region 1 cards per card region 4096
 CPUs: 16 total, 16 available
 Memory: 15613M
 Large Page Support: Disabled
 NUMA Support: Disabled
 Compressed Oops: Enabled (Zero based)
 Heap Region Size: 2M
 Heap Min Capacity: 8M
 Heap Initial Capacity: 244M
 Heap Max Capacity: 3904M
 Pre-touch: Disabled
 Parallel Workers: 13
 Concurrent Workers: 3
 Concurrent Refinement Workers: 13
 Periodic GC: Disabled
Heap:
 garbage-first heap   total 239616K, used 141801K [0x000000070c000000, 0x0000000800000000)
  region size 2048K, 26 young (53248K), 1 survivors (2048K)
 Metaspace       used 87395K, committed 88256K, reserved 1179648K
  class space    used 9300K, committed 9728K, reserved 1048576K
GC Heap History (20 events):
Event: 7.156 GC heap before
{Heap before GC invocations=16 (full 0):
 garbage-first heap   total 98304K, used 84107K [0x000000070c000000, 0x0000000800000000)
  region size 2048K, 19 young (38912K), 3 survivors (6144K)
 Metaspace       used 64220K, committed 65088K, reserved 1114112K
  class space    used 7332K, committed 7744K, reserved 1048576K
}
Event: 7.177 GC heap after
{Heap after GC invocations=17 (full 0):
 garbage-first heap   total 98304K, used 57254K [0x000000070c000000, 0x0000000800000000)
  region size 2048K, 3 young (6144K), 3 survivors (6144K)
 Metaspace       used 64220K, committed 65088K, reserved 1114112K
  class space    used 7332K, committed 7744K, reserved 1048576K
}
Event: 7.393 GC heap before
{Heap before GC invocations=17 (full 0):
 garbage-first heap   total 98304K, used 85926K [0x000000070c000000, 0x0000000800000000)
  region size 2048K, 17 young (34816K), 3 survivors (6144K)
 Metaspace       used 64390K, committed 65216K, reserved 1114112K
  class space    used 7336K, committed 7744K, reserved 1048576K
}
Event: 7.406 GC heap after
{Heap after GC invocations=18 (full 0):
 garbage-first heap   total 100352K, used 63832K [0x000000070c000000, 0x0000000800000000)
  region size 2048K, 3 young (6144K), 3 survivors (6144K)
 Metaspace       used 64390K, committed 65216K, reserved 1114112K
  class space    used 7336K, committed 7744K, reserved 1048576K
}
Event: 7.686 GC heap before
{Heap before GC invocations=19 (full 0):
 garbage-first heap   total 110592K, used 84312K [0x000000070c000000, 0x0000000800000000)
  region size 2048K, 13 young (26624K), 3 survivors (6144K)
 Metaspace       used 64929K, committed 65792K, reserved 1114112K
  class space    used 7376K, committed 7808K, reserved 1048576K
}
Event: 7.697 GC heap after
{Heap after GC invocations=20 (full 0):
 garbage-first heap   total 110592K, used 67345K [0x000000070c000000, 0x0000000800000000)
  region size 2048K, 2 young (4096K), 2 survivors (4096K)
 Metaspace       used 64929K, committed 65792K, reserved 1114112K
  class space    used 7376K, committed 7808K, reserved 1048576K
}
Event: 8.141 GC heap before
{Heap before GC invocations=20 (full 0):
 garbage-first heap   total 110592K, used 93969K [0x000000070c000000, 0x0000000800000000)
  region size 2048K, 16 young (32768K), 2 survivors (4096K)
 Metaspace       used 67102K, committed 67904K, reserved 1114112K
  class space    used 7574K, committed 8000K, reserved 1048576K
}
Event: 8.152 GC heap after
{Heap after GC invocations=21 (full 0):
 garbage-first heap   total 145408K, used 69590K [0x000000070c000000, 0x0000000800000000)
  region size 2048K, 2 young (4096K), 2 survivors (4096K)
 Metaspace       used 67102K, committed 67904K, reserved 1114112K
  class space    used 7574K, committed 8000K, reserved 1048576K
}
Event: 8.539 GC heap before
{Heap before GC invocations=21 (full 0):
 garbage-first heap   total 145408K, used 88022K [0x000000070c000000, 0x0000000800000000)
  region size 2048K, 12 young (24576K), 2 survivors (4096K)
 Metaspace       used 70480K, committed 71360K, reserved 1114112K
  class space    used 7890K, committed 8320K, reserved 1048576K
}
Event: 8.546 GC heap after
{Heap after GC invocations=22 (full 0):
 garbage-first heap   total 145408K, used 72204K [0x000000070c000000, 0x0000000800000000)
  region size 2048K, 3 young (6144K), 3 survivors (6144K)
 Metaspace       used 70480K, committed 71360K, reserved 1114112K
  class space    used 7890K, committed 8320K, reserved 1048576K
}
Event: 9.027 GC heap before
{Heap before GC invocations=23 (full 0):
 garbage-first heap   total 145408K, used 125452K [0x000000070c000000, 0x0000000800000000)
  region size 2048K, 28 young (57344K), 3 survivors (6144K)
 Metaspace       used 71934K, committed 72832K, reserved 1114112K
  class space    used 8009K, committed 8448K, reserved 1048576K
}
Event: 9.044 GC heap after
{Heap after GC invocations=24 (full 0):
 garbage-first heap   total 145408K, used 83968K [0x000000070c000000, 0x0000000800000000)
  region size 2048K, 4 young (8192K), 4 survivors (8192K)
 Metaspace       used 71934K, committed 72832K, reserved 1114112K
  class space    used 8009K, committed 8448K, reserved 1048576K
}
Event: 9.685 GC heap before
{Heap before GC invocations=24 (full 0):
 garbage-first heap   total 145408K, used 124928K [0x000000070c000000, 0x0000000800000000)
  region size 2048K, 25 young (51200K), 4 survivors (8192K)
 Metaspace       used 79071K, committed 79936K, reserved 1179648K
  class space    used 8508K, committed 8960K, reserved 1048576K
}
Event: 9.697 GC heap after
{Heap after GC invocations=25 (full 0):
 garbage-first heap   total 145408K, used 87794K [0x000000070c000000, 0x0000000800000000)
  region size 2048K, 2 young (4096K), 2 survivors (4096K)
 Metaspace       used 79071K, committed 79936K, reserved 1179648K
  class space    used 8508K, committed 8960K, reserved 1048576K
}
Event: 9.865 GC heap before
{Heap before GC invocations=25 (full 0):
 garbage-first heap   total 145408K, used 126706K [0x000000070c000000, 0x0000000800000000)
  region size 2048K, 21 young (43008K), 2 survivors (4096K)
 Metaspace       used 79334K, committed 80192K, reserved 1179648K
  class space    used 8520K, committed 8960K, reserved 1048576K
}
Event: 9.876 GC heap after
{Heap after GC invocations=26 (full 0):
 garbage-first heap   total 145408K, used 92735K [0x000000070c000000, 0x0000000800000000)
  region size 2048K, 3 young (6144K), 3 survivors (6144K)
 Metaspace       used 79334K, committed 80192K, reserved 1179648K
  class space    used 8520K, committed 8960K, reserved 1048576K
}
Event: 10.031 GC heap before
{Heap before GC invocations=27 (full 0):
 garbage-first heap   total 157696K, used 127551K [0x000000070c000000, 0x0000000800000000)
  region size 2048K, 20 young (40960K), 3 survivors (6144K)
 Metaspace       used 79346K, committed 80192K, reserved 1179648K
  class space    used 8520K, committed 8960K, reserved 1048576K
}
Event: 10.037 GC heap after
{Heap after GC invocations=28 (full 0):
 garbage-first heap   total 157696K, used 94591K [0x000000070c000000, 0x0000000800000000)
  region size 2048K, 1 young (2048K), 1 survivors (2048K)
 Metaspace       used 79346K, committed 80192K, reserved 1179648K
  class space    used 8520K, committed 8960K, reserved 1048576K
}
Event: 10.380 GC heap before
{Heap before GC invocations=28 (full 0):
 garbage-first heap   total 157696K, used 139647K [0x000000070c000000, 0x0000000800000000)
  region size 2048K, 23 young (47104K), 1 survivors (2048K)
 Metaspace       used 81559K, committed 82432K, reserved 1179648K
  class space    used 8663K, committed 9088K, reserved 1048576K
}
Event: 10.385 GC heap after
{Heap after GC invocations=29 (full 0):
 garbage-first heap   total 239616K, used 94697K [0x000000070c000000, 0x0000000800000000)
  region size 2048K, 1 young (2048K), 1 survivors (2048K)
 Metaspace       used 81559K, committed 82432K, reserved 1179648K
  class space    used 8663K, committed 9088K, reserved 1048576K
}

