# JRE version: OpenJDK Runtime Environment (21.0.6) (build 21.0.6+-13391695-b895.109)
# Java VM: OpenJDK 64-Bit Server VM (21.0.6+-13391695-b895.109, mixed mode, tiered, compressed oops, compressed class ptrs, g1 gc, windows-amd64)
GC Precious Log:
 CardTable entry size: 512
 Card Set container configuration: InlinePtr #cards 5 size 8 Array Of Cards #cards 12 size 40 Howl #buckets 4 coarsen threshold 1843 Howl Bitmap #cards 512 size 80 coarsen threshold 460 Card regions per heap region 1 cards per card region 2048
 CPUs: 16 total, 16 available
 Memory: 15613M
 Large Page Support: Disabled
 NUMA Support: Disabled
 Compressed Oops: Enabled (32-bit)
 Heap Region Size: 1M
 Heap Min Capacity: 8M
 Heap Initial Capacity: 244M
 Heap Max Capacity: 2G
 Pre-touch: Disabled
 Parallel Workers: 13
 Concurrent Workers: 3
 Concurrent Refinement Workers: 13
 Periodic GC: Disabled
Heap:
 garbage-first heap   total 116736K, used 42365K [0x0000000080000000, 0x0000000100000000)
  region size 1024K, 11 young (11264K), 4 survivors (4096K)
 Metaspace       used 50870K, committed 52288K, reserved 1114112K
  class space    used 6753K, committed 7488K, reserved 1048576K
GC Heap History (20 events):
Event: 1.815 GC heap before
{Heap before GC invocations=2 (full 0):
 garbage-first heap   total 249856K, used 62496K [0x0000000080000000, 0x0000000100000000)
  region size 1024K, 54 young (55296K), 5 survivors (5120K)
 Metaspace       used 14846K, committed 15104K, reserved 1114112K
  class space    used 1617K, committed 1792K, reserved 1048576K
}
Event: 1.820 GC heap after
{Heap after GC invocations=3 (full 0):
 garbage-first heap   total 249856K, used 18105K [0x0000000080000000, 0x0000000100000000)
  region size 1024K, 6 young (6144K), 6 survivors (6144K)
 Metaspace       used 14846K, committed 15104K, reserved 1114112K
  class space    used 1617K, committed 1792K, reserved 1048576K
}
Event: 2.379 GC heap before
{Heap before GC invocations=3 (full 0):
 garbage-first heap   total 249856K, used 41657K [0x0000000080000000, 0x0000000100000000)
  region size 1024K, 30 young (30720K), 6 survivors (6144K)
 Metaspace       used 21185K, committed 21504K, reserved 1114112K
  class space    used 2433K, committed 2624K, reserved 1048576K
}
Event: 2.382 GC heap after
{Heap after GC invocations=4 (full 0):
 garbage-first heap   total 249856K, used 20144K [0x0000000080000000, 0x0000000100000000)
  region size 1024K, 8 young (8192K), 8 survivors (8192K)
 Metaspace       used 21185K, committed 21504K, reserved 1114112K
  class space    used 2433K, committed 2624K, reserved 1048576K
}
Event: 2.981 GC heap before
{Heap before GC invocations=5 (full 0):
 garbage-first heap   total 68608K, used 52912K [0x0000000080000000, 0x0000000100000000)
  region size 1024K, 40 young (40960K), 8 survivors (8192K)
 Metaspace       used 26861K, committed 27392K, reserved 1114112K
  class space    used 3279K, committed 3520K, reserved 1048576K
}
Event: 2.986 GC heap after
{Heap after GC invocations=6 (full 0):
 garbage-first heap   total 68608K, used 22171K [0x0000000080000000, 0x0000000100000000)
  region size 1024K, 5 young (5120K), 5 survivors (5120K)
 Metaspace       used 26861K, committed 27392K, reserved 1114112K
  class space    used 3279K, committed 3520K, reserved 1048576K
}
Event: 3.594 GC heap before
{Heap before GC invocations=6 (full 0):
 garbage-first heap   total 68608K, used 54939K [0x0000000080000000, 0x0000000100000000)
  region size 1024K, 37 young (37888K), 5 survivors (5120K)
 Metaspace       used 31213K, committed 31872K, reserved 1114112K
  class space    used 4032K, committed 4352K, reserved 1048576K
}
Event: 3.599 GC heap after
{Heap after GC invocations=7 (full 0):
 garbage-first heap   total 68608K, used 24318K [0x0000000080000000, 0x0000000100000000)
  region size 1024K, 5 young (5120K), 5 survivors (5120K)
 Metaspace       used 31213K, committed 31872K, reserved 1114112K
  class space    used 4032K, committed 4352K, reserved 1048576K
}
Event: 4.049 GC heap before
{Heap before GC invocations=7 (full 0):
 garbage-first heap   total 68608K, used 50942K [0x0000000080000000, 0x0000000100000000)
  region size 1024K, 33 young (33792K), 5 survivors (5120K)
 Metaspace       used 35172K, committed 35968K, reserved 1114112K
  class space    used 4667K, committed 5056K, reserved 1048576K
}
Event: 4.053 GC heap after
{Heap after GC invocations=8 (full 0):
 garbage-first heap   total 68608K, used 26089K [0x0000000080000000, 0x0000000100000000)
  region size 1024K, 5 young (5120K), 5 survivors (5120K)
 Metaspace       used 35172K, committed 35968K, reserved 1114112K
  class space    used 4667K, committed 5056K, reserved 1048576K
}
Event: 4.613 GC heap before
{Heap before GC invocations=9 (full 0):
 garbage-first heap   total 68608K, used 56809K [0x0000000080000000, 0x0000000100000000)
  region size 1024K, 36 young (36864K), 5 survivors (5120K)
 Metaspace       used 42139K, committed 43136K, reserved 1114112K
  class space    used 5476K, committed 5952K, reserved 1048576K
}
Event: 4.617 GC heap after
{Heap after GC invocations=10 (full 0):
 garbage-first heap   total 68608K, used 30497K [0x0000000080000000, 0x0000000100000000)
  region size 1024K, 5 young (5120K), 5 survivors (5120K)
 Metaspace       used 42139K, committed 43136K, reserved 1114112K
  class space    used 5476K, committed 5952K, reserved 1048576K
}
Event: 4.951 GC heap before
{Heap before GC invocations=10 (full 0):
 garbage-first heap   total 68608K, used 59169K [0x0000000080000000, 0x0000000100000000)
  region size 1024K, 33 young (33792K), 5 survivors (5120K)
 Metaspace       used 43747K, committed 44736K, reserved 1114112K
  class space    used 5692K, committed 6144K, reserved 1048576K
}
Event: 4.955 GC heap after
{Heap after GC invocations=11 (full 0):
 garbage-first heap   total 68608K, used 32341K [0x0000000080000000, 0x0000000100000000)
  region size 1024K, 3 young (3072K), 3 survivors (3072K)
 Metaspace       used 43747K, committed 44736K, reserved 1114112K
  class space    used 5692K, committed 6144K, reserved 1048576K
}
Event: 4.967 GC heap before
{Heap before GC invocations=11 (full 0):
 garbage-first heap   total 68608K, used 32341K [0x0000000080000000, 0x0000000100000000)
  region size 1024K, 5 young (5120K), 3 survivors (3072K)
 Metaspace       used 43758K, committed 44736K, reserved 1114112K
  class space    used 5693K, committed 6144K, reserved 1048576K
}
Event: 4.970 GC heap after
{Heap after GC invocations=12 (full 0):
 garbage-first heap   total 68608K, used 32776K [0x0000000080000000, 0x0000000100000000)
  region size 1024K, 3 young (3072K), 3 survivors (3072K)
 Metaspace       used 43758K, committed 44736K, reserved 1114112K
  class space    used 5693K, committed 6144K, reserved 1048576K
}
Event: 4.971 GC heap before
{Heap before GC invocations=12 (full 0):
 garbage-first heap   total 68608K, used 33800K [0x0000000080000000, 0x0000000100000000)
  region size 1024K, 4 young (4096K), 3 survivors (3072K)
 Metaspace       used 43758K, committed 44736K, reserved 1114112K
  class space    used 5693K, committed 6144K, reserved 1048576K
}
Event: 4.973 GC heap after
{Heap after GC invocations=13 (full 0):
 garbage-first heap   total 116736K, used 33479K [0x0000000080000000, 0x0000000100000000)
  region size 1024K, 1 young (1024K), 1 survivors (1024K)
 Metaspace       used 43758K, committed 44736K, reserved 1114112K
  class space    used 5693K, committed 6144K, reserved 1048576K
}
Event: 6.223 GC heap before
{Heap before GC invocations=13 (full 0):
 garbage-first heap   total 116736K, used 103111K [0x0000000080000000, 0x0000000100000000)
  region size 1024K, 68 young (69632K), 1 survivors (1024K)
 Metaspace       used 49952K, committed 51392K, reserved 1114112K
  class space    used 6606K, committed 7296K, reserved 1048576K
}
Event: 6.226 GC heap after
{Heap after GC invocations=14 (full 0):
 garbage-first heap   total 116736K, used 36221K [0x0000000080000000, 0x0000000100000000)
  region size 1024K, 4 young (4096K), 4 survivors (4096K)
 Metaspace       used 49952K, committed 51392K, reserved 1114112K
  class space    used 6606K, committed 7296K, reserved 1048576K
}

