# JRE version: OpenJDK Runtime Environment Temurin-21.0.10+7 (21.0.10+7) (build 21.0.10+7-LTS)
# Java VM: OpenJDK 64-Bit Server VM Temurin-21.0.10+7 (21.0.10+7-LTS, mixed mode, sharing, tiered, compressed oops, compressed class ptrs, g1 gc, windows-amd64)
GC Precious Log:
 CardTable entry size: 512
 Card Set container configuration: InlinePtr #cards 5 size 8 Array Of Cards #cards 12 size 40 Howl #buckets 4 coarsen threshold 1843 Howl Bitmap #cards 512 size 80 coarsen threshold 460 Card regions per heap region 1 cards per card region 2048
 CPUs: 16 total, 16 available
 Memory: 15613M
 Large Page Support: Disabled
 NUMA Support: Disabled
 Compressed Oops: Enabled (32-bit)
 Heap Region Size: 1M
 Heap Min Capacity: 8M
 Heap Initial Capacity: 244M
 Heap Max Capacity: 2G
 Pre-touch: Disabled
 Parallel Workers: 13
 Concurrent Workers: 3
 Concurrent Refinement Workers: 13
 Periodic GC: Disabled
Heap:
 garbage-first heap   total 145408K, used 91313K [0x0000000080000000, 0x0000000100000000)
  region size 1024K, 5 young (5120K), 2 survivors (2048K)
 Metaspace       used 82077K, committed 84224K, reserved 1179648K
  class space    used 11506K, committed 12544K, reserved 1048576K
GC Heap History (20 events):
Event: 10.357 GC heap before
{Heap before GC invocations=17 (full 0):
 garbage-first heap   total 120832K, used 64617K [0x0000000080000000, 0x0000000100000000)
  region size 1024K, 10 young (10240K), 8 survivors (8192K)
 Metaspace       used 56540K, committed 58304K, reserved 1114112K
  class space    used 8175K, committed 9024K, reserved 1048576K
}
Event: 10.360 GC heap after
{Heap after GC invocations=18 (full 0):
 garbage-first heap   total 120832K, used 64889K [0x0000000080000000, 0x0000000100000000)
  region size 1024K, 2 young (2048K), 2 survivors (2048K)
 Metaspace       used 56540K, committed 58304K, reserved 1114112K
  class space    used 8175K, committed 9024K, reserved 1048576K
}
Event: 10.632 GC heap before
{Heap before GC invocations=19 (full 0):
 garbage-first heap   total 120832K, used 93561K [0x0000000080000000, 0x0000000100000000)
  region size 1024K, 27 young (27648K), 2 survivors (2048K)
 Metaspace       used 58130K, committed 59904K, reserved 1114112K
  class space    used 8368K, committed 9216K, reserved 1048576K
}
Event: 10.634 GC heap after
{Heap after GC invocations=20 (full 0):
 garbage-first heap   total 120832K, used 70600K [0x0000000080000000, 0x0000000100000000)
  region size 1024K, 4 young (4096K), 4 survivors (4096K)
 Metaspace       used 58130K, committed 59904K, reserved 1114112K
  class space    used 8368K, committed 9216K, reserved 1048576K
}
Event: 10.917 GC heap before
{Heap before GC invocations=20 (full 0):
 garbage-first heap   total 120832K, used 94152K [0x0000000080000000, 0x0000000100000000)
  region size 1024K, 28 young (28672K), 4 survivors (4096K)
 Metaspace       used 60538K, committed 62400K, reserved 1114112K
  class space    used 8627K, committed 9536K, reserved 1048576K
}
Event: 10.920 GC heap after
{Heap after GC invocations=21 (full 0):
 garbage-first heap   total 120832K, used 70867K [0x0000000080000000, 0x0000000100000000)
  region size 1024K, 1 young (1024K), 1 survivors (1024K)
 Metaspace       used 60538K, committed 62400K, reserved 1114112K
  class space    used 8627K, committed 9536K, reserved 1048576K
}
Event: 11.243 GC heap before
{Heap before GC invocations=21 (full 0):
 garbage-first heap   total 120832K, used 97491K [0x0000000080000000, 0x0000000100000000)
  region size 1024K, 28 young (28672K), 1 survivors (1024K)
 Metaspace       used 63396K, committed 65344K, reserved 1114112K
  class space    used 8913K, committed 9856K, reserved 1048576K
}
Event: 11.247 GC heap after
{Heap after GC invocations=22 (full 0):
 garbage-first heap   total 145408K, used 71761K [0x0000000080000000, 0x0000000100000000)
  region size 1024K, 2 young (2048K), 2 survivors (2048K)
 Metaspace       used 63396K, committed 65344K, reserved 1114112K
  class space    used 8913K, committed 9856K, reserved 1048576K
}
Event: 11.906 GC heap before
{Heap before GC invocations=23 (full 0):
 garbage-first heap   total 145408K, used 119889K [0x0000000080000000, 0x0000000100000000)
  region size 1024K, 45 young (46080K), 2 survivors (2048K)
 Metaspace       used 66985K, committed 68992K, reserved 1114112K
  class space    used 9482K, committed 10496K, reserved 1048576K
}
Event: 11.910 GC heap after
{Heap after GC invocations=24 (full 0):
 garbage-first heap   total 145408K, used 77429K [0x0000000080000000, 0x0000000100000000)
  region size 1024K, 6 young (6144K), 6 survivors (6144K)
 Metaspace       used 66985K, committed 68992K, reserved 1114112K
  class space    used 9482K, committed 10496K, reserved 1048576K
}
Event: 12.599 GC heap before
{Heap before GC invocations=24 (full 0):
 garbage-first heap   total 145408K, used 120437K [0x0000000080000000, 0x0000000100000000)
  region size 1024K, 48 young (49152K), 6 survivors (6144K)
 Metaspace       used 70262K, committed 72320K, reserved 1114112K
  class space    used 9887K, committed 10880K, reserved 1048576K
}
Event: 12.603 GC heap after
{Heap after GC invocations=25 (full 0):
 garbage-first heap   total 145408K, used 78810K [0x0000000080000000, 0x0000000100000000)
  region size 1024K, 3 young (3072K), 3 survivors (3072K)
 Metaspace       used 70262K, committed 72320K, reserved 1114112K
  class space    used 9887K, committed 10880K, reserved 1048576K
}
Event: 13.307 GC heap before
{Heap before GC invocations=25 (full 0):
 garbage-first heap   total 145408K, used 122842K [0x0000000080000000, 0x0000000100000000)
  region size 1024K, 46 young (47104K), 3 survivors (3072K)
 Metaspace       used 74733K, committed 76800K, reserved 1179648K
  class space    used 10501K, committed 11520K, reserved 1048576K
}
Event: 13.311 GC heap after
{Heap after GC invocations=26 (full 0):
 garbage-first heap   total 145408K, used 80434K [0x0000000080000000, 0x0000000100000000)
  region size 1024K, 5 young (5120K), 5 survivors (5120K)
 Metaspace       used 74733K, committed 76800K, reserved 1179648K
  class space    used 10501K, committed 11520K, reserved 1048576K
}
Event: 14.461 GC heap before
{Heap before GC invocations=27 (full 0):
 garbage-first heap   total 145408K, used 128562K [0x0000000080000000, 0x0000000100000000)
  region size 1024K, 49 young (50176K), 5 survivors (5120K)
 Metaspace       used 77813K, committed 79808K, reserved 1179648K
  class space    used 10917K, committed 11904K, reserved 1048576K
}
Event: 14.465 GC heap after
{Heap after GC invocations=28 (full 0):
 garbage-first heap   total 145408K, used 86160K [0x0000000080000000, 0x0000000100000000)
  region size 1024K, 5 young (5120K), 5 survivors (5120K)
 Metaspace       used 77813K, committed 79808K, reserved 1179648K
  class space    used 10917K, committed 11904K, reserved 1048576K
}
Event: 14.906 GC heap before
{Heap before GC invocations=28 (full 0):
 garbage-first heap   total 145408K, used 128144K [0x0000000080000000, 0x0000000100000000)
  region size 1024K, 47 young (48128K), 5 survivors (5120K)
 Metaspace       used 78687K, committed 80640K, reserved 1179648K
  class space    used 11048K, committed 12032K, reserved 1048576K
}
Event: 14.912 GC heap after
{Heap after GC invocations=29 (full 0):
 garbage-first heap   total 145408K, used 89114K [0x0000000080000000, 0x0000000100000000)
  region size 1024K, 6 young (6144K), 6 survivors (6144K)
 Metaspace       used 78687K, committed 80640K, reserved 1179648K
  class space    used 11048K, committed 12032K, reserved 1048576K
}
Event: 15.778 GC heap before
{Heap before GC invocations=29 (full 0):
 garbage-first heap   total 145408K, used 130074K [0x0000000080000000, 0x0000000100000000)
  region size 1024K, 46 young (47104K), 6 survivors (6144K)
 Metaspace       used 81892K, committed 83968K, reserved 1179648K
  class space    used 11477K, committed 12480K, reserved 1048576K
}
Event: 15.783 GC heap after
{Heap after GC invocations=30 (full 0):
 garbage-first heap   total 145408K, used 89265K [0x0000000080000000, 0x0000000100000000)
  region size 1024K, 2 young (2048K), 2 survivors (2048K)
 Metaspace       used 81892K, committed 83968K, reserved 1179648K
  class space    used 11477K, committed 12480K, reserved 1048576K
}

