# JRE version: OpenJDK Runtime Environment (21.0.6) (build 21.0.6+-13391695-b895.109)
# Java VM: OpenJDK 64-Bit Server VM (21.0.6+-13391695-b895.109, mixed mode, tiered, compressed oops, compressed class ptrs, g1 gc, windows-amd64)
GC Precious Log:
 CardTable entry size: 512
 Card Set container configuration: InlinePtr #cards 5 size 8 Array Of Cards #cards 12 size 40 Howl #buckets 4 coarsen threshold 1843 Howl Bitmap #cards 512 size 80 coarsen threshold 460 Card regions per heap region 1 cards per card region 2048
 CPUs: 16 total, 16 available
 Memory: 15613M
 Large Page Support: Disabled
 NUMA Support: Disabled
 Compressed Oops: Enabled (32-bit)
 Heap Region Size: 1M
 Heap Min Capacity: 8M
 Heap Initial Capacity: 244M
 Heap Max Capacity: 2G
 Pre-touch: Disabled
 Parallel Workers: 13
 Concurrent Workers: 3
 Concurrent Refinement Workers: 13
 Periodic GC: Disabled
Heap:
 garbage-first heap   total 163840K, used 105374K [0x0000000080000000, 0x0000000100000000)
  region size 1024K, 16 young (16384K), 7 survivors (7168K)
 Metaspace       used 107776K, committed 109888K, reserved 1179648K
  class space    used 14613K, committed 15680K, reserved 1048576K
GC Heap History (20 events):
Event: 6.401 GC heap before
{Heap before GC invocations=26 (full 0):
 garbage-first heap   total 118784K, used 104960K [0x0000000080000000, 0x0000000100000000)
  region size 1024K, 36 young (36864K), 2 survivors (2048K)
 Metaspace       used 78670K, committed 80576K, reserved 1179648K
  class space    used 10496K, committed 11456K, reserved 1048576K
}
Event: 6.404 GC heap after
{Heap after GC invocations=27 (full 0):
 garbage-first heap   total 118784K, used 72039K [0x0000000080000000, 0x0000000100000000)
  region size 1024K, 3 young (3072K), 3 survivors (3072K)
 Metaspace       used 78670K, committed 80576K, reserved 1179648K
  class space    used 10496K, committed 11456K, reserved 1048576K
}
Event: 6.672 GC heap before
{Heap before GC invocations=28 (full 0):
 garbage-first heap   total 122880K, used 112999K [0x0000000080000000, 0x0000000100000000)
  region size 1024K, 38 young (38912K), 3 survivors (3072K)
 Metaspace       used 81484K, committed 83520K, reserved 1179648K
  class space    used 10869K, committed 11904K, reserved 1048576K
}
Event: 6.675 GC heap after
{Heap after GC invocations=29 (full 0):
 garbage-first heap   total 148480K, used 77456K [0x0000000080000000, 0x0000000100000000)
  region size 1024K, 5 young (5120K), 5 survivors (5120K)
 Metaspace       used 81484K, committed 83520K, reserved 1179648K
  class space    used 10869K, committed 11904K, reserved 1048576K
}
Event: 7.137 GC heap before
{Heap before GC invocations=29 (full 0):
 garbage-first heap   total 148480K, used 130704K [0x0000000080000000, 0x0000000100000000)
  region size 1024K, 57 young (58368K), 5 survivors (5120K)
 Metaspace       used 85842K, committed 87808K, reserved 1179648K
  class space    used 11418K, committed 12416K, reserved 1048576K
}
Event: 7.141 GC heap after
{Heap after GC invocations=30 (full 0):
 garbage-first heap   total 148480K, used 79576K [0x0000000080000000, 0x0000000100000000)
  region size 1024K, 6 young (6144K), 6 survivors (6144K)
 Metaspace       used 85842K, committed 87808K, reserved 1179648K
  class space    used 11418K, committed 12416K, reserved 1048576K
}
Event: 7.595 GC heap before
{Heap before GC invocations=30 (full 0):
 garbage-first heap   total 148480K, used 132824K [0x0000000080000000, 0x0000000100000000)
  region size 1024K, 58 young (59392K), 6 survivors (6144K)
 Metaspace       used 90929K, committed 92928K, reserved 1179648K
  class space    used 12065K, committed 13056K, reserved 1048576K
}
Event: 7.599 GC heap after
{Heap after GC invocations=31 (full 0):
 garbage-first heap   total 148480K, used 82000K [0x0000000080000000, 0x0000000100000000)
  region size 1024K, 5 young (5120K), 5 survivors (5120K)
 Metaspace       used 90929K, committed 92928K, reserved 1179648K
  class space    used 12065K, committed 13056K, reserved 1048576K
}
Event: 7.962 GC heap before
{Heap before GC invocations=32 (full 0):
 garbage-first heap   total 148480K, used 137296K [0x0000000080000000, 0x0000000100000000)
  region size 1024K, 56 young (57344K), 5 survivors (5120K)
 Metaspace       used 92618K, committed 94528K, reserved 1179648K
  class space    used 12331K, committed 13312K, reserved 1048576K
}
Event: 7.966 GC heap after
{Heap after GC invocations=33 (full 0):
 garbage-first heap   total 148480K, used 89973K [0x0000000080000000, 0x0000000100000000)
  region size 1024K, 7 young (7168K), 7 survivors (7168K)
 Metaspace       used 92618K, committed 94528K, reserved 1179648K
  class space    used 12331K, committed 13312K, reserved 1048576K
}
Event: 8.297 GC heap before
{Heap before GC invocations=33 (full 0):
 garbage-first heap   total 148480K, used 132981K [0x0000000080000000, 0x0000000100000000)
  region size 1024K, 49 young (50176K), 7 survivors (7168K)
 Metaspace       used 96064K, committed 98048K, reserved 1179648K
  class space    used 12788K, committed 13824K, reserved 1048576K
}
Event: 8.301 GC heap after
{Heap after GC invocations=34 (full 0):
 garbage-first heap   total 148480K, used 92004K [0x0000000080000000, 0x0000000100000000)
  region size 1024K, 3 young (3072K), 3 survivors (3072K)
 Metaspace       used 96064K, committed 98048K, reserved 1179648K
  class space    used 12788K, committed 13824K, reserved 1048576K
}
Event: 8.355 GC heap before
{Heap before GC invocations=34 (full 0):
 garbage-first heap   total 148480K, used 97124K [0x0000000080000000, 0x0000000100000000)
  region size 1024K, 9 young (9216K), 3 survivors (3072K)
 Metaspace       used 96507K, committed 98496K, reserved 1179648K
  class space    used 12848K, committed 13888K, reserved 1048576K
}
Event: 8.357 GC heap after
{Heap after GC invocations=35 (full 0):
 garbage-first heap   total 148480K, used 92237K [0x0000000080000000, 0x0000000100000000)
  region size 1024K, 3 young (3072K), 3 survivors (3072K)
 Metaspace       used 96507K, committed 98496K, reserved 1179648K
  class space    used 12848K, committed 13888K, reserved 1048576K
}
Event: 8.741 GC heap before
{Heap before GC invocations=36 (full 0):
 garbage-first heap   total 157696K, used 136269K [0x0000000080000000, 0x0000000100000000)
  region size 1024K, 45 young (46080K), 3 survivors (3072K)
 Metaspace       used 99912K, committed 101952K, reserved 1179648K
  class space    used 13456K, committed 14464K, reserved 1048576K
}
Event: 8.743 GC heap after
{Heap after GC invocations=37 (full 0):
 garbage-first heap   total 157696K, used 93197K [0x0000000080000000, 0x0000000100000000)
  region size 1024K, 4 young (4096K), 4 survivors (4096K)
 Metaspace       used 99912K, committed 101952K, reserved 1179648K
  class space    used 13456K, committed 14464K, reserved 1048576K
}
Event: 9.144 GC heap before
{Heap before GC invocations=37 (full 0):
 garbage-first heap   total 157696K, used 143373K [0x0000000080000000, 0x0000000100000000)
  region size 1024K, 53 young (54272K), 4 survivors (4096K)
 Metaspace       used 103512K, committed 105664K, reserved 1179648K
  class space    used 13978K, committed 15040K, reserved 1048576K
}
Event: 9.147 GC heap after
{Heap after GC invocations=38 (full 0):
 garbage-first heap   total 157696K, used 94802K [0x0000000080000000, 0x0000000100000000)
  region size 1024K, 6 young (6144K), 6 survivors (6144K)
 Metaspace       used 103512K, committed 105664K, reserved 1179648K
  class space    used 13978K, committed 15040K, reserved 1048576K
}
Event: 9.567 GC heap before
{Heap before GC invocations=38 (full 0):
 garbage-first heap   total 157696K, used 141906K [0x0000000080000000, 0x0000000100000000)
  region size 1024K, 52 young (53248K), 6 survivors (6144K)
 Metaspace       used 107175K, committed 109376K, reserved 1179648K
  class space    used 14512K, committed 15616K, reserved 1048576K
}
Event: 9.572 GC heap after
{Heap after GC invocations=39 (full 0):
 garbage-first heap   total 157696K, used 97182K [0x0000000080000000, 0x0000000100000000)
  region size 1024K, 7 young (7168K), 7 survivors (7168K)
 Metaspace       used 107175K, committed 109376K, reserved 1179648K
  class space    used 14512K, committed 15616K, reserved 1048576K
}

