# JRE version: OpenJDK Runtime Environment (21.0.6) (build 21.0.6+-13391695-b895.109)
# Java VM: OpenJDK 64-Bit Server VM (21.0.6+-13391695-b895.109, mixed mode, tiered, compressed oops, compressed class ptrs, g1 gc, windows-amd64)
GC Precious Log:
 CardTable entry size: 512
 Card Set container configuration: InlinePtr #cards 5 size 8 Array Of Cards #cards 12 size 40 Howl #buckets 4 coarsen threshold 1843 Howl Bitmap #cards 512 size 80 coarsen threshold 460 Card regions per heap region 1 cards per card region 2048
 CPUs: 16 total, 16 available
 Memory: 14077M
 Large Page Support: Disabled
 NUMA Support: Disabled
 Compressed Oops: Enabled (32-bit)
 Heap Region Size: 1M
 Heap Min Capacity: 8M
 Heap Initial Capacity: 220M
 Heap Max Capacity: 2G
 Pre-touch: Disabled
 Parallel Workers: 13
 Concurrent Workers: 3
 Concurrent Refinement Workers: 13
 Periodic GC: Disabled
Heap:
 garbage-first heap   total 79872K, used 47001K [0x0000000080000000, 0x0000000100000000)
  region size 1024K, 18 young (18432K), 3 survivors (3072K)
 Metaspace       used 45562K, committed 46528K, reserved 1114112K
  class space    used 5863K, committed 6336K, reserved 1048576K
GC Heap History (18 events):
Event: 0.284 GC heap before
{Heap before GC invocations=0 (full 0):
 garbage-first heap   total 225280K, used 22528K [0x0000000080000000, 0x0000000100000000)
  region size 1024K, 23 young (23552K), 0 survivors (0K)
 Metaspace       used 7996K, committed 8128K, reserved 1114112K
  class space    used 712K, committed 768K, reserved 1048576K
}
Event: 0.286 GC heap after
{Heap after GC invocations=1 (full 0):
 garbage-first heap   total 225280K, used 2214K [0x0000000080000000, 0x0000000100000000)
  region size 1024K, 3 young (3072K), 3 survivors (3072K)
 Metaspace       used 7996K, committed 8128K, reserved 1114112K
  class space    used 712K, committed 768K, reserved 1048576K
}
Event: 0.618 GC heap before
{Heap before GC invocations=1 (full 0):
 garbage-first heap   total 225280K, used 41126K [0x0000000080000000, 0x0000000100000000)
  region size 1024K, 39 young (39936K), 3 survivors (3072K)
 Metaspace       used 12263K, committed 12480K, reserved 1114112K
  class space    used 1287K, committed 1408K, reserved 1048576K
}
Event: 0.622 GC heap after
{Heap after GC invocations=2 (full 0):
 garbage-first heap   total 225280K, used 10706K [0x0000000080000000, 0x0000000100000000)
  region size 1024K, 5 young (5120K), 5 survivors (5120K)
 Metaspace       used 12263K, committed 12480K, reserved 1114112K
  class space    used 1287K, committed 1408K, reserved 1048576K
}
Event: 0.945 GC heap before
{Heap before GC invocations=2 (full 0):
 garbage-first heap   total 225280K, used 62930K [0x0000000080000000, 0x0000000100000000)
  region size 1024K, 54 young (55296K), 5 survivors (5120K)
 Metaspace       used 14950K, committed 15232K, reserved 1114112K
  class space    used 1633K, committed 1792K, reserved 1048576K
}
Event: 0.950 GC heap after
{Heap after GC invocations=3 (full 0):
 garbage-first heap   total 225280K, used 17890K [0x0000000080000000, 0x0000000100000000)
  region size 1024K, 6 young (6144K), 6 survivors (6144K)
 Metaspace       used 14950K, committed 15232K, reserved 1114112K
  class space    used 1633K, committed 1792K, reserved 1048576K
}
Event: 1.287 GC heap before
{Heap before GC invocations=3 (full 0):
 garbage-first heap   total 225280K, used 41442K [0x0000000080000000, 0x0000000100000000)
  region size 1024K, 30 young (30720K), 6 survivors (6144K)
 Metaspace       used 21167K, committed 21504K, reserved 1114112K
  class space    used 2432K, committed 2624K, reserved 1048576K
}
Event: 1.290 GC heap after
{Heap after GC invocations=4 (full 0):
 garbage-first heap   total 225280K, used 19900K [0x0000000080000000, 0x0000000100000000)
  region size 1024K, 8 young (8192K), 8 survivors (8192K)
 Metaspace       used 21167K, committed 21504K, reserved 1114112K
  class space    used 2432K, committed 2624K, reserved 1048576K
}
Event: 1.909 GC heap before
{Heap before GC invocations=5 (full 0):
 garbage-first heap   total 68608K, used 67004K [0x0000000080000000, 0x0000000100000000)
  region size 1024K, 55 young (56320K), 8 survivors (8192K)
 Metaspace       used 28801K, committed 29376K, reserved 1114112K
  class space    used 3617K, committed 3904K, reserved 1048576K
}
Event: 1.914 GC heap after
{Heap after GC invocations=6 (full 0):
 garbage-first heap   total 79872K, used 23081K [0x0000000080000000, 0x0000000100000000)
  region size 1024K, 11 young (11264K), 11 survivors (11264K)
 Metaspace       used 28801K, committed 29376K, reserved 1114112K
  class space    used 3617K, committed 3904K, reserved 1048576K
}
Event: 2.551 GC heap before
{Heap before GC invocations=6 (full 0):
 garbage-first heap   total 79872K, used 58921K [0x0000000080000000, 0x0000000100000000)
  region size 1024K, 46 young (47104K), 11 survivors (11264K)
 Metaspace       used 33136K, committed 33920K, reserved 1114112K
  class space    used 4348K, committed 4736K, reserved 1048576K
}
Event: 2.556 GC heap after
{Heap after GC invocations=7 (full 0):
 garbage-first heap   total 79872K, used 25042K [0x0000000080000000, 0x0000000100000000)
  region size 1024K, 6 young (6144K), 6 survivors (6144K)
 Metaspace       used 33136K, committed 33920K, reserved 1114112K
  class space    used 4348K, committed 4736K, reserved 1048576K
}
Event: 2.791 GC heap before
{Heap before GC invocations=7 (full 0):
 garbage-first heap   total 79872K, used 39378K [0x0000000080000000, 0x0000000100000000)
  region size 1024K, 21 young (21504K), 6 survivors (6144K)
 Metaspace       used 35182K, committed 35968K, reserved 1114112K
  class space    used 4669K, committed 5056K, reserved 1048576K
}
Event: 2.794 GC heap after
{Heap after GC invocations=8 (full 0):
 garbage-first heap   total 79872K, used 26084K [0x0000000080000000, 0x0000000100000000)
  region size 1024K, 4 young (4096K), 4 survivors (4096K)
 Metaspace       used 35182K, committed 35968K, reserved 1114112K
  class space    used 4669K, committed 5056K, reserved 1048576K
}
Event: 3.367 GC heap before
{Heap before GC invocations=9 (full 0):
 garbage-first heap   total 79872K, used 66020K [0x0000000080000000, 0x0000000100000000)
  region size 1024K, 44 young (45056K), 4 survivors (4096K)
 Metaspace       used 42461K, committed 43392K, reserved 1114112K
  class space    used 5499K, committed 5952K, reserved 1048576K
}
Event: 3.370 GC heap after
{Heap after GC invocations=10 (full 0):
 garbage-first heap   total 79872K, used 30168K [0x0000000080000000, 0x0000000100000000)
  region size 1024K, 6 young (6144K), 6 survivors (6144K)
 Metaspace       used 42461K, committed 43392K, reserved 1114112K
  class space    used 5499K, committed 5952K, reserved 1048576K
}
Event: 3.635 GC heap before
{Heap before GC invocations=10 (full 0):
 garbage-first heap   total 79872K, used 68056K [0x0000000080000000, 0x0000000100000000)
  region size 1024K, 42 young (43008K), 6 survivors (6144K)
 Metaspace       used 44946K, committed 45888K, reserved 1114112K
  class space    used 5759K, committed 6208K, reserved 1048576K
}
Event: 3.639 GC heap after
{Heap after GC invocations=11 (full 0):
 garbage-first heap   total 79872K, used 32665K [0x0000000080000000, 0x0000000100000000)
  region size 1024K, 3 young (3072K), 3 survivors (3072K)
 Metaspace       used 44946K, committed 45888K, reserved 1114112K
  class space    used 5759K, committed 6208K, reserved 1048576K
}

