# JRE version: Java(TM) SE Runtime Environment (23.0.1+11) (build 23.0.1+11-39)
# Java VM: Java HotSpot(TM) 64-Bit Server VM (23.0.1+11-39, mixed mode, sharing, tiered, compressed oops, compressed class ptrs, g1 gc, windows-amd64)
GC Precious Log:
 CardTable entry size: 512
 Card Set container configuration: InlinePtr #cards 4 size 8 Array Of Cards #cards 16 size 48 Howl #buckets 8 coarsen threshold 3686 Howl Bitmap #cards 512 size 80 coarsen threshold 460 Card regions per heap region 1 cards per card region 4096
 CPUs: 16 total, 16 available
 Memory: 15613M
 Large Page Support: Disabled
 NUMA Support: Disabled
 Compressed Oops: Enabled (Zero based)
 Heap Region Size: 2M
 Heap Min Capacity: 8M
 Heap Initial Capacity: 244M
 Heap Max Capacity: 3904M
 Pre-touch: Disabled
 Parallel Workers: 13
 Concurrent Workers: 3
 Concurrent Refinement Workers: 13
 Periodic GC: Disabled
Heap:
 garbage-first heap   total reserved 3997696K, committed 397312K, used 267906K [0x000000070c000000, 0x0000000800000000)
  region size 2048K, 9 young (18432K), 2 survivors (4096K)
 Metaspace       used 79033K, committed 80064K, reserved 1179648K
  class space    used 9061K, committed 9536K, reserved 1048576K
GC Heap History (20 events):
Event: 15.175 GC heap before
{Heap before GC invocations=48 (full 0):
 garbage-first heap   total reserved 3997696K, committed 294912K, used 253921K [0x000000070c000000, 0x0000000800000000)
  region size 2048K, 54 young (110592K), 6 survivors (12288K)
 Metaspace       used 77636K, committed 78656K, reserved 1179648K
  class space    used 8982K, committed 9472K, reserved 1048576K
}
Event: 15.182 GC heap after
{Heap after GC invocations=49 (full 0):
 garbage-first heap   total reserved 3997696K, committed 294912K, used 168892K [0x000000070c000000, 0x0000000800000000)
  region size 2048K, 7 young (14336K), 7 survivors (14336K)
 Metaspace       used 77636K, committed 78656K, reserved 1179648K
  class space    used 8982K, committed 9472K, reserved 1048576K
}
Event: 15.568 GC heap before
{Heap before GC invocations=50 (full 0):
 garbage-first heap   total reserved 3997696K, committed 294912K, used 261052K [0x000000070c000000, 0x0000000800000000)
  region size 2048K, 51 young (104448K), 7 survivors (14336K)
 Metaspace       used 78056K, committed 79040K, reserved 1179648K
  class space    used 9043K, committed 9536K, reserved 1048576K
}
Event: 15.576 GC heap after
{Heap after GC invocations=51 (full 0):
 garbage-first heap   total reserved 3997696K, committed 294912K, used 180224K [0x000000070c000000, 0x0000000800000000)
  region size 2048K, 7 young (14336K), 7 survivors (14336K)
 Metaspace       used 78056K, committed 79040K, reserved 1179648K
  class space    used 9043K, committed 9536K, reserved 1048576K
}
Event: 15.754 GC heap before
{Heap before GC invocations=51 (full 0):
 garbage-first heap   total reserved 3997696K, committed 294912K, used 264192K [0x000000070c000000, 0x0000000800000000)
  region size 2048K, 46 young (94208K), 7 survivors (14336K)
 Metaspace       used 78266K, committed 79360K, reserved 1179648K
  class space    used 9048K, committed 9536K, reserved 1048576K
}
Event: 15.761 GC heap after
{Heap after GC invocations=52 (full 0):
 garbage-first heap   total reserved 3997696K, committed 294912K, used 187906K [0x000000070c000000, 0x0000000800000000)
  region size 2048K, 6 young (12288K), 6 survivors (12288K)
 Metaspace       used 78266K, committed 79360K, reserved 1179648K
  class space    used 9048K, committed 9536K, reserved 1048576K
}
Event: 16.133 GC heap before
{Heap before GC invocations=52 (full 0):
 garbage-first heap   total reserved 3997696K, committed 294912K, used 241154K [0x000000070c000000, 0x0000000800000000)
  region size 2048K, 33 young (67584K), 6 survivors (12288K)
 Metaspace       used 78454K, committed 79488K, reserved 1179648K
  class space    used 9059K, committed 9536K, reserved 1048576K
}
Event: 16.137 GC heap after
{Heap after GC invocations=53 (full 0):
 garbage-first heap   total reserved 3997696K, committed 294912K, used 192952K [0x000000070c000000, 0x0000000800000000)
  region size 2048K, 3 young (6144K), 3 survivors (6144K)
 Metaspace       used 78454K, committed 79488K, reserved 1179648K
  class space    used 9059K, committed 9536K, reserved 1048576K
}
Event: 16.554 GC heap before
{Heap before GC invocations=54 (full 0):
 garbage-first heap   total reserved 3997696K, committed 327680K, used 266680K [0x000000070c000000, 0x0000000800000000)
  region size 2048K, 38 young (77824K), 3 survivors (6144K)
 Metaspace       used 78601K, committed 79616K, reserved 1179648K
  class space    used 9060K, committed 9536K, reserved 1048576K
}
Event: 16.559 GC heap after
{Heap after GC invocations=55 (full 0):
 garbage-first heap   total reserved 3997696K, committed 327680K, used 201039K [0x000000070c000000, 0x0000000800000000)
  region size 2048K, 5 young (10240K), 5 survivors (10240K)
 Metaspace       used 78601K, committed 79616K, reserved 1179648K
  class space    used 9060K, committed 9536K, reserved 1048576K
}
Event: 16.769 GC heap before
{Heap before GC invocations=55 (full 0):
 garbage-first heap   total reserved 3997696K, committed 327680K, used 295247K [0x000000070c000000, 0x0000000800000000)
  region size 2048K, 49 young (100352K), 5 survivors (10240K)
 Metaspace       used 78631K, committed 79680K, reserved 1179648K
  class space    used 9060K, committed 9536K, reserved 1048576K
}
Event: 16.776 GC heap after
{Heap after GC invocations=56 (full 0):
 garbage-first heap   total reserved 3997696K, committed 327680K, used 209986K [0x000000070c000000, 0x0000000800000000)
  region size 2048K, 7 young (14336K), 7 survivors (14336K)
 Metaspace       used 78631K, committed 79680K, reserved 1179648K
  class space    used 9060K, committed 9536K, reserved 1048576K
}
Event: 16.999 GC heap before
{Heap before GC invocations=56 (full 0):
 garbage-first heap   total reserved 3997696K, committed 327680K, used 242754K [0x000000070c000000, 0x0000000800000000)
  region size 2048K, 24 young (49152K), 7 survivors (14336K)
 Metaspace       used 78783K, committed 79808K, reserved 1179648K
  class space    used 9060K, committed 9536K, reserved 1048576K
}
Event: 17.004 GC heap after
{Heap after GC invocations=57 (full 0):
 garbage-first heap   total reserved 3997696K, committed 397312K, used 215073K [0x000000070c000000, 0x0000000800000000)
  region size 2048K, 3 young (6144K), 3 survivors (6144K)
 Metaspace       used 78783K, committed 79808K, reserved 1179648K
  class space    used 9060K, committed 9536K, reserved 1048576K
}
Event: 17.104 GC heap before
{Heap before GC invocations=57 (full 0):
 garbage-first heap   total reserved 3997696K, committed 397312K, used 282657K [0x000000070c000000, 0x0000000800000000)
  region size 2048K, 36 young (73728K), 3 survivors (6144K)
 Metaspace       used 78785K, committed 79808K, reserved 1179648K
  class space    used 9060K, committed 9536K, reserved 1048576K
}
Event: 17.108 GC heap after
{Heap after GC invocations=58 (full 0):
 garbage-first heap   total reserved 3997696K, committed 397312K, used 223139K [0x000000070c000000, 0x0000000800000000)
  region size 2048K, 7 young (14336K), 7 survivors (14336K)
 Metaspace       used 78785K, committed 79808K, reserved 1179648K
  class space    used 9060K, committed 9536K, reserved 1048576K
}
Event: 17.597 GC heap before
{Heap before GC invocations=59 (full 0):
 garbage-first heap   total reserved 3997696K, committed 397312K, used 354211K [0x000000070c000000, 0x0000000800000000)
  region size 2048K, 70 young (143360K), 7 survivors (14336K)
 Metaspace       used 78906K, committed 79936K, reserved 1179648K
  class space    used 9060K, committed 9536K, reserved 1048576K
}
Event: 17.604 GC heap after
{Heap after GC invocations=60 (full 0):
 garbage-first heap   total reserved 3997696K, committed 397312K, used 238930K [0x000000070c000000, 0x0000000800000000)
  region size 2048K, 9 young (18432K), 9 survivors (18432K)
 Metaspace       used 78906K, committed 79936K, reserved 1179648K
  class space    used 9060K, committed 9536K, reserved 1048576K
}
Event: 18.078 GC heap before
{Heap before GC invocations=60 (full 0):
 garbage-first heap   total reserved 3997696K, committed 397312K, used 355666K [0x000000070c000000, 0x0000000800000000)
  region size 2048K, 66 young (135168K), 9 survivors (18432K)
 Metaspace       used 79033K, committed 80064K, reserved 1179648K
  class space    used 9061K, committed 9536K, reserved 1048576K
}
Event: 18.088 GC heap after
{Heap after GC invocations=61 (full 0):
 garbage-first heap   total reserved 3997696K, committed 397312K, used 251048K [0x000000070c000000, 0x0000000800000000)
  region size 2048K, 8 young (16384K), 8 survivors (16384K)
 Metaspace       used 79033K, committed 80064K, reserved 1179648K
  class space    used 9061K, committed 9536K, reserved 1048576K
}

