# JRE version: Java(TM) SE Runtime Environment (23.0.1+11) (build 23.0.1+11-39)
# Java VM: Java HotSpot(TM) 64-Bit Server VM (23.0.1+11-39, mixed mode, sharing, tiered, compressed oops, compressed class ptrs, g1 gc, windows-amd64)
GC Precious Log:
 CardTable entry size: 512
 Card Set container configuration: InlinePtr #cards 4 size 8 Array Of Cards #cards 16 size 48 Howl #buckets 8 coarsen threshold 3686 Howl Bitmap #cards 512 size 80 coarsen threshold 460 Card regions per heap region 1 cards per card region 4096
 CPUs: 16 total, 16 available
 Memory: 15613M
 Large Page Support: Disabled
 NUMA Support: Disabled
 Compressed Oops: Enabled (Zero based)
 Heap Region Size: 2M
 Heap Min Capacity: 8M
 Heap Initial Capacity: 244M
 Heap Max Capacity: 3904M
 Pre-touch: Disabled
 Parallel Workers: 13
 Concurrent Workers: 3
 Concurrent Refinement Workers: 13
 Periodic GC: Disabled
Heap:
 garbage-first heap   total reserved 3997696K, committed 409600K, used 240174K [0x000000070c000000, 0x0000000800000000)
  region size 2048K, 9 young (18432K), 9 survivors (18432K)
 Metaspace       used 78333K, committed 79360K, reserved 1179648K
  class space    used 9052K, committed 9536K, reserved 1048576K
GC Heap History (20 events):
Event: 6.751 GC heap after
{Heap after GC invocations=24 (full 0):
 garbage-first heap   total reserved 3997696K, committed 190464K, used 104222K [0x000000070c000000, 0x0000000800000000)
  region size 2048K, 5 young (10240K), 5 survivors (10240K)
 Metaspace       used 72753K, committed 73792K, reserved 1114112K
  class space    used 8727K, committed 9216K, reserved 1048576K
}
Event: 6.929 GC heap before
{Heap before GC invocations=24 (full 0):
 garbage-first heap   total reserved 3997696K, committed 190464K, used 167710K [0x000000070c000000, 0x0000000800000000)
  region size 2048K, 36 young (73728K), 5 survivors (10240K)
 Metaspace       used 73055K, committed 74048K, reserved 1114112K
  class space    used 8733K, committed 9216K, reserved 1048576K
}
Event: 6.937 GC heap after
{Heap after GC invocations=25 (full 0):
 garbage-first heap   total reserved 3997696K, committed 190464K, used 113869K [0x000000070c000000, 0x0000000800000000)
  region size 2048K, 5 young (10240K), 5 survivors (10240K)
 Metaspace       used 73055K, committed 74048K, reserved 1114112K
  class space    used 8733K, committed 9216K, reserved 1048576K
}
Event: 6.995 GC heap before
{Heap before GC invocations=25 (full 0):
 garbage-first heap   total reserved 3997696K, committed 190464K, used 165069K [0x000000070c000000, 0x0000000800000000)
  region size 2048K, 30 young (61440K), 5 survivors (10240K)
 Metaspace       used 73055K, committed 74048K, reserved 1114112K
  class space    used 8733K, committed 9216K, reserved 1048576K
}
Event: 7.002 GC heap after
{Heap after GC invocations=26 (full 0):
 garbage-first heap   total reserved 3997696K, committed 190464K, used 120640K [0x000000070c000000, 0x0000000800000000)
  region size 2048K, 4 young (8192K), 4 survivors (8192K)
 Metaspace       used 73055K, committed 74048K, reserved 1114112K
  class space    used 8733K, committed 9216K, reserved 1048576K
}
Event: 7.099 GC heap before
{Heap before GC invocations=27 (full 0):
 garbage-first heap   total reserved 3997696K, committed 204800K, used 169792K [0x000000070c000000, 0x0000000800000000)
  region size 2048K, 28 young (57344K), 4 survivors (8192K)
 Metaspace       used 73067K, committed 74048K, reserved 1114112K
  class space    used 8733K, committed 9216K, reserved 1048576K
}
Event: 7.106 GC heap after
{Heap after GC invocations=28 (full 0):
 garbage-first heap   total reserved 3997696K, committed 409600K, used 126206K [0x000000070c000000, 0x0000000800000000)
  region size 2048K, 3 young (6144K), 3 survivors (6144K)
 Metaspace       used 73067K, committed 74048K, reserved 1114112K
  class space    used 8733K, committed 9216K, reserved 1048576K
}
Event: 10.013 GC heap before
{Heap before GC invocations=28 (full 0):
 garbage-first heap   total reserved 3997696K, committed 409600K, used 331006K [0x000000070c000000, 0x0000000800000000)
  region size 2048K, 102 young (208896K), 3 survivors (6144K)
 Metaspace       used 76880K, committed 77888K, reserved 1179648K
  class space    used 8908K, committed 9408K, reserved 1048576K
}
Event: 10.030 GC heap after
{Heap after GC invocations=29 (full 0):
 garbage-first heap   total reserved 3997696K, committed 409600K, used 151235K [0x000000070c000000, 0x0000000800000000)
  region size 2048K, 13 young (26624K), 13 survivors (26624K)
 Metaspace       used 76880K, committed 77888K, reserved 1179648K
  class space    used 8908K, committed 9408K, reserved 1048576K
}
Event: 10.514 GC heap before
{Heap before GC invocations=29 (full 0):
 garbage-first heap   total reserved 3997696K, committed 409600K, used 308931K [0x000000070c000000, 0x0000000800000000)
  region size 2048K, 86 young (176128K), 13 survivors (26624K)
 Metaspace       used 77606K, committed 78592K, reserved 1179648K
  class space    used 9000K, committed 9472K, reserved 1048576K
}
Event: 10.543 GC heap after
{Heap after GC invocations=30 (full 0):
 garbage-first heap   total reserved 3997696K, committed 409600K, used 174532K [0x000000070c000000, 0x0000000800000000)
  region size 2048K, 11 young (22528K), 11 survivors (22528K)
 Metaspace       used 77606K, committed 78592K, reserved 1179648K
  class space    used 9000K, committed 9472K, reserved 1048576K
}
Event: 10.932 GC heap before
{Heap before GC invocations=30 (full 0):
 garbage-first heap   total reserved 3997696K, committed 409600K, used 244164K [0x000000070c000000, 0x0000000800000000)
  region size 2048K, 46 young (94208K), 11 survivors (22528K)
 Metaspace       used 77956K, committed 78976K, reserved 1179648K
  class space    used 9027K, committed 9536K, reserved 1048576K
}
Event: 10.944 GC heap after
{Heap after GC invocations=31 (full 0):
 garbage-first heap   total reserved 3997696K, committed 409600K, used 181045K [0x000000070c000000, 0x0000000800000000)
  region size 2048K, 5 young (10240K), 5 survivors (10240K)
 Metaspace       used 77956K, committed 78976K, reserved 1179648K
  class space    used 9027K, committed 9536K, reserved 1048576K
}
Event: 11.232 GC heap before
{Heap before GC invocations=32 (full 0):
 garbage-first heap   total reserved 3997696K, committed 409600K, used 336693K [0x000000070c000000, 0x0000000800000000)
  region size 2048K, 78 young (159744K), 5 survivors (10240K)
 Metaspace       used 77969K, committed 78976K, reserved 1179648K
  class space    used 9027K, committed 9536K, reserved 1048576K
}
Event: 11.243 GC heap after
{Heap after GC invocations=33 (full 0):
 garbage-first heap   total reserved 3997696K, committed 409600K, used 198950K [0x000000070c000000, 0x0000000800000000)
  region size 2048K, 10 young (20480K), 10 survivors (20480K)
 Metaspace       used 77969K, committed 78976K, reserved 1179648K
  class space    used 9027K, committed 9536K, reserved 1048576K
}
Event: 11.667 GC heap before
{Heap before GC invocations=33 (full 0):
 garbage-first heap   total reserved 3997696K, committed 409600K, used 344358K [0x000000070c000000, 0x0000000800000000)
  region size 2048K, 80 young (163840K), 10 survivors (20480K)
 Metaspace       used 78239K, committed 79296K, reserved 1179648K
  class space    used 9052K, committed 9536K, reserved 1048576K
}
Event: 11.691 GC heap after
{Heap after GC invocations=34 (full 0):
 garbage-first heap   total reserved 3997696K, committed 409600K, used 218264K [0x000000070c000000, 0x0000000800000000)
  region size 2048K, 10 young (20480K), 10 survivors (20480K)
 Metaspace       used 78239K, committed 79296K, reserved 1179648K
  class space    used 9052K, committed 9536K, reserved 1048576K
}
Event: 11.725 GC heap before
{Heap before GC invocations=34 (full 0):
 garbage-first heap   total reserved 3997696K, committed 409600K, used 234648K [0x000000070c000000, 0x0000000800000000)
  region size 2048K, 19 young (38912K), 10 survivors (20480K)
 Metaspace       used 78307K, committed 79360K, reserved 1179648K
  class space    used 9052K, committed 9536K, reserved 1048576K
}
Event: 11.735 GC heap after
{Heap after GC invocations=35 (full 0):
 garbage-first heap   total reserved 3997696K, committed 409600K, used 222930K [0x000000070c000000, 0x0000000800000000)
  region size 2048K, 4 young (8192K), 4 survivors (8192K)
 Metaspace       used 78307K, committed 79360K, reserved 1179648K
  class space    used 9052K, committed 9536K, reserved 1048576K
}
Event: 11.871 GC heap before
{Heap before GC invocations=35 (full 0):
 garbage-first heap   total reserved 3997696K, committed 409600K, used 349906K [0x000000070c000000, 0x0000000800000000)
  region size 2048K, 65 young (133120K), 4 survivors (8192K)
 Metaspace       used 78333K, committed 79360K, reserved 1179648K
  class space    used 9052K, committed 9536K, reserved 1048576K
}

