# JRE version: Java(TM) SE Runtime Environment (23.0.1+11) (build 23.0.1+11-39)
# Java VM: Java HotSpot(TM) 64-Bit Server VM (23.0.1+11-39, mixed mode, sharing, tiered, compressed oops, compressed class ptrs, g1 gc, windows-amd64)
GC Precious Log:
 CardTable entry size: 512
 Card Set container configuration: InlinePtr #cards 5 size 8 Array Of Cards #cards 10 size 36 Howl #buckets 4 coarsen threshold 1843 Howl Bitmap #cards 512 size 80 coarsen threshold 460 Card regions per heap region 1 cards per card region 2048
 CPUs: 16 total, 16 available
 Memory: 14077M
 Large Page Support: Disabled
 NUMA Support: Disabled
 Compressed Oops: Enabled (32-bit)
 Heap Region Size: 1M
 Heap Min Capacity: 8M
 Heap Initial Capacity: 220M
 Heap Max Capacity: 2G
 Pre-touch: Disabled
 Parallel Workers: 13
 Concurrent Workers: 3
 Concurrent Refinement Workers: 13
 Periodic GC: Disabled
Heap:
 garbage-first heap   total reserved 2097152K, committed 93184K, used 48514K [0x0000000080000000, 0x0000000100000000)
  region size 1024K, 9 young (9216K), 3 survivors (3072K)
 Metaspace       used 50401K, committed 52096K, reserved 1114112K
  class space    used 7280K, committed 8064K, reserved 1048576K
GC Heap History (20 events):
Event: 1.296 GC heap before
{Heap before GC invocations=2 (full 0):
 garbage-first heap   total reserved 2097152K, committed 225280K, used 53988K [0x0000000080000000, 0x0000000100000000)
  region size 1024K, 44 young (45056K), 4 survivors (4096K)
 Metaspace       used 4787K, committed 4992K, reserved 1114112K
  class space    used 600K, committed 704K, reserved 1048576K
}
Event: 1.300 GC heap after
{Heap after GC invocations=3 (full 0):
 garbage-first heap   total reserved 2097152K, committed 225280K, used 15562K [0x0000000080000000, 0x0000000100000000)
  region size 1024K, 3 young (3072K), 3 survivors (3072K)
 Metaspace       used 4787K, committed 4992K, reserved 1114112K
  class space    used 600K, committed 704K, reserved 1048576K
}
Event: 2.743 GC heap before
{Heap before GC invocations=3 (full 0):
 garbage-first heap   total reserved 2097152K, committed 225280K, used 86218K [0x0000000080000000, 0x0000000100000000)
  region size 1024K, 72 young (73728K), 3 survivors (3072K)
 Metaspace       used 16872K, committed 17344K, reserved 1114112K
  class space    used 2363K, committed 2560K, reserved 1048576K
}
Event: 2.749 GC heap after
{Heap after GC invocations=4 (full 0):
 garbage-first heap   total reserved 2097152K, committed 225280K, used 22407K [0x0000000080000000, 0x0000000100000000)
  region size 1024K, 9 young (9216K), 9 survivors (9216K)
 Metaspace       used 16872K, committed 17344K, reserved 1114112K
  class space    used 2363K, committed 2560K, reserved 1048576K
}
Event: 3.315 GC heap before
{Heap before GC invocations=4 (full 0):
 garbage-first heap   total reserved 2097152K, committed 225280K, used 54151K [0x0000000080000000, 0x0000000100000000)
  region size 1024K, 42 young (43008K), 9 survivors (9216K)
 Metaspace       used 20839K, committed 21504K, reserved 1114112K
  class space    used 3084K, committed 3392K, reserved 1048576K
}
Event: 3.321 GC heap after
{Heap after GC invocations=5 (full 0):
 garbage-first heap   total reserved 2097152K, committed 225280K, used 25148K [0x0000000080000000, 0x0000000100000000)
  region size 1024K, 3 young (3072K), 3 survivors (3072K)
 Metaspace       used 20839K, committed 21504K, reserved 1114112K
  class space    used 3084K, committed 3392K, reserved 1048576K
}
Event: 4.272 GC heap before
{Heap before GC invocations=6 (full 0):
 garbage-first heap   total reserved 2097152K, committed 86016K, used 84540K [0x0000000080000000, 0x0000000100000000)
  region size 1024K, 62 young (63488K), 3 survivors (3072K)
 Metaspace       used 28222K, committed 29248K, reserved 1114112K
  class space    used 4230K, committed 4736K, reserved 1048576K
}
Event: 4.276 GC heap after
{Heap after GC invocations=7 (full 0):
 garbage-first heap   total reserved 2097152K, committed 93184K, used 29556K [0x0000000080000000, 0x0000000100000000)
  region size 1024K, 7 young (7168K), 7 survivors (7168K)
 Metaspace       used 28222K, committed 29248K, reserved 1114112K
  class space    used 4230K, committed 4736K, reserved 1048576K
}
Event: 5.016 GC heap before
{Heap before GC invocations=7 (full 0):
 garbage-first heap   total reserved 2097152K, committed 93184K, used 64372K [0x0000000080000000, 0x0000000100000000)
  region size 1024K, 43 young (44032K), 7 survivors (7168K)
 Metaspace       used 34930K, committed 35968K, reserved 1114112K
  class space    used 5082K, committed 5568K, reserved 1048576K
}
Event: 5.021 GC heap after
{Heap after GC invocations=8 (full 0):
 garbage-first heap   total reserved 2097152K, committed 93184K, used 32815K [0x0000000080000000, 0x0000000100000000)
  region size 1024K, 4 young (4096K), 4 survivors (4096K)
 Metaspace       used 34930K, committed 35968K, reserved 1114112K
  class space    used 5082K, committed 5568K, reserved 1048576K
}
Event: 5.061 GC heap before
{Heap before GC invocations=8 (full 0):
 garbage-first heap   total reserved 2097152K, committed 93184K, used 33839K [0x0000000080000000, 0x0000000100000000)
  region size 1024K, 7 young (7168K), 4 survivors (4096K)
 Metaspace       used 35231K, committed 36288K, reserved 1114112K
  class space    used 5112K, committed 5632K, reserved 1048576K
}
Event: 5.064 GC heap after
{Heap after GC invocations=9 (full 0):
 garbage-first heap   total reserved 2097152K, committed 93184K, used 34420K [0x0000000080000000, 0x0000000100000000)
  region size 1024K, 2 young (2048K), 2 survivors (2048K)
 Metaspace       used 35231K, committed 36288K, reserved 1114112K
  class space    used 5112K, committed 5632K, reserved 1048576K
}
Event: 5.340 GC heap before
{Heap before GC invocations=10 (full 0):
 garbage-first heap   total reserved 2097152K, committed 93184K, used 64116K [0x0000000080000000, 0x0000000100000000)
  region size 1024K, 31 young (31744K), 2 survivors (2048K)
 Metaspace       used 36246K, committed 37376K, reserved 1114112K
  class space    used 5263K, committed 5824K, reserved 1048576K
}
Event: 5.342 GC heap after
{Heap after GC invocations=11 (full 0):
 garbage-first heap   total reserved 2097152K, committed 93184K, used 36028K [0x0000000080000000, 0x0000000100000000)
  region size 1024K, 4 young (4096K), 4 survivors (4096K)
 Metaspace       used 36246K, committed 37376K, reserved 1114112K
  class space    used 5263K, committed 5824K, reserved 1048576K
}
Event: 5.895 GC heap before
{Heap before GC invocations=11 (full 0):
 garbage-first heap   total reserved 2097152K, committed 93184K, used 73916K [0x0000000080000000, 0x0000000100000000)
  region size 1024K, 35 young (35840K), 4 survivors (4096K)
 Metaspace       used 40448K, committed 41728K, reserved 1114112K
  class space    used 5674K, committed 6272K, reserved 1048576K
}
Event: 5.898 GC heap after
{Heap after GC invocations=12 (full 0):
 garbage-first heap   total reserved 2097152K, committed 93184K, used 38277K [0x0000000080000000, 0x0000000100000000)
  region size 1024K, 5 young (5120K), 5 survivors (5120K)
 Metaspace       used 40448K, committed 41728K, reserved 1114112K
  class space    used 5674K, committed 6272K, reserved 1048576K
}
Event: 6.164 GC heap before
{Heap before GC invocations=12 (full 0):
 garbage-first heap   total reserved 2097152K, committed 93184K, used 71045K [0x0000000080000000, 0x0000000100000000)
  region size 1024K, 37 young (37888K), 5 survivors (5120K)
 Metaspace       used 41707K, committed 43072K, reserved 1114112K
  class space    used 5876K, committed 6528K, reserved 1048576K
}
Event: 6.167 GC heap after
{Heap after GC invocations=13 (full 0):
 garbage-first heap   total reserved 2097152K, committed 93184K, used 40588K [0x0000000080000000, 0x0000000100000000)
  region size 1024K, 3 young (3072K), 3 survivors (3072K)
 Metaspace       used 41707K, committed 43072K, reserved 1114112K
  class space    used 5876K, committed 6528K, reserved 1048576K
}
Event: 6.661 GC heap before
{Heap before GC invocations=13 (full 0):
 garbage-first heap   total reserved 2097152K, committed 93184K, used 73356K [0x0000000080000000, 0x0000000100000000)
  region size 1024K, 35 young (35840K), 3 survivors (3072K)
 Metaspace       used 45387K, committed 47104K, reserved 1114112K
  class space    used 6525K, committed 7296K, reserved 1048576K
}
Event: 6.664 GC heap after
{Heap after GC invocations=14 (full 0):
 garbage-first heap   total reserved 2097152K, committed 93184K, used 42174K [0x0000000080000000, 0x0000000100000000)
  region size 1024K, 4 young (4096K), 4 survivors (4096K)
 Metaspace       used 45387K, committed 47104K, reserved 1114112K
  class space    used 6525K, committed 7296K, reserved 1048576K
}

