# JRE version: Java(TM) SE Runtime Environment (23.0.1+11) (build 23.0.1+11-39)
# Java VM: Java HotSpot(TM) 64-Bit Server VM (23.0.1+11-39, mixed mode, sharing, tiered, compressed oops, compressed class ptrs, g1 gc, windows-amd64)
GC Precious Log:
 CardTable entry size: 512
 Card Set container configuration: InlinePtr #cards 4 size 8 Array Of Cards #cards 16 size 48 Howl #buckets 8 coarsen threshold 3686 Howl Bitmap #cards 512 size 80 coarsen threshold 460 Card regions per heap region 1 cards per card region 4096
 CPUs: 16 total, 16 available
 Memory: 14077M
 Large Page Support: Disabled
 NUMA Support: Disabled
 Compressed Oops: Enabled (Zero based)
 Heap Region Size: 2M
 Heap Min Capacity: 8M
 Heap Initial Capacity: 220M
 Heap Max Capacity: 3520M
 Pre-touch: Disabled
 Parallel Workers: 13
 Concurrent Workers: 3
 Concurrent Refinement Workers: 13
 Periodic GC: Disabled
Heap:
 garbage-first heap   total reserved 3604480K, committed 153600K, used 111658K [0x0000000724000000, 0x0000000800000000)
  region size 2048K, 14 young (28672K), 3 survivors (6144K)
 Metaspace       used 73298K, committed 74240K, reserved 1114112K
  class space    used 8708K, committed 9088K, reserved 1048576K
GC Heap History (20 events):
Event: 39.644 GC heap before
{Heap before GC invocations=33 (full 0):
 garbage-first heap   total reserved 3604480K, committed 88064K, used 77026K [0x0000000724000000, 0x0000000800000000)
  region size 2048K, 13 young (26624K), 2 survivors (4096K)
 Metaspace       used 59971K, committed 60864K, reserved 1114112K
  class space    used 7255K, committed 7680K, reserved 1048576K
}
Event: 39.647 GC heap after
{Heap after GC invocations=34 (full 0):
 garbage-first heap   total reserved 3604480K, committed 88064K, used 56477K [0x0000000724000000, 0x0000000800000000)
  region size 2048K, 1 young (2048K), 1 survivors (2048K)
 Metaspace       used 59971K, committed 60864K, reserved 1114112K
  class space    used 7255K, committed 7680K, reserved 1048576K
}
Event: 39.921 GC heap before
{Heap before GC invocations=35 (full 0):
 garbage-first heap   total reserved 3604480K, committed 96256K, used 79005K [0x0000000724000000, 0x0000000800000000)
  region size 2048K, 12 young (24576K), 1 survivors (2048K)
 Metaspace       used 60031K, committed 60928K, reserved 1114112K
  class space    used 7255K, committed 7680K, reserved 1048576K
}
Event: 39.923 GC heap after
{Heap after GC invocations=36 (full 0):
 garbage-first heap   total reserved 3604480K, committed 96256K, used 58682K [0x0000000724000000, 0x0000000800000000)
  region size 2048K, 2 young (4096K), 2 survivors (4096K)
 Metaspace       used 60031K, committed 60928K, reserved 1114112K
  class space    used 7255K, committed 7680K, reserved 1048576K
}
Event: 40.010 GC heap before
{Heap before GC invocations=36 (full 0):
 garbage-first heap   total reserved 3604480K, committed 96256K, used 83258K [0x0000000724000000, 0x0000000800000000)
  region size 2048K, 15 young (30720K), 2 survivors (4096K)
 Metaspace       used 60053K, committed 60992K, reserved 1114112K
  class space    used 7255K, committed 7680K, reserved 1048576K
}
Event: 40.016 GC heap after
{Heap after GC invocations=37 (full 0):
 garbage-first heap   total reserved 3604480K, committed 96256K, used 61066K [0x0000000724000000, 0x0000000800000000)
  region size 2048K, 2 young (4096K), 2 survivors (4096K)
 Metaspace       used 60053K, committed 60992K, reserved 1114112K
  class space    used 7255K, committed 7680K, reserved 1048576K
}
Event: 40.215 GC heap before
{Heap before GC invocations=37 (full 0):
 garbage-first heap   total reserved 3604480K, committed 96256K, used 83594K [0x0000000724000000, 0x0000000800000000)
  region size 2048K, 13 young (26624K), 2 survivors (4096K)
 Metaspace       used 60055K, committed 60992K, reserved 1114112K
  class space    used 7255K, committed 7680K, reserved 1048576K
}
Event: 40.217 GC heap after
{Heap after GC invocations=38 (full 0):
 garbage-first heap   total reserved 3604480K, committed 96256K, used 64389K [0x0000000724000000, 0x0000000800000000)
  region size 2048K, 2 young (4096K), 2 survivors (4096K)
 Metaspace       used 60055K, committed 60992K, reserved 1114112K
  class space    used 7255K, committed 7680K, reserved 1048576K
}
Event: 40.871 GC heap before
{Heap before GC invocations=39 (full 0):
 garbage-first heap   total reserved 3604480K, committed 110592K, used 84869K [0x0000000724000000, 0x0000000800000000)
  region size 2048K, 11 young (22528K), 2 survivors (4096K)
 Metaspace       used 63069K, committed 64000K, reserved 1114112K
  class space    used 7638K, committed 8064K, reserved 1048576K
}
Event: 40.873 GC heap after
{Heap after GC invocations=40 (full 0):
 garbage-first heap   total reserved 3604480K, committed 110592K, used 69160K [0x0000000724000000, 0x0000000800000000)
  region size 2048K, 2 young (4096K), 2 survivors (4096K)
 Metaspace       used 63069K, committed 64000K, reserved 1114112K
  class space    used 7638K, committed 8064K, reserved 1048576K
}
Event: 42.291 GC heap before
{Heap before GC invocations=40 (full 0):
 garbage-first heap   total reserved 3604480K, committed 110592K, used 93736K [0x0000000724000000, 0x0000000800000000)
  region size 2048K, 15 young (30720K), 2 survivors (4096K)
 Metaspace       used 66651K, committed 67584K, reserved 1114112K
  class space    used 8120K, committed 8512K, reserved 1048576K
}
Event: 42.295 GC heap after
{Heap after GC invocations=41 (full 0):
 garbage-first heap   total reserved 3604480K, committed 110592K, used 74186K [0x0000000724000000, 0x0000000800000000)
  region size 2048K, 2 young (4096K), 2 survivors (4096K)
 Metaspace       used 66651K, committed 67584K, reserved 1114112K
  class space    used 8120K, committed 8512K, reserved 1048576K
}
Event: 42.399 GC heap before
{Heap before GC invocations=41 (full 0):
 garbage-first heap   total reserved 3604480K, committed 110592K, used 96714K [0x0000000724000000, 0x0000000800000000)
  region size 2048K, 13 young (26624K), 2 survivors (4096K)
 Metaspace       used 66652K, committed 67584K, reserved 1114112K
  class space    used 8120K, committed 8512K, reserved 1048576K
}
Event: 42.402 GC heap after
{Heap after GC invocations=42 (full 0):
 garbage-first heap   total reserved 3604480K, committed 110592K, used 75688K [0x0000000724000000, 0x0000000800000000)
  region size 2048K, 1 young (2048K), 1 survivors (2048K)
 Metaspace       used 66652K, committed 67584K, reserved 1114112K
  class space    used 8120K, committed 8512K, reserved 1048576K
}
Event: 43.461 GC heap before
{Heap before GC invocations=43 (full 0):
 garbage-first heap   total reserved 3604480K, committed 131072K, used 98216K [0x0000000724000000, 0x0000000800000000)
  region size 2048K, 12 young (24576K), 1 survivors (2048K)
 Metaspace       used 67713K, committed 68672K, reserved 1114112K
  class space    used 8226K, committed 8640K, reserved 1048576K
}
Event: 43.464 GC heap after
{Heap after GC invocations=44 (full 0):
 garbage-first heap   total reserved 3604480K, committed 131072K, used 78965K [0x0000000724000000, 0x0000000800000000)
  region size 2048K, 2 young (4096K), 2 survivors (4096K)
 Metaspace       used 67713K, committed 68672K, reserved 1114112K
  class space    used 8226K, committed 8640K, reserved 1048576K
}
Event: 44.854 GC heap before
{Heap before GC invocations=44 (full 0):
 garbage-first heap   total reserved 3604480K, committed 131072K, used 115829K [0x0000000724000000, 0x0000000800000000)
  region size 2048K, 21 young (43008K), 2 survivors (4096K)
 Metaspace       used 70034K, committed 70912K, reserved 1114112K
  class space    used 8380K, committed 8768K, reserved 1048576K
}
Event: 44.861 GC heap after
{Heap after GC invocations=45 (full 0):
 garbage-first heap   total reserved 3604480K, committed 131072K, used 85247K [0x0000000724000000, 0x0000000800000000)
  region size 2048K, 3 young (6144K), 3 survivors (6144K)
 Metaspace       used 70034K, committed 70912K, reserved 1114112K
  class space    used 8380K, committed 8768K, reserved 1048576K
}
Event: 51.599 GC heap before
{Heap before GC invocations=45 (full 0):
 garbage-first heap   total reserved 3604480K, committed 131072K, used 115967K [0x0000000724000000, 0x0000000800000000)
  region size 2048K, 18 young (36864K), 3 survivors (6144K)
 Metaspace       used 72482K, committed 73408K, reserved 1114112K
  class space    used 8619K, committed 9024K, reserved 1048576K
}
Event: 51.604 GC heap after
{Heap after GC invocations=46 (full 0):
 garbage-first heap   total reserved 3604480K, committed 131072K, used 91178K [0x0000000724000000, 0x0000000800000000)
  region size 2048K, 3 young (6144K), 3 survivors (6144K)
 Metaspace       used 72482K, committed 73408K, reserved 1114112K
  class space    used 8619K, committed 9024K, reserved 1048576K
}

