# JRE version: OpenJDK Runtime Environment Temurin-21.0.8+9 (21.0.8+9) (build 21.0.8+9-LTS)
# Java VM: OpenJDK 64-Bit Server VM Temurin-21.0.8+9 (21.0.8+9-LTS, mixed mode, sharing, tiered, compressed oops, compressed class ptrs, parallel gc, windows-amd64)
GC Precious Log:
 CardTable entry size: 512
 CPUs: 16 total, 16 available
 Memory: 15613M
 Large Page Support: Disabled
 NUMA Support: Disabled
 Compressed Oops: Enabled (32-bit)
 Alignments: Space 512K, Generation 512K, Heap 2M
 Heap Min Capacity: 100M
 Heap Initial Capacity: 100M
 Heap Max Capacity: 2G
 Pre-touch: Disabled
 Parallel Workers: 13
Heap:
 PSYoungGen      total 12288K, used 4441K [0x00000000d5580000, 0x00000000d6280000, 0x0000000100000000)
  eden space 11264K, 34% used [0x00000000d5580000,0x00000000d5946490,0x00000000d6080000)
  from space 1024K, 56% used [0x00000000d6080000,0x00000000d6110040,0x00000000d6180000)
  to   space 1024K, 0% used [0x00000000d6180000,0x00000000d6180000,0x00000000d6280000)
 ParOldGen       total 68608K, used 65803K [0x0000000080000000, 0x0000000084300000, 0x00000000d5580000)
  object space 68608K, 95% used [0x0000000080000000,0x0000000084042f68,0x0000000084300000)
 Metaspace       used 69879K, committed 71552K, reserved 1114112K
  class space    used 8694K, committed 9408K, reserved 1048576K
GC Heap History (20 events):
Event: 31.455 GC heap before
{Heap before GC invocations=95 (full 3):
 PSYoungGen      total 13312K, used 13282K [0x00000000d5580000, 0x00000000d6700000, 0x0000000100000000)
  eden space 11776K, 100% used [0x00000000d5580000,0x00000000d6100000,0x00000000d6100000)
  from space 1536K, 98% used [0x00000000d6100000,0x00000000d6278810,0x00000000d6280000)
  to   space 3072K, 0% used [0x00000000d6400000,0x00000000d6400000,0x00000000d6700000)
 ParOldGen       total 68608K, used 54708K [0x0000000080000000, 0x0000000084300000, 0x00000000d5580000)
  object space 68608K, 79% used [0x0000000080000000,0x000000008356d178,0x0000000084300000)
 Metaspace       used 68604K, committed 70208K, reserved 1114112K
  class space    used 8566K, committed 9280K, reserved 1048576K
}
Event: 31.458 GC heap after
{Heap after GC invocations=95 (full 3):
 PSYoungGen      total 13312K, used 1376K [0x00000000d5580000, 0x00000000d6580000, 0x0000000100000000)
  eden space 11776K, 0% used [0x00000000d5580000,0x00000000d5580000,0x00000000d6100000)
  from space 1536K, 89% used [0x00000000d6400000,0x00000000d6558010,0x00000000d6580000)
  to   space 2048K, 0% used [0x00000000d6180000,0x00000000d6180000,0x00000000d6380000)
 ParOldGen       total 68608K, used 56082K [0x0000000080000000, 0x0000000084300000, 0x00000000d5580000)
  object space 68608K, 81% used [0x0000000080000000,0x00000000836c4ab8,0x0000000084300000)
 Metaspace       used 68604K, committed 70208K, reserved 1114112K
  class space    used 8566K, committed 9280K, reserved 1048576K
}
Event: 31.489 GC heap before
{Heap before GC invocations=96 (full 3):
 PSYoungGen      total 13312K, used 13152K [0x00000000d5580000, 0x00000000d6580000, 0x0000000100000000)
  eden space 11776K, 100% used [0x00000000d5580000,0x00000000d6100000,0x00000000d6100000)
  from space 1536K, 89% used [0x00000000d6400000,0x00000000d6558010,0x00000000d6580000)
  to   space 2048K, 0% used [0x00000000d6180000,0x00000000d6180000,0x00000000d6380000)
 ParOldGen       total 68608K, used 56082K [0x0000000080000000, 0x0000000084300000, 0x00000000d5580000)
  object space 68608K, 81% used [0x0000000080000000,0x00000000836c4ab8,0x0000000084300000)
 Metaspace       used 68619K, committed 70208K, reserved 1114112K
  class space    used 8566K, committed 9280K, reserved 1048576K
}
Event: 31.492 GC heap after
{Heap after GC invocations=96 (full 3):
 PSYoungGen      total 13312K, used 1440K [0x00000000d5580000, 0x00000000d6480000, 0x0000000100000000)
  eden space 11776K, 0% used [0x00000000d5580000,0x00000000d5580000,0x00000000d6100000)
  from space 1536K, 93% used [0x00000000d6180000,0x00000000d62e8000,0x00000000d6300000)
  to   space 1536K, 0% used [0x00000000d6300000,0x00000000d6300000,0x00000000d6480000)
 ParOldGen       total 68608K, used 57258K [0x0000000080000000, 0x0000000084300000, 0x00000000d5580000)
  object space 68608K, 83% used [0x0000000080000000,0x00000000837eaac8,0x0000000084300000)
 Metaspace       used 68619K, committed 70208K, reserved 1114112K
  class space    used 8566K, committed 9280K, reserved 1048576K
}
Event: 31.519 GC heap before
{Heap before GC invocations=97 (full 3):
 PSYoungGen      total 13312K, used 13216K [0x00000000d5580000, 0x00000000d6480000, 0x0000000100000000)
  eden space 11776K, 100% used [0x00000000d5580000,0x00000000d6100000,0x00000000d6100000)
  from space 1536K, 93% used [0x00000000d6180000,0x00000000d62e8000,0x00000000d6300000)
  to   space 1536K, 0% used [0x00000000d6300000,0x00000000d6300000,0x00000000d6480000)
 ParOldGen       total 68608K, used 57258K [0x0000000080000000, 0x0000000084300000, 0x00000000d5580000)
  object space 68608K, 83% used [0x0000000080000000,0x00000000837eaac8,0x0000000084300000)
 Metaspace       used 68620K, committed 70208K, reserved 1114112K
  class space    used 8566K, committed 9280K, reserved 1048576K
}
Event: 31.522 GC heap after
{Heap after GC invocations=97 (full 3):
 PSYoungGen      total 13312K, used 1152K [0x00000000d5580000, 0x00000000d6480000, 0x0000000100000000)
  eden space 11776K, 0% used [0x00000000d5580000,0x00000000d5580000,0x00000000d6100000)
  from space 1536K, 75% used [0x00000000d6300000,0x00000000d6420000,0x00000000d6480000)
  to   space 1536K, 0% used [0x00000000d6180000,0x00000000d6180000,0x00000000d6300000)
 ParOldGen       total 68608K, used 58544K [0x0000000080000000, 0x0000000084300000, 0x00000000d5580000)
  object space 68608K, 85% used [0x0000000080000000,0x000000008392c348,0x0000000084300000)
 Metaspace       used 68620K, committed 70208K, reserved 1114112K
  class space    used 8566K, committed 9280K, reserved 1048576K
}
Event: 31.557 GC heap before
{Heap before GC invocations=98 (full 3):
 PSYoungGen      total 13312K, used 12928K [0x00000000d5580000, 0x00000000d6480000, 0x0000000100000000)
  eden space 11776K, 100% used [0x00000000d5580000,0x00000000d6100000,0x00000000d6100000)
  from space 1536K, 75% used [0x00000000d6300000,0x00000000d6420000,0x00000000d6480000)
  to   space 1536K, 0% used [0x00000000d6180000,0x00000000d6180000,0x00000000d6300000)
 ParOldGen       total 68608K, used 58544K [0x0000000080000000, 0x0000000084300000, 0x00000000d5580000)
  object space 68608K, 85% used [0x0000000080000000,0x000000008392c348,0x0000000084300000)
 Metaspace       used 68623K, committed 70208K, reserved 1114112K
  class space    used 8566K, committed 9280K, reserved 1048576K
}
Event: 31.559 GC heap after
{Heap after GC invocations=98 (full 3):
 PSYoungGen      total 13312K, used 1412K [0x00000000d5580000, 0x00000000d6400000, 0x0000000100000000)
  eden space 11776K, 0% used [0x00000000d5580000,0x00000000d5580000,0x00000000d6100000)
  from space 1536K, 91% used [0x00000000d6180000,0x00000000d62e1000,0x00000000d6300000)
  to   space 1024K, 0% used [0x00000000d6300000,0x00000000d6300000,0x00000000d6400000)
 ParOldGen       total 68608K, used 59408K [0x0000000080000000, 0x0000000084300000, 0x00000000d5580000)
  object space 68608K, 86% used [0x0000000080000000,0x0000000083a04348,0x0000000084300000)
 Metaspace       used 68623K, committed 70208K, reserved 1114112K
  class space    used 8566K, committed 9280K, reserved 1048576K
}
Event: 31.590 GC heap before
{Heap before GC invocations=99 (full 3):
 PSYoungGen      total 13312K, used 13188K [0x00000000d5580000, 0x00000000d6400000, 0x0000000100000000)
  eden space 11776K, 100% used [0x00000000d5580000,0x00000000d6100000,0x00000000d6100000)
  from space 1536K, 91% used [0x00000000d6180000,0x00000000d62e1000,0x00000000d6300000)
  to   space 1024K, 0% used [0x00000000d6300000,0x00000000d6300000,0x00000000d6400000)
 ParOldGen       total 68608K, used 59408K [0x0000000080000000, 0x0000000084300000, 0x00000000d5580000)
  object space 68608K, 86% used [0x0000000080000000,0x0000000083a04348,0x0000000084300000)
 Metaspace       used 68625K, committed 70208K, reserved 1114112K
  class space    used 8566K, committed 9280K, reserved 1048576K
}
Event: 31.592 GC heap after
{Heap after GC invocations=99 (full 3):
 PSYoungGen      total 12288K, used 1024K [0x00000000d5580000, 0x00000000d6600000, 0x0000000100000000)
  eden space 11264K, 0% used [0x00000000d5580000,0x00000000d5580000,0x00000000d6080000)
  from space 1024K, 100% used [0x00000000d6300000,0x00000000d6400000,0x00000000d6400000)
  to   space 2560K, 0% used [0x00000000d6080000,0x00000000d6080000,0x00000000d6300000)
 ParOldGen       total 68608K, used 60686K [0x0000000080000000, 0x0000000084300000, 0x00000000d5580000)
  object space 68608K, 88% used [0x0000000080000000,0x0000000083b439c0,0x0000000084300000)
 Metaspace       used 68625K, committed 70208K, reserved 1114112K
  class space    used 8566K, committed 9280K, reserved 1048576K
}
Event: 31.639 GC heap before
{Heap before GC invocations=100 (full 3):
 PSYoungGen      total 12288K, used 12288K [0x00000000d5580000, 0x00000000d6600000, 0x0000000100000000)
  eden space 11264K, 100% used [0x00000000d5580000,0x00000000d6080000,0x00000000d6080000)
  from space 1024K, 100% used [0x00000000d6300000,0x00000000d6400000,0x00000000d6400000)
  to   space 2560K, 0% used [0x00000000d6080000,0x00000000d6080000,0x00000000d6300000)
 ParOldGen       total 68608K, used 60686K [0x0000000080000000, 0x0000000084300000, 0x00000000d5580000)
  object space 68608K, 88% used [0x0000000080000000,0x0000000083b439c0,0x0000000084300000)
 Metaspace       used 68654K, committed 70336K, reserved 1114112K
  class space    used 8569K, committed 9344K, reserved 1048576K
}
Event: 31.646 GC heap after
{Heap after GC invocations=100 (full 3):
 PSYoungGen      total 12800K, used 1408K [0x00000000d5580000, 0x00000000d6480000, 0x0000000100000000)
  eden space 11264K, 0% used [0x00000000d5580000,0x00000000d5580000,0x00000000d6080000)
  from space 1536K, 91% used [0x00000000d6080000,0x00000000d61e0010,0x00000000d6200000)
  to   space 2048K, 0% used [0x00000000d6280000,0x00000000d6280000,0x00000000d6480000)
 ParOldGen       total 68608K, used 61702K [0x0000000080000000, 0x0000000084300000, 0x00000000d5580000)
  object space 68608K, 89% used [0x0000000080000000,0x0000000083c419c0,0x0000000084300000)
 Metaspace       used 68654K, committed 70336K, reserved 1114112K
  class space    used 8569K, committed 9344K, reserved 1048576K
}
Event: 31.687 GC heap before
{Heap before GC invocations=101 (full 3):
 PSYoungGen      total 12800K, used 12672K [0x00000000d5580000, 0x00000000d6480000, 0x0000000100000000)
  eden space 11264K, 100% used [0x00000000d5580000,0x00000000d6080000,0x00000000d6080000)
  from space 1536K, 91% used [0x00000000d6080000,0x00000000d61e0010,0x00000000d6200000)
  to   space 2048K, 0% used [0x00000000d6280000,0x00000000d6280000,0x00000000d6480000)
 ParOldGen       total 68608K, used 61702K [0x0000000080000000, 0x0000000084300000, 0x00000000d5580000)
  object space 68608K, 89% used [0x0000000080000000,0x0000000083c419c0,0x0000000084300000)
 Metaspace       used 68671K, committed 70400K, reserved 1114112K
  class space    used 8569K, committed 9344K, reserved 1048576K
}
Event: 31.690 GC heap after
{Heap after GC invocations=101 (full 3):
 PSYoungGen      total 12800K, used 1152K [0x00000000d5580000, 0x00000000d6400000, 0x0000000100000000)
  eden space 11264K, 0% used [0x00000000d5580000,0x00000000d5580000,0x00000000d6080000)
  from space 1536K, 75% used [0x00000000d6280000,0x00000000d63a0000,0x00000000d6400000)
  to   space 1536K, 0% used [0x00000000d6080000,0x00000000d6080000,0x00000000d6200000)
 ParOldGen       total 68608K, used 62902K [0x0000000080000000, 0x0000000084300000, 0x00000000d5580000)
  object space 68608K, 91% used [0x0000000080000000,0x0000000083d6d9d0,0x0000000084300000)
 Metaspace       used 68671K, committed 70400K, reserved 1114112K
  class space    used 8569K, committed 9344K, reserved 1048576K
}
Event: 31.723 GC heap before
{Heap before GC invocations=102 (full 3):
 PSYoungGen      total 12800K, used 12416K [0x00000000d5580000, 0x00000000d6400000, 0x0000000100000000)
  eden space 11264K, 100% used [0x00000000d5580000,0x00000000d6080000,0x00000000d6080000)
  from space 1536K, 75% used [0x00000000d6280000,0x00000000d63a0000,0x00000000d6400000)
  to   space 1536K, 0% used [0x00000000d6080000,0x00000000d6080000,0x00000000d6200000)
 ParOldGen       total 68608K, used 62902K [0x0000000080000000, 0x0000000084300000, 0x00000000d5580000)
  object space 68608K, 91% used [0x0000000080000000,0x0000000083d6d9d0,0x0000000084300000)
 Metaspace       used 68676K, committed 70400K, reserved 1114112K
  class space    used 8569K, committed 9344K, reserved 1048576K
}
Event: 31.725 GC heap after
{Heap after GC invocations=102 (full 3):
 PSYoungGen      total 12800K, used 1208K [0x00000000d5580000, 0x00000000d6380000, 0x0000000100000000)
  eden space 11264K, 0% used [0x00000000d5580000,0x00000000d5580000,0x00000000d6080000)
  from space 1536K, 78% used [0x00000000d6080000,0x00000000d61ae200,0x00000000d6200000)
  to   space 1536K, 0% used [0x00000000d6200000,0x00000000d6200000,0x00000000d6380000)
 ParOldGen       total 68608K, used 63814K [0x0000000080000000, 0x0000000084300000, 0x00000000d5580000)
  object space 68608K, 93% used [0x0000000080000000,0x0000000083e519d0,0x0000000084300000)
 Metaspace       used 68676K, committed 70400K, reserved 1114112K
  class space    used 8569K, committed 9344K, reserved 1048576K
}
Event: 31.810 GC heap before
{Heap before GC invocations=103 (full 3):
 PSYoungGen      total 12800K, used 12472K [0x00000000d5580000, 0x00000000d6380000, 0x0000000100000000)
  eden space 11264K, 100% used [0x00000000d5580000,0x00000000d6080000,0x00000000d6080000)
  from space 1536K, 78% used [0x00000000d6080000,0x00000000d61ae200,0x00000000d6200000)
  to   space 1536K, 0% used [0x00000000d6200000,0x00000000d6200000,0x00000000d6380000)
 ParOldGen       total 68608K, used 63814K [0x0000000080000000, 0x0000000084300000, 0x00000000d5580000)
  object space 68608K, 93% used [0x0000000080000000,0x0000000083e519d0,0x0000000084300000)
 Metaspace       used 69105K, committed 70720K, reserved 1114112K
  class space    used 8602K, committed 9344K, reserved 1048576K
}
Event: 31.812 GC heap after
{Heap after GC invocations=103 (full 3):
 PSYoungGen      total 12800K, used 1184K [0x00000000d5580000, 0x00000000d6380000, 0x0000000100000000)
  eden space 11264K, 0% used [0x00000000d5580000,0x00000000d5580000,0x00000000d6080000)
  from space 1536K, 77% used [0x00000000d6200000,0x00000000d6328020,0x00000000d6380000)
  to   space 1536K, 0% used [0x00000000d6080000,0x00000000d6080000,0x00000000d6200000)
 ParOldGen       total 68608K, used 64838K [0x0000000080000000, 0x0000000084300000, 0x00000000d5580000)
  object space 68608K, 94% used [0x0000000080000000,0x0000000083f51bd0,0x0000000084300000)
 Metaspace       used 69105K, committed 70720K, reserved 1114112K
  class space    used 8602K, committed 9344K, reserved 1048576K
}
Event: 158.254 GC heap before
{Heap before GC invocations=104 (full 3):
 PSYoungGen      total 12800K, used 12446K [0x00000000d5580000, 0x00000000d6380000, 0x0000000100000000)
  eden space 11264K, 99% used [0x00000000d5580000,0x00000000d607faf8,0x00000000d6080000)
  from space 1536K, 77% used [0x00000000d6200000,0x00000000d6328020,0x00000000d6380000)
  to   space 1536K, 0% used [0x00000000d6080000,0x00000000d6080000,0x00000000d6200000)
 ParOldGen       total 68608K, used 64838K [0x0000000080000000, 0x0000000084300000, 0x00000000d5580000)
  object space 68608K, 94% used [0x0000000080000000,0x0000000083f51bd0,0x0000000084300000)
 Metaspace       used 69567K, committed 71232K, reserved 1114112K
  class space    used 8648K, committed 9408K, reserved 1048576K
}
Event: 158.255 GC heap after
{Heap after GC invocations=104 (full 3):
 PSYoungGen      total 12288K, used 576K [0x00000000d5580000, 0x00000000d6280000, 0x0000000100000000)
  eden space 11264K, 0% used [0x00000000d5580000,0x00000000d5580000,0x00000000d6080000)
  from space 1024K, 56% used [0x00000000d6080000,0x00000000d6110040,0x00000000d6180000)
  to   space 1024K, 0% used [0x00000000d6180000,0x00000000d6180000,0x00000000d6280000)
 ParOldGen       total 68608K, used 65803K [0x0000000080000000, 0x0000000084300000, 0x00000000d5580000)
  object space 68608K, 95% used [0x0000000080000000,0x0000000084042f68,0x0000000084300000)
 Metaspace       used 69567K, committed 71232K, reserved 1114112K
  class space    used 8648K, committed 9408K, reserved 1048576K
}

