# JRE version: Java(TM) SE Runtime Environment (23.0.1+11) (build 23.0.1+11-39)
# Java VM: Java HotSpot(TM) 64-Bit Server VM (23.0.1+11-39, mixed mode, sharing, tiered, compressed oops, compressed class ptrs, g1 gc, windows-amd64)
GC Precious Log:
 CardTable entry size: 512
 Card Set container configuration: InlinePtr #cards 4 size 8 Array Of Cards #cards 16 size 48 Howl #buckets 8 coarsen threshold 3686 Howl Bitmap #cards 512 size 80 coarsen threshold 460 Card regions per heap region 1 cards per card region 4096
 CPUs: 16 total, 16 available
 Memory: 15613M
 Large Page Support: Disabled
 NUMA Support: Disabled
 Compressed Oops: Enabled (Zero based)
 Heap Region Size: 2M
 Heap Min Capacity: 8M
 Heap Initial Capacity: 244M
 Heap Max Capacity: 3904M
 Pre-touch: Disabled
 Parallel Workers: 13
 Concurrent Workers: 3
 Concurrent Refinement Workers: 13
 Periodic GC: Disabled
Heap:
 garbage-first heap   total reserved 3997696K, committed 229376K, used 118875K [0x000000070c000000, 0x0000000800000000)
  region size 2048K, 2 young (4096K), 2 survivors (4096K)
 Metaspace       used 74483K, committed 75584K, reserved 1179648K
  class space    used 8865K, committed 9344K, reserved 1048576K
GC Heap History (20 events):
Event: 8.838 GC heap after
{Heap after GC invocations=38 (full 0):
 garbage-first heap   total reserved 3997696K, committed 100352K, used 68411K [0x000000070c000000, 0x0000000800000000)
  region size 2048K, 2 young (4096K), 2 survivors (4096K)
 Metaspace       used 60424K, committed 61312K, reserved 1114112K
  class space    used 7291K, committed 7680K, reserved 1048576K
}
Event: 8.874 GC heap before
{Heap before GC invocations=38 (full 0):
 garbage-first heap   total reserved 3997696K, committed 100352K, used 88891K [0x000000070c000000, 0x0000000800000000)
  region size 2048K, 12 young (24576K), 2 survivors (4096K)
 Metaspace       used 60425K, committed 61312K, reserved 1114112K
  class space    used 7291K, committed 7680K, reserved 1048576K
}
Event: 8.876 GC heap after
{Heap after GC invocations=39 (full 0):
 garbage-first heap   total reserved 3997696K, committed 149504K, used 69122K [0x000000070c000000, 0x0000000800000000)
  region size 2048K, 1 young (2048K), 1 survivors (2048K)
 Metaspace       used 60425K, committed 61312K, reserved 1114112K
  class space    used 7291K, committed 7680K, reserved 1048576K
}
Event: 10.277 GC heap before
{Heap before GC invocations=40 (full 0):
 garbage-first heap   total reserved 3997696K, committed 149504K, used 128514K [0x000000070c000000, 0x0000000800000000)
  region size 2048K, 29 young (59392K), 1 survivors (2048K)
 Metaspace       used 69408K, committed 70400K, reserved 1114112K
  class space    used 8357K, committed 8832K, reserved 1048576K
}
Event: 10.283 GC heap after
{Heap after GC invocations=41 (full 0):
 garbage-first heap   total reserved 3997696K, committed 149504K, used 77789K [0x000000070c000000, 0x0000000800000000)
  region size 2048K, 4 young (8192K), 4 survivors (8192K)
 Metaspace       used 69408K, committed 70400K, reserved 1114112K
  class space    used 8357K, committed 8832K, reserved 1048576K
}
Event: 11.539 GC heap before
{Heap before GC invocations=41 (full 0):
 garbage-first heap   total reserved 3997696K, committed 149504K, used 122845K [0x000000070c000000, 0x0000000800000000)
  region size 2048K, 26 young (53248K), 4 survivors (8192K)
 Metaspace       used 72101K, committed 73088K, reserved 1114112K
  class space    used 8647K, committed 9088K, reserved 1048576K
}
Event: 11.545 GC heap after
{Heap after GC invocations=42 (full 0):
 garbage-first heap   total reserved 3997696K, committed 149504K, used 84211K [0x000000070c000000, 0x0000000800000000)
  region size 2048K, 4 young (8192K), 4 survivors (8192K)
 Metaspace       used 72101K, committed 73088K, reserved 1114112K
  class space    used 8647K, committed 9088K, reserved 1048576K
}
Event: 12.090 GC heap before
{Heap before GC invocations=42 (full 0):
 garbage-first heap   total reserved 3997696K, committed 149504K, used 127219K [0x000000070c000000, 0x0000000800000000)
  region size 2048K, 25 young (51200K), 4 survivors (8192K)
 Metaspace       used 73834K, committed 74880K, reserved 1179648K
  class space    used 8787K, committed 9280K, reserved 1048576K
}
Event: 12.094 GC heap after
{Heap after GC invocations=43 (full 0):
 garbage-first heap   total reserved 3997696K, committed 149504K, used 90239K [0x000000070c000000, 0x0000000800000000)
  region size 2048K, 4 young (8192K), 4 survivors (8192K)
 Metaspace       used 73834K, committed 74880K, reserved 1179648K
  class space    used 8787K, committed 9280K, reserved 1048576K
}
Event: 12.185 GC heap before
{Heap before GC invocations=44 (full 0):
 garbage-first heap   total reserved 3997696K, committed 153600K, used 127103K [0x000000070c000000, 0x0000000800000000)
  region size 2048K, 23 young (47104K), 4 survivors (8192K)
 Metaspace       used 73847K, committed 74880K, reserved 1179648K
  class space    used 8789K, committed 9280K, reserved 1048576K
}
Event: 12.188 GC heap after
{Heap after GC invocations=45 (full 0):
 garbage-first heap   total reserved 3997696K, committed 153600K, used 93418K [0x000000070c000000, 0x0000000800000000)
  region size 2048K, 2 young (4096K), 2 survivors (4096K)
 Metaspace       used 73847K, committed 74880K, reserved 1179648K
  class space    used 8789K, committed 9280K, reserved 1048576K
}
Event: 12.310 GC heap before
{Heap before GC invocations=45 (full 0):
 garbage-first heap   total reserved 3997696K, committed 153600K, used 136426K [0x000000070c000000, 0x0000000800000000)
  region size 2048K, 23 young (47104K), 2 survivors (4096K)
 Metaspace       used 73847K, committed 74880K, reserved 1179648K
  class space    used 8789K, committed 9280K, reserved 1048576K
}
Event: 12.315 GC heap after
{Heap after GC invocations=46 (full 0):
 garbage-first heap   total reserved 3997696K, committed 153600K, used 96153K [0x000000070c000000, 0x0000000800000000)
  region size 2048K, 3 young (6144K), 3 survivors (6144K)
 Metaspace       used 73847K, committed 74880K, reserved 1179648K
  class space    used 8789K, committed 9280K, reserved 1048576K
}
Event: 12.357 GC heap before
{Heap before GC invocations=46 (full 0):
 garbage-first heap   total reserved 3997696K, committed 153600K, used 137113K [0x000000070c000000, 0x0000000800000000)
  region size 2048K, 23 young (47104K), 3 survivors (6144K)
 Metaspace       used 73847K, committed 74880K, reserved 1179648K
  class space    used 8789K, committed 9280K, reserved 1048576K
}
Event: 12.360 GC heap after
{Heap after GC invocations=47 (full 0):
 garbage-first heap   total reserved 3997696K, committed 153600K, used 101399K [0x000000070c000000, 0x0000000800000000)
  region size 2048K, 3 young (6144K), 3 survivors (6144K)
 Metaspace       used 73847K, committed 74880K, reserved 1179648K
  class space    used 8789K, committed 9280K, reserved 1048576K
}
Event: 12.462 GC heap before
{Heap before GC invocations=48 (full 0):
 garbage-first heap   total reserved 3997696K, committed 174080K, used 134167K [0x000000070c000000, 0x0000000800000000)
  region size 2048K, 19 young (38912K), 3 survivors (6144K)
 Metaspace       used 73951K, committed 75008K, reserved 1179648K
  class space    used 8804K, committed 9280K, reserved 1048576K
}
Event: 12.465 GC heap after
{Heap after GC invocations=49 (full 0):
 garbage-first heap   total reserved 3997696K, committed 174080K, used 105622K [0x000000070c000000, 0x0000000800000000)
  region size 2048K, 3 young (6144K), 3 survivors (6144K)
 Metaspace       used 73951K, committed 75008K, reserved 1179648K
  class space    used 8804K, committed 9280K, reserved 1048576K
}
Event: 12.679 GC heap before
{Heap before GC invocations=49 (full 0):
 garbage-first heap   total reserved 3997696K, committed 174080K, used 152726K [0x000000070c000000, 0x0000000800000000)
  region size 2048K, 26 young (53248K), 3 survivors (6144K)
 Metaspace       used 74483K, committed 75584K, reserved 1179648K
  class space    used 8865K, committed 9344K, reserved 1048576K
}
Event: 12.685 GC heap after
{Heap after GC invocations=50 (full 0):
 garbage-first heap   total reserved 3997696K, committed 174080K, used 114115K [0x000000070c000000, 0x0000000800000000)
  region size 2048K, 4 young (8192K), 4 survivors (8192K)
 Metaspace       used 74483K, committed 75584K, reserved 1179648K
  class space    used 8865K, committed 9344K, reserved 1048576K
}
Event: 12.802 GC heap before
{Heap before GC invocations=50 (full 0):
 garbage-first heap   total reserved 3997696K, committed 174080K, used 155075K [0x000000070c000000, 0x0000000800000000)
  region size 2048K, 24 young (49152K), 4 survivors (8192K)
 Metaspace       used 74483K, committed 75584K, reserved 1179648K
  class space    used 8865K, committed 9344K, reserved 1048576K
}

