# JRE version: Java(TM) SE Runtime Environment (23.0.1+11) (build 23.0.1+11-39)
# Java VM: Java HotSpot(TM) 64-Bit Server VM (23.0.1+11-39, mixed mode, sharing, tiered, compressed oops, compressed class ptrs, g1 gc, windows-amd64)
GC Precious Log:
 CardTable entry size: 512
 Card Set container configuration: InlinePtr #cards 4 size 8 Array Of Cards #cards 16 size 48 Howl #buckets 8 coarsen threshold 3686 Howl Bitmap #cards 512 size 80 coarsen threshold 460 Card regions per heap region 1 cards per card region 4096
 CPUs: 16 total, 16 available
 Memory: 14077M
 Large Page Support: Disabled
 NUMA Support: Disabled
 Compressed Oops: Enabled (Zero based)
 Heap Region Size: 2M
 Heap Min Capacity: 8M
 Heap Initial Capacity: 220M
 Heap Max Capacity: 3520M
 Pre-touch: Disabled
 Parallel Workers: 13
 Concurrent Workers: 3
 Concurrent Refinement Workers: 13
 Periodic GC: Disabled
Heap:
 garbage-first heap   total reserved 3604480K, committed 1032192K, used 825216K [0x0000000724000000, 0x0000000800000000)
  region size 2048K, 76 young (155648K), 18 survivors (36864K)
 Metaspace       used 81806K, committed 82880K, reserved 1179648K
  class space    used 9143K, committed 9664K, reserved 1048576K
GC Heap History (20 events):
Event: 64.552 GC heap before
{Heap before GC invocations=90 (full 0):
 garbage-first heap   total reserved 3604480K, committed 700416K, used 595051K [0x0000000724000000, 0x0000000800000000)
  region size 2048K, 78 young (159744K), 13 survivors (26624K)
 Metaspace       used 80992K, committed 82048K, reserved 1179648K
  class space    used 9112K, committed 9600K, reserved 1048576K
}
Event: 64.563 GC heap after
{Heap after GC invocations=91 (full 0):
 garbage-first heap   total reserved 3604480K, committed 700416K, used 477240K [0x0000000724000000, 0x0000000800000000)
  region size 2048K, 8 young (16384K), 8 survivors (16384K)
 Metaspace       used 80992K, committed 82048K, reserved 1179648K
  class space    used 9112K, committed 9600K, reserved 1048576K
}
Event: 65.159 GC heap before
{Heap before GC invocations=92 (full 0):
 garbage-first heap   total reserved 3604480K, committed 802816K, used 641080K [0x0000000724000000, 0x0000000800000000)
  region size 2048K, 87 young (178176K), 8 survivors (16384K)
 Metaspace       used 81127K, committed 82176K, reserved 1179648K
  class space    used 9122K, committed 9600K, reserved 1048576K
}
Event: 65.171 GC heap after
{Heap after GC invocations=93 (full 0):
 garbage-first heap   total reserved 3604480K, committed 802816K, used 499943K [0x0000000724000000, 0x0000000800000000)
  region size 2048K, 11 young (22528K), 11 survivors (22528K)
 Metaspace       used 81127K, committed 82176K, reserved 1179648K
  class space    used 9122K, committed 9600K, reserved 1048576K
}
Event: 65.990 GC heap before
{Heap before GC invocations=93 (full 0):
 garbage-first heap   total reserved 3604480K, committed 802816K, used 727271K [0x0000000724000000, 0x0000000800000000)
  region size 2048K, 120 young (245760K), 11 survivors (22528K)
 Metaspace       used 81255K, committed 82240K, reserved 1179648K
  class space    used 9125K, committed 9600K, reserved 1048576K
}
Event: 66.003 GC heap after
{Heap after GC invocations=94 (full 0):
 garbage-first heap   total reserved 3604480K, committed 802816K, used 523352K [0x0000000724000000, 0x0000000800000000)
  region size 2048K, 14 young (28672K), 14 survivors (28672K)
 Metaspace       used 81255K, committed 82240K, reserved 1179648K
  class space    used 9125K, committed 9600K, reserved 1048576K
}
Event: 66.638 GC heap before
{Heap before GC invocations=94 (full 0):
 garbage-first heap   total reserved 3604480K, committed 802816K, used 586840K [0x0000000724000000, 0x0000000800000000)
  region size 2048K, 46 young (94208K), 14 survivors (28672K)
 Metaspace       used 81301K, committed 82368K, reserved 1179648K
  class space    used 9126K, committed 9600K, reserved 1048576K
}
Event: 66.647 GC heap after
{Heap after GC invocations=95 (full 0):
 garbage-first heap   total reserved 3604480K, committed 802816K, used 529345K [0x0000000724000000, 0x0000000800000000)
  region size 2048K, 5 young (10240K), 5 survivors (10240K)
 Metaspace       used 81301K, committed 82368K, reserved 1179648K
  class space    used 9126K, committed 9600K, reserved 1048576K
}
Event: 67.440 GC heap before
{Heap before GC invocations=96 (full 0):
 garbage-first heap   total reserved 3604480K, committed 890880K, used 742337K [0x0000000724000000, 0x0000000800000000)
  region size 2048K, 107 young (219136K), 5 survivors (10240K)
 Metaspace       used 81334K, committed 82368K, reserved 1179648K
  class space    used 9126K, committed 9600K, reserved 1048576K
}
Event: 67.453 GC heap after
{Heap after GC invocations=97 (full 0):
 garbage-first heap   total reserved 3604480K, committed 890880K, used 556430K [0x0000000724000000, 0x0000000800000000)
  region size 2048K, 14 young (28672K), 14 survivors (28672K)
 Metaspace       used 81334K, committed 82368K, reserved 1179648K
  class space    used 9126K, committed 9600K, reserved 1048576K
}
Event: 68.502 GC heap before
{Heap before GC invocations=97 (full 0):
 garbage-first heap   total reserved 3604480K, committed 890880K, used 810382K [0x0000000724000000, 0x0000000800000000)
  region size 2048K, 138 young (282624K), 14 survivors (28672K)
 Metaspace       used 81415K, committed 82432K, reserved 1179648K
  class space    used 9127K, committed 9600K, reserved 1048576K
}
Event: 68.520 GC heap after
{Heap after GC invocations=98 (full 0):
 garbage-first heap   total reserved 3604480K, committed 890880K, used 585808K [0x0000000724000000, 0x0000000800000000)
  region size 2048K, 17 young (34816K), 17 survivors (34816K)
 Metaspace       used 81415K, committed 82432K, reserved 1179648K
  class space    used 9127K, committed 9600K, reserved 1048576K
}
Event: 69.463 GC heap before
{Heap before GC invocations=98 (full 0):
 garbage-first heap   total reserved 3604480K, committed 890880K, used 806992K [0x0000000724000000, 0x0000000800000000)
  region size 2048K, 125 young (256000K), 17 survivors (34816K)
 Metaspace       used 81437K, committed 82496K, reserved 1179648K
  class space    used 9128K, committed 9600K, reserved 1048576K
}
Event: 69.477 GC heap after
{Heap after GC invocations=99 (full 0):
 garbage-first heap   total reserved 3604480K, committed 890880K, used 612414K [0x0000000724000000, 0x0000000800000000)
  region size 2048K, 14 young (28672K), 14 survivors (28672K)
 Metaspace       used 81437K, committed 82496K, reserved 1179648K
  class space    used 9128K, committed 9600K, reserved 1048576K
}
Event: 69.995 GC heap before
{Heap before GC invocations=100 (full 0):
 garbage-first heap   total reserved 3604480K, committed 1032192K, used 811070K [0x0000000724000000, 0x0000000800000000)
  region size 2048K, 109 young (223232K), 14 survivors (28672K)
 Metaspace       used 81455K, committed 82496K, reserved 1179648K
  class space    used 9129K, committed 9600K, reserved 1048576K
}
Event: 70.009 GC heap after
{Heap after GC invocations=101 (full 0):
 garbage-first heap   total reserved 3604480K, committed 1032192K, used 637373K [0x0000000724000000, 0x0000000800000000)
  region size 2048K, 12 young (24576K), 12 survivors (24576K)
 Metaspace       used 81455K, committed 82496K, reserved 1179648K
  class space    used 9129K, committed 9600K, reserved 1048576K
}
Event: 71.407 GC heap before
{Heap before GC invocations=101 (full 0):
 garbage-first heap   total reserved 3604480K, committed 1032192K, used 924093K [0x0000000724000000, 0x0000000800000000)
  region size 2048K, 152 young (311296K), 12 survivors (24576K)
 Metaspace       used 81530K, committed 82560K, reserved 1179648K
  class space    used 9129K, committed 9600K, reserved 1048576K
}
Event: 71.425 GC heap after
{Heap after GC invocations=102 (full 0):
 garbage-first heap   total reserved 3604480K, committed 1032192K, used 671744K [0x0000000724000000, 0x0000000800000000)
  region size 2048K, 19 young (38912K), 19 survivors (38912K)
 Metaspace       used 81530K, committed 82560K, reserved 1179648K
  class space    used 9129K, committed 9600K, reserved 1048576K
}
Event: 71.966 GC heap before
{Heap before GC invocations=102 (full 0):
 garbage-first heap   total reserved 3604480K, committed 1032192K, used 933888K [0x0000000724000000, 0x0000000800000000)
  region size 2048K, 147 young (301056K), 19 survivors (38912K)
 Metaspace       used 81743K, committed 82752K, reserved 1179648K
  class space    used 9135K, committed 9600K, reserved 1048576K
}
Event: 71.983 GC heap after
{Heap after GC invocations=103 (full 0):
 garbage-first heap   total reserved 3604480K, committed 1032192K, used 708480K [0x0000000724000000, 0x0000000800000000)
  region size 2048K, 18 young (36864K), 18 survivors (36864K)
 Metaspace       used 81743K, committed 82752K, reserved 1179648K
  class space    used 9135K, committed 9600K, reserved 1048576K
}

