# JRE version: Java(TM) SE Runtime Environment (23.0.1+11) (build 23.0.1+11-39)
# Java VM: Java HotSpot(TM) 64-Bit Server VM (23.0.1+11-39, mixed mode, sharing, tiered, compressed oops, compressed class ptrs, g1 gc, windows-amd64)
GC Precious Log:
 CardTable entry size: 512
 Card Set container configuration: InlinePtr #cards 4 size 8 Array Of Cards #cards 16 size 48 Howl #buckets 8 coarsen threshold 3686 Howl Bitmap #cards 512 size 80 coarsen threshold 460 Card regions per heap region 1 cards per card region 4096
 CPUs: 16 total, 16 available
 Memory: 15613M
 Large Page Support: Disabled
 NUMA Support: Disabled
 Compressed Oops: Enabled (Zero based)
 Heap Region Size: 2M
 Heap Min Capacity: 8M
 Heap Initial Capacity: 244M
 Heap Max Capacity: 3904M
 Pre-touch: Disabled
 Parallel Workers: 13
 Concurrent Workers: 3
 Concurrent Refinement Workers: 13
 Periodic GC: Disabled
Heap:
 garbage-first heap   total reserved 3997696K, committed 92160K, used 44057K [0x000000070c000000, 0x0000000800000000)
  region size 2048K, 3 young (6144K), 2 survivors (4096K)
 Metaspace       used 58036K, committed 58880K, reserved 1114112K
  class space    used 7106K, committed 7488K, reserved 1048576K
GC Heap History (20 events):
Event: 5.418 GC heap before
{Heap before GC invocations=17 (full 0):
 garbage-first heap   total reserved 3997696K, committed 61440K, used 39123K [0x000000070c000000, 0x0000000800000000)
  region size 2048K, 9 young (18432K), 2 survivors (4096K)
 Metaspace       used 35758K, committed 36160K, reserved 1114112K
  class space    used 4122K, committed 4288K, reserved 1048576K
}
Event: 5.420 GC heap after
{Heap after GC invocations=18 (full 0):
 garbage-first heap   total reserved 3997696K, committed 61440K, used 28718K [0x000000070c000000, 0x0000000800000000)
  region size 2048K, 1 young (2048K), 1 survivors (2048K)
 Metaspace       used 35758K, committed 36160K, reserved 1114112K
  class space    used 4122K, committed 4288K, reserved 1048576K
}
Event: 5.969 GC heap before
{Heap before GC invocations=19 (full 0):
 garbage-first heap   total reserved 3997696K, committed 61440K, used 47150K [0x000000070c000000, 0x0000000800000000)
  region size 2048K, 11 young (22528K), 1 survivors (2048K)
 Metaspace       used 42326K, committed 42752K, reserved 1114112K
  class space    used 5258K, committed 5440K, reserved 1048576K
}
Event: 5.972 GC heap after
{Heap after GC invocations=20 (full 0):
 garbage-first heap   total reserved 3997696K, committed 61440K, used 30849K [0x000000070c000000, 0x0000000800000000)
  region size 2048K, 2 young (4096K), 2 survivors (4096K)
 Metaspace       used 42326K, committed 42752K, reserved 1114112K
  class space    used 5258K, committed 5440K, reserved 1048576K
}
Event: 6.505 GC heap before
{Heap before GC invocations=20 (full 0):
 garbage-first heap   total reserved 3997696K, committed 61440K, used 51329K [0x000000070c000000, 0x0000000800000000)
  region size 2048K, 12 young (24576K), 2 survivors (4096K)
 Metaspace       used 44343K, committed 44800K, reserved 1114112K
  class space    used 5500K, committed 5696K, reserved 1048576K
}
Event: 6.509 GC heap after
{Heap after GC invocations=21 (full 0):
 garbage-first heap   total reserved 3997696K, committed 63488K, used 34159K [0x000000070c000000, 0x0000000800000000)
  region size 2048K, 2 young (4096K), 2 survivors (4096K)
 Metaspace       used 44343K, committed 44800K, reserved 1114112K
  class space    used 5500K, committed 5696K, reserved 1048576K
}
Event: 6.788 GC heap before
{Heap before GC invocations=21 (full 0):
 garbage-first heap   total reserved 3997696K, committed 63488K, used 50543K [0x000000070c000000, 0x0000000800000000)
  region size 2048K, 11 young (22528K), 2 survivors (4096K)
 Metaspace       used 47736K, committed 48192K, reserved 1114112K
  class space    used 5801K, committed 6016K, reserved 1048576K
}
Event: 6.792 GC heap after
{Heap after GC invocations=22 (full 0):
 garbage-first heap   total reserved 3997696K, committed 63488K, used 36582K [0x000000070c000000, 0x0000000800000000)
  region size 2048K, 2 young (4096K), 2 survivors (4096K)
 Metaspace       used 47736K, committed 48192K, reserved 1114112K
  class space    used 5801K, committed 6016K, reserved 1048576K
}
Event: 6.975 GC heap before
{Heap before GC invocations=23 (full 0):
 garbage-first heap   total reserved 3997696K, committed 65536K, used 48870K [0x000000070c000000, 0x0000000800000000)
  region size 2048K, 9 young (18432K), 2 survivors (4096K)
 Metaspace       used 49907K, committed 50624K, reserved 1114112K
  class space    used 6098K, committed 6400K, reserved 1048576K
}
Event: 6.977 GC heap after
{Heap after GC invocations=24 (full 0):
 garbage-first heap   total reserved 3997696K, committed 65536K, used 38138K [0x000000070c000000, 0x0000000800000000)
  region size 2048K, 1 young (2048K), 1 survivors (2048K)
 Metaspace       used 49907K, committed 50624K, reserved 1114112K
  class space    used 6098K, committed 6400K, reserved 1048576K
}
Event: 7.274 GC heap before
{Heap before GC invocations=24 (full 0):
 garbage-first heap   total reserved 3997696K, committed 65536K, used 56570K [0x000000070c000000, 0x0000000800000000)
  region size 2048K, 10 young (20480K), 1 survivors (2048K)
 Metaspace       used 52354K, committed 53312K, reserved 1114112K
  class space    used 6431K, committed 6848K, reserved 1048576K
}
Event: 7.277 GC heap after
{Heap after GC invocations=25 (full 0):
 garbage-first heap   total reserved 3997696K, committed 65536K, used 40333K [0x000000070c000000, 0x0000000800000000)
  region size 2048K, 2 young (4096K), 2 survivors (4096K)
 Metaspace       used 52354K, committed 53312K, reserved 1114112K
  class space    used 6431K, committed 6848K, reserved 1048576K
}
Event: 7.303 GC heap before
{Heap before GC invocations=25 (full 0):
 garbage-first heap   total reserved 3997696K, committed 65536K, used 40333K [0x000000070c000000, 0x0000000800000000)
  region size 2048K, 3 young (6144K), 2 survivors (4096K)
 Metaspace       used 52583K, committed 53568K, reserved 1114112K
  class space    used 6472K, committed 6912K, reserved 1048576K
}
Event: 7.306 GC heap after
{Heap after GC invocations=26 (full 0):
 garbage-first heap   total reserved 3997696K, committed 65536K, used 40916K [0x000000070c000000, 0x0000000800000000)
  region size 2048K, 1 young (2048K), 1 survivors (2048K)
 Metaspace       used 52583K, committed 53568K, reserved 1114112K
  class space    used 6472K, committed 6912K, reserved 1048576K
}
Event: 7.556 GC heap before
{Heap before GC invocations=27 (full 0):
 garbage-first heap   total reserved 3997696K, committed 75776K, used 59348K [0x000000070c000000, 0x0000000800000000)
  region size 2048K, 8 young (16384K), 1 survivors (2048K)
 Metaspace       used 54847K, committed 55744K, reserved 1114112K
  class space    used 6764K, committed 7168K, reserved 1048576K
}
Event: 7.557 GC heap after
{Heap after GC invocations=28 (full 0):
 garbage-first heap   total reserved 3997696K, committed 75776K, used 41839K [0x000000070c000000, 0x0000000800000000)
  region size 2048K, 1 young (2048K), 1 survivors (2048K)
 Metaspace       used 54847K, committed 55744K, reserved 1114112K
  class space    used 6764K, committed 7168K, reserved 1048576K
}
Event: 7.691 GC heap before
{Heap before GC invocations=28 (full 0):
 garbage-first heap   total reserved 3997696K, committed 75776K, used 66415K [0x000000070c000000, 0x0000000800000000)
  region size 2048K, 13 young (26624K), 1 survivors (2048K)
 Metaspace       used 56063K, committed 56960K, reserved 1114112K
  class space    used 6881K, committed 7296K, reserved 1048576K
}
Event: 7.694 GC heap after
{Heap after GC invocations=29 (full 0):
 garbage-first heap   total reserved 3997696K, committed 75776K, used 43082K [0x000000070c000000, 0x0000000800000000)
  region size 2048K, 2 young (4096K), 2 survivors (4096K)
 Metaspace       used 56063K, committed 56960K, reserved 1114112K
  class space    used 6881K, committed 7296K, reserved 1048576K
}
Event: 7.924 GC heap before
{Heap before GC invocations=29 (full 0):
 garbage-first heap   total reserved 3997696K, committed 75776K, used 63562K [0x000000070c000000, 0x0000000800000000)
  region size 2048K, 12 young (24576K), 2 survivors (4096K)
 Metaspace       used 57707K, committed 58624K, reserved 1114112K
  class space    used 7072K, committed 7488K, reserved 1048576K
}
Event: 7.926 GC heap after
{Heap after GC invocations=30 (full 0):
 garbage-first heap   total reserved 3997696K, committed 92160K, used 44057K [0x000000070c000000, 0x0000000800000000)
  region size 2048K, 2 young (4096K), 2 survivors (4096K)
 Metaspace       used 57707K, committed 58624K, reserved 1114112K
  class space    used 7072K, committed 7488K, reserved 1048576K
}

