# JRE version: Java(TM) SE Runtime Environment (23.0.1+11) (build 23.0.1+11-39)
# Java VM: Java HotSpot(TM) 64-Bit Server VM (23.0.1+11-39, mixed mode, sharing, tiered, compressed oops, compressed class ptrs, g1 gc, windows-amd64)
GC Precious Log:
 CardTable entry size: 512
 Card Set container configuration: InlinePtr #cards 4 size 8 Array Of Cards #cards 16 size 48 Howl #buckets 8 coarsen threshold 3686 Howl Bitmap #cards 512 size 80 coarsen threshold 460 Card regions per heap region 1 cards per card region 4096
 CPUs: 16 total, 16 available
 Memory: 15613M
 Large Page Support: Disabled
 NUMA Support: Disabled
 Compressed Oops: Enabled (Zero based)
 Heap Region Size: 2M
 Heap Min Capacity: 8M
 Heap Initial Capacity: 244M
 Heap Max Capacity: 3904M
 Pre-touch: Disabled
 Parallel Workers: 13
 Concurrent Workers: 3
 Concurrent Refinement Workers: 13
 Periodic GC: Disabled
Heap:
 garbage-first heap   total reserved 3997696K, committed 344064K, used 205982K [0x000000070c000000, 0x0000000800000000)
  region size 2048K, 7 young (14336K), 7 survivors (14336K)
 Metaspace       used 78053K, committed 79040K, reserved 1179648K
  class space    used 9043K, committed 9536K, reserved 1048576K
GC Heap History (20 events):
Event: 10.802 GC heap after
{Heap after GC invocations=28 (full 0):
 garbage-first heap   total reserved 3997696K, committed 239616K, used 112559K [0x000000070c000000, 0x0000000800000000)
  region size 2048K, 7 young (14336K), 7 survivors (14336K)
 Metaspace       used 73098K, committed 74112K, reserved 1114112K
  class space    used 8750K, committed 9216K, reserved 1048576K
}
Event: 10.916 GC heap before
{Heap before GC invocations=28 (full 0):
 garbage-first heap   total reserved 3997696K, committed 239616K, used 204719K [0x000000070c000000, 0x0000000800000000)
  region size 2048K, 52 young (106496K), 7 survivors (14336K)
 Metaspace       used 73099K, committed 74112K, reserved 1114112K
  class space    used 8751K, committed 9216K, reserved 1048576K
}
Event: 10.929 GC heap after
{Heap after GC invocations=29 (full 0):
 garbage-first heap   total reserved 3997696K, committed 239616K, used 122389K [0x000000070c000000, 0x0000000800000000)
  region size 2048K, 5 young (10240K), 5 survivors (10240K)
 Metaspace       used 73099K, committed 74112K, reserved 1114112K
  class space    used 8751K, committed 9216K, reserved 1048576K
}
Event: 11.472 GC heap before
{Heap before GC invocations=29 (full 0):
 garbage-first heap   total reserved 3997696K, committed 239616K, used 210453K [0x000000070c000000, 0x0000000800000000)
  region size 2048K, 48 young (98304K), 5 survivors (10240K)
 Metaspace       used 74795K, committed 75840K, reserved 1179648K
  class space    used 8825K, committed 9344K, reserved 1048576K
}
Event: 11.483 GC heap after
{Heap after GC invocations=30 (full 0):
 garbage-first heap   total reserved 3997696K, committed 239616K, used 135168K [0x000000070c000000, 0x0000000800000000)
  region size 2048K, 6 young (12288K), 6 survivors (12288K)
 Metaspace       used 74795K, committed 75840K, reserved 1179648K
  class space    used 8825K, committed 9344K, reserved 1048576K
}
Event: 12.642 GC heap before
{Heap before GC invocations=31 (full 0):
 garbage-first heap   total reserved 3997696K, committed 239616K, used 212992K [0x000000070c000000, 0x0000000800000000)
  region size 2048K, 44 young (90112K), 6 survivors (12288K)
 Metaspace       used 76336K, committed 77440K, reserved 1179648K
  class space    used 8913K, committed 9408K, reserved 1048576K
}
Event: 12.654 GC heap after
{Heap after GC invocations=32 (full 0):
 garbage-first heap   total reserved 3997696K, committed 239616K, used 148397K [0x000000070c000000, 0x0000000800000000)
  region size 2048K, 6 young (12288K), 6 survivors (12288K)
 Metaspace       used 76336K, committed 77440K, reserved 1179648K
  class space    used 8913K, committed 9408K, reserved 1048576K
}
Event: 13.606 GC heap before
{Heap before GC invocations=32 (full 0):
 garbage-first heap   total reserved 3997696K, committed 239616K, used 211885K [0x000000070c000000, 0x0000000800000000)
  region size 2048K, 37 young (75776K), 6 survivors (12288K)
 Metaspace       used 76847K, committed 77888K, reserved 1179648K
  class space    used 8923K, committed 9408K, reserved 1048576K
}
Event: 13.619 GC heap after
{Heap after GC invocations=33 (full 0):
 garbage-first heap   total reserved 3997696K, committed 239616K, used 152155K [0x000000070c000000, 0x0000000800000000)
  region size 2048K, 3 young (6144K), 3 survivors (6144K)
 Metaspace       used 76847K, committed 77888K, reserved 1179648K
  class space    used 8923K, committed 9408K, reserved 1048576K
}
Event: 13.627 GC heap before
{Heap before GC invocations=33 (full 0):
 garbage-first heap   total reserved 3997696K, committed 239616K, used 156251K [0x000000070c000000, 0x0000000800000000)
  region size 2048K, 6 young (12288K), 3 survivors (6144K)
 Metaspace       used 76858K, committed 77888K, reserved 1179648K
  class space    used 8923K, committed 9408K, reserved 1048576K
}
Event: 13.632 GC heap after
{Heap after GC invocations=34 (full 0):
 garbage-first heap   total reserved 3997696K, committed 344064K, used 150928K [0x000000070c000000, 0x0000000800000000)
  region size 2048K, 4 young (8192K), 4 survivors (8192K)
 Metaspace       used 76858K, committed 77888K, reserved 1179648K
  class space    used 8923K, committed 9408K, reserved 1048576K
}
Event: 13.809 GC heap before
{Heap before GC invocations=34 (full 0):
 garbage-first heap   total reserved 3997696K, committed 344064K, used 279952K [0x000000070c000000, 0x0000000800000000)
  region size 2048K, 65 young (133120K), 4 survivors (8192K)
 Metaspace       used 76879K, committed 77952K, reserved 1179648K
  class space    used 8923K, committed 9408K, reserved 1048576K
}
Event: 13.818 GC heap after
{Heap after GC invocations=35 (full 0):
 garbage-first heap   total reserved 3997696K, committed 344064K, used 166978K [0x000000070c000000, 0x0000000800000000)
  region size 2048K, 9 young (18432K), 9 survivors (18432K)
 Metaspace       used 76879K, committed 77952K, reserved 1179648K
  class space    used 8923K, committed 9408K, reserved 1048576K
}
Event: 14.199 GC heap before
{Heap before GC invocations=35 (full 0):
 garbage-first heap   total reserved 3997696K, committed 344064K, used 283714K [0x000000070c000000, 0x0000000800000000)
  region size 2048K, 66 young (135168K), 9 survivors (18432K)
 Metaspace       used 77568K, committed 78592K, reserved 1179648K
  class space    used 9010K, committed 9472K, reserved 1048576K
}
Event: 14.213 GC heap after
{Heap after GC invocations=36 (full 0):
 garbage-first heap   total reserved 3997696K, committed 344064K, used 182257K [0x000000070c000000, 0x0000000800000000)
  region size 2048K, 9 young (18432K), 9 survivors (18432K)
 Metaspace       used 77568K, committed 78592K, reserved 1179648K
  class space    used 9010K, committed 9472K, reserved 1048576K
}
Event: 14.220 GC heap before
{Heap before GC invocations=36 (full 0):
 garbage-first heap   total reserved 3997696K, committed 344064K, used 184305K [0x000000070c000000, 0x0000000800000000)
  region size 2048K, 11 young (22528K), 9 survivors (18432K)
 Metaspace       used 77577K, committed 78592K, reserved 1179648K
  class space    used 9010K, committed 9472K, reserved 1048576K
}
Event: 14.226 GC heap after
{Heap after GC invocations=37 (full 0):
 garbage-first heap   total reserved 3997696K, committed 344064K, used 183075K [0x000000070c000000, 0x0000000800000000)
  region size 2048K, 1 young (2048K), 1 survivors (2048K)
 Metaspace       used 77577K, committed 78592K, reserved 1179648K
  class space    used 9010K, committed 9472K, reserved 1048576K
}
Event: 14.682 GC heap before
{Heap before GC invocations=38 (full 0):
 garbage-first heap   total reserved 3997696K, committed 344064K, used 301859K [0x000000070c000000, 0x0000000800000000)
  region size 2048K, 56 young (114688K), 1 survivors (2048K)
 Metaspace       used 78009K, committed 79040K, reserved 1179648K
  class space    used 9043K, committed 9536K, reserved 1048576K
}
Event: 14.689 GC heap after
{Heap after GC invocations=39 (full 0):
 garbage-first heap   total reserved 3997696K, committed 344064K, used 197363K [0x000000070c000000, 0x0000000800000000)
  region size 2048K, 7 young (14336K), 7 survivors (14336K)
 Metaspace       used 78009K, committed 79040K, reserved 1179648K
  class space    used 9043K, committed 9536K, reserved 1048576K
}
Event: 14.883 GC heap before
{Heap before GC invocations=39 (full 0):
 garbage-first heap   total reserved 3997696K, committed 344064K, used 301811K [0x000000070c000000, 0x0000000800000000)
  region size 2048K, 58 young (118784K), 7 survivors (14336K)
 Metaspace       used 78053K, committed 79040K, reserved 1179648K
  class space    used 9043K, committed 9536K, reserved 1048576K
}

