# JRE version: Java(TM) SE Runtime Environment (23.0.1+11) (build 23.0.1+11-39)
# Java VM: Java HotSpot(TM) 64-Bit Server VM (23.0.1+11-39, mixed mode, sharing, tiered, compressed oops, compressed class ptrs, g1 gc, windows-amd64)
GC Precious Log:
 CardTable entry size: 512
 Card Set container configuration: InlinePtr #cards 4 size 8 Array Of Cards #cards 16 size 48 Howl #buckets 8 coarsen threshold 3686 Howl Bitmap #cards 512 size 80 coarsen threshold 460 Card regions per heap region 1 cards per card region 4096
 CPUs: 16 total, 16 available
 Memory: 14077M
 Large Page Support: Disabled
 NUMA Support: Disabled
 Compressed Oops: Enabled (Zero based)
 Heap Region Size: 2M
 Heap Min Capacity: 8M
 Heap Initial Capacity: 220M
 Heap Max Capacity: 3520M
 Pre-touch: Disabled
 Parallel Workers: 13
 Concurrent Workers: 3
 Concurrent Refinement Workers: 13
 Periodic GC: Disabled
Heap:
 garbage-first heap   total reserved 3604480K, committed 665600K, used 520481K [0x0000000724000000, 0x0000000800000000)
  region size 2048K, 52 young (106496K), 12 survivors (24576K)
 Metaspace       used 80845K, committed 81920K, reserved 1179648K
  class space    used 9115K, committed 9600K, reserved 1048576K
GC Heap History (20 events):
Event: 26.401 GC heap before
{Heap before GC invocations=65 (full 0):
 garbage-first heap   total reserved 3604480K, committed 505856K, used 434699K [0x0000000724000000, 0x0000000800000000)
  region size 2048K, 88 young (180224K), 8 survivors (16384K)
 Metaspace       used 80198K, committed 81280K, reserved 1179648K
  class space    used 9099K, committed 9600K, reserved 1048576K
}
Event: 26.411 GC heap after
{Heap after GC invocations=66 (full 0):
 garbage-first heap   total reserved 3604480K, committed 505856K, used 290151K [0x0000000724000000, 0x0000000800000000)
  region size 2048K, 10 young (20480K), 10 survivors (20480K)
 Metaspace       used 80198K, committed 81280K, reserved 1179648K
  class space    used 9099K, committed 9600K, reserved 1048576K
}
Event: 26.934 GC heap before
{Heap before GC invocations=66 (full 0):
 garbage-first heap   total reserved 3604480K, committed 505856K, used 367975K [0x0000000724000000, 0x0000000800000000)
  region size 2048K, 49 young (100352K), 10 survivors (20480K)
 Metaspace       used 80246K, committed 81280K, reserved 1179648K
  class space    used 9099K, committed 9600K, reserved 1048576K
}
Event: 26.942 GC heap after
{Heap after GC invocations=67 (full 0):
 garbage-first heap   total reserved 3604480K, committed 505856K, used 298940K [0x0000000724000000, 0x0000000800000000)
  region size 2048K, 6 young (12288K), 6 survivors (12288K)
 Metaspace       used 80246K, committed 81280K, reserved 1179648K
  class space    used 9099K, committed 9600K, reserved 1048576K
}
Event: 27.240 GC heap before
{Heap before GC invocations=68 (full 0):
 garbage-first heap   total reserved 3604480K, committed 509952K, used 452540K [0x0000000724000000, 0x0000000800000000)
  region size 2048K, 79 young (161792K), 6 survivors (12288K)
 Metaspace       used 80254K, committed 81280K, reserved 1179648K
  class space    used 9099K, committed 9600K, reserved 1048576K
}
Event: 27.247 GC heap after
{Heap after GC invocations=69 (full 0):
 garbage-first heap   total reserved 3604480K, committed 509952K, used 316131K [0x0000000724000000, 0x0000000800000000)
  region size 2048K, 10 young (20480K), 10 survivors (20480K)
 Metaspace       used 80254K, committed 81280K, reserved 1179648K
  class space    used 9099K, committed 9600K, reserved 1048576K
}
Event: 27.895 GC heap before
{Heap before GC invocations=69 (full 0):
 garbage-first heap   total reserved 3604480K, committed 509952K, used 463587K [0x0000000724000000, 0x0000000800000000)
  region size 2048K, 80 young (163840K), 10 survivors (20480K)
 Metaspace       used 80317K, committed 81344K, reserved 1179648K
  class space    used 9099K, committed 9600K, reserved 1048576K
}
Event: 27.909 GC heap after
{Heap after GC invocations=70 (full 0):
 garbage-first heap   total reserved 3604480K, committed 512000K, used 333131K [0x0000000724000000, 0x0000000800000000)
  region size 2048K, 10 young (20480K), 10 survivors (20480K)
 Metaspace       used 80317K, committed 81344K, reserved 1179648K
  class space    used 9099K, committed 9600K, reserved 1048576K
}
Event: 28.093 GC heap before
{Heap before GC invocations=70 (full 0):
 garbage-first heap   total reserved 3604480K, committed 512000K, used 464203K [0x0000000724000000, 0x0000000800000000)
  region size 2048K, 74 young (151552K), 10 survivors (20480K)
 Metaspace       used 80331K, committed 81344K, reserved 1179648K
  class space    used 9099K, committed 9600K, reserved 1048576K
}
Event: 28.102 GC heap after
{Heap after GC invocations=71 (full 0):
 garbage-first heap   total reserved 3604480K, committed 512000K, used 348896K [0x0000000724000000, 0x0000000800000000)
  region size 2048K, 8 young (16384K), 8 survivors (16384K)
 Metaspace       used 80331K, committed 81344K, reserved 1179648K
  class space    used 9099K, committed 9600K, reserved 1048576K
}
Event: 29.841 GC heap before
{Heap before GC invocations=72 (full 0):
 garbage-first heap   total reserved 3604480K, committed 583680K, used 463584K [0x0000000724000000, 0x0000000800000000)
  region size 2048K, 64 young (131072K), 8 survivors (16384K)
 Metaspace       used 80473K, committed 81536K, reserved 1179648K
  class space    used 9099K, committed 9600K, reserved 1048576K
}
Event: 29.851 GC heap after
{Heap after GC invocations=73 (full 0):
 garbage-first heap   total reserved 3604480K, committed 583680K, used 365143K [0x0000000724000000, 0x0000000800000000)
  region size 2048K, 8 young (16384K), 8 survivors (16384K)
 Metaspace       used 80473K, committed 81536K, reserved 1179648K
  class space    used 9099K, committed 9600K, reserved 1048576K
}
Event: 31.856 GC heap before
{Heap before GC invocations=73 (full 0):
 garbage-first heap   total reserved 3604480K, committed 583680K, used 524887K [0x0000000724000000, 0x0000000800000000)
  region size 2048K, 86 young (176128K), 8 survivors (16384K)
 Metaspace       used 80528K, committed 81536K, reserved 1179648K
  class space    used 9100K, committed 9600K, reserved 1048576K
}
Event: 31.869 GC heap after
{Heap after GC invocations=74 (full 0):
 garbage-first heap   total reserved 3604480K, committed 583680K, used 379869K [0x0000000724000000, 0x0000000800000000)
  region size 2048K, 8 young (16384K), 8 survivors (16384K)
 Metaspace       used 80528K, committed 81536K, reserved 1179648K
  class space    used 9100K, committed 9600K, reserved 1048576K
}
Event: 32.443 GC heap before
{Heap before GC invocations=74 (full 0):
 garbage-first heap   total reserved 3604480K, committed 583680K, used 531421K [0x0000000724000000, 0x0000000800000000)
  region size 2048K, 82 young (167936K), 8 survivors (16384K)
 Metaspace       used 80601K, committed 81664K, reserved 1179648K
  class space    used 9100K, committed 9600K, reserved 1048576K
}
Event: 32.453 GC heap after
{Heap after GC invocations=75 (full 0):
 garbage-first heap   total reserved 3604480K, committed 583680K, used 398807K [0x0000000724000000, 0x0000000800000000)
  region size 2048K, 9 young (18432K), 9 survivors (18432K)
 Metaspace       used 80601K, committed 81664K, reserved 1179648K
  class space    used 9100K, committed 9600K, reserved 1048576K
}
Event: 33.119 GC heap before
{Heap before GC invocations=76 (full 0):
 garbage-first heap   total reserved 3604480K, committed 665600K, used 536023K [0x0000000724000000, 0x0000000800000000)
  region size 2048K, 73 young (149504K), 9 survivors (18432K)
 Metaspace       used 80660K, committed 81728K, reserved 1179648K
  class space    used 9105K, committed 9600K, reserved 1048576K
}
Event: 33.130 GC heap after
{Heap after GC invocations=77 (full 0):
 garbage-first heap   total reserved 3604480K, committed 665600K, used 418493K [0x0000000724000000, 0x0000000800000000)
  region size 2048K, 10 young (20480K), 10 survivors (20480K)
 Metaspace       used 80660K, committed 81728K, reserved 1179648K
  class space    used 9105K, committed 9600K, reserved 1048576K
}
Event: 33.495 GC heap before
{Heap before GC invocations=77 (full 0):
 garbage-first heap   total reserved 3604480K, committed 665600K, used 600765K [0x0000000724000000, 0x0000000800000000)
  region size 2048K, 97 young (198656K), 10 survivors (20480K)
 Metaspace       used 80745K, committed 81792K, reserved 1179648K
  class space    used 9109K, committed 9600K, reserved 1048576K
}
Event: 33.510 GC heap after
{Heap after GC invocations=78 (full 0):
 garbage-first heap   total reserved 3604480K, committed 665600K, used 440609K [0x0000000724000000, 0x0000000800000000)
  region size 2048K, 12 young (24576K), 12 survivors (24576K)
 Metaspace       used 80745K, committed 81792K, reserved 1179648K
  class space    used 9109K, committed 9600K, reserved 1048576K
}

