# JRE version: Java(TM) SE Runtime Environment (23.0.1+11) (build 23.0.1+11-39)
# Java VM: Java HotSpot(TM) 64-Bit Server VM (23.0.1+11-39, mixed mode, sharing, tiered, compressed oops, compressed class ptrs, g1 gc, windows-amd64)
GC Precious Log:
 CardTable entry size: 512
 Card Set container configuration: InlinePtr #cards 4 size 8 Array Of Cards #cards 16 size 48 Howl #buckets 8 coarsen threshold 3686 Howl Bitmap #cards 512 size 80 coarsen threshold 460 Card regions per heap region 1 cards per card region 4096
 CPUs: 16 total, 16 available
 Memory: 14077M
 Large Page Support: Disabled
 NUMA Support: Disabled
 Compressed Oops: Enabled (Zero based)
 Heap Region Size: 2M
 Heap Min Capacity: 8M
 Heap Initial Capacity: 220M
 Heap Max Capacity: 3520M
 Pre-touch: Disabled
 Parallel Workers: 13
 Concurrent Workers: 3
 Concurrent Refinement Workers: 13
 Periodic GC: Disabled
Heap:
 garbage-first heap   total reserved 3604480K, committed 243712K, used 167407K [0x0000000724000000, 0x0000000800000000)
  region size 2048K, 18 young (36864K), 4 survivors (8192K)
 Metaspace       used 77227K, committed 78272K, reserved 1179648K
  class space    used 8961K, committed 9408K, reserved 1048576K
GC Heap History (20 events):
Event: 36.236 GC heap before
{Heap before GC invocations=62 (full 0):
 garbage-first heap   total reserved 3604480K, committed 147456K, used 130665K [0x0000000724000000, 0x0000000800000000)
  region size 2048K, 20 young (40960K), 3 survivors (6144K)
 Metaspace       used 74291K, committed 75264K, reserved 1179648K
  class space    used 8803K, committed 9280K, reserved 1048576K
}
Event: 36.241 GC heap after
{Heap after GC invocations=63 (full 0):
 garbage-first heap   total reserved 3604480K, committed 147456K, used 102220K [0x0000000724000000, 0x0000000800000000)
  region size 2048K, 3 young (6144K), 3 survivors (6144K)
 Metaspace       used 74291K, committed 75264K, reserved 1179648K
  class space    used 8803K, committed 9280K, reserved 1048576K
}
Event: 37.750 GC heap before
{Heap before GC invocations=64 (full 0):
 garbage-first heap   total reserved 3604480K, committed 172032K, used 130892K [0x0000000724000000, 0x0000000800000000)
  region size 2048K, 17 young (34816K), 3 survivors (6144K)
 Metaspace       used 75327K, committed 76352K, reserved 1179648K
  class space    used 8861K, committed 9344K, reserved 1048576K
}
Event: 37.755 GC heap after
{Heap after GC invocations=65 (full 0):
 garbage-first heap   total reserved 3604480K, committed 172032K, used 105505K [0x0000000724000000, 0x0000000800000000)
  region size 2048K, 2 young (4096K), 2 survivors (4096K)
 Metaspace       used 75327K, committed 76352K, reserved 1179648K
  class space    used 8861K, committed 9344K, reserved 1048576K
}
Event: 42.870 GC heap before
{Heap before GC invocations=65 (full 0):
 garbage-first heap   total reserved 3604480K, committed 172032K, used 150561K [0x0000000724000000, 0x0000000800000000)
  region size 2048K, 24 young (49152K), 2 survivors (4096K)
 Metaspace       used 75929K, committed 76928K, reserved 1179648K
  class space    used 8873K, committed 9344K, reserved 1048576K
}
Event: 42.876 GC heap after
{Heap after GC invocations=66 (full 0):
 garbage-first heap   total reserved 3604480K, committed 172032K, used 107060K [0x0000000724000000, 0x0000000800000000)
  region size 2048K, 3 young (6144K), 3 survivors (6144K)
 Metaspace       used 75929K, committed 76928K, reserved 1179648K
  class space    used 8873K, committed 9344K, reserved 1048576K
}
Event: 43.425 GC heap before
{Heap before GC invocations=66 (full 0):
 garbage-first heap   total reserved 3604480K, committed 172032K, used 123444K [0x0000000724000000, 0x0000000800000000)
  region size 2048K, 12 young (24576K), 3 survivors (6144K)
 Metaspace       used 76054K, committed 77056K, reserved 1179648K
  class space    used 8876K, committed 9344K, reserved 1048576K
}
Event: 43.429 GC heap after
{Heap after GC invocations=67 (full 0):
 garbage-first heap   total reserved 3604480K, committed 172032K, used 109371K [0x0000000724000000, 0x0000000800000000)
  region size 2048K, 3 young (6144K), 3 survivors (6144K)
 Metaspace       used 76054K, committed 77056K, reserved 1179648K
  class space    used 8876K, committed 9344K, reserved 1048576K
}
Event: 45.346 GC heap before
{Heap before GC invocations=68 (full 0):
 garbage-first heap   total reserved 3604480K, committed 188416K, used 154427K [0x0000000724000000, 0x0000000800000000)
  region size 2048K, 24 young (49152K), 3 survivors (6144K)
 Metaspace       used 76584K, committed 77568K, reserved 1179648K
  class space    used 8919K, committed 9408K, reserved 1048576K
}
Event: 45.349 GC heap after
{Heap after GC invocations=69 (full 0):
 garbage-first heap   total reserved 3604480K, committed 188416K, used 114253K [0x0000000724000000, 0x0000000800000000)
  region size 2048K, 3 young (6144K), 3 survivors (6144K)
 Metaspace       used 76584K, committed 77568K, reserved 1179648K
  class space    used 8919K, committed 9408K, reserved 1048576K
}
Event: 45.641 GC heap before
{Heap before GC invocations=69 (full 0):
 garbage-first heap   total reserved 3604480K, committed 188416K, used 163405K [0x0000000724000000, 0x0000000800000000)
  region size 2048K, 28 young (57344K), 3 survivors (6144K)
 Metaspace       used 76937K, committed 77888K, reserved 1179648K
  class space    used 8944K, committed 9408K, reserved 1048576K
}
Event: 45.647 GC heap after
{Heap after GC invocations=70 (full 0):
 garbage-first heap   total reserved 3604480K, committed 188416K, used 116680K [0x0000000724000000, 0x0000000800000000)
  region size 2048K, 4 young (8192K), 4 survivors (8192K)
 Metaspace       used 76937K, committed 77888K, reserved 1179648K
  class space    used 8944K, committed 9408K, reserved 1048576K
}
Event: 45.793 GC heap before
{Heap before GC invocations=70 (full 0):
 garbage-first heap   total reserved 3604480K, committed 188416K, used 153544K [0x0000000724000000, 0x0000000800000000)
  region size 2048K, 23 young (47104K), 4 survivors (8192K)
 Metaspace       used 77091K, committed 78080K, reserved 1179648K
  class space    used 8960K, committed 9408K, reserved 1048576K
}
Event: 45.798 GC heap after
{Heap after GC invocations=71 (full 0):
 garbage-first heap   total reserved 3604480K, committed 188416K, used 123528K [0x0000000724000000, 0x0000000800000000)
  region size 2048K, 4 young (8192K), 4 survivors (8192K)
 Metaspace       used 77091K, committed 78080K, reserved 1179648K
  class space    used 8960K, committed 9408K, reserved 1048576K
}
Event: 46.057 GC heap before
{Heap before GC invocations=72 (full 0):
 garbage-first heap   total reserved 3604480K, committed 212992K, used 168584K [0x0000000724000000, 0x0000000800000000)
  region size 2048K, 25 young (51200K), 4 survivors (8192K)
 Metaspace       used 77099K, committed 78144K, reserved 1179648K
  class space    used 8961K, committed 9408K, reserved 1048576K
}
Event: 46.061 GC heap after
{Heap after GC invocations=73 (full 0):
 garbage-first heap   total reserved 3604480K, committed 212992K, used 130867K [0x0000000724000000, 0x0000000800000000)
  region size 2048K, 3 young (6144K), 3 survivors (6144K)
 Metaspace       used 77099K, committed 78144K, reserved 1179648K
  class space    used 8961K, committed 9408K, reserved 1048576K
}
Event: 46.232 GC heap before
{Heap before GC invocations=73 (full 0):
 garbage-first heap   total reserved 3604480K, committed 212992K, used 186163K [0x0000000724000000, 0x0000000800000000)
  region size 2048K, 30 young (61440K), 3 survivors (6144K)
 Metaspace       used 77099K, committed 78144K, reserved 1179648K
  class space    used 8961K, committed 9408K, reserved 1048576K
}
Event: 46.237 GC heap after
{Heap after GC invocations=74 (full 0):
 garbage-first heap   total reserved 3604480K, committed 212992K, used 135619K [0x0000000724000000, 0x0000000800000000)
  region size 2048K, 3 young (6144K), 3 survivors (6144K)
 Metaspace       used 77099K, committed 78144K, reserved 1179648K
  class space    used 8961K, committed 9408K, reserved 1048576K
}
Event: 46.386 GC heap before
{Heap before GC invocations=74 (full 0):
 garbage-first heap   total reserved 3604480K, committed 212992K, used 186819K [0x0000000724000000, 0x0000000800000000)
  region size 2048K, 29 young (59392K), 3 survivors (6144K)
 Metaspace       used 77129K, committed 78144K, reserved 1179648K
  class space    used 8961K, committed 9408K, reserved 1048576K
}
Event: 46.390 GC heap after
{Heap after GC invocations=75 (full 0):
 garbage-first heap   total reserved 3604480K, committed 212992K, used 142831K [0x0000000724000000, 0x0000000800000000)
  region size 2048K, 4 young (8192K), 4 survivors (8192K)
 Metaspace       used 77129K, committed 78144K, reserved 1179648K
  class space    used 8961K, committed 9408K, reserved 1048576K
}

