# JRE version: Java(TM) SE Runtime Environment (23.0.1+11) (build 23.0.1+11-39)
# Java VM: Java HotSpot(TM) 64-Bit Server VM (23.0.1+11-39, mixed mode, sharing, tiered, compressed oops, compressed class ptrs, g1 gc, windows-amd64)
GC Precious Log:
 CardTable entry size: 512
 Card Set container configuration: InlinePtr #cards 4 size 8 Array Of Cards #cards 16 size 48 Howl #buckets 8 coarsen threshold 3686 Howl Bitmap #cards 512 size 80 coarsen threshold 460 Card regions per heap region 1 cards per card region 4096
 CPUs: 16 total, 16 available
 Memory: 14077M
 Large Page Support: Disabled
 NUMA Support: Disabled
 Compressed Oops: Enabled (Zero based)
 Heap Region Size: 2M
 Heap Min Capacity: 8M
 Heap Initial Capacity: 220M
 Heap Max Capacity: 3520M
 Pre-touch: Disabled
 Parallel Workers: 13
 Concurrent Workers: 3
 Concurrent Refinement Workers: 13
 Periodic GC: Disabled
Heap:
 garbage-first heap   total reserved 3604480K, committed 1058816K, used 826147K [0x0000000724000000, 0x0000000800000000)
  region size 2048K, 88 young (180224K), 19 survivors (38912K)
 Metaspace       used 81559K, committed 82624K, reserved 1179648K
  class space    used 9122K, committed 9600K, reserved 1048576K
GC Heap History (20 events):
Event: 75.762 GC heap before
{Heap before GC invocations=105 (full 0):
 garbage-first heap   total reserved 3604480K, committed 710656K, used 640722K [0x0000000724000000, 0x0000000800000000)
  region size 2048K, 108 young (221184K), 11 survivors (22528K)
 Metaspace       used 80831K, committed 81856K, reserved 1179648K
  class space    used 9101K, committed 9600K, reserved 1048576K
}
Event: 75.781 GC heap after
{Heap after GC invocations=106 (full 0):
 garbage-first heap   total reserved 3604480K, committed 710656K, used 472016K [0x0000000724000000, 0x0000000800000000)
  region size 2048K, 14 young (28672K), 14 survivors (28672K)
 Metaspace       used 80831K, committed 81856K, reserved 1179648K
  class space    used 9101K, committed 9600K, reserved 1048576K
}
Event: 76.065 GC heap before
{Heap before GC invocations=106 (full 0):
 garbage-first heap   total reserved 3604480K, committed 710656K, used 644048K [0x0000000724000000, 0x0000000800000000)
  region size 2048K, 98 young (200704K), 14 survivors (28672K)
 Metaspace       used 80897K, committed 81920K, reserved 1179648K
  class space    used 9107K, committed 9600K, reserved 1048576K
}
Event: 76.078 GC heap after
{Heap after GC invocations=107 (full 0):
 garbage-first heap   total reserved 3604480K, committed 710656K, used 493617K [0x0000000724000000, 0x0000000800000000)
  region size 2048K, 10 young (20480K), 10 survivors (20480K)
 Metaspace       used 80897K, committed 81920K, reserved 1179648K
  class space    used 9107K, committed 9600K, reserved 1048576K
}
Event: 76.713 GC heap before
{Heap before GC invocations=108 (full 0):
 garbage-first heap   total reserved 3604480K, committed 827392K, used 645169K [0x0000000724000000, 0x0000000800000000)
  region size 2048K, 84 young (172032K), 10 survivors (20480K)
 Metaspace       used 80971K, committed 82048K, reserved 1179648K
  class space    used 9111K, committed 9600K, reserved 1048576K
}
Event: 76.725 GC heap after
{Heap after GC invocations=109 (full 0):
 garbage-first heap   total reserved 3604480K, committed 827392K, used 512271K [0x0000000724000000, 0x0000000800000000)
  region size 2048K, 10 young (20480K), 10 survivors (20480K)
 Metaspace       used 80971K, committed 82048K, reserved 1179648K
  class space    used 9111K, committed 9600K, reserved 1048576K
}
Event: 78.395 GC heap before
{Heap before GC invocations=109 (full 0):
 garbage-first heap   total reserved 3604480K, committed 827392K, used 737551K [0x0000000724000000, 0x0000000800000000)
  region size 2048K, 120 young (245760K), 10 survivors (20480K)
 Metaspace       used 81205K, committed 82240K, reserved 1179648K
  class space    used 9117K, committed 9600K, reserved 1048576K
}
Event: 78.412 GC heap after
{Heap after GC invocations=110 (full 0):
 garbage-first heap   total reserved 3604480K, committed 827392K, used 537164K [0x0000000724000000, 0x0000000800000000)
  region size 2048K, 15 young (30720K), 15 survivors (30720K)
 Metaspace       used 81205K, committed 82240K, reserved 1179648K
  class space    used 9117K, committed 9600K, reserved 1048576K
}
Event: 79.674 GC heap before
{Heap before GC invocations=110 (full 0):
 garbage-first heap   total reserved 3604480K, committed 827392K, used 631372K [0x0000000724000000, 0x0000000800000000)
  region size 2048K, 62 young (126976K), 15 survivors (30720K)
 Metaspace       used 81252K, committed 82304K, reserved 1179648K
  class space    used 9118K, committed 9600K, reserved 1048576K
}
Event: 79.685 GC heap after
{Heap after GC invocations=111 (full 0):
 garbage-first heap   total reserved 3604480K, committed 827392K, used 544816K [0x0000000724000000, 0x0000000800000000)
  region size 2048K, 7 young (14336K), 7 survivors (14336K)
 Metaspace       used 81252K, committed 82304K, reserved 1179648K
  class space    used 9118K, committed 9600K, reserved 1048576K
}
Event: 80.984 GC heap before
{Heap before GC invocations=112 (full 0):
 garbage-first heap   total reserved 3604480K, committed 919552K, used 757808K [0x0000000724000000, 0x0000000800000000)
  region size 2048K, 109 young (223232K), 7 survivors (14336K)
 Metaspace       used 81288K, committed 82368K, reserved 1179648K
  class space    used 9119K, committed 9600K, reserved 1048576K
}
Event: 81.002 GC heap after
{Heap after GC invocations=113 (full 0):
 garbage-first heap   total reserved 3604480K, committed 919552K, used 570814K [0x0000000724000000, 0x0000000800000000)
  region size 2048K, 14 young (28672K), 14 survivors (28672K)
 Metaspace       used 81288K, committed 82368K, reserved 1179648K
  class space    used 9119K, committed 9600K, reserved 1048576K
}
Event: 82.847 GC heap before
{Heap before GC invocations=113 (full 0):
 garbage-first heap   total reserved 3604480K, committed 919552K, used 822718K [0x0000000724000000, 0x0000000800000000)
  region size 2048K, 137 young (280576K), 14 survivors (28672K)
 Metaspace       used 81324K, committed 82368K, reserved 1179648K
  class space    used 9120K, committed 9600K, reserved 1048576K
}
Event: 82.868 GC heap after
{Heap after GC invocations=114 (full 0):
 garbage-first heap   total reserved 3604480K, committed 919552K, used 598016K [0x0000000724000000, 0x0000000800000000)
  region size 2048K, 18 young (36864K), 18 survivors (36864K)
 Metaspace       used 81324K, committed 82368K, reserved 1179648K
  class space    used 9120K, committed 9600K, reserved 1048576K
}
Event: 84.724 GC heap before
{Heap before GC invocations=114 (full 0):
 garbage-first heap   total reserved 3604480K, committed 919552K, used 831488K [0x0000000724000000, 0x0000000800000000)
  region size 2048K, 132 young (270336K), 18 survivors (36864K)
 Metaspace       used 81360K, committed 82432K, reserved 1179648K
  class space    used 9121K, committed 9600K, reserved 1048576K
}
Event: 84.745 GC heap after
{Heap after GC invocations=115 (full 0):
 garbage-first heap   total reserved 3604480K, committed 919552K, used 629255K [0x0000000724000000, 0x0000000800000000)
  region size 2048K, 15 young (30720K), 15 survivors (30720K)
 Metaspace       used 81360K, committed 82432K, reserved 1179648K
  class space    used 9121K, committed 9600K, reserved 1048576K
}
Event: 85.731 GC heap before
{Heap before GC invocations=116 (full 0):
 garbage-first heap   total reserved 3604480K, committed 1058816K, used 836103K [0x0000000724000000, 0x0000000800000000)
  region size 2048K, 114 young (233472K), 15 survivors (30720K)
 Metaspace       used 81371K, committed 82432K, reserved 1179648K
  class space    used 9121K, committed 9600K, reserved 1048576K
}
Event: 85.749 GC heap after
{Heap after GC invocations=117 (full 0):
 garbage-first heap   total reserved 3604480K, committed 1058816K, used 655667K [0x0000000724000000, 0x0000000800000000)
  region size 2048K, 14 young (28672K), 14 survivors (28672K)
 Metaspace       used 81371K, committed 82432K, reserved 1179648K
  class space    used 9121K, committed 9600K, reserved 1048576K
}
Event: 89.245 GC heap before
{Heap before GC invocations=117 (full 0):
 garbage-first heap   total reserved 3604480K, committed 1058816K, used 936243K [0x0000000724000000, 0x0000000800000000)
  region size 2048K, 151 young (309248K), 14 survivors (28672K)
 Metaspace       used 81444K, committed 82496K, reserved 1179648K
  class space    used 9121K, committed 9600K, reserved 1048576K
}
Event: 89.265 GC heap after
{Heap after GC invocations=118 (full 0):
 garbage-first heap   total reserved 3604480K, committed 1058816K, used 686883K [0x0000000724000000, 0x0000000800000000)
  region size 2048K, 19 young (38912K), 19 survivors (38912K)
 Metaspace       used 81444K, committed 82496K, reserved 1179648K
  class space    used 9121K, committed 9600K, reserved 1048576K
}

