# JRE version: Java(TM) SE Runtime Environment (23.0.1+11) (build 23.0.1+11-39)
# Java VM: Java HotSpot(TM) 64-Bit Server VM (23.0.1+11-39, mixed mode, sharing, tiered, compressed oops, compressed class ptrs, g1 gc, windows-amd64)
GC Precious Log:
 CardTable entry size: 512
 Card Set container configuration: InlinePtr #cards 4 size 8 Array Of Cards #cards 16 size 48 Howl #buckets 8 coarsen threshold 3686 Howl Bitmap #cards 512 size 80 coarsen threshold 460 Card regions per heap region 1 cards per card region 4096
 CPUs: 16 total, 16 available
 Memory: 14077M
 Large Page Support: Disabled
 NUMA Support: Disabled
 Compressed Oops: Enabled (Zero based)
 Heap Region Size: 2M
 Heap Min Capacity: 8M
 Heap Initial Capacity: 220M
 Heap Max Capacity: 3520M
 Pre-touch: Disabled
 Parallel Workers: 13
 Concurrent Workers: 3
 Concurrent Refinement Workers: 13
 Periodic GC: Disabled
Heap:
 garbage-first heap   total reserved 3604480K, committed 122880K, used 82995K [0x0000000724000000, 0x0000000800000000)
  region size 2048K, 2 young (4096K), 2 survivors (4096K)
 Metaspace       used 69777K, committed 70720K, reserved 1114112K
  class space    used 8380K, committed 8832K, reserved 1048576K
GC Heap History (20 events):
Event: 19.467 GC heap after
{Heap after GC invocations=46 (full 0):
 garbage-first heap   total reserved 3604480K, committed 81920K, used 51871K [0x0000000724000000, 0x0000000800000000)
  region size 2048K, 2 young (4096K), 2 survivors (4096K)
 Metaspace       used 59986K, committed 60928K, reserved 1114112K
  class space    used 7246K, committed 7680K, reserved 1048576K
}
Event: 19.574 GC heap before
{Heap before GC invocations=46 (full 0):
 garbage-first heap   total reserved 3604480K, committed 81920K, used 58015K [0x0000000724000000, 0x0000000800000000)
  region size 2048K, 7 young (14336K), 2 survivors (4096K)
 Metaspace       used 60209K, committed 61120K, reserved 1114112K
  class space    used 7266K, committed 7680K, reserved 1048576K
}
Event: 19.577 GC heap after
{Heap after GC invocations=47 (full 0):
 garbage-first heap   total reserved 3604480K, committed 81920K, used 54339K [0x0000000724000000, 0x0000000800000000)
  region size 2048K, 2 young (4096K), 2 survivors (4096K)
 Metaspace       used 60209K, committed 61120K, reserved 1114112K
  class space    used 7266K, committed 7680K, reserved 1048576K
}
Event: 19.710 GC heap before
{Heap before GC invocations=48 (full 0):
 garbage-first heap   total reserved 3604480K, committed 100352K, used 70723K [0x0000000724000000, 0x0000000800000000)
  region size 2048K, 9 young (18432K), 2 survivors (4096K)
 Metaspace       used 60251K, committed 61120K, reserved 1114112K
  class space    used 7266K, committed 7680K, reserved 1048576K
}
Event: 19.712 GC heap after
{Heap after GC invocations=49 (full 0):
 garbage-first heap   total reserved 3604480K, committed 100352K, used 57669K [0x0000000724000000, 0x0000000800000000)
  region size 2048K, 2 young (4096K), 2 survivors (4096K)
 Metaspace       used 60251K, committed 61120K, reserved 1114112K
  class space    used 7266K, committed 7680K, reserved 1048576K
}
Event: 19.917 GC heap before
{Heap before GC invocations=49 (full 0):
 garbage-first heap   total reserved 3604480K, committed 100352K, used 86341K [0x0000000724000000, 0x0000000800000000)
  region size 2048K, 16 young (32768K), 2 survivors (4096K)
 Metaspace       used 60251K, committed 61120K, reserved 1114112K
  class space    used 7266K, committed 7680K, reserved 1048576K
}
Event: 19.919 GC heap after
{Heap after GC invocations=50 (full 0):
 garbage-first heap   total reserved 3604480K, committed 100352K, used 58853K [0x0000000724000000, 0x0000000800000000)
  region size 2048K, 2 young (4096K), 2 survivors (4096K)
 Metaspace       used 60251K, committed 61120K, reserved 1114112K
  class space    used 7266K, committed 7680K, reserved 1048576K
}
Event: 20.024 GC heap before
{Heap before GC invocations=50 (full 0):
 garbage-first heap   total reserved 3604480K, committed 100352K, used 87525K [0x0000000724000000, 0x0000000800000000)
  region size 2048K, 16 young (32768K), 2 survivors (4096K)
 Metaspace       used 60333K, committed 61312K, reserved 1114112K
  class space    used 7266K, committed 7680K, reserved 1048576K
}
Event: 20.027 GC heap after
{Heap after GC invocations=51 (full 0):
 garbage-first heap   total reserved 3604480K, committed 100352K, used 62168K [0x0000000724000000, 0x0000000800000000)
  region size 2048K, 2 young (4096K), 2 survivors (4096K)
 Metaspace       used 60333K, committed 61312K, reserved 1114112K
  class space    used 7266K, committed 7680K, reserved 1048576K
}
Event: 20.097 GC heap before
{Heap before GC invocations=52 (full 0):
 garbage-first heap   total reserved 3604480K, committed 106496K, used 84696K [0x0000000724000000, 0x0000000800000000)
  region size 2048K, 14 young (28672K), 2 survivors (4096K)
 Metaspace       used 60333K, committed 61312K, reserved 1114112K
  class space    used 7266K, committed 7680K, reserved 1048576K
}
Event: 20.101 GC heap after
{Heap after GC invocations=53 (full 0):
 garbage-first heap   total reserved 3604480K, committed 106496K, used 65109K [0x0000000724000000, 0x0000000800000000)
  region size 2048K, 2 young (4096K), 2 survivors (4096K)
 Metaspace       used 60333K, committed 61312K, reserved 1114112K
  class space    used 7266K, committed 7680K, reserved 1048576K
}
Event: 20.896 GC heap before
{Heap before GC invocations=53 (full 0):
 garbage-first heap   total reserved 3604480K, committed 106496K, used 91733K [0x0000000724000000, 0x0000000800000000)
  region size 2048K, 15 young (30720K), 2 survivors (4096K)
 Metaspace       used 62206K, committed 63168K, reserved 1114112K
  class space    used 7521K, committed 7936K, reserved 1048576K
}
Event: 20.900 GC heap after
{Heap after GC invocations=54 (full 0):
 garbage-first heap   total reserved 3604480K, committed 106496K, used 68204K [0x0000000724000000, 0x0000000800000000)
  region size 2048K, 2 young (4096K), 2 survivors (4096K)
 Metaspace       used 62206K, committed 63168K, reserved 1114112K
  class space    used 7521K, committed 7936K, reserved 1048576K
}
Event: 21.036 GC heap before
{Heap before GC invocations=54 (full 0):
 garbage-first heap   total reserved 3604480K, committed 106496K, used 70252K [0x0000000724000000, 0x0000000800000000)
  region size 2048K, 4 young (8192K), 2 survivors (4096K)
 Metaspace       used 63144K, committed 64064K, reserved 1114112K
  class space    used 7634K, committed 8064K, reserved 1048576K
}
Event: 21.038 GC heap after
{Heap after GC invocations=55 (full 0):
 garbage-first heap   total reserved 3604480K, committed 106496K, used 68972K [0x0000000724000000, 0x0000000800000000)
  region size 2048K, 1 young (2048K), 1 survivors (2048K)
 Metaspace       used 63144K, committed 64064K, reserved 1114112K
  class space    used 7634K, committed 8064K, reserved 1048576K
}
Event: 22.679 GC heap before
{Heap before GC invocations=56 (full 0):
 garbage-first heap   total reserved 3604480K, committed 122880K, used 95596K [0x0000000724000000, 0x0000000800000000)
  region size 2048K, 14 young (28672K), 1 survivors (2048K)
 Metaspace       used 66847K, committed 67840K, reserved 1114112K
  class space    used 8131K, committed 8576K, reserved 1048576K
}
Event: 22.684 GC heap after
{Heap after GC invocations=57 (full 0):
 garbage-first heap   total reserved 3604480K, committed 122880K, used 76503K [0x0000000724000000, 0x0000000800000000)
  region size 2048K, 2 young (4096K), 2 survivors (4096K)
 Metaspace       used 66847K, committed 67840K, reserved 1114112K
  class space    used 8131K, committed 8576K, reserved 1048576K
}
Event: 22.792 GC heap before
{Heap before GC invocations=57 (full 0):
 garbage-first heap   total reserved 3604480K, committed 122880K, used 107223K [0x0000000724000000, 0x0000000800000000)
  region size 2048K, 17 young (34816K), 2 survivors (4096K)
 Metaspace       used 66854K, committed 67840K, reserved 1114112K
  class space    used 8131K, committed 8576K, reserved 1048576K
}
Event: 22.803 GC heap after
{Heap after GC invocations=58 (full 0):
 garbage-first heap   total reserved 3604480K, committed 122880K, used 77703K [0x0000000724000000, 0x0000000800000000)
  region size 2048K, 1 young (2048K), 1 survivors (2048K)
 Metaspace       used 66854K, committed 67840K, reserved 1114112K
  class space    used 8131K, committed 8576K, reserved 1048576K
}
Event: 25.499 GC heap before
{Heap before GC invocations=58 (full 0):
 garbage-first heap   total reserved 3604480K, committed 122880K, used 108423K [0x0000000724000000, 0x0000000800000000)
  region size 2048K, 16 young (32768K), 1 survivors (2048K)
 Metaspace       used 69777K, committed 70720K, reserved 1114112K
  class space    used 8380K, committed 8832K, reserved 1048576K
}

