# JRE version: OpenJDK Runtime Environment Temurin-21.0.8+9 (21.0.8+9) (build 21.0.8+9-LTS)
# Java VM: OpenJDK 64-Bit Server VM Temurin-21.0.8+9 (21.0.8+9-LTS, mixed mode, sharing, tiered, compressed oops, compressed class ptrs, parallel gc, windows-amd64)
GC Precious Log:
 CardTable entry size: 512
 CPUs: 16 total, 16 available
 Memory: 15613M
 Large Page Support: Disabled
 NUMA Support: Disabled
 Compressed Oops: Enabled (32-bit)
 Alignments: Space 512K, Generation 512K, Heap 2M
 Heap Min Capacity: 100M
 Heap Initial Capacity: 100M
 Heap Max Capacity: 2G
 Pre-touch: Disabled
 Parallel Workers: 13
Heap:
 PSYoungGen      total 10752K, used 7354K [0x00000000d5580000, 0x00000000d6200000, 0x0000000100000000)
  eden space 10240K, 67% used [0x00000000d5580000,0x00000000d5c3e940,0x00000000d5f80000)
  from space 512K, 87% used [0x00000000d5f80000,0x00000000d5ff0000,0x00000000d6000000)
  to   space 1024K, 0% used [0x00000000d6100000,0x00000000d6100000,0x00000000d6200000)
 ParOldGen       total 68608K, used 63016K [0x0000000080000000, 0x0000000084300000, 0x00000000d5580000)
  object space 68608K, 91% used [0x0000000080000000,0x0000000083d8a190,0x0000000084300000)
 Metaspace       used 71759K, committed 73408K, reserved 1114112K
  class space    used 8883K, committed 9600K, reserved 1048576K
GC Heap History (20 events):
Event: 28.484 GC heap before
{Heap before GC invocations=87 (full 3):
 PSYoungGen      total 12800K, used 12704K [0x00000000d5580000, 0x00000000d6380000, 0x0000000100000000)
  eden space 11264K, 100% used [0x00000000d5580000,0x00000000d6080000,0x00000000d6080000)
  from space 1536K, 93% used [0x00000000d6080000,0x00000000d61e8000,0x00000000d6200000)
  to   space 1536K, 0% used [0x00000000d6200000,0x00000000d6200000,0x00000000d6380000)
 ParOldGen       total 68608K, used 53510K [0x0000000080000000, 0x0000000084300000, 0x00000000d5580000)
  object space 68608K, 77% used [0x0000000080000000,0x0000000083441ae8,0x0000000084300000)
 Metaspace       used 68342K, committed 69952K, reserved 1114112K
  class space    used 8554K, committed 9280K, reserved 1048576K
}
Event: 28.485 GC heap after
{Heap after GC invocations=87 (full 3):
 PSYoungGen      total 12800K, used 1152K [0x00000000d5580000, 0x00000000d6380000, 0x0000000100000000)
  eden space 11264K, 0% used [0x00000000d5580000,0x00000000d5580000,0x00000000d6080000)
  from space 1536K, 75% used [0x00000000d6200000,0x00000000d6320000,0x00000000d6380000)
  to   space 1536K, 0% used [0x00000000d6080000,0x00000000d6080000,0x00000000d6200000)
 ParOldGen       total 68608K, used 54757K [0x0000000080000000, 0x0000000084300000, 0x00000000d5580000)
  object space 68608K, 79% used [0x0000000080000000,0x0000000083579498,0x0000000084300000)
 Metaspace       used 68342K, committed 69952K, reserved 1114112K
  class space    used 8554K, committed 9280K, reserved 1048576K
}
Event: 28.507 GC heap before
{Heap before GC invocations=88 (full 3):
 PSYoungGen      total 12800K, used 12416K [0x00000000d5580000, 0x00000000d6380000, 0x0000000100000000)
  eden space 11264K, 100% used [0x00000000d5580000,0x00000000d6080000,0x00000000d6080000)
  from space 1536K, 75% used [0x00000000d6200000,0x00000000d6320000,0x00000000d6380000)
  to   space 1536K, 0% used [0x00000000d6080000,0x00000000d6080000,0x00000000d6200000)
 ParOldGen       total 68608K, used 54757K [0x0000000080000000, 0x0000000084300000, 0x00000000d5580000)
  object space 68608K, 79% used [0x0000000080000000,0x0000000083579498,0x0000000084300000)
 Metaspace       used 68343K, committed 69952K, reserved 1114112K
  class space    used 8554K, committed 9280K, reserved 1048576K
}
Event: 28.509 GC heap after
{Heap after GC invocations=88 (full 3):
 PSYoungGen      total 12800K, used 1444K [0x00000000d5580000, 0x00000000d6380000, 0x0000000100000000)
  eden space 11264K, 0% used [0x00000000d5580000,0x00000000d5580000,0x00000000d6080000)
  from space 1536K, 94% used [0x00000000d6080000,0x00000000d61e9000,0x00000000d6200000)
  to   space 1536K, 0% used [0x00000000d6200000,0x00000000d6200000,0x00000000d6380000)
 ParOldGen       total 68608K, used 55581K [0x0000000080000000, 0x0000000084300000, 0x00000000d5580000)
  object space 68608K, 81% used [0x0000000080000000,0x0000000083647498,0x0000000084300000)
 Metaspace       used 68343K, committed 69952K, reserved 1114112K
  class space    used 8554K, committed 9280K, reserved 1048576K
}
Event: 28.529 GC heap before
{Heap before GC invocations=89 (full 3):
 PSYoungGen      total 12800K, used 12708K [0x00000000d5580000, 0x00000000d6380000, 0x0000000100000000)
  eden space 11264K, 100% used [0x00000000d5580000,0x00000000d6080000,0x00000000d6080000)
  from space 1536K, 94% used [0x00000000d6080000,0x00000000d61e9000,0x00000000d6200000)
  to   space 1536K, 0% used [0x00000000d6200000,0x00000000d6200000,0x00000000d6380000)
 ParOldGen       total 68608K, used 55581K [0x0000000080000000, 0x0000000084300000, 0x00000000d5580000)
  object space 68608K, 81% used [0x0000000080000000,0x0000000083647498,0x0000000084300000)
 Metaspace       used 68345K, committed 69952K, reserved 1114112K
  class space    used 8554K, committed 9280K, reserved 1048576K
}
Event: 28.530 GC heap after
{Heap after GC invocations=89 (full 3):
 PSYoungGen      total 12800K, used 1152K [0x00000000d5580000, 0x00000000d6380000, 0x0000000100000000)
  eden space 11264K, 0% used [0x00000000d5580000,0x00000000d5580000,0x00000000d6080000)
  from space 1536K, 75% used [0x00000000d6200000,0x00000000d6320000,0x00000000d6380000)
  to   space 1536K, 0% used [0x00000000d6080000,0x00000000d6080000,0x00000000d6200000)
 ParOldGen       total 68608K, used 56778K [0x0000000080000000, 0x0000000084300000, 0x00000000d5580000)
  object space 68608K, 82% used [0x0000000080000000,0x0000000083772b10,0x0000000084300000)
 Metaspace       used 68345K, committed 69952K, reserved 1114112K
  class space    used 8554K, committed 9280K, reserved 1048576K
}
Event: 28.558 GC heap before
{Heap before GC invocations=90 (full 3):
 PSYoungGen      total 12800K, used 12416K [0x00000000d5580000, 0x00000000d6380000, 0x0000000100000000)
  eden space 11264K, 100% used [0x00000000d5580000,0x00000000d6080000,0x00000000d6080000)
  from space 1536K, 75% used [0x00000000d6200000,0x00000000d6320000,0x00000000d6380000)
  to   space 1536K, 0% used [0x00000000d6080000,0x00000000d6080000,0x00000000d6200000)
 ParOldGen       total 68608K, used 56778K [0x0000000080000000, 0x0000000084300000, 0x00000000d5580000)
  object space 68608K, 82% used [0x0000000080000000,0x0000000083772b10,0x0000000084300000)
 Metaspace       used 68382K, committed 70016K, reserved 1114112K
  class space    used 8557K, committed 9280K, reserved 1048576K
}
Event: 28.560 GC heap after
{Heap after GC invocations=90 (full 3):
 PSYoungGen      total 12800K, used 1408K [0x00000000d5580000, 0x00000000d6380000, 0x0000000100000000)
  eden space 11264K, 0% used [0x00000000d5580000,0x00000000d5580000,0x00000000d6080000)
  from space 1536K, 91% used [0x00000000d6080000,0x00000000d61e0010,0x00000000d6200000)
  to   space 1536K, 0% used [0x00000000d6200000,0x00000000d6200000,0x00000000d6380000)
 ParOldGen       total 68608K, used 57810K [0x0000000080000000, 0x0000000084300000, 0x00000000d5580000)
  object space 68608K, 84% used [0x0000000080000000,0x0000000083874b10,0x0000000084300000)
 Metaspace       used 68382K, committed 70016K, reserved 1114112K
  class space    used 8557K, committed 9280K, reserved 1048576K
}
Event: 28.590 GC heap before
{Heap before GC invocations=91 (full 3):
 PSYoungGen      total 12800K, used 12672K [0x00000000d5580000, 0x00000000d6380000, 0x0000000100000000)
  eden space 11264K, 100% used [0x00000000d5580000,0x00000000d6080000,0x00000000d6080000)
  from space 1536K, 91% used [0x00000000d6080000,0x00000000d61e0010,0x00000000d6200000)
  to   space 1536K, 0% used [0x00000000d6200000,0x00000000d6200000,0x00000000d6380000)
 ParOldGen       total 68608K, used 57810K [0x0000000080000000, 0x0000000084300000, 0x00000000d5580000)
  object space 68608K, 84% used [0x0000000080000000,0x0000000083874b10,0x0000000084300000)
 Metaspace       used 68403K, committed 70016K, reserved 1114112K
  class space    used 8557K, committed 9280K, reserved 1048576K
}
Event: 28.592 GC heap after
{Heap after GC invocations=91 (full 3):
 PSYoungGen      total 12800K, used 1120K [0x00000000d5580000, 0x00000000d6380000, 0x0000000100000000)
  eden space 11264K, 0% used [0x00000000d5580000,0x00000000d5580000,0x00000000d6080000)
  from space 1536K, 72% used [0x00000000d6200000,0x00000000d6318000,0x00000000d6380000)
  to   space 1536K, 0% used [0x00000000d6080000,0x00000000d6080000,0x00000000d6200000)
 ParOldGen       total 68608K, used 59002K [0x0000000080000000, 0x0000000084300000, 0x00000000d5580000)
  object space 68608K, 85% used [0x0000000080000000,0x000000008399eb20,0x0000000084300000)
 Metaspace       used 68403K, committed 70016K, reserved 1114112K
  class space    used 8557K, committed 9280K, reserved 1048576K
}
Event: 28.616 GC heap before
{Heap before GC invocations=92 (full 3):
 PSYoungGen      total 12800K, used 12384K [0x00000000d5580000, 0x00000000d6380000, 0x0000000100000000)
  eden space 11264K, 100% used [0x00000000d5580000,0x00000000d6080000,0x00000000d6080000)
  from space 1536K, 72% used [0x00000000d6200000,0x00000000d6318000,0x00000000d6380000)
  to   space 1536K, 0% used [0x00000000d6080000,0x00000000d6080000,0x00000000d6200000)
 ParOldGen       total 68608K, used 59002K [0x0000000080000000, 0x0000000084300000, 0x00000000d5580000)
  object space 68608K, 85% used [0x0000000080000000,0x000000008399eb20,0x0000000084300000)
 Metaspace       used 68407K, committed 70016K, reserved 1114112K
  class space    used 8557K, committed 9280K, reserved 1048576K
}
Event: 28.617 GC heap after
{Heap after GC invocations=92 (full 3):
 PSYoungGen      total 12800K, used 1240K [0x00000000d5580000, 0x00000000d6380000, 0x0000000100000000)
  eden space 11264K, 0% used [0x00000000d5580000,0x00000000d5580000,0x00000000d6080000)
  from space 1536K, 80% used [0x00000000d6080000,0x00000000d61b6200,0x00000000d6200000)
  to   space 1536K, 0% used [0x00000000d6200000,0x00000000d6200000,0x00000000d6380000)
 ParOldGen       total 68608K, used 59922K [0x0000000080000000, 0x0000000084300000, 0x00000000d5580000)
  object space 68608K, 87% used [0x0000000080000000,0x0000000083a84b20,0x0000000084300000)
 Metaspace       used 68407K, committed 70016K, reserved 1114112K
  class space    used 8557K, committed 9280K, reserved 1048576K
}
Event: 28.683 GC heap before
{Heap before GC invocations=93 (full 3):
 PSYoungGen      total 12800K, used 12504K [0x00000000d5580000, 0x00000000d6380000, 0x0000000100000000)
  eden space 11264K, 100% used [0x00000000d5580000,0x00000000d6080000,0x00000000d6080000)
  from space 1536K, 80% used [0x00000000d6080000,0x00000000d61b6200,0x00000000d6200000)
  to   space 1536K, 0% used [0x00000000d6200000,0x00000000d6200000,0x00000000d6380000)
 ParOldGen       total 68608K, used 59922K [0x0000000080000000, 0x0000000084300000, 0x00000000d5580000)
  object space 68608K, 87% used [0x0000000080000000,0x0000000083a84b20,0x0000000084300000)
 Metaspace       used 68886K, committed 70528K, reserved 1114112K
  class space    used 8589K, committed 9280K, reserved 1048576K
}
Event: 28.684 GC heap after
{Heap after GC invocations=93 (full 3):
 PSYoungGen      total 12800K, used 1347K [0x00000000d5580000, 0x00000000d6380000, 0x0000000100000000)
  eden space 11264K, 0% used [0x00000000d5580000,0x00000000d5580000,0x00000000d6080000)
  from space 1536K, 87% used [0x00000000d6200000,0x00000000d6350ca0,0x00000000d6380000)
  to   space 1536K, 0% used [0x00000000d6080000,0x00000000d6080000,0x00000000d6200000)
 ParOldGen       total 68608K, used 60939K [0x0000000080000000, 0x0000000084300000, 0x00000000d5580000)
  object space 68608K, 88% used [0x0000000080000000,0x0000000083b82d20,0x0000000084300000)
 Metaspace       used 68886K, committed 70528K, reserved 1114112K
  class space    used 8589K, committed 9280K, reserved 1048576K
}
Event: 28.812 GC heap before
{Heap before GC invocations=94 (full 3):
 PSYoungGen      total 12800K, used 12611K [0x00000000d5580000, 0x00000000d6380000, 0x0000000100000000)
  eden space 11264K, 100% used [0x00000000d5580000,0x00000000d6080000,0x00000000d6080000)
  from space 1536K, 87% used [0x00000000d6200000,0x00000000d6350ca0,0x00000000d6380000)
  to   space 1536K, 0% used [0x00000000d6080000,0x00000000d6080000,0x00000000d6200000)
 ParOldGen       total 68608K, used 60939K [0x0000000080000000, 0x0000000084300000, 0x00000000d5580000)
  object space 68608K, 88% used [0x0000000080000000,0x0000000083b82d20,0x0000000084300000)
 Metaspace       used 70439K, committed 72064K, reserved 1114112K
  class space    used 8751K, committed 9472K, reserved 1048576K
}
Event: 28.814 GC heap after
{Heap after GC invocations=94 (full 3):
 PSYoungGen      total 12288K, used 664K [0x00000000d5580000, 0x00000000d6280000, 0x0000000100000000)
  eden space 11264K, 0% used [0x00000000d5580000,0x00000000d5580000,0x00000000d6080000)
  from space 1024K, 64% used [0x00000000d6080000,0x00000000d6126090,0x00000000d6180000)
  to   space 1024K, 0% used [0x00000000d6180000,0x00000000d6180000,0x00000000d6280000)
 ParOldGen       total 68608K, used 61963K [0x0000000080000000, 0x0000000084300000, 0x00000000d5580000)
  object space 68608K, 90% used [0x0000000080000000,0x0000000083c82d58,0x0000000084300000)
 Metaspace       used 70439K, committed 72064K, reserved 1114112K
  class space    used 8751K, committed 9472K, reserved 1048576K
}
Event: 31.096 GC heap before
{Heap before GC invocations=95 (full 3):
 PSYoungGen      total 12288K, used 11928K [0x00000000d5580000, 0x00000000d6280000, 0x0000000100000000)
  eden space 11264K, 100% used [0x00000000d5580000,0x00000000d6080000,0x00000000d6080000)
  from space 1024K, 64% used [0x00000000d6080000,0x00000000d6126090,0x00000000d6180000)
  to   space 1024K, 0% used [0x00000000d6180000,0x00000000d6180000,0x00000000d6280000)
 ParOldGen       total 68608K, used 61963K [0x0000000080000000, 0x0000000084300000, 0x00000000d5580000)
  object space 68608K, 90% used [0x0000000080000000,0x0000000083c82d58,0x0000000084300000)
 Metaspace       used 70892K, committed 72512K, reserved 1114112K
  class space    used 8787K, committed 9472K, reserved 1048576K
}
Event: 31.097 GC heap after
{Heap after GC invocations=95 (full 3):
 PSYoungGen      total 11264K, used 992K [0x00000000d5580000, 0x00000000d6480000, 0x0000000100000000)
  eden space 10240K, 0% used [0x00000000d5580000,0x00000000d5580000,0x00000000d5f80000)
  from space 1024K, 96% used [0x00000000d6180000,0x00000000d6278090,0x00000000d6280000)
  to   space 2048K, 0% used [0x00000000d5f80000,0x00000000d5f80000,0x00000000d6180000)
 ParOldGen       total 68608K, used 62475K [0x0000000080000000, 0x0000000084300000, 0x00000000d5580000)
  object space 68608K, 91% used [0x0000000080000000,0x0000000083d02ca0,0x0000000084300000)
 Metaspace       used 70892K, committed 72512K, reserved 1114112K
  class space    used 8787K, committed 9472K, reserved 1048576K
}
Event: 308.749 GC heap before
{Heap before GC invocations=96 (full 3):
 PSYoungGen      total 11264K, used 11232K [0x00000000d5580000, 0x00000000d6480000, 0x0000000100000000)
  eden space 10240K, 100% used [0x00000000d5580000,0x00000000d5f80000,0x00000000d5f80000)
  from space 1024K, 96% used [0x00000000d6180000,0x00000000d6278090,0x00000000d6280000)
  to   space 2048K, 0% used [0x00000000d5f80000,0x00000000d5f80000,0x00000000d6180000)
 ParOldGen       total 68608K, used 62475K [0x0000000080000000, 0x0000000084300000, 0x00000000d5580000)
  object space 68608K, 91% used [0x0000000080000000,0x0000000083d02ca0,0x0000000084300000)
 Metaspace       used 71617K, committed 73344K, reserved 1114112K
  class space    used 8879K, committed 9600K, reserved 1048576K
}
Event: 308.756 GC heap after
{Heap after GC invocations=96 (full 3):
 PSYoungGen      total 10752K, used 448K [0x00000000d5580000, 0x00000000d6200000, 0x0000000100000000)
  eden space 10240K, 0% used [0x00000000d5580000,0x00000000d5580000,0x00000000d5f80000)
  from space 512K, 87% used [0x00000000d5f80000,0x00000000d5ff0000,0x00000000d6000000)
  to   space 1024K, 0% used [0x00000000d6100000,0x00000000d6100000,0x00000000d6200000)
 ParOldGen       total 68608K, used 63016K [0x0000000080000000, 0x0000000084300000, 0x00000000d5580000)
  object space 68608K, 91% used [0x0000000080000000,0x0000000083d8a190,0x0000000084300000)
 Metaspace       used 71617K, committed 73344K, reserved 1114112K
  class space    used 8879K, committed 9600K, reserved 1048576K
}

