# JRE version: Java(TM) SE Runtime Environment (23.0.1+11) (build 23.0.1+11-39)
# Java VM: Java HotSpot(TM) 64-Bit Server VM (23.0.1+11-39, mixed mode, sharing, tiered, compressed oops, compressed class ptrs, g1 gc, windows-amd64)
GC Precious Log:
 CardTable entry size: 512
 Card Set container configuration: InlinePtr #cards 4 size 8 Array Of Cards #cards 16 size 48 Howl #buckets 8 coarsen threshold 3686 Howl Bitmap #cards 512 size 80 coarsen threshold 460 Card regions per heap region 1 cards per card region 4096
 CPUs: 16 total, 16 available
 Memory: 15613M
 Large Page Support: Disabled
 NUMA Support: Disabled
 Compressed Oops: Enabled (Zero based)
 Heap Region Size: 2M
 Heap Min Capacity: 8M
 Heap Initial Capacity: 244M
 Heap Max Capacity: 3904M
 Pre-touch: Disabled
 Parallel Workers: 13
 Concurrent Workers: 3
 Concurrent Refinement Workers: 13
 Periodic GC: Disabled
Heap:
 garbage-first heap   total reserved 3997696K, committed 421888K, used 228008K [0x000000070c000000, 0x0000000800000000)
  region size 2048K, 9 young (18432K), 9 survivors (18432K)
 Metaspace       used 78295K, committed 79360K, reserved 1179648K
  class space    used 9054K, committed 9536K, reserved 1048576K
GC Heap History (20 events):
Event: 11.483 GC heap after
{Heap after GC invocations=27 (full 0):
 garbage-first heap   total reserved 3997696K, committed 231424K, used 115074K [0x000000070c000000, 0x0000000800000000)
  region size 2048K, 7 young (14336K), 7 survivors (14336K)
 Metaspace       used 73049K, committed 74048K, reserved 1114112K
  class space    used 8736K, committed 9216K, reserved 1048576K
}
Event: 11.608 GC heap before
{Heap before GC invocations=27 (full 0):
 garbage-first heap   total reserved 3997696K, committed 231424K, used 201090K [0x000000070c000000, 0x0000000800000000)
  region size 2048K, 49 young (100352K), 7 survivors (14336K)
 Metaspace       used 73061K, committed 74048K, reserved 1114112K
  class space    used 8736K, committed 9216K, reserved 1048576K
}
Event: 11.620 GC heap after
{Heap after GC invocations=28 (full 0):
 garbage-first heap   total reserved 3997696K, committed 231424K, used 126631K [0x000000070c000000, 0x0000000800000000)
  region size 2048K, 6 young (12288K), 6 survivors (12288K)
 Metaspace       used 73061K, committed 74048K, reserved 1114112K
  class space    used 8736K, committed 9216K, reserved 1048576K
}
Event: 12.391 GC heap before
{Heap before GC invocations=28 (full 0):
 garbage-first heap   total reserved 3997696K, committed 231424K, used 202407K [0x000000070c000000, 0x0000000800000000)
  region size 2048K, 43 young (88064K), 6 survivors (12288K)
 Metaspace       used 75568K, committed 76608K, reserved 1179648K
  class space    used 8877K, committed 9344K, reserved 1048576K
}
Event: 12.402 GC heap after
{Heap after GC invocations=29 (full 0):
 garbage-first heap   total reserved 3997696K, committed 231424K, used 139156K [0x000000070c000000, 0x0000000800000000)
  region size 2048K, 6 young (12288K), 6 survivors (12288K)
 Metaspace       used 75568K, committed 76608K, reserved 1179648K
  class space    used 8877K, committed 9344K, reserved 1048576K
}
Event: 13.713 GC heap before
{Heap before GC invocations=30 (full 0):
 garbage-first heap   total reserved 3997696K, committed 233472K, used 204692K [0x000000070c000000, 0x0000000800000000)
  region size 2048K, 38 young (77824K), 6 survivors (12288K)
 Metaspace       used 76437K, committed 77504K, reserved 1179648K
  class space    used 8900K, committed 9408K, reserved 1048576K
}
Event: 13.724 GC heap after
{Heap after GC invocations=31 (full 0):
 garbage-first heap   total reserved 3997696K, committed 233472K, used 148871K [0x000000070c000000, 0x0000000800000000)
  region size 2048K, 5 young (10240K), 5 survivors (10240K)
 Metaspace       used 76437K, committed 77504K, reserved 1179648K
  class space    used 8900K, committed 9408K, reserved 1048576K
}
Event: 14.338 GC heap before
{Heap before GC invocations=31 (full 0):
 garbage-first heap   total reserved 3997696K, committed 233472K, used 208263K [0x000000070c000000, 0x0000000800000000)
  region size 2048K, 33 young (67584K), 5 survivors (10240K)
 Metaspace       used 76821K, committed 77888K, reserved 1179648K
  class space    used 8909K, committed 9408K, reserved 1048576K
}
Event: 14.347 GC heap after
{Heap after GC invocations=32 (full 0):
 garbage-first heap   total reserved 3997696K, committed 233472K, used 154451K [0x000000070c000000, 0x0000000800000000)
  region size 2048K, 4 young (8192K), 4 survivors (8192K)
 Metaspace       used 76821K, committed 77888K, reserved 1179648K
  class space    used 8909K, committed 9408K, reserved 1048576K
}
Event: 14.409 GC heap before
{Heap before GC invocations=32 (full 0):
 garbage-first heap   total reserved 3997696K, committed 233472K, used 170835K [0x000000070c000000, 0x0000000800000000)
  region size 2048K, 13 young (26624K), 4 survivors (8192K)
 Metaspace       used 76951K, committed 77952K, reserved 1179648K
  class space    used 8927K, committed 9408K, reserved 1048576K
}
Event: 14.415 GC heap after
{Heap after GC invocations=33 (full 0):
 garbage-first heap   total reserved 3997696K, committed 421888K, used 155608K [0x000000070c000000, 0x0000000800000000)
  region size 2048K, 2 young (4096K), 2 survivors (4096K)
 Metaspace       used 76951K, committed 77952K, reserved 1179648K
  class space    used 8927K, committed 9408K, reserved 1048576K
}
Event: 14.876 GC heap before
{Heap before GC invocations=33 (full 0):
 garbage-first heap   total reserved 3997696K, committed 421888K, used 331736K [0x000000070c000000, 0x0000000800000000)
  region size 2048K, 88 young (180224K), 2 survivors (4096K)
 Metaspace       used 77378K, committed 78400K, reserved 1179648K
  class space    used 8989K, committed 9472K, reserved 1048576K
}
Event: 14.888 GC heap after
{Heap after GC invocations=34 (full 0):
 garbage-first heap   total reserved 3997696K, committed 421888K, used 176959K [0x000000070c000000, 0x0000000800000000)
  region size 2048K, 11 young (22528K), 11 survivors (22528K)
 Metaspace       used 77378K, committed 78400K, reserved 1179648K
  class space    used 8989K, committed 9472K, reserved 1048576K
}
Event: 14.906 GC heap before
{Heap before GC invocations=34 (full 0):
 garbage-first heap   total reserved 3997696K, committed 421888K, used 181055K [0x000000070c000000, 0x0000000800000000)
  region size 2048K, 14 young (28672K), 11 survivors (22528K)
 Metaspace       used 77416K, committed 78400K, reserved 1179648K
  class space    used 8992K, committed 9472K, reserved 1048576K
}
Event: 14.915 GC heap after
{Heap after GC invocations=35 (full 0):
 garbage-first heap   total reserved 3997696K, committed 421888K, used 178451K [0x000000070c000000, 0x0000000800000000)
  region size 2048K, 2 young (4096K), 2 survivors (4096K)
 Metaspace       used 77416K, committed 78400K, reserved 1179648K
  class space    used 8992K, committed 9472K, reserved 1048576K
}
Event: 15.497 GC heap before
{Heap before GC invocations=36 (full 0):
 garbage-first heap   total reserved 3997696K, committed 421888K, used 342291K [0x000000070c000000, 0x0000000800000000)
  region size 2048K, 78 young (159744K), 2 survivors (4096K)
 Metaspace       used 77975K, committed 78912K, reserved 1179648K
  class space    used 9028K, committed 9472K, reserved 1048576K
}
Event: 15.507 GC heap after
{Heap after GC invocations=37 (full 0):
 garbage-first heap   total reserved 3997696K, committed 421888K, used 197859K [0x000000070c000000, 0x0000000800000000)
  region size 2048K, 10 young (20480K), 10 survivors (20480K)
 Metaspace       used 77975K, committed 78912K, reserved 1179648K
  class space    used 9028K, committed 9472K, reserved 1048576K
}
Event: 15.781 GC heap before
{Heap before GC invocations=37 (full 0):
 garbage-first heap   total reserved 3997696K, committed 421888K, used 353507K [0x000000070c000000, 0x0000000800000000)
  region size 2048K, 84 young (172032K), 10 survivors (20480K)
 Metaspace       used 78023K, committed 78976K, reserved 1179648K
  class space    used 9028K, committed 9472K, reserved 1048576K
}
Event: 15.800 GC heap after
{Heap after GC invocations=38 (full 0):
 garbage-first heap   total reserved 3997696K, committed 421888K, used 213402K [0x000000070c000000, 0x0000000800000000)
  region size 2048K, 10 young (20480K), 10 survivors (20480K)
 Metaspace       used 78023K, committed 78976K, reserved 1179648K
  class space    used 9028K, committed 9472K, reserved 1048576K
}
Event: 16.301 GC heap before
{Heap before GC invocations=38 (full 0):
 garbage-first heap   total reserved 3997696K, committed 421888K, used 346522K [0x000000070c000000, 0x0000000800000000)
  region size 2048K, 76 young (155648K), 10 survivors (20480K)
 Metaspace       used 78295K, committed 79360K, reserved 1179648K
  class space    used 9054K, committed 9536K, reserved 1048576K
}

