# JRE version: Java(TM) SE Runtime Environment (23.0.1+11) (build 23.0.1+11-39)
# Java VM: Java HotSpot(TM) 64-Bit Server VM (23.0.1+11-39, mixed mode, sharing, tiered, compressed oops, compressed class ptrs, g1 gc, windows-amd64)
GC Precious Log:
 CardTable entry size: 512
 Card Set container configuration: InlinePtr #cards 4 size 8 Array Of Cards #cards 16 size 48 Howl #buckets 8 coarsen threshold 3686 Howl Bitmap #cards 512 size 80 coarsen threshold 460 Card regions per heap region 1 cards per card region 4096
 CPUs: 16 total, 16 available
 Memory: 15613M
 Large Page Support: Disabled
 NUMA Support: Disabled
 Compressed Oops: Enabled (Zero based)
 Heap Region Size: 2M
 Heap Min Capacity: 8M
 Heap Initial Capacity: 244M
 Heap Max Capacity: 3904M
 Pre-touch: Disabled
 Parallel Workers: 13
 Concurrent Workers: 3
 Concurrent Refinement Workers: 13
 Periodic GC: Disabled
Heap:
 garbage-first heap   total reserved 3997696K, committed 71680K, used 56551K [0x000000070c000000, 0x0000000800000000)
  region size 2048K, 8 young (16384K), 1 survivors (2048K)
 Metaspace       used 56973K, committed 57920K, reserved 1114112K
  class space    used 7001K, committed 7424K, reserved 1048576K
GC Heap History (20 events):
Event: 7.157 GC heap before
{Heap before GC invocations=16 (full 0):
 garbage-first heap   total reserved 3997696K, committed 57344K, used 51723K [0x000000070c000000, 0x0000000800000000)
  region size 2048K, 15 young (30720K), 1 survivors (2048K)
 Metaspace       used 34447K, committed 34944K, reserved 1114112K
  class space    used 3895K, committed 4096K, reserved 1048576K
}
Event: 7.164 GC heap after
{Heap after GC invocations=17 (full 0):
 garbage-first heap   total reserved 3997696K, committed 65536K, used 27293K [0x000000070c000000, 0x0000000800000000)
  region size 2048K, 2 young (4096K), 2 survivors (4096K)
 Metaspace       used 34447K, committed 34944K, reserved 1114112K
  class space    used 3895K, committed 4096K, reserved 1048576K
}
Event: 7.266 GC heap before
{Heap before GC invocations=17 (full 0):
 garbage-first heap   total reserved 3997696K, committed 65536K, used 33437K [0x000000070c000000, 0x0000000800000000)
  region size 2048K, 6 young (12288K), 2 survivors (4096K)
 Metaspace       used 35765K, committed 36160K, reserved 1114112K
  class space    used 4148K, committed 4352K, reserved 1048576K
}
Event: 7.269 GC heap after
{Heap after GC invocations=18 (full 0):
 garbage-first heap   total reserved 3997696K, committed 65536K, used 28639K [0x000000070c000000, 0x0000000800000000)
  region size 2048K, 1 young (2048K), 1 survivors (2048K)
 Metaspace       used 35765K, committed 36160K, reserved 1114112K
  class space    used 4148K, committed 4352K, reserved 1048576K
}
Event: 7.748 GC heap before
{Heap before GC invocations=19 (full 0):
 garbage-first heap   total reserved 3997696K, committed 65536K, used 51167K [0x000000070c000000, 0x0000000800000000)
  region size 2048K, 12 young (24576K), 1 survivors (2048K)
 Metaspace       used 40451K, committed 40896K, reserved 1114112K
  class space    used 4911K, committed 5120K, reserved 1048576K
}
Event: 7.751 GC heap after
{Heap after GC invocations=20 (full 0):
 garbage-first heap   total reserved 3997696K, committed 65536K, used 34369K [0x000000070c000000, 0x0000000800000000)
  region size 2048K, 2 young (4096K), 2 survivors (4096K)
 Metaspace       used 40451K, committed 40896K, reserved 1114112K
  class space    used 4911K, committed 5120K, reserved 1048576K
}
Event: 8.147 GC heap before
{Heap before GC invocations=20 (full 0):
 garbage-first heap   total reserved 3997696K, committed 65536K, used 50753K [0x000000070c000000, 0x0000000800000000)
  region size 2048K, 11 young (22528K), 2 survivors (4096K)
 Metaspace       used 43722K, committed 44160K, reserved 1114112K
  class space    used 5468K, committed 5632K, reserved 1048576K
}
Event: 8.151 GC heap after
{Heap after GC invocations=21 (full 0):
 garbage-first heap   total reserved 3997696K, committed 65536K, used 34465K [0x000000070c000000, 0x0000000800000000)
  region size 2048K, 2 young (4096K), 2 survivors (4096K)
 Metaspace       used 43722K, committed 44160K, reserved 1114112K
  class space    used 5468K, committed 5632K, reserved 1048576K
}
Event: 8.461 GC heap before
{Heap before GC invocations=21 (full 0):
 garbage-first heap   total reserved 3997696K, committed 65536K, used 52897K [0x000000070c000000, 0x0000000800000000)
  region size 2048K, 11 young (22528K), 2 survivors (4096K)
 Metaspace       used 47293K, committed 47744K, reserved 1114112K
  class space    used 5763K, committed 5952K, reserved 1048576K
}
Event: 8.464 GC heap after
{Heap after GC invocations=22 (full 0):
 garbage-first heap   total reserved 3997696K, committed 65536K, used 36772K [0x000000070c000000, 0x0000000800000000)
  region size 2048K, 2 young (4096K), 2 survivors (4096K)
 Metaspace       used 47293K, committed 47744K, reserved 1114112K
  class space    used 5763K, committed 5952K, reserved 1048576K
}
Event: 8.730 GC heap before
{Heap before GC invocations=23 (full 0):
 garbage-first heap   total reserved 3997696K, committed 65536K, used 53156K [0x000000070c000000, 0x0000000800000000)
  region size 2048K, 10 young (20480K), 2 survivors (4096K)
 Metaspace       used 49113K, committed 49984K, reserved 1114112K
  class space    used 6077K, committed 6464K, reserved 1048576K
}
Event: 8.733 GC heap after
{Heap after GC invocations=24 (full 0):
 garbage-first heap   total reserved 3997696K, committed 65536K, used 37841K [0x000000070c000000, 0x0000000800000000)
  region size 2048K, 1 young (2048K), 1 survivors (2048K)
 Metaspace       used 49113K, committed 49984K, reserved 1114112K
  class space    used 6077K, committed 6464K, reserved 1048576K
}
Event: 9.180 GC heap before
{Heap before GC invocations=24 (full 0):
 garbage-first heap   total reserved 3997696K, committed 65536K, used 58321K [0x000000070c000000, 0x0000000800000000)
  region size 2048K, 10 young (20480K), 1 survivors (2048K)
 Metaspace       used 52399K, committed 53312K, reserved 1114112K
  class space    used 6464K, committed 6848K, reserved 1048576K
}
Event: 9.183 GC heap after
{Heap after GC invocations=25 (full 0):
 garbage-first heap   total reserved 3997696K, committed 67584K, used 40004K [0x000000070c000000, 0x0000000800000000)
  region size 2048K, 2 young (4096K), 2 survivors (4096K)
 Metaspace       used 52399K, committed 53312K, reserved 1114112K
  class space    used 6464K, committed 6848K, reserved 1048576K
}
Event: 9.511 GC heap before
{Heap before GC invocations=25 (full 0):
 garbage-first heap   total reserved 3997696K, committed 67584K, used 54340K [0x000000070c000000, 0x0000000800000000)
  region size 2048K, 10 young (20480K), 2 survivors (4096K)
 Metaspace       used 54758K, committed 55680K, reserved 1114112K
  class space    used 6763K, committed 7168K, reserved 1048576K
}
Event: 9.514 GC heap after
{Heap after GC invocations=26 (full 0):
 garbage-first heap   total reserved 3997696K, committed 67584K, used 41828K [0x000000070c000000, 0x0000000800000000)
  region size 2048K, 1 young (2048K), 1 survivors (2048K)
 Metaspace       used 54758K, committed 55680K, reserved 1114112K
  class space    used 6763K, committed 7168K, reserved 1048576K
}
Event: 9.689 GC heap before
{Heap before GC invocations=27 (full 0):
 garbage-first heap   total reserved 3997696K, committed 71680K, used 58212K [0x000000070c000000, 0x0000000800000000)
  region size 2048K, 9 young (18432K), 1 survivors (2048K)
 Metaspace       used 56046K, committed 56960K, reserved 1114112K
  class space    used 6892K, committed 7296K, reserved 1048576K
}
Event: 9.692 GC heap after
{Heap after GC invocations=28 (full 0):
 garbage-first heap   total reserved 3997696K, committed 71680K, used 44888K [0x000000070c000000, 0x0000000800000000)
  region size 2048K, 2 young (4096K), 2 survivors (4096K)
 Metaspace       used 56046K, committed 56960K, reserved 1114112K
  class space    used 6892K, committed 7296K, reserved 1048576K
}
Event: 9.793 GC heap before
{Heap before GC invocations=28 (full 0):
 garbage-first heap   total reserved 3997696K, committed 71680K, used 61272K [0x000000070c000000, 0x0000000800000000)
  region size 2048K, 10 young (20480K), 2 survivors (4096K)
 Metaspace       used 56087K, committed 57024K, reserved 1114112K
  class space    used 6892K, committed 7296K, reserved 1048576K
}
Event: 9.798 GC heap after
{Heap after GC invocations=29 (full 0):
 garbage-first heap   total reserved 3997696K, committed 71680K, used 44263K [0x000000070c000000, 0x0000000800000000)
  region size 2048K, 1 young (2048K), 1 survivors (2048K)
 Metaspace       used 56087K, committed 57024K, reserved 1114112K
  class space    used 6892K, committed 7296K, reserved 1048576K
}

