# JRE version: Java(TM) SE Runtime Environment (23.0.1+11) (build 23.0.1+11-39)
# Java VM: Java HotSpot(TM) 64-Bit Server VM (23.0.1+11-39, mixed mode, sharing, tiered, compressed oops, compressed class ptrs, g1 gc, windows-amd64)
GC Precious Log:
 CardTable entry size: 512
 Card Set container configuration: InlinePtr #cards 4 size 8 Array Of Cards #cards 16 size 48 Howl #buckets 8 coarsen threshold 3686 Howl Bitmap #cards 512 size 80 coarsen threshold 460 Card regions per heap region 1 cards per card region 4096
 CPUs: 16 total, 16 available
 Memory: 15613M
 Large Page Support: Disabled
 NUMA Support: Disabled
 Compressed Oops: Enabled (Zero based)
 Heap Region Size: 2M
 Heap Min Capacity: 8M
 Heap Initial Capacity: 244M
 Heap Max Capacity: 3904M
 Pre-touch: Disabled
 Parallel Workers: 13
 Concurrent Workers: 3
 Concurrent Refinement Workers: 13
 Periodic GC: Disabled
Heap:
 garbage-first heap   total reserved 3997696K, committed 768000K, used 481137K [0x000000070c000000, 0x0000000800000000)
  region size 2048K, 12 young (24576K), 12 survivors (24576K)
 Metaspace       used 79977K, committed 81088K, reserved 1179648K
  class space    used 9091K, committed 9600K, reserved 1048576K
GC Heap History (20 events):
Event: 14.849 GC heap after
{Heap after GC invocations=40 (full 0):
 garbage-first heap   total reserved 3997696K, committed 559104K, used 293704K [0x000000070c000000, 0x0000000800000000)
  region size 2048K, 3 young (6144K), 3 survivors (6144K)
 Metaspace       used 78950K, committed 80000K, reserved 1179648K
  class space    used 9059K, committed 9536K, reserved 1048576K
}
Event: 15.198 GC heap before
{Heap before GC invocations=41 (full 0):
 garbage-first heap   total reserved 3997696K, committed 559104K, used 494408K [0x000000070c000000, 0x0000000800000000)
  region size 2048K, 99 young (202752K), 3 survivors (6144K)
 Metaspace       used 78986K, committed 80000K, reserved 1179648K
  class space    used 9059K, committed 9536K, reserved 1048576K
}
Event: 15.212 GC heap after
{Heap after GC invocations=42 (full 0):
 garbage-first heap   total reserved 3997696K, committed 559104K, used 316154K [0x000000070c000000, 0x0000000800000000)
  region size 2048K, 13 young (26624K), 13 survivors (26624K)
 Metaspace       used 78986K, committed 80000K, reserved 1179648K
  class space    used 9059K, committed 9536K, reserved 1048576K
}
Event: 15.751 GC heap before
{Heap before GC invocations=42 (full 0):
 garbage-first heap   total reserved 3997696K, committed 559104K, used 510714K [0x000000070c000000, 0x0000000800000000)
  region size 2048K, 102 young (208896K), 13 survivors (26624K)
 Metaspace       used 79180K, committed 80192K, reserved 1179648K
  class space    used 9069K, committed 9536K, reserved 1048576K
}
Event: 15.775 GC heap after
{Heap after GC invocations=43 (full 0):
 garbage-first heap   total reserved 3997696K, committed 567296K, used 345261K [0x000000070c000000, 0x0000000800000000)
  region size 2048K, 13 young (26624K), 13 survivors (26624K)
 Metaspace       used 79180K, committed 80192K, reserved 1179648K
  class space    used 9069K, committed 9536K, reserved 1048576K
}
Event: 16.151 GC heap before
{Heap before GC invocations=43 (full 0):
 garbage-first heap   total reserved 3997696K, committed 567296K, used 507053K [0x000000070c000000, 0x0000000800000000)
  region size 2048K, 92 young (188416K), 13 survivors (26624K)
 Metaspace       used 79206K, committed 80256K, reserved 1179648K
  class space    used 9069K, committed 9536K, reserved 1048576K
}
Event: 16.177 GC heap after
{Heap after GC invocations=44 (full 0):
 garbage-first heap   total reserved 3997696K, committed 567296K, used 365962K [0x000000070c000000, 0x0000000800000000)
  region size 2048K, 11 young (22528K), 11 survivors (22528K)
 Metaspace       used 79206K, committed 80256K, reserved 1179648K
  class space    used 9069K, committed 9536K, reserved 1048576K
}
Event: 17.037 GC heap before
{Heap before GC invocations=44 (full 0):
 garbage-first heap   total reserved 3997696K, committed 567296K, used 439690K [0x000000070c000000, 0x0000000800000000)
  region size 2048K, 48 young (98304K), 11 survivors (22528K)
 Metaspace       used 79393K, committed 80384K, reserved 1179648K
  class space    used 9072K, committed 9536K, reserved 1048576K
}
Event: 17.052 GC heap after
{Heap after GC invocations=45 (full 0):
 garbage-first heap   total reserved 3997696K, committed 722944K, used 375101K [0x000000070c000000, 0x0000000800000000)
  region size 2048K, 6 young (12288K), 6 survivors (12288K)
 Metaspace       used 79393K, committed 80384K, reserved 1179648K
  class space    used 9072K, committed 9536K, reserved 1048576K
}
Event: 17.085 GC heap before
{Heap before GC invocations=45 (full 0):
 garbage-first heap   total reserved 3997696K, committed 722944K, used 393533K [0x000000070c000000, 0x0000000800000000)
  region size 2048K, 15 young (30720K), 6 survivors (12288K)
 Metaspace       used 79397K, committed 80448K, reserved 1179648K
  class space    used 9072K, committed 9536K, reserved 1048576K
}
Event: 17.093 GC heap after
{Heap after GC invocations=46 (full 0):
 garbage-first heap   total reserved 3997696K, committed 722944K, used 378614K [0x000000070c000000, 0x0000000800000000)
  region size 2048K, 7 young (14336K), 7 survivors (14336K)
 Metaspace       used 79397K, committed 80448K, reserved 1179648K
  class space    used 9072K, committed 9536K, reserved 1048576K
}
Event: 17.748 GC heap before
{Heap before GC invocations=47 (full 0):
 garbage-first heap   total reserved 3997696K, committed 722944K, used 632566K [0x000000070c000000, 0x0000000800000000)
  region size 2048K, 129 young (264192K), 7 survivors (14336K)
 Metaspace       used 79463K, committed 80448K, reserved 1179648K
  class space    used 9073K, committed 9536K, reserved 1048576K
}
Event: 17.767 GC heap after
{Heap after GC invocations=48 (full 0):
 garbage-first heap   total reserved 3997696K, committed 722944K, used 411241K [0x000000070c000000, 0x0000000800000000)
  region size 2048K, 17 young (34816K), 17 survivors (34816K)
 Metaspace       used 79463K, committed 80448K, reserved 1179648K
  class space    used 9073K, committed 9536K, reserved 1048576K
}
Event: 18.220 GC heap before
{Heap before GC invocations=48 (full 0):
 garbage-first heap   total reserved 3997696K, committed 722944K, used 640617K [0x000000070c000000, 0x0000000800000000)
  region size 2048K, 127 young (260096K), 17 survivors (34816K)
 Metaspace       used 79681K, committed 80704K, reserved 1179648K
  class space    used 9087K, committed 9600K, reserved 1048576K
}
Event: 18.250 GC heap after
{Heap after GC invocations=49 (full 0):
 garbage-first heap   total reserved 3997696K, committed 722944K, used 431894K [0x000000070c000000, 0x0000000800000000)
  region size 2048K, 15 young (30720K), 15 survivors (30720K)
 Metaspace       used 79681K, committed 80704K, reserved 1179648K
  class space    used 9087K, committed 9600K, reserved 1048576K
}
Event: 18.310 GC heap before
{Heap before GC invocations=49 (full 0):
 garbage-first heap   total reserved 3997696K, committed 722944K, used 462614K [0x000000070c000000, 0x0000000800000000)
  region size 2048K, 31 young (63488K), 15 survivors (30720K)
 Metaspace       used 79718K, committed 80768K, reserved 1179648K
  class space    used 9087K, committed 9600K, reserved 1048576K
}
Event: 18.322 GC heap after
{Heap after GC invocations=50 (full 0):
 garbage-first heap   total reserved 3997696K, committed 722944K, used 437908K [0x000000070c000000, 0x0000000800000000)
  region size 2048K, 4 young (8192K), 4 survivors (8192K)
 Metaspace       used 79718K, committed 80768K, reserved 1179648K
  class space    used 9087K, committed 9600K, reserved 1048576K
}
Event: 18.651 GC heap before
{Heap before GC invocations=50 (full 0):
 garbage-first heap   total reserved 3997696K, committed 722944K, used 663188K [0x000000070c000000, 0x0000000800000000)
  region size 2048K, 110 young (225280K), 4 survivors (8192K)
 Metaspace       used 79965K, committed 81024K, reserved 1179648K
  class space    used 9091K, committed 9600K, reserved 1048576K
}
Event: 18.663 GC heap after
{Heap after GC invocations=51 (full 0):
 garbage-first heap   total reserved 3997696K, committed 722944K, used 459212K [0x000000070c000000, 0x0000000800000000)
  region size 2048K, 14 young (28672K), 14 survivors (28672K)
 Metaspace       used 79965K, committed 81024K, reserved 1179648K
  class space    used 9091K, committed 9600K, reserved 1048576K
}
Event: 18.851 GC heap before
{Heap before GC invocations=52 (full 0):
 garbage-first heap   total reserved 3997696K, committed 768000K, used 651724K [0x000000070c000000, 0x0000000800000000)
  region size 2048K, 108 young (221184K), 14 survivors (28672K)
 Metaspace       used 79977K, committed 81088K, reserved 1179648K
  class space    used 9091K, committed 9600K, reserved 1048576K
}

