# JRE version: OpenJDK Runtime Environment Temurin-21.0.8+9 (21.0.8+9) (build 21.0.8+9-LTS)
# Java VM: OpenJDK 64-Bit Server VM Temurin-21.0.8+9 (21.0.8+9-LTS, mixed mode, sharing, tiered, compressed oops, compressed class ptrs, parallel gc, windows-amd64)
GC Precious Log:
 CardTable entry size: 512
 CPUs: 16 total, 16 available
 Memory: 14077M
 Large Page Support: Disabled
 NUMA Support: Disabled
 Compressed Oops: Enabled (32-bit)
 Alignments: Space 512K, Generation 512K, Heap 2M
 Heap Min Capacity: 100M
 Heap Initial Capacity: 100M
 Heap Max Capacity: 2G
 Pre-touch: Disabled
 Parallel Workers: 13
Heap:
 PSYoungGen      total 13312K, used 7704K [0x00000000d5580000, 0x00000000d6400000, 0x0000000100000000)
  eden space 12288K, 57% used [0x00000000d5580000,0x00000000d5c6e088,0x00000000d6180000)
  from space 1024K, 59% used [0x00000000d6280000,0x00000000d6318000,0x00000000d6380000)
  to   space 512K, 0% used [0x00000000d6380000,0x00000000d6380000,0x00000000d6400000)
 ParOldGen       total 68608K, used 43602K [0x0000000080000000, 0x0000000084300000, 0x00000000d5580000)
  object space 68608K, 63% used [0x0000000080000000,0x0000000082a94a40,0x0000000084300000)
 Metaspace       used 63080K, committed 64448K, reserved 1114112K
  class space    used 7960K, committed 8576K, reserved 1048576K
GC Heap History (20 events):
Event: 15.744 GC heap before
{Heap before GC invocations=61 (full 3):
 PSYoungGen      total 13312K, used 13306K [0x00000000d5580000, 0x00000000d6600000, 0x0000000100000000)
  eden space 12288K, 100% used [0x00000000d5580000,0x00000000d6180000,0x00000000d6180000)
  from space 1024K, 99% used [0x00000000d6400000,0x00000000d64feac0,0x00000000d6500000)
  to   space 1024K, 0% used [0x00000000d6500000,0x00000000d6500000,0x00000000d6600000)
 ParOldGen       total 68608K, used 41597K [0x0000000080000000, 0x0000000084300000, 0x00000000d5580000)
  object space 68608K, 60% used [0x0000000080000000,0x000000008289f610,0x0000000084300000)
 Metaspace       used 60102K, committed 61376K, reserved 1114112K
  class space    used 7495K, committed 8064K, reserved 1048576K
}
Event: 15.745 GC heap after
{Heap after GC invocations=61 (full 3):
 PSYoungGen      total 12800K, used 384K [0x00000000d5580000, 0x00000000d6580000, 0x0000000100000000)
  eden space 12288K, 0% used [0x00000000d5580000,0x00000000d5580000,0x00000000d6180000)
  from space 512K, 75% used [0x00000000d6500000,0x00000000d6560000,0x00000000d6580000)
  to   space 1024K, 0% used [0x00000000d6380000,0x00000000d6380000,0x00000000d6480000)
 ParOldGen       total 68608K, used 41653K [0x0000000080000000, 0x0000000084300000, 0x00000000d5580000)
  object space 68608K, 60% used [0x0000000080000000,0x00000000828ad610,0x0000000084300000)
 Metaspace       used 60102K, committed 61376K, reserved 1114112K
  class space    used 7495K, committed 8064K, reserved 1048576K
}
Event: 15.818 GC heap before
{Heap before GC invocations=62 (full 3):
 PSYoungGen      total 12800K, used 12672K [0x00000000d5580000, 0x00000000d6580000, 0x0000000100000000)
  eden space 12288K, 100% used [0x00000000d5580000,0x00000000d6180000,0x00000000d6180000)
  from space 512K, 75% used [0x00000000d6500000,0x00000000d6560000,0x00000000d6580000)
  to   space 1024K, 0% used [0x00000000d6380000,0x00000000d6380000,0x00000000d6480000)
 ParOldGen       total 68608K, used 41653K [0x0000000080000000, 0x0000000084300000, 0x00000000d5580000)
  object space 68608K, 60% used [0x0000000080000000,0x00000000828ad610,0x0000000084300000)
 Metaspace       used 60102K, committed 61376K, reserved 1114112K
  class space    used 7495K, committed 8064K, reserved 1048576K
}
Event: 15.818 GC heap after
{Heap after GC invocations=62 (full 3):
 PSYoungGen      total 13312K, used 1022K [0x00000000d5580000, 0x00000000d6580000, 0x0000000100000000)
  eden space 12288K, 0% used [0x00000000d5580000,0x00000000d5580000,0x00000000d6180000)
  from space 1024K, 99% used [0x00000000d6380000,0x00000000d647fa50,0x00000000d6480000)
  to   space 1024K, 0% used [0x00000000d6480000,0x00000000d6480000,0x00000000d6580000)
 ParOldGen       total 68608K, used 41916K [0x0000000080000000, 0x0000000084300000, 0x00000000d5580000)
  object space 68608K, 61% used [0x0000000080000000,0x00000000828ef3a8,0x0000000084300000)
 Metaspace       used 60102K, committed 61376K, reserved 1114112K
  class space    used 7495K, committed 8064K, reserved 1048576K
}
Event: 15.886 GC heap before
{Heap before GC invocations=63 (full 3):
 PSYoungGen      total 13312K, used 13305K [0x00000000d5580000, 0x00000000d6580000, 0x0000000100000000)
  eden space 12288K, 99% used [0x00000000d5580000,0x00000000d617eb58,0x00000000d6180000)
  from space 1024K, 99% used [0x00000000d6380000,0x00000000d647fa50,0x00000000d6480000)
  to   space 1024K, 0% used [0x00000000d6480000,0x00000000d6480000,0x00000000d6580000)
 ParOldGen       total 68608K, used 41916K [0x0000000080000000, 0x0000000084300000, 0x00000000d5580000)
  object space 68608K, 61% used [0x0000000080000000,0x00000000828ef3a8,0x0000000084300000)
 Metaspace       used 60103K, committed 61376K, reserved 1114112K
  class space    used 7495K, committed 8064K, reserved 1048576K
}
Event: 15.886 GC heap after
{Heap after GC invocations=63 (full 3):
 PSYoungGen      total 13312K, used 522K [0x00000000d5580000, 0x00000000d6580000, 0x0000000100000000)
  eden space 12288K, 0% used [0x00000000d5580000,0x00000000d5580000,0x00000000d6180000)
  from space 1024K, 51% used [0x00000000d6480000,0x00000000d65029c0,0x00000000d6580000)
  to   space 1024K, 0% used [0x00000000d6380000,0x00000000d6380000,0x00000000d6480000)
 ParOldGen       total 68608K, used 42020K [0x0000000080000000, 0x0000000084300000, 0x00000000d5580000)
  object space 68608K, 61% used [0x0000000080000000,0x00000000829093a8,0x0000000084300000)
 Metaspace       used 60103K, committed 61376K, reserved 1114112K
  class space    used 7495K, committed 8064K, reserved 1048576K
}
Event: 15.942 GC heap before
{Heap before GC invocations=64 (full 3):
 PSYoungGen      total 13312K, used 12810K [0x00000000d5580000, 0x00000000d6580000, 0x0000000100000000)
  eden space 12288K, 100% used [0x00000000d5580000,0x00000000d6180000,0x00000000d6180000)
  from space 1024K, 51% used [0x00000000d6480000,0x00000000d65029c0,0x00000000d6580000)
  to   space 1024K, 0% used [0x00000000d6380000,0x00000000d6380000,0x00000000d6480000)
 ParOldGen       total 68608K, used 42020K [0x0000000080000000, 0x0000000084300000, 0x00000000d5580000)
  object space 68608K, 61% used [0x0000000080000000,0x00000000829093a8,0x0000000084300000)
 Metaspace       used 60103K, committed 61376K, reserved 1114112K
  class space    used 7495K, committed 8064K, reserved 1048576K
}
Event: 15.943 GC heap after
{Heap after GC invocations=64 (full 3):
 PSYoungGen      total 13312K, used 1019K [0x00000000d5580000, 0x00000000d6500000, 0x0000000100000000)
  eden space 12288K, 0% used [0x00000000d5580000,0x00000000d5580000,0x00000000d6180000)
  from space 1024K, 99% used [0x00000000d6380000,0x00000000d647eef0,0x00000000d6480000)
  to   space 512K, 0% used [0x00000000d6480000,0x00000000d6480000,0x00000000d6500000)
 ParOldGen       total 68608K, used 42373K [0x0000000080000000, 0x0000000084300000, 0x00000000d5580000)
  object space 68608K, 61% used [0x0000000080000000,0x0000000082961540,0x0000000084300000)
 Metaspace       used 60103K, committed 61376K, reserved 1114112K
  class space    used 7495K, committed 8064K, reserved 1048576K
}
Event: 16.005 GC heap before
{Heap before GC invocations=65 (full 3):
 PSYoungGen      total 13312K, used 13307K [0x00000000d5580000, 0x00000000d6500000, 0x0000000100000000)
  eden space 12288K, 100% used [0x00000000d5580000,0x00000000d6180000,0x00000000d6180000)
  from space 1024K, 99% used [0x00000000d6380000,0x00000000d647eef0,0x00000000d6480000)
  to   space 512K, 0% used [0x00000000d6480000,0x00000000d6480000,0x00000000d6500000)
 ParOldGen       total 68608K, used 42373K [0x0000000080000000, 0x0000000084300000, 0x00000000d5580000)
  object space 68608K, 61% used [0x0000000080000000,0x0000000082961540,0x0000000084300000)
 Metaspace       used 60103K, committed 61376K, reserved 1114112K
  class space    used 7495K, committed 8064K, reserved 1048576K
}
Event: 16.006 GC heap after
{Heap after GC invocations=65 (full 3):
 PSYoungGen      total 12800K, used 490K [0x00000000d5580000, 0x00000000d6500000, 0x0000000100000000)
  eden space 12288K, 0% used [0x00000000d5580000,0x00000000d5580000,0x00000000d6180000)
  from space 512K, 95% used [0x00000000d6480000,0x00000000d64fa9a0,0x00000000d6500000)
  to   space 1024K, 0% used [0x00000000d6300000,0x00000000d6300000,0x00000000d6400000)
 ParOldGen       total 68608K, used 42453K [0x0000000080000000, 0x0000000084300000, 0x00000000d5580000)
  object space 68608K, 61% used [0x0000000080000000,0x0000000082975540,0x0000000084300000)
 Metaspace       used 60103K, committed 61376K, reserved 1114112K
  class space    used 7495K, committed 8064K, reserved 1048576K
}
Event: 16.056 GC heap before
{Heap before GC invocations=66 (full 3):
 PSYoungGen      total 12800K, used 12778K [0x00000000d5580000, 0x00000000d6500000, 0x0000000100000000)
  eden space 12288K, 100% used [0x00000000d5580000,0x00000000d6180000,0x00000000d6180000)
  from space 512K, 95% used [0x00000000d6480000,0x00000000d64fa9a0,0x00000000d6500000)
  to   space 1024K, 0% used [0x00000000d6300000,0x00000000d6300000,0x00000000d6400000)
 ParOldGen       total 68608K, used 42453K [0x0000000080000000, 0x0000000084300000, 0x00000000d5580000)
  object space 68608K, 61% used [0x0000000080000000,0x0000000082975540,0x0000000084300000)
 Metaspace       used 60103K, committed 61376K, reserved 1114112K
  class space    used 7495K, committed 8064K, reserved 1048576K
}
Event: 16.057 GC heap after
{Heap after GC invocations=66 (full 3):
 PSYoungGen      total 13312K, used 1009K [0x00000000d5580000, 0x00000000d6500000, 0x0000000100000000)
  eden space 12288K, 0% used [0x00000000d5580000,0x00000000d5580000,0x00000000d6180000)
  from space 1024K, 98% used [0x00000000d6300000,0x00000000d63fc5d0,0x00000000d6400000)
  to   space 1024K, 0% used [0x00000000d6400000,0x00000000d6400000,0x00000000d6500000)
 ParOldGen       total 68608K, used 42731K [0x0000000080000000, 0x0000000084300000, 0x00000000d5580000)
  object space 68608K, 62% used [0x0000000080000000,0x00000000829bac78,0x0000000084300000)
 Metaspace       used 60103K, committed 61376K, reserved 1114112K
  class space    used 7495K, committed 8064K, reserved 1048576K
}
Event: 16.114 GC heap before
{Heap before GC invocations=67 (full 3):
 PSYoungGen      total 13312K, used 13297K [0x00000000d5580000, 0x00000000d6500000, 0x0000000100000000)
  eden space 12288K, 100% used [0x00000000d5580000,0x00000000d6180000,0x00000000d6180000)
  from space 1024K, 98% used [0x00000000d6300000,0x00000000d63fc5d0,0x00000000d6400000)
  to   space 1024K, 0% used [0x00000000d6400000,0x00000000d6400000,0x00000000d6500000)
 ParOldGen       total 68608K, used 42731K [0x0000000080000000, 0x0000000084300000, 0x00000000d5580000)
  object space 68608K, 62% used [0x0000000080000000,0x00000000829bac78,0x0000000084300000)
 Metaspace       used 60103K, committed 61376K, reserved 1114112K
  class space    used 7495K, committed 8064K, reserved 1048576K
}
Event: 16.115 GC heap after
{Heap after GC invocations=67 (full 3):
 PSYoungGen      total 12800K, used 480K [0x00000000d5580000, 0x00000000d6480000, 0x0000000100000000)
  eden space 12288K, 0% used [0x00000000d5580000,0x00000000d5580000,0x00000000d6180000)
  from space 512K, 93% used [0x00000000d6400000,0x00000000d6478000,0x00000000d6480000)
  to   space 1024K, 0% used [0x00000000d6280000,0x00000000d6280000,0x00000000d6380000)
 ParOldGen       total 68608K, used 42819K [0x0000000080000000, 0x0000000084300000, 0x00000000d5580000)
  object space 68608K, 62% used [0x0000000080000000,0x00000000829d0c78,0x0000000084300000)
 Metaspace       used 60103K, committed 61376K, reserved 1114112K
  class space    used 7495K, committed 8064K, reserved 1048576K
}
Event: 16.162 GC heap before
{Heap before GC invocations=68 (full 3):
 PSYoungGen      total 12800K, used 12768K [0x00000000d5580000, 0x00000000d6480000, 0x0000000100000000)
  eden space 12288K, 100% used [0x00000000d5580000,0x00000000d6180000,0x00000000d6180000)
  from space 512K, 93% used [0x00000000d6400000,0x00000000d6478000,0x00000000d6480000)
  to   space 1024K, 0% used [0x00000000d6280000,0x00000000d6280000,0x00000000d6380000)
 ParOldGen       total 68608K, used 42819K [0x0000000080000000, 0x0000000084300000, 0x00000000d5580000)
  object space 68608K, 62% used [0x0000000080000000,0x00000000829d0c78,0x0000000084300000)
 Metaspace       used 60103K, committed 61376K, reserved 1114112K
  class space    used 7495K, committed 8064K, reserved 1048576K
}
Event: 16.162 GC heap after
{Heap after GC invocations=68 (full 3):
 PSYoungGen      total 13312K, used 945K [0x00000000d5580000, 0x00000000d6480000, 0x0000000100000000)
  eden space 12288K, 0% used [0x00000000d5580000,0x00000000d5580000,0x00000000d6180000)
  from space 1024K, 92% used [0x00000000d6280000,0x00000000d636c6e0,0x00000000d6380000)
  to   space 1024K, 0% used [0x00000000d6380000,0x00000000d6380000,0x00000000d6480000)
 ParOldGen       total 68608K, used 43147K [0x0000000080000000, 0x0000000084300000, 0x00000000d5580000)
  object space 68608K, 62% used [0x0000000080000000,0x0000000082a22d10,0x0000000084300000)
 Metaspace       used 60103K, committed 61376K, reserved 1114112K
  class space    used 7495K, committed 8064K, reserved 1048576K
}
Event: 16.280 GC heap before
{Heap before GC invocations=69 (full 3):
 PSYoungGen      total 13312K, used 13233K [0x00000000d5580000, 0x00000000d6480000, 0x0000000100000000)
  eden space 12288K, 100% used [0x00000000d5580000,0x00000000d6180000,0x00000000d6180000)
  from space 1024K, 92% used [0x00000000d6280000,0x00000000d636c6e0,0x00000000d6380000)
  to   space 1024K, 0% used [0x00000000d6380000,0x00000000d6380000,0x00000000d6480000)
 ParOldGen       total 68608K, used 43147K [0x0000000080000000, 0x0000000084300000, 0x00000000d5580000)
  object space 68608K, 62% used [0x0000000080000000,0x0000000082a22d10,0x0000000084300000)
 Metaspace       used 60934K, committed 62272K, reserved 1114112K
  class space    used 7619K, committed 8192K, reserved 1048576K
}
Event: 16.281 GC heap after
{Heap after GC invocations=69 (full 3):
 PSYoungGen      total 13312K, used 512K [0x00000000d5580000, 0x00000000d6480000, 0x0000000100000000)
  eden space 12288K, 0% used [0x00000000d5580000,0x00000000d5580000,0x00000000d6180000)
  from space 1024K, 50% used [0x00000000d6380000,0x00000000d6400010,0x00000000d6480000)
  to   space 1024K, 0% used [0x00000000d6280000,0x00000000d6280000,0x00000000d6380000)
 ParOldGen       total 68608K, used 43227K [0x0000000080000000, 0x0000000084300000, 0x00000000d5580000)
  object space 68608K, 63% used [0x0000000080000000,0x0000000082a36d10,0x0000000084300000)
 Metaspace       used 60934K, committed 62272K, reserved 1114112K
  class space    used 7619K, committed 8192K, reserved 1048576K
}
Event: 16.422 GC heap before
{Heap before GC invocations=70 (full 3):
 PSYoungGen      total 13312K, used 12800K [0x00000000d5580000, 0x00000000d6480000, 0x0000000100000000)
  eden space 12288K, 100% used [0x00000000d5580000,0x00000000d6180000,0x00000000d6180000)
  from space 1024K, 50% used [0x00000000d6380000,0x00000000d6400010,0x00000000d6480000)
  to   space 1024K, 0% used [0x00000000d6280000,0x00000000d6280000,0x00000000d6380000)
 ParOldGen       total 68608K, used 43227K [0x0000000080000000, 0x0000000084300000, 0x00000000d5580000)
  object space 68608K, 63% used [0x0000000080000000,0x0000000082a36d10,0x0000000084300000)
 Metaspace       used 62145K, committed 63488K, reserved 1114112K
  class space    used 7828K, committed 8448K, reserved 1048576K
}
Event: 16.424 GC heap after
{Heap after GC invocations=70 (full 3):
 PSYoungGen      total 13312K, used 608K [0x00000000d5580000, 0x00000000d6400000, 0x0000000100000000)
  eden space 12288K, 0% used [0x00000000d5580000,0x00000000d5580000,0x00000000d6180000)
  from space 1024K, 59% used [0x00000000d6280000,0x00000000d6318000,0x00000000d6380000)
  to   space 512K, 0% used [0x00000000d6380000,0x00000000d6380000,0x00000000d6400000)
 ParOldGen       total 68608K, used 43602K [0x0000000080000000, 0x0000000084300000, 0x00000000d5580000)
  object space 68608K, 63% used [0x0000000080000000,0x0000000082a94a40,0x0000000084300000)
 Metaspace       used 62145K, committed 63488K, reserved 1114112K
  class space    used 7828K, committed 8448K, reserved 1048576K
}

