# JRE version: Java(TM) SE Runtime Environment (23.0.1+11) (build 23.0.1+11-39)
# Java VM: Java HotSpot(TM) 64-Bit Server VM (23.0.1+11-39, mixed mode, sharing, tiered, compressed oops, compressed class ptrs, g1 gc, windows-amd64)
GC Precious Log:
 CardTable entry size: 512
 Card Set container configuration: InlinePtr #cards 4 size 8 Array Of Cards #cards 16 size 48 Howl #buckets 8 coarsen threshold 3686 Howl Bitmap #cards 512 size 80 coarsen threshold 460 Card regions per heap region 1 cards per card region 4096
 CPUs: 16 total, 16 available
 Memory: 15613M
 Large Page Support: Disabled
 NUMA Support: Disabled
 Compressed Oops: Enabled (Zero based)
 Heap Region Size: 2M
 Heap Min Capacity: 8M
 Heap Initial Capacity: 244M
 Heap Max Capacity: 3904M
 Pre-touch: Disabled
 Parallel Workers: 13
 Concurrent Workers: 3
 Concurrent Refinement Workers: 13
 Periodic GC: Disabled
Heap:
 garbage-first heap   total reserved 3997696K, committed 751616K, used 451457K [0x000000070c000000, 0x0000000800000000)
  region size 2048K, 83 young (169984K), 8 survivors (16384K)
 Metaspace       used 79142K, committed 80192K, reserved 1179648K
  class space    used 9041K, committed 9536K, reserved 1048576K
GC Heap History (20 events):
Event: 23.961 GC heap before
{Heap before GC invocations=65 (full 0):
 garbage-first heap   total reserved 3997696K, committed 307200K, used 246555K [0x000000070c000000, 0x0000000800000000)
  region size 2048K, 34 young (69632K), 3 survivors (6144K)
 Metaspace       used 78008K, committed 79040K, reserved 1179648K
  class space    used 9007K, committed 9472K, reserved 1048576K
}
Event: 23.966 GC heap after
{Heap after GC invocations=66 (full 0):
 garbage-first heap   total reserved 3997696K, committed 307200K, used 190100K [0x000000070c000000, 0x0000000800000000)
  region size 2048K, 4 young (8192K), 4 survivors (8192K)
 Metaspace       used 78008K, committed 79040K, reserved 1179648K
  class space    used 9007K, committed 9472K, reserved 1048576K
}
Event: 24.786 GC heap before
{Heap before GC invocations=66 (full 0):
 garbage-first heap   total reserved 3997696K, committed 307200K, used 272020K [0x000000070c000000, 0x0000000800000000)
  region size 2048K, 44 young (90112K), 4 survivors (8192K)
 Metaspace       used 78405K, committed 79488K, reserved 1179648K
  class space    used 9028K, committed 9536K, reserved 1048576K
}
Event: 24.793 GC heap after
{Heap after GC invocations=67 (full 0):
 garbage-first heap   total reserved 3997696K, committed 368640K, used 201015K [0x000000070c000000, 0x0000000800000000)
  region size 2048K, 6 young (12288K), 6 survivors (12288K)
 Metaspace       used 78405K, committed 79488K, reserved 1179648K
  class space    used 9028K, committed 9536K, reserved 1048576K
}
Event: 25.379 GC heap before
{Heap before GC invocations=67 (full 0):
 garbage-first heap   total reserved 3997696K, committed 368640K, used 305463K [0x000000070c000000, 0x0000000800000000)
  region size 2048K, 56 young (114688K), 6 survivors (12288K)
 Metaspace       used 78509K, committed 79552K, reserved 1179648K
  class space    used 9029K, committed 9536K, reserved 1048576K
}
Event: 25.386 GC heap after
{Heap after GC invocations=68 (full 0):
 garbage-first heap   total reserved 3997696K, committed 368640K, used 210065K [0x000000070c000000, 0x0000000800000000)
  region size 2048K, 7 young (14336K), 7 survivors (14336K)
 Metaspace       used 78509K, committed 79552K, reserved 1179648K
  class space    used 9029K, committed 9536K, reserved 1048576K
}
Event: 25.564 GC heap before
{Heap before GC invocations=68 (full 0):
 garbage-first heap   total reserved 3997696K, committed 368640K, used 312465K [0x000000070c000000, 0x0000000800000000)
  region size 2048K, 56 young (114688K), 7 survivors (14336K)
 Metaspace       used 78509K, committed 79552K, reserved 1179648K
  class space    used 9029K, committed 9536K, reserved 1048576K
}
Event: 25.572 GC heap after
{Heap after GC invocations=69 (full 0):
 garbage-first heap   total reserved 3997696K, committed 368640K, used 224365K [0x000000070c000000, 0x0000000800000000)
  region size 2048K, 6 young (12288K), 6 survivors (12288K)
 Metaspace       used 78509K, committed 79552K, reserved 1179648K
  class space    used 9029K, committed 9536K, reserved 1048576K
}
Event: 26.394 GC heap before
{Heap before GC invocations=69 (full 0):
 garbage-first heap   total reserved 3997696K, committed 368640K, used 293997K [0x000000070c000000, 0x0000000800000000)
  region size 2048K, 41 young (83968K), 6 survivors (12288K)
 Metaspace       used 78730K, committed 79744K, reserved 1179648K
  class space    used 9039K, committed 9536K, reserved 1048576K
}
Event: 26.401 GC heap after
{Heap after GC invocations=70 (full 0):
 garbage-first heap   total reserved 3997696K, committed 368640K, used 233748K [0x000000070c000000, 0x0000000800000000)
  region size 2048K, 6 young (12288K), 6 survivors (12288K)
 Metaspace       used 78730K, committed 79744K, reserved 1179648K
  class space    used 9039K, committed 9536K, reserved 1048576K
}
Event: 26.712 GC heap before
{Heap before GC invocations=71 (full 0):
 garbage-first heap   total reserved 3997696K, committed 399360K, used 332052K [0x000000070c000000, 0x0000000800000000)
  region size 2048K, 52 young (106496K), 6 survivors (12288K)
 Metaspace       used 78759K, committed 79808K, reserved 1179648K
  class space    used 9039K, committed 9536K, reserved 1048576K
}
Event: 26.720 GC heap after
{Heap after GC invocations=72 (full 0):
 garbage-first heap   total reserved 3997696K, committed 399360K, used 247963K [0x000000070c000000, 0x0000000800000000)
  region size 2048K, 6 young (12288K), 6 survivors (12288K)
 Metaspace       used 78759K, committed 79808K, reserved 1179648K
  class space    used 9039K, committed 9536K, reserved 1048576K
}
Event: 27.244 GC heap before
{Heap before GC invocations=72 (full 0):
 garbage-first heap   total reserved 3997696K, committed 399360K, used 354459K [0x000000070c000000, 0x0000000800000000)
  region size 2048K, 58 young (118784K), 6 survivors (12288K)
 Metaspace       used 78784K, committed 79808K, reserved 1179648K
  class space    used 9040K, committed 9536K, reserved 1048576K
}
Event: 27.258 GC heap after
{Heap after GC invocations=73 (full 0):
 garbage-first heap   total reserved 3997696K, committed 399360K, used 259821K [0x000000070c000000, 0x0000000800000000)
  region size 2048K, 7 young (14336K), 7 survivors (14336K)
 Metaspace       used 78784K, committed 79808K, reserved 1179648K
  class space    used 9040K, committed 9536K, reserved 1048576K
}
Event: 29.480 GC heap before
{Heap before GC invocations=73 (full 0):
 garbage-first heap   total reserved 3997696K, committed 399360K, used 347885K [0x000000070c000000, 0x0000000800000000)
  region size 2048K, 51 young (104448K), 7 survivors (14336K)
 Metaspace       used 78923K, committed 79936K, reserved 1179648K
  class space    used 9040K, committed 9536K, reserved 1048576K
}
Event: 29.488 GC heap after
{Heap after GC invocations=74 (full 0):
 garbage-first heap   total reserved 3997696K, committed 399360K, used 270679K [0x000000070c000000, 0x0000000800000000)
  region size 2048K, 7 young (14336K), 7 survivors (14336K)
 Metaspace       used 78923K, committed 79936K, reserved 1179648K
  class space    used 9040K, committed 9536K, reserved 1048576K
}
Event: 29.768 GC heap before
{Heap before GC invocations=75 (full 0):
 garbage-first heap   total reserved 3997696K, committed 460800K, used 362839K [0x000000070c000000, 0x0000000800000000)
  region size 2048K, 50 young (102400K), 7 survivors (14336K)
 Metaspace       used 78929K, committed 79936K, reserved 1179648K
  class space    used 9040K, committed 9536K, reserved 1048576K
}
Event: 29.777 GC heap after
{Heap after GC invocations=76 (full 0):
 garbage-first heap   total reserved 3997696K, committed 460800K, used 285364K [0x000000070c000000, 0x0000000800000000)
  region size 2048K, 6 young (12288K), 6 survivors (12288K)
 Metaspace       used 78929K, committed 79936K, reserved 1179648K
  class space    used 9040K, committed 9536K, reserved 1048576K
}
Event: 30.395 GC heap before
{Heap before GC invocations=76 (full 0):
 garbage-first heap   total reserved 3997696K, committed 460800K, used 408244K [0x000000070c000000, 0x0000000800000000)
  region size 2048K, 67 young (137216K), 6 survivors (12288K)
 Metaspace       used 79026K, committed 80064K, reserved 1179648K
  class space    used 9041K, committed 9536K, reserved 1048576K
}
Event: 30.407 GC heap after
{Heap after GC invocations=77 (full 0):
 garbage-first heap   total reserved 3997696K, committed 751616K, used 297857K [0x000000070c000000, 0x0000000800000000)
  region size 2048K, 8 young (16384K), 8 survivors (16384K)
 Metaspace       used 79026K, committed 80064K, reserved 1179648K
  class space    used 9041K, committed 9536K, reserved 1048576K
}

