# JRE version: OpenJDK Runtime Environment Temurin-21.0.8+9 (21.0.8+9) (build 21.0.8+9-LTS)
# Java VM: OpenJDK 64-Bit Server VM Temurin-21.0.8+9 (21.0.8+9-LTS, mixed mode, sharing, tiered, compressed oops, compressed class ptrs, parallel gc, windows-amd64)
GC Precious Log:
 CardTable entry size: 512
 CPUs: 16 total, 16 available
 Memory: 14077M
 Large Page Support: Disabled
 NUMA Support: Disabled
 Compressed Oops: Enabled (32-bit)
 Alignments: Space 512K, Generation 512K, Heap 2M
 Heap Min Capacity: 100M
 Heap Initial Capacity: 100M
 Heap Max Capacity: 2G
 Pre-touch: Disabled
 Parallel Workers: 13
Heap:
 PSYoungGen      total 16384K, used 13579K [0x00000000d5580000, 0x00000000d6d80000, 0x0000000100000000)
  eden space 14336K, 80% used [0x00000000d5580000,0x00000000d60c35d8,0x00000000d6380000)
  from space 2048K, 99% used [0x00000000d6780000,0x00000000d697f680,0x00000000d6980000)
  to   space 4096K, 0% used [0x00000000d6380000,0x00000000d6380000,0x00000000d6780000)
 ParOldGen       total 68608K, used 58512K [0x0000000080000000, 0x0000000084300000, 0x00000000d5580000)
  object space 68608K, 85% used [0x0000000080000000,0x0000000083924328,0x0000000084300000)
 Metaspace       used 68431K, committed 69952K, reserved 1114112K
  class space    used 8514K, committed 9152K, reserved 1048576K
GC Heap History (20 events):
Event: 118.909 GC heap before
{Heap before GC invocations=62 (full 3):
 PSYoungGen      total 19456K, used 19328K [0x00000000d5580000, 0x00000000d6a80000, 0x0000000100000000)
  eden space 18944K, 100% used [0x00000000d5580000,0x00000000d6800000,0x00000000d6800000)
  from space 512K, 75% used [0x00000000d6a00000,0x00000000d6a60010,0x00000000d6a80000)
  to   space 512K, 0% used [0x00000000d6980000,0x00000000d6980000,0x00000000d6a00000)
 ParOldGen       total 68608K, used 44220K [0x0000000080000000, 0x0000000084300000, 0x00000000d5580000)
  object space 68608K, 64% used [0x0000000080000000,0x0000000082b2f078,0x0000000084300000)
 Metaspace       used 65977K, committed 67520K, reserved 1114112K
  class space    used 8259K, committed 8896K, reserved 1048576K
}
Event: 118.911 GC heap after
{Heap after GC invocations=62 (full 3):
 PSYoungGen      total 19456K, used 488K [0x00000000d5580000, 0x00000000d6c00000, 0x0000000100000000)
  eden space 18944K, 0% used [0x00000000d5580000,0x00000000d5580000,0x00000000d6800000)
  from space 512K, 95% used [0x00000000d6980000,0x00000000d69fa1b8,0x00000000d6a00000)
  to   space 2048K, 0% used [0x00000000d6a00000,0x00000000d6a00000,0x00000000d6c00000)
 ParOldGen       total 68608K, used 45116K [0x0000000080000000, 0x0000000084300000, 0x00000000d5580000)
  object space 68608K, 65% used [0x0000000080000000,0x0000000082c0f088,0x0000000084300000)
 Metaspace       used 65977K, committed 67520K, reserved 1114112K
  class space    used 8259K, committed 8896K, reserved 1048576K
}
Event: 119.127 GC heap before
{Heap before GC invocations=63 (full 3):
 PSYoungGen      total 19456K, used 19432K [0x00000000d5580000, 0x00000000d6c00000, 0x0000000100000000)
  eden space 18944K, 100% used [0x00000000d5580000,0x00000000d6800000,0x00000000d6800000)
  from space 512K, 95% used [0x00000000d6980000,0x00000000d69fa1b8,0x00000000d6a00000)
  to   space 2048K, 0% used [0x00000000d6a00000,0x00000000d6a00000,0x00000000d6c00000)
 ParOldGen       total 68608K, used 45116K [0x0000000080000000, 0x0000000084300000, 0x00000000d5580000)
  object space 68608K, 65% used [0x0000000080000000,0x0000000082c0f088,0x0000000084300000)
 Metaspace       used 66754K, committed 68288K, reserved 1114112K
  class space    used 8318K, committed 8960K, reserved 1048576K
}
Event: 119.130 GC heap after
{Heap after GC invocations=63 (full 3):
 PSYoungGen      total 20480K, used 2016K [0x00000000d5580000, 0x00000000d6d00000, 0x0000000100000000)
  eden space 18432K, 0% used [0x00000000d5580000,0x00000000d5580000,0x00000000d6780000)
  from space 2048K, 98% used [0x00000000d6a00000,0x00000000d6bf8030,0x00000000d6c00000)
  to   space 2560K, 0% used [0x00000000d6780000,0x00000000d6780000,0x00000000d6a00000)
 ParOldGen       total 68608K, used 45607K [0x0000000080000000, 0x0000000084300000, 0x00000000d5580000)
  object space 68608K, 66% used [0x0000000080000000,0x0000000082c89dc8,0x0000000084300000)
 Metaspace       used 66754K, committed 68288K, reserved 1114112K
  class space    used 8318K, committed 8960K, reserved 1048576K
}
Event: 119.180 GC heap before
{Heap before GC invocations=64 (full 3):
 PSYoungGen      total 20480K, used 20448K [0x00000000d5580000, 0x00000000d6d00000, 0x0000000100000000)
  eden space 18432K, 100% used [0x00000000d5580000,0x00000000d6780000,0x00000000d6780000)
  from space 2048K, 98% used [0x00000000d6a00000,0x00000000d6bf8030,0x00000000d6c00000)
  to   space 2560K, 0% used [0x00000000d6780000,0x00000000d6780000,0x00000000d6a00000)
 ParOldGen       total 68608K, used 45607K [0x0000000080000000, 0x0000000084300000, 0x00000000d5580000)
  object space 68608K, 66% used [0x0000000080000000,0x0000000082c89dc8,0x0000000084300000)
 Metaspace       used 66756K, committed 68288K, reserved 1114112K
  class space    used 8318K, committed 8960K, reserved 1048576K
}
Event: 119.183 GC heap after
{Heap after GC invocations=64 (full 3):
 PSYoungGen      total 20480K, used 1760K [0x00000000d5580000, 0x00000000d6b80000, 0x0000000100000000)
  eden space 18432K, 0% used [0x00000000d5580000,0x00000000d5580000,0x00000000d6780000)
  from space 2048K, 85% used [0x00000000d6780000,0x00000000d6938010,0x00000000d6980000)
  to   space 2048K, 0% used [0x00000000d6980000,0x00000000d6980000,0x00000000d6b80000)
 ParOldGen       total 68608K, used 47364K [0x0000000080000000, 0x0000000084300000, 0x00000000d5580000)
  object space 68608K, 69% used [0x0000000080000000,0x0000000082e41150,0x0000000084300000)
 Metaspace       used 66756K, committed 68288K, reserved 1114112K
  class space    used 8318K, committed 8960K, reserved 1048576K
}
Event: 119.266 GC heap before
{Heap before GC invocations=65 (full 3):
 PSYoungGen      total 20480K, used 20192K [0x00000000d5580000, 0x00000000d6b80000, 0x0000000100000000)
  eden space 18432K, 100% used [0x00000000d5580000,0x00000000d6780000,0x00000000d6780000)
  from space 2048K, 85% used [0x00000000d6780000,0x00000000d6938010,0x00000000d6980000)
  to   space 2048K, 0% used [0x00000000d6980000,0x00000000d6980000,0x00000000d6b80000)
 ParOldGen       total 68608K, used 47364K [0x0000000080000000, 0x0000000084300000, 0x00000000d5580000)
  object space 68608K, 69% used [0x0000000080000000,0x0000000082e41150,0x0000000084300000)
 Metaspace       used 67151K, committed 68672K, reserved 1114112K
  class space    used 8377K, committed 9024K, reserved 1048576K
}
Event: 119.268 GC heap after
{Heap after GC invocations=65 (full 3):
 PSYoungGen      total 18432K, used 2018K [0x00000000d5580000, 0x00000000d6f80000, 0x0000000100000000)
  eden space 16384K, 0% used [0x00000000d5580000,0x00000000d5580000,0x00000000d6580000)
  from space 2048K, 98% used [0x00000000d6980000,0x00000000d6b78820,0x00000000d6b80000)
  to   space 4096K, 0% used [0x00000000d6580000,0x00000000d6580000,0x00000000d6980000)
 ParOldGen       total 68608K, used 49004K [0x0000000080000000, 0x0000000084300000, 0x00000000d5580000)
  object space 68608K, 71% used [0x0000000080000000,0x0000000082fdb150,0x0000000084300000)
 Metaspace       used 67151K, committed 68672K, reserved 1114112K
  class space    used 8377K, committed 9024K, reserved 1048576K
}
Event: 119.303 GC heap before
{Heap before GC invocations=66 (full 3):
 PSYoungGen      total 18432K, used 18402K [0x00000000d5580000, 0x00000000d6f80000, 0x0000000100000000)
  eden space 16384K, 100% used [0x00000000d5580000,0x00000000d6580000,0x00000000d6580000)
  from space 2048K, 98% used [0x00000000d6980000,0x00000000d6b78820,0x00000000d6b80000)
  to   space 4096K, 0% used [0x00000000d6580000,0x00000000d6580000,0x00000000d6980000)
 ParOldGen       total 68608K, used 49004K [0x0000000080000000, 0x0000000084300000, 0x00000000d5580000)
  object space 68608K, 71% used [0x0000000080000000,0x0000000082fdb150,0x0000000084300000)
 Metaspace       used 67163K, committed 68672K, reserved 1114112K
  class space    used 8377K, committed 9024K, reserved 1048576K
}
Event: 119.305 GC heap after
{Heap after GC invocations=66 (full 3):
 PSYoungGen      total 18432K, used 1728K [0x00000000d5580000, 0x00000000d6a80000, 0x0000000100000000)
  eden space 16384K, 0% used [0x00000000d5580000,0x00000000d5580000,0x00000000d6580000)
  from space 2048K, 84% used [0x00000000d6580000,0x00000000d6730000,0x00000000d6780000)
  to   space 2560K, 0% used [0x00000000d6800000,0x00000000d6800000,0x00000000d6a80000)
 ParOldGen       total 68608K, used 50978K [0x0000000080000000, 0x0000000084300000, 0x00000000d5580000)
  object space 68608K, 74% used [0x0000000080000000,0x00000000831c8aa0,0x0000000084300000)
 Metaspace       used 67163K, committed 68672K, reserved 1114112K
  class space    used 8377K, committed 9024K, reserved 1048576K
}
Event: 119.345 GC heap before
{Heap before GC invocations=67 (full 3):
 PSYoungGen      total 18432K, used 18112K [0x00000000d5580000, 0x00000000d6a80000, 0x0000000100000000)
  eden space 16384K, 100% used [0x00000000d5580000,0x00000000d6580000,0x00000000d6580000)
  from space 2048K, 84% used [0x00000000d6580000,0x00000000d6730000,0x00000000d6780000)
  to   space 2560K, 0% used [0x00000000d6800000,0x00000000d6800000,0x00000000d6a80000)
 ParOldGen       total 68608K, used 50978K [0x0000000080000000, 0x0000000084300000, 0x00000000d5580000)
  object space 68608K, 74% used [0x0000000080000000,0x00000000831c8aa0,0x0000000084300000)
 Metaspace       used 67164K, committed 68672K, reserved 1114112K
  class space    used 8377K, committed 9024K, reserved 1048576K
}
Event: 119.348 GC heap after
{Heap after GC invocations=67 (full 3):
 PSYoungGen      total 18432K, used 1700K [0x00000000d5580000, 0x00000000d6a00000, 0x0000000100000000)
  eden space 16384K, 0% used [0x00000000d5580000,0x00000000d5580000,0x00000000d6580000)
  from space 2048K, 83% used [0x00000000d6800000,0x00000000d69a9000,0x00000000d6a00000)
  to   space 2048K, 0% used [0x00000000d6580000,0x00000000d6580000,0x00000000d6780000)
 ParOldGen       total 68608K, used 52594K [0x0000000080000000, 0x0000000084300000, 0x00000000d5580000)
  object space 68608K, 76% used [0x0000000080000000,0x000000008335caa0,0x0000000084300000)
 Metaspace       used 67164K, committed 68672K, reserved 1114112K
  class space    used 8377K, committed 9024K, reserved 1048576K
}
Event: 119.376 GC heap before
{Heap before GC invocations=68 (full 3):
 PSYoungGen      total 18432K, used 18084K [0x00000000d5580000, 0x00000000d6a00000, 0x0000000100000000)
  eden space 16384K, 100% used [0x00000000d5580000,0x00000000d6580000,0x00000000d6580000)
  from space 2048K, 83% used [0x00000000d6800000,0x00000000d69a9000,0x00000000d6a00000)
  to   space 2048K, 0% used [0x00000000d6580000,0x00000000d6580000,0x00000000d6780000)
 ParOldGen       total 68608K, used 52594K [0x0000000080000000, 0x0000000084300000, 0x00000000d5580000)
  object space 68608K, 76% used [0x0000000080000000,0x000000008335caa0,0x0000000084300000)
 Metaspace       used 67165K, committed 68672K, reserved 1114112K
  class space    used 8377K, committed 9024K, reserved 1048576K
}
Event: 119.379 GC heap after
{Heap after GC invocations=68 (full 3):
 PSYoungGen      total 18432K, used 1568K [0x00000000d5580000, 0x00000000d6980000, 0x0000000100000000)
  eden space 16384K, 0% used [0x00000000d5580000,0x00000000d5580000,0x00000000d6580000)
  from space 2048K, 76% used [0x00000000d6580000,0x00000000d6708000,0x00000000d6780000)
  to   space 2048K, 0% used [0x00000000d6780000,0x00000000d6780000,0x00000000d6980000)
 ParOldGen       total 68608K, used 54088K [0x0000000080000000, 0x0000000084300000, 0x00000000d5580000)
  object space 68608K, 78% used [0x0000000080000000,0x00000000834d2118,0x0000000084300000)
 Metaspace       used 67165K, committed 68672K, reserved 1114112K
  class space    used 8377K, committed 9024K, reserved 1048576K
}
Event: 119.435 GC heap before
{Heap before GC invocations=69 (full 3):
 PSYoungGen      total 18432K, used 17952K [0x00000000d5580000, 0x00000000d6980000, 0x0000000100000000)
  eden space 16384K, 100% used [0x00000000d5580000,0x00000000d6580000,0x00000000d6580000)
  from space 2048K, 76% used [0x00000000d6580000,0x00000000d6708000,0x00000000d6780000)
  to   space 2048K, 0% used [0x00000000d6780000,0x00000000d6780000,0x00000000d6980000)
 ParOldGen       total 68608K, used 54088K [0x0000000080000000, 0x0000000084300000, 0x00000000d5580000)
  object space 68608K, 78% used [0x0000000080000000,0x00000000834d2118,0x0000000084300000)
 Metaspace       used 67197K, committed 68736K, reserved 1114112K
  class space    used 8380K, committed 9024K, reserved 1048576K
}
Event: 119.438 GC heap after
{Heap after GC invocations=69 (full 3):
 PSYoungGen      total 18432K, used 1728K [0x00000000d5580000, 0x00000000d6980000, 0x0000000100000000)
  eden space 16384K, 0% used [0x00000000d5580000,0x00000000d5580000,0x00000000d6580000)
  from space 2048K, 84% used [0x00000000d6780000,0x00000000d6930010,0x00000000d6980000)
  to   space 2048K, 0% used [0x00000000d6580000,0x00000000d6580000,0x00000000d6780000)
 ParOldGen       total 68608K, used 55424K [0x0000000080000000, 0x0000000084300000, 0x00000000d5580000)
  object space 68608K, 80% used [0x0000000080000000,0x0000000083620118,0x0000000084300000)
 Metaspace       used 67197K, committed 68736K, reserved 1114112K
  class space    used 8380K, committed 9024K, reserved 1048576K
}
Event: 119.482 GC heap before
{Heap before GC invocations=70 (full 3):
 PSYoungGen      total 18432K, used 18112K [0x00000000d5580000, 0x00000000d6980000, 0x0000000100000000)
  eden space 16384K, 100% used [0x00000000d5580000,0x00000000d6580000,0x00000000d6580000)
  from space 2048K, 84% used [0x00000000d6780000,0x00000000d6930010,0x00000000d6980000)
  to   space 2048K, 0% used [0x00000000d6580000,0x00000000d6580000,0x00000000d6780000)
 ParOldGen       total 68608K, used 55424K [0x0000000080000000, 0x0000000084300000, 0x00000000d5580000)
  object space 68608K, 80% used [0x0000000080000000,0x0000000083620118,0x0000000084300000)
 Metaspace       used 67216K, committed 68736K, reserved 1114112K
  class space    used 8380K, committed 9024K, reserved 1048576K
}
Event: 119.484 GC heap after
{Heap after GC invocations=70 (full 3):
 PSYoungGen      total 18432K, used 1560K [0x00000000d5580000, 0x00000000d6980000, 0x0000000100000000)
  eden space 16384K, 0% used [0x00000000d5580000,0x00000000d5580000,0x00000000d6580000)
  from space 2048K, 76% used [0x00000000d6580000,0x00000000d6706200,0x00000000d6780000)
  to   space 2048K, 0% used [0x00000000d6780000,0x00000000d6780000,0x00000000d6980000)
 ParOldGen       total 68608K, used 57112K [0x0000000080000000, 0x0000000084300000, 0x00000000d5580000)
  object space 68608K, 83% used [0x0000000080000000,0x00000000837c6128,0x0000000084300000)
 Metaspace       used 67216K, committed 68736K, reserved 1114112K
  class space    used 8380K, committed 9024K, reserved 1048576K
}
Event: 119.643 GC heap before
{Heap before GC invocations=71 (full 3):
 PSYoungGen      total 18432K, used 17944K [0x00000000d5580000, 0x00000000d6980000, 0x0000000100000000)
  eden space 16384K, 100% used [0x00000000d5580000,0x00000000d6580000,0x00000000d6580000)
  from space 2048K, 76% used [0x00000000d6580000,0x00000000d6706200,0x00000000d6780000)
  to   space 2048K, 0% used [0x00000000d6780000,0x00000000d6780000,0x00000000d6980000)
 ParOldGen       total 68608K, used 57112K [0x0000000080000000, 0x0000000084300000, 0x00000000d5580000)
  object space 68608K, 83% used [0x0000000080000000,0x00000000837c6128,0x0000000084300000)
 Metaspace       used 67679K, committed 69120K, reserved 1114112K
  class space    used 8419K, committed 9024K, reserved 1048576K
}
Event: 119.646 GC heap after
{Heap after GC invocations=71 (full 3):
 PSYoungGen      total 16384K, used 2045K [0x00000000d5580000, 0x00000000d6d80000, 0x0000000100000000)
  eden space 14336K, 0% used [0x00000000d5580000,0x00000000d5580000,0x00000000d6380000)
  from space 2048K, 99% used [0x00000000d6780000,0x00000000d697f680,0x00000000d6980000)
  to   space 4096K, 0% used [0x00000000d6380000,0x00000000d6380000,0x00000000d6780000)
 ParOldGen       total 68608K, used 58512K [0x0000000080000000, 0x0000000084300000, 0x00000000d5580000)
  object space 68608K, 85% used [0x0000000080000000,0x0000000083924328,0x0000000084300000)
 Metaspace       used 67679K, committed 69120K, reserved 1114112K
  class space    used 8419K, committed 9024K, reserved 1048576K
}

