# JRE version: Java(TM) SE Runtime Environment (23.0.1+11) (build 23.0.1+11-39)
# Java VM: Java HotSpot(TM) 64-Bit Server VM (23.0.1+11-39, mixed mode, sharing, tiered, compressed oops, compressed class ptrs, g1 gc, windows-amd64)
GC Precious Log:
 CardTable entry size: 512
 Card Set container configuration: InlinePtr #cards 4 size 8 Array Of Cards #cards 16 size 48 Howl #buckets 8 coarsen threshold 3686 Howl Bitmap #cards 512 size 80 coarsen threshold 460 Card regions per heap region 1 cards per card region 4096
 CPUs: 16 total, 16 available
 Memory: 15613M
 Large Page Support: Disabled
 NUMA Support: Disabled
 Compressed Oops: Enabled (Zero based)
 Heap Region Size: 2M
 Heap Min Capacity: 8M
 Heap Initial Capacity: 244M
 Heap Max Capacity: 3904M
 Pre-touch: Disabled
 Parallel Workers: 13
 Concurrent Workers: 3
 Concurrent Refinement Workers: 13
 Periodic GC: Disabled
Heap:
 garbage-first heap   total reserved 3997696K, committed 876544K, used 573662K [0x000000070c000000, 0x0000000800000000)
  region size 2048K, 81 young (165888K), 22 survivors (45056K)
 Metaspace       used 79964K, committed 81024K, reserved 1179648K
  class space    used 9096K, committed 9600K, reserved 1048576K
GC Heap History (20 events):
Event: 11.500 GC heap before
{Heap before GC invocations=32 (full 0):
 garbage-first heap   total reserved 3997696K, committed 348160K, used 221184K [0x000000070c000000, 0x0000000800000000)
  region size 2048K, 23 young (47104K), 9 survivors (18432K)
 Metaspace       used 77977K, committed 78976K, reserved 1179648K
  class space    used 9039K, committed 9536K, reserved 1048576K
}
Event: 11.508 GC heap after
{Heap after GC invocations=33 (full 0):
 garbage-first heap   total reserved 3997696K, committed 348160K, used 197385K [0x000000070c000000, 0x0000000800000000)
  region size 2048K, 2 young (4096K), 2 survivors (4096K)
 Metaspace       used 77977K, committed 78976K, reserved 1179648K
  class space    used 9039K, committed 9536K, reserved 1048576K
}
Event: 11.757 GC heap before
{Heap before GC invocations=34 (full 0):
 garbage-first heap   total reserved 3997696K, committed 348160K, used 312073K [0x000000070c000000, 0x0000000800000000)
  region size 2048K, 57 young (116736K), 2 survivors (4096K)
 Metaspace       used 78012K, committed 79040K, reserved 1179648K
  class space    used 9039K, committed 9536K, reserved 1048576K
}
Event: 11.765 GC heap after
{Heap after GC invocations=35 (full 0):
 garbage-first heap   total reserved 3997696K, committed 696320K, used 210513K [0x000000070c000000, 0x0000000800000000)
  region size 2048K, 8 young (16384K), 8 survivors (16384K)
 Metaspace       used 78012K, committed 79040K, reserved 1179648K
  class space    used 9039K, committed 9536K, reserved 1048576K
}
Event: 13.736 GC heap before
{Heap before GC invocations=35 (full 0):
 garbage-first heap   total reserved 3997696K, committed 696320K, used 544337K [0x000000070c000000, 0x0000000800000000)
  region size 2048K, 169 young (346112K), 8 survivors (16384K)
 Metaspace       used 78697K, committed 79680K, reserved 1179648K
  class space    used 9065K, committed 9536K, reserved 1048576K
}
Event: 13.769 GC heap after
{Heap after GC invocations=36 (full 0):
 garbage-first heap   total reserved 3997696K, committed 696320K, used 250809K [0x000000070c000000, 0x0000000800000000)
  region size 2048K, 22 young (45056K), 22 survivors (45056K)
 Metaspace       used 78697K, committed 79680K, reserved 1179648K
  class space    used 9065K, committed 9536K, reserved 1048576K
}
Event: 14.686 GC heap before
{Heap before GC invocations=36 (full 0):
 garbage-first heap   total reserved 3997696K, committed 696320K, used 529337K [0x000000070c000000, 0x0000000800000000)
  region size 2048K, 156 young (319488K), 22 survivors (45056K)
 Metaspace       used 78928K, committed 80000K, reserved 1179648K
  class space    used 9066K, committed 9536K, reserved 1048576K
}
Event: 14.724 GC heap after
{Heap after GC invocations=37 (full 0):
 garbage-first heap   total reserved 3997696K, committed 696320K, used 286222K [0x000000070c000000, 0x0000000800000000)
  region size 2048K, 19 young (38912K), 19 survivors (38912K)
 Metaspace       used 78928K, committed 80000K, reserved 1179648K
  class space    used 9066K, committed 9536K, reserved 1048576K
}
Event: 15.196 GC heap before
{Heap before GC invocations=37 (full 0):
 garbage-first heap   total reserved 3997696K, committed 696320K, used 321038K [0x000000070c000000, 0x0000000800000000)
  region size 2048K, 37 young (75776K), 19 survivors (38912K)
 Metaspace       used 78986K, committed 80000K, reserved 1179648K
  class space    used 9066K, committed 9536K, reserved 1048576K
}
Event: 15.212 GC heap after
{Heap after GC invocations=38 (full 0):
 garbage-first heap   total reserved 3997696K, committed 696320K, used 290390K [0x000000070c000000, 0x0000000800000000)
  region size 2048K, 4 young (8192K), 4 survivors (8192K)
 Metaspace       used 78986K, committed 80000K, reserved 1179648K
  class space    used 9066K, committed 9536K, reserved 1048576K
}
Event: 15.927 GC heap before
{Heap before GC invocations=39 (full 0):
 garbage-first heap   total reserved 3997696K, committed 696320K, used 579158K [0x000000070c000000, 0x0000000800000000)
  region size 2048K, 141 young (288768K), 4 survivors (8192K)
 Metaspace       used 79167K, committed 80192K, reserved 1179648K
  class space    used 9075K, committed 9536K, reserved 1048576K
}
Event: 15.946 GC heap after
{Heap after GC invocations=40 (full 0):
 garbage-first heap   total reserved 3997696K, committed 696320K, used 327680K [0x000000070c000000, 0x0000000800000000)
  region size 2048K, 18 young (36864K), 18 survivors (36864K)
 Metaspace       used 79167K, committed 80192K, reserved 1179648K
  class space    used 9075K, committed 9536K, reserved 1048576K
}
Event: 16.455 GC heap before
{Heap before GC invocations=40 (full 0):
 garbage-first heap   total reserved 3997696K, committed 696320K, used 600064K [0x000000070c000000, 0x0000000800000000)
  region size 2048K, 147 young (301056K), 18 survivors (36864K)
 Metaspace       used 79238K, committed 80256K, reserved 1179648K
  class space    used 9075K, committed 9536K, reserved 1048576K
}
Event: 16.490 GC heap after
{Heap after GC invocations=41 (full 0):
 garbage-first heap   total reserved 3997696K, committed 696320K, used 365997K [0x000000070c000000, 0x0000000800000000)
  region size 2048K, 19 young (38912K), 19 survivors (38912K)
 Metaspace       used 79238K, committed 80256K, reserved 1179648K
  class space    used 9075K, committed 9536K, reserved 1048576K
}
Event: 17.189 GC heap before
{Heap before GC invocations=41 (full 0):
 garbage-first heap   total reserved 3997696K, committed 696320K, used 437677K [0x000000070c000000, 0x0000000800000000)
  region size 2048K, 55 young (112640K), 19 survivors (38912K)
 Metaspace       used 79426K, committed 80512K, reserved 1179648K
  class space    used 9079K, committed 9600K, reserved 1048576K
}
Event: 17.208 GC heap after
{Heap after GC invocations=42 (full 0):
 garbage-first heap   total reserved 3997696K, committed 696320K, used 376239K [0x000000070c000000, 0x0000000800000000)
  region size 2048K, 6 young (12288K), 6 survivors (12288K)
 Metaspace       used 79426K, committed 80512K, reserved 1179648K
  class space    used 9079K, committed 9600K, reserved 1048576K
}
Event: 17.562 GC heap before
{Heap before GC invocations=43 (full 0):
 garbage-first heap   total reserved 3997696K, committed 696320K, used 613807K [0x000000070c000000, 0x0000000800000000)
  region size 2048K, 119 young (243712K), 6 survivors (12288K)
 Metaspace       used 79502K, committed 80576K, reserved 1179648K
  class space    used 9080K, committed 9600K, reserved 1048576K
}
Event: 17.582 GC heap after
{Heap after GC invocations=44 (full 0):
 garbage-first heap   total reserved 3997696K, committed 876544K, used 406568K [0x000000070c000000, 0x0000000800000000)
  region size 2048K, 15 young (30720K), 15 survivors (30720K)
 Metaspace       used 79502K, committed 80576K, reserved 1179648K
  class space    used 9080K, committed 9600K, reserved 1048576K
}
Event: 19.136 GC heap before
{Heap before GC invocations=44 (full 0):
 garbage-first heap   total reserved 3997696K, committed 876544K, used 740392K [0x000000070c000000, 0x0000000800000000)
  region size 2048K, 175 young (358400K), 15 survivors (30720K)
 Metaspace       used 79754K, committed 80768K, reserved 1179648K
  class space    used 9094K, committed 9600K, reserved 1048576K
}
Event: 19.172 GC heap after
{Heap after GC invocations=45 (full 0):
 garbage-first heap   total reserved 3997696K, committed 876544K, used 448734K [0x000000070c000000, 0x0000000800000000)
  region size 2048K, 22 young (45056K), 22 survivors (45056K)
 Metaspace       used 79754K, committed 80768K, reserved 1179648K
  class space    used 9094K, committed 9600K, reserved 1048576K
}

