# JRE version: Java(TM) SE Runtime Environment (23.0.1+11) (build 23.0.1+11-39)
# Java VM: Java HotSpot(TM) 64-Bit Server VM (23.0.1+11-39, mixed mode, sharing, tiered, compressed oops, compressed class ptrs, g1 gc, windows-amd64)
GC Precious Log:
 CardTable entry size: 512
 Card Set container configuration: InlinePtr #cards 4 size 8 Array Of Cards #cards 16 size 48 Howl #buckets 8 coarsen threshold 3686 Howl Bitmap #cards 512 size 80 coarsen threshold 460 Card regions per heap region 1 cards per card region 4096
 CPUs: 16 total, 16 available
 Memory: 15613M
 Large Page Support: Disabled
 NUMA Support: Disabled
 Compressed Oops: Enabled (Zero based)
 Heap Region Size: 2M
 Heap Min Capacity: 8M
 Heap Initial Capacity: 244M
 Heap Max Capacity: 3904M
 Pre-touch: Disabled
 Parallel Workers: 13
 Concurrent Workers: 3
 Concurrent Refinement Workers: 13
 Periodic GC: Disabled
Heap:
 garbage-first heap   total reserved 3997696K, committed 552960K, used 346451K [0x000000070c000000, 0x0000000800000000)
  region size 2048K, 11 young (22528K), 11 survivors (22528K)
 Metaspace       used 79210K, committed 80256K, reserved 1179648K
  class space    used 9068K, committed 9536K, reserved 1048576K
GC Heap History (20 events):
Event: 10.121 GC heap after
{Heap after GC invocations=30 (full 0):
 garbage-first heap   total reserved 3997696K, committed 397312K, used 157661K [0x000000070c000000, 0x0000000800000000)
  region size 2048K, 12 young (24576K), 12 survivors (24576K)
 Metaspace       used 77177K, committed 78208K, reserved 1179648K
  class space    used 8946K, committed 9408K, reserved 1048576K
}
Event: 10.481 GC heap before
{Heap before GC invocations=30 (full 0):
 garbage-first heap   total reserved 3997696K, committed 397312K, used 305117K [0x000000070c000000, 0x0000000800000000)
  region size 2048K, 81 young (165888K), 12 survivors (24576K)
 Metaspace       used 77667K, committed 78656K, reserved 1179648K
  class space    used 9005K, committed 9472K, reserved 1048576K
}
Event: 10.501 GC heap after
{Heap after GC invocations=31 (full 0):
 garbage-first heap   total reserved 3997696K, committed 397312K, used 177670K [0x000000070c000000, 0x0000000800000000)
  region size 2048K, 10 young (20480K), 10 survivors (20480K)
 Metaspace       used 77667K, committed 78656K, reserved 1179648K
  class space    used 9005K, committed 9472K, reserved 1048576K
}
Event: 10.987 GC heap before
{Heap before GC invocations=31 (full 0):
 garbage-first heap   total reserved 3997696K, committed 397312K, used 321030K [0x000000070c000000, 0x0000000800000000)
  region size 2048K, 78 young (159744K), 10 survivors (20480K)
 Metaspace       used 77999K, committed 79040K, reserved 1179648K
  class space    used 9032K, committed 9536K, reserved 1048576K
}
Event: 11.001 GC heap after
{Heap after GC invocations=32 (full 0):
 garbage-first heap   total reserved 3997696K, committed 397312K, used 195587K [0x000000070c000000, 0x0000000800000000)
  region size 2048K, 9 young (18432K), 9 survivors (18432K)
 Metaspace       used 77999K, committed 79040K, reserved 1179648K
  class space    used 9032K, committed 9536K, reserved 1048576K
}
Event: 11.015 GC heap before
{Heap before GC invocations=32 (full 0):
 garbage-first heap   total reserved 3997696K, committed 397312K, used 199683K [0x000000070c000000, 0x0000000800000000)
  region size 2048K, 12 young (24576K), 9 survivors (18432K)
 Metaspace       used 78002K, committed 79040K, reserved 1179648K
  class space    used 9032K, committed 9536K, reserved 1048576K
}
Event: 11.022 GC heap after
{Heap after GC invocations=33 (full 0):
 garbage-first heap   total reserved 3997696K, committed 397312K, used 198155K [0x000000070c000000, 0x0000000800000000)
  region size 2048K, 2 young (4096K), 2 survivors (4096K)
 Metaspace       used 78002K, committed 79040K, reserved 1179648K
  class space    used 9032K, committed 9536K, reserved 1048576K
}
Event: 11.412 GC heap before
{Heap before GC invocations=34 (full 0):
 garbage-first heap   total reserved 3997696K, committed 397312K, used 341515K [0x000000070c000000, 0x0000000800000000)
  region size 2048K, 71 young (145408K), 2 survivors (4096K)
 Metaspace       used 78165K, committed 79168K, reserved 1179648K
  class space    used 9046K, committed 9536K, reserved 1048576K
}
Event: 11.420 GC heap after
{Heap after GC invocations=35 (full 0):
 garbage-first heap   total reserved 3997696K, committed 397312K, used 215092K [0x000000070c000000, 0x0000000800000000)
  region size 2048K, 9 young (18432K), 9 survivors (18432K)
 Metaspace       used 78165K, committed 79168K, reserved 1179648K
  class space    used 9046K, committed 9536K, reserved 1048576K
}
Event: 11.676 GC heap before
{Heap before GC invocations=35 (full 0):
 garbage-first heap   total reserved 3997696K, committed 397312K, used 350260K [0x000000070c000000, 0x0000000800000000)
  region size 2048K, 73 young (149504K), 9 survivors (18432K)
 Metaspace       used 78324K, committed 79296K, reserved 1179648K
  class space    used 9058K, committed 9536K, reserved 1048576K
}
Event: 11.693 GC heap after
{Heap after GC invocations=36 (full 0):
 garbage-first heap   total reserved 3997696K, committed 524288K, used 230631K [0x000000070c000000, 0x0000000800000000)
  region size 2048K, 9 young (18432K), 9 survivors (18432K)
 Metaspace       used 78324K, committed 79296K, reserved 1179648K
  class space    used 9058K, committed 9536K, reserved 1048576K
}
Event: 13.027 GC heap before
{Heap before GC invocations=36 (full 0):
 garbage-first heap   total reserved 3997696K, committed 524288K, used 410855K [0x000000070c000000, 0x0000000800000000)
  region size 2048K, 98 young (200704K), 9 survivors (18432K)
 Metaspace       used 78763K, committed 79808K, reserved 1179648K
  class space    used 9058K, committed 9536K, reserved 1048576K
}
Event: 13.045 GC heap after
{Heap after GC invocations=37 (full 0):
 garbage-first heap   total reserved 3997696K, committed 524288K, used 251414K [0x000000070c000000, 0x0000000800000000)
  region size 2048K, 12 young (24576K), 12 survivors (24576K)
 Metaspace       used 78763K, committed 79808K, reserved 1179648K
  class space    used 9058K, committed 9536K, reserved 1048576K
}
Event: 13.435 GC heap before
{Heap before GC invocations=38 (full 0):
 garbage-first heap   total reserved 3997696K, committed 524288K, used 452118K [0x000000070c000000, 0x0000000800000000)
  region size 2048K, 108 young (221184K), 12 survivors (24576K)
 Metaspace       used 78833K, committed 79872K, reserved 1179648K
  class space    used 9058K, committed 9536K, reserved 1048576K
}
Event: 13.457 GC heap after
{Heap after GC invocations=39 (full 0):
 garbage-first heap   total reserved 3997696K, committed 524288K, used 278998K [0x000000070c000000, 0x0000000800000000)
  region size 2048K, 13 young (26624K), 13 survivors (26624K)
 Metaspace       used 78833K, committed 79872K, reserved 1179648K
  class space    used 9058K, committed 9536K, reserved 1048576K
}
Event: 14.608 GC heap before
{Heap before GC invocations=39 (full 0):
 garbage-first heap   total reserved 3997696K, committed 524288K, used 461270K [0x000000070c000000, 0x0000000800000000)
  region size 2048K, 100 young (204800K), 13 survivors (26624K)
 Metaspace       used 79002K, committed 80064K, reserved 1179648K
  class space    used 9059K, committed 9536K, reserved 1048576K
}
Event: 14.632 GC heap after
{Heap after GC invocations=40 (full 0):
 garbage-first heap   total reserved 3997696K, committed 524288K, used 300223K [0x000000070c000000, 0x0000000800000000)
  region size 2048K, 12 young (24576K), 12 survivors (24576K)
 Metaspace       used 79002K, committed 80064K, reserved 1179648K
  class space    used 9059K, committed 9536K, reserved 1048576K
}
Event: 15.044 GC heap before
{Heap before GC invocations=40 (full 0):
 garbage-first heap   total reserved 3997696K, committed 524288K, used 464063K [0x000000070c000000, 0x0000000800000000)
  region size 2048K, 92 young (188416K), 12 survivors (24576K)
 Metaspace       used 79076K, committed 80128K, reserved 1179648K
  class space    used 9060K, committed 9536K, reserved 1048576K
}
Event: 15.064 GC heap after
{Heap after GC invocations=41 (full 0):
 garbage-first heap   total reserved 3997696K, committed 524288K, used 320573K [0x000000070c000000, 0x0000000800000000)
  region size 2048K, 11 young (22528K), 11 survivors (22528K)
 Metaspace       used 79076K, committed 80128K, reserved 1179648K
  class space    used 9060K, committed 9536K, reserved 1048576K
}
Event: 15.481 GC heap before
{Heap before GC invocations=42 (full 0):
 garbage-first heap   total reserved 3997696K, committed 552960K, used 482365K [0x000000070c000000, 0x0000000800000000)
  region size 2048K, 84 young (172032K), 11 survivors (22528K)
 Metaspace       used 79210K, committed 80256K, reserved 1179648K
  class space    used 9068K, committed 9536K, reserved 1048576K
}

