# JRE version: Java(TM) SE Runtime Environment (23.0.1+11) (build 23.0.1+11-39)
# Java VM: Java HotSpot(TM) 64-Bit Server VM (23.0.1+11-39, mixed mode, sharing, tiered, compressed oops, compressed class ptrs, g1 gc, windows-amd64)
GC Precious Log:
 CardTable entry size: 512
 Card Set container configuration: InlinePtr #cards 4 size 8 Array Of Cards #cards 16 size 48 Howl #buckets 8 coarsen threshold 3686 Howl Bitmap #cards 512 size 80 coarsen threshold 460 Card regions per heap region 1 cards per card region 4096
 CPUs: 16 total, 16 available
 Memory: 15613M
 Large Page Support: Disabled
 NUMA Support: Disabled
 Compressed Oops: Enabled (Zero based)
 Heap Region Size: 2M
 Heap Min Capacity: 8M
 Heap Initial Capacity: 244M
 Heap Max Capacity: 3904M
 Pre-touch: Disabled
 Parallel Workers: 13
 Concurrent Workers: 3
 Concurrent Refinement Workers: 13
 Periodic GC: Disabled
Heap:
 garbage-first heap   total reserved 3997696K, committed 378880K, used 235638K [0x000000070c000000, 0x0000000800000000)
  region size 2048K, 8 young (16384K), 8 survivors (16384K)
 Metaspace       used 78344K, committed 79360K, reserved 1179648K
  class space    used 9065K, committed 9536K, reserved 1048576K
GC Heap History (20 events):
Event: 7.069 GC heap after
{Heap after GC invocations=26 (full 0):
 garbage-first heap   total reserved 3997696K, committed 180224K, used 109705K [0x000000070c000000, 0x0000000800000000)
  region size 2048K, 5 young (10240K), 5 survivors (10240K)
 Metaspace       used 73073K, committed 74112K, reserved 1114112K
  class space    used 8747K, committed 9216K, reserved 1048576K
}
Event: 7.188 GC heap before
{Heap before GC invocations=27 (full 0):
 garbage-first heap   total reserved 3997696K, committed 184320K, used 158857K [0x000000070c000000, 0x0000000800000000)
  region size 2048K, 29 young (59392K), 5 survivors (10240K)
 Metaspace       used 73079K, committed 74112K, reserved 1114112K
  class space    used 8747K, committed 9216K, reserved 1048576K
}
Event: 7.195 GC heap after
{Heap after GC invocations=28 (full 0):
 garbage-first heap   total reserved 3997696K, committed 184320K, used 115594K [0x000000070c000000, 0x0000000800000000)
  region size 2048K, 3 young (6144K), 3 survivors (6144K)
 Metaspace       used 73079K, committed 74112K, reserved 1114112K
  class space    used 8747K, committed 9216K, reserved 1048576K
}
Event: 7.229 GC heap before
{Heap before GC invocations=28 (full 0):
 garbage-first heap   total reserved 3997696K, committed 184320K, used 164746K [0x000000070c000000, 0x0000000800000000)
  region size 2048K, 27 young (55296K), 3 survivors (6144K)
 Metaspace       used 73079K, committed 74112K, reserved 1114112K
  class space    used 8747K, committed 9216K, reserved 1048576K
}
Event: 7.236 GC heap after
{Heap after GC invocations=29 (full 0):
 garbage-first heap   total reserved 3997696K, committed 378880K, used 121999K [0x000000070c000000, 0x0000000800000000)
  region size 2048K, 3 young (6144K), 3 survivors (6144K)
 Metaspace       used 73079K, committed 74112K, reserved 1114112K
  class space    used 8747K, committed 9216K, reserved 1048576K
}
Event: 9.958 GC heap before
{Heap before GC invocations=29 (full 0):
 garbage-first heap   total reserved 3997696K, committed 378880K, used 322703K [0x000000070c000000, 0x0000000800000000)
  region size 2048K, 101 young (206848K), 3 survivors (6144K)
 Metaspace       used 76637K, committed 77696K, reserved 1179648K
  class space    used 8911K, committed 9408K, reserved 1048576K
}
Event: 9.975 GC heap after
{Heap after GC invocations=30 (full 0):
 garbage-first heap   total reserved 3997696K, committed 378880K, used 147888K [0x000000070c000000, 0x0000000800000000)
  region size 2048K, 13 young (26624K), 13 survivors (26624K)
 Metaspace       used 76637K, committed 77696K, reserved 1179648K
  class space    used 8911K, committed 9408K, reserved 1048576K
}
Event: 10.350 GC heap before
{Heap before GC invocations=30 (full 0):
 garbage-first heap   total reserved 3997696K, committed 378880K, used 291248K [0x000000070c000000, 0x0000000800000000)
  region size 2048K, 81 young (165888K), 13 survivors (26624K)
 Metaspace       used 76836K, committed 77888K, reserved 1179648K
  class space    used 8920K, committed 9408K, reserved 1048576K
}
Event: 10.372 GC heap after
{Heap after GC invocations=31 (full 0):
 garbage-first heap   total reserved 3997696K, committed 378880K, used 165101K [0x000000070c000000, 0x0000000800000000)
  region size 2048K, 9 young (18432K), 9 survivors (18432K)
 Metaspace       used 76836K, committed 77888K, reserved 1179648K
  class space    used 8920K, committed 9408K, reserved 1048576K
}
Event: 10.691 GC heap before
{Heap before GC invocations=31 (full 0):
 garbage-first heap   total reserved 3997696K, committed 378880K, used 257261K [0x000000070c000000, 0x0000000800000000)
  region size 2048K, 55 young (112640K), 9 survivors (18432K)
 Metaspace       used 77406K, committed 78400K, reserved 1179648K
  class space    used 9003K, committed 9472K, reserved 1048576K
}
Event: 10.704 GC heap after
{Heap after GC invocations=32 (full 0):
 garbage-first heap   total reserved 3997696K, committed 378880K, used 176387K [0x000000070c000000, 0x0000000800000000)
  region size 2048K, 7 young (14336K), 7 survivors (14336K)
 Metaspace       used 77406K, committed 78400K, reserved 1179648K
  class space    used 9003K, committed 9472K, reserved 1048576K
}
Event: 11.181 GC heap before
{Heap before GC invocations=33 (full 0):
 garbage-first heap   total reserved 3997696K, committed 378880K, used 321795K [0x000000070c000000, 0x0000000800000000)
  region size 2048K, 75 young (153600K), 7 survivors (14336K)
 Metaspace       used 77863K, committed 78912K, reserved 1179648K
  class space    used 9038K, committed 9536K, reserved 1048576K
}
Event: 11.193 GC heap after
{Heap after GC invocations=34 (full 0):
 garbage-first heap   total reserved 3997696K, committed 378880K, used 193866K [0x000000070c000000, 0x0000000800000000)
  region size 2048K, 9 young (18432K), 9 survivors (18432K)
 Metaspace       used 77863K, committed 78912K, reserved 1179648K
  class space    used 9038K, committed 9536K, reserved 1048576K
}
Event: 11.531 GC heap before
{Heap before GC invocations=34 (full 0):
 garbage-first heap   total reserved 3997696K, committed 378880K, used 329034K [0x000000070c000000, 0x0000000800000000)
  region size 2048K, 73 young (149504K), 9 survivors (18432K)
 Metaspace       used 78001K, committed 79040K, reserved 1179648K
  class space    used 9039K, committed 9536K, reserved 1048576K
}
Event: 11.545 GC heap after
{Heap after GC invocations=35 (full 0):
 garbage-first heap   total reserved 3997696K, committed 378880K, used 207105K [0x000000070c000000, 0x0000000800000000)
  region size 2048K, 9 young (18432K), 9 survivors (18432K)
 Metaspace       used 78001K, committed 79040K, reserved 1179648K
  class space    used 9039K, committed 9536K, reserved 1048576K
}
Event: 11.558 GC heap before
{Heap before GC invocations=35 (full 0):
 garbage-first heap   total reserved 3997696K, committed 378880K, used 209153K [0x000000070c000000, 0x0000000800000000)
  region size 2048K, 11 young (22528K), 9 survivors (18432K)
 Metaspace       used 78005K, committed 79040K, reserved 1179648K
  class space    used 9039K, committed 9536K, reserved 1048576K
}
Event: 11.565 GC heap after
{Heap after GC invocations=36 (full 0):
 garbage-first heap   total reserved 3997696K, committed 378880K, used 209098K [0x000000070c000000, 0x0000000800000000)
  region size 2048K, 2 young (4096K), 2 survivors (4096K)
 Metaspace       used 78005K, committed 79040K, reserved 1179648K
  class space    used 9039K, committed 9536K, reserved 1048576K
}
Event: 11.868 GC heap before
{Heap before GC invocations=37 (full 0):
 garbage-first heap   total reserved 3997696K, committed 378880K, used 329930K [0x000000070c000000, 0x0000000800000000)
  region size 2048K, 60 young (122880K), 2 survivors (4096K)
 Metaspace       used 78054K, committed 79104K, reserved 1179648K
  class space    used 9043K, committed 9536K, reserved 1048576K
}
Event: 11.875 GC heap after
{Heap after GC invocations=38 (full 0):
 garbage-first heap   total reserved 3997696K, committed 378880K, used 223396K [0x000000070c000000, 0x0000000800000000)
  region size 2048K, 8 young (16384K), 8 survivors (16384K)
 Metaspace       used 78054K, committed 79104K, reserved 1179648K
  class space    used 9043K, committed 9536K, reserved 1048576K
}
Event: 12.217 GC heap before
{Heap before GC invocations=38 (full 0):
 garbage-first heap   total reserved 3997696K, committed 378880K, used 340132K [0x000000070c000000, 0x0000000800000000)
  region size 2048K, 63 young (129024K), 8 survivors (16384K)
 Metaspace       used 78344K, committed 79360K, reserved 1179648K
  class space    used 9065K, committed 9536K, reserved 1048576K
}

