# JRE version: OpenJDK Runtime Environment Temurin-21.0.8+9 (21.0.8+9) (build 21.0.8+9-LTS)
# Java VM: OpenJDK 64-Bit Server VM Temurin-21.0.8+9 (21.0.8+9-LTS, mixed mode, sharing, tiered, compressed oops, compressed class ptrs, parallel gc, windows-amd64)
GC Precious Log:
 CardTable entry size: 512
 CPUs: 16 total, 16 available
 Memory: 14077M
 Large Page Support: Disabled
 NUMA Support: Disabled
 Compressed Oops: Enabled (32-bit)
 Alignments: Space 512K, Generation 512K, Heap 2M
 Heap Min Capacity: 100M
 Heap Initial Capacity: 100M
 Heap Max Capacity: 2G
 Pre-touch: Disabled
 Parallel Workers: 13
Heap:
 PSYoungGen      total 14336K, used 11280K [0x00000000d5580000, 0x00000000d6600000, 0x0000000100000000)
  eden space 12800K, 77% used [0x00000000d5580000,0x00000000d5f3c248,0x00000000d6200000)
  from space 1536K, 85% used [0x00000000d6200000,0x00000000d6348010,0x00000000d6380000)
  to   space 2048K, 0% used [0x00000000d6400000,0x00000000d6400000,0x00000000d6600000)
 ParOldGen       total 68608K, used 56118K [0x0000000080000000, 0x0000000084300000, 0x00000000d5580000)
  object space 68608K, 81% used [0x0000000080000000,0x00000000836cd8a8,0x0000000084300000)
 Metaspace       used 67305K, committed 68864K, reserved 1114112K
  class space    used 8432K, committed 9088K, reserved 1048576K
GC Heap History (20 events):
Event: 17.798 GC heap after
{Heap after GC invocations=78 (full 3):
 PSYoungGen      total 15360K, used 128K [0x00000000d5580000, 0x00000000d6580000, 0x0000000100000000)
  eden space 14848K, 0% used [0x00000000d5580000,0x00000000d5580000,0x00000000d6400000)
  from space 512K, 25% used [0x00000000d6400000,0x00000000d6420000,0x00000000d6480000)
  to   space 512K, 0% used [0x00000000d6500000,0x00000000d6500000,0x00000000d6580000)
 ParOldGen       total 68608K, used 47807K [0x0000000080000000, 0x0000000084300000, 0x00000000d5580000)
  object space 68608K, 69% used [0x0000000080000000,0x0000000082eafe80,0x0000000084300000)
 Metaspace       used 65081K, committed 66496K, reserved 1114112K
  class space    used 8201K, committed 8832K, reserved 1048576K
}
Event: 17.900 GC heap before
{Heap before GC invocations=79 (full 3):
 PSYoungGen      total 15360K, used 14976K [0x00000000d5580000, 0x00000000d6580000, 0x0000000100000000)
  eden space 14848K, 100% used [0x00000000d5580000,0x00000000d6400000,0x00000000d6400000)
  from space 512K, 25% used [0x00000000d6400000,0x00000000d6420000,0x00000000d6480000)
  to   space 512K, 0% used [0x00000000d6500000,0x00000000d6500000,0x00000000d6580000)
 ParOldGen       total 68608K, used 47807K [0x0000000080000000, 0x0000000084300000, 0x00000000d5580000)
  object space 68608K, 69% used [0x0000000080000000,0x0000000082eafe80,0x0000000084300000)
 Metaspace       used 65081K, committed 66496K, reserved 1114112K
  class space    used 8201K, committed 8832K, reserved 1048576K
}
Event: 17.900 GC heap after
{Heap after GC invocations=79 (full 3):
 PSYoungGen      total 15360K, used 128K [0x00000000d5580000, 0x00000000d6580000, 0x0000000100000000)
  eden space 14848K, 0% used [0x00000000d5580000,0x00000000d5580000,0x00000000d6400000)
  from space 512K, 25% used [0x00000000d6500000,0x00000000d6520000,0x00000000d6580000)
  to   space 512K, 0% used [0x00000000d6400000,0x00000000d6400000,0x00000000d6480000)
 ParOldGen       total 68608K, used 47863K [0x0000000080000000, 0x0000000084300000, 0x00000000d5580000)
  object space 68608K, 69% used [0x0000000080000000,0x0000000082ebde80,0x0000000084300000)
 Metaspace       used 65081K, committed 66496K, reserved 1114112K
  class space    used 8201K, committed 8832K, reserved 1048576K
}
Event: 18.010 GC heap before
{Heap before GC invocations=80 (full 3):
 PSYoungGen      total 15360K, used 14976K [0x00000000d5580000, 0x00000000d6580000, 0x0000000100000000)
  eden space 14848K, 100% used [0x00000000d5580000,0x00000000d6400000,0x00000000d6400000)
  from space 512K, 25% used [0x00000000d6500000,0x00000000d6520000,0x00000000d6580000)
  to   space 512K, 0% used [0x00000000d6400000,0x00000000d6400000,0x00000000d6480000)
 ParOldGen       total 68608K, used 47863K [0x0000000080000000, 0x0000000084300000, 0x00000000d5580000)
  object space 68608K, 69% used [0x0000000080000000,0x0000000082ebde80,0x0000000084300000)
 Metaspace       used 65081K, committed 66496K, reserved 1114112K
  class space    used 8201K, committed 8832K, reserved 1048576K
}
Event: 18.012 GC heap after
{Heap after GC invocations=80 (full 3):
 PSYoungGen      total 15360K, used 96K [0x00000000d5580000, 0x00000000d6580000, 0x0000000100000000)
  eden space 14848K, 0% used [0x00000000d5580000,0x00000000d5580000,0x00000000d6400000)
  from space 512K, 18% used [0x00000000d6400000,0x00000000d6418000,0x00000000d6480000)
  to   space 512K, 0% used [0x00000000d6500000,0x00000000d6500000,0x00000000d6580000)
 ParOldGen       total 68608K, used 47863K [0x0000000080000000, 0x0000000084300000, 0x00000000d5580000)
  object space 68608K, 69% used [0x0000000080000000,0x0000000082ebde80,0x0000000084300000)
 Metaspace       used 65081K, committed 66496K, reserved 1114112K
  class space    used 8201K, committed 8832K, reserved 1048576K
}
Event: 18.304 GC heap before
{Heap before GC invocations=81 (full 3):
 PSYoungGen      total 15360K, used 14944K [0x00000000d5580000, 0x00000000d6580000, 0x0000000100000000)
  eden space 14848K, 100% used [0x00000000d5580000,0x00000000d6400000,0x00000000d6400000)
  from space 512K, 18% used [0x00000000d6400000,0x00000000d6418000,0x00000000d6480000)
  to   space 512K, 0% used [0x00000000d6500000,0x00000000d6500000,0x00000000d6580000)
 ParOldGen       total 68608K, used 47863K [0x0000000080000000, 0x0000000084300000, 0x00000000d5580000)
  object space 68608K, 69% used [0x0000000080000000,0x0000000082ebde80,0x0000000084300000)
 Metaspace       used 65117K, committed 66560K, reserved 1114112K
  class space    used 8207K, committed 8832K, reserved 1048576K
}
Event: 18.305 GC heap after
{Heap after GC invocations=81 (full 3):
 PSYoungGen      total 15360K, used 416K [0x00000000d5580000, 0x00000000d6580000, 0x0000000100000000)
  eden space 14848K, 0% used [0x00000000d5580000,0x00000000d5580000,0x00000000d6400000)
  from space 512K, 81% used [0x00000000d6500000,0x00000000d6568000,0x00000000d6580000)
  to   space 512K, 0% used [0x00000000d6400000,0x00000000d6400000,0x00000000d6480000)
 ParOldGen       total 68608K, used 47879K [0x0000000080000000, 0x0000000084300000, 0x00000000d5580000)
  object space 68608K, 69% used [0x0000000080000000,0x0000000082ec1e80,0x0000000084300000)
 Metaspace       used 65117K, committed 66560K, reserved 1114112K
  class space    used 8207K, committed 8832K, reserved 1048576K
}
Event: 18.325 GC heap before
{Heap before GC invocations=82 (full 3):
 PSYoungGen      total 15360K, used 15264K [0x00000000d5580000, 0x00000000d6580000, 0x0000000100000000)
  eden space 14848K, 100% used [0x00000000d5580000,0x00000000d6400000,0x00000000d6400000)
  from space 512K, 81% used [0x00000000d6500000,0x00000000d6568000,0x00000000d6580000)
  to   space 512K, 0% used [0x00000000d6400000,0x00000000d6400000,0x00000000d6480000)
 ParOldGen       total 68608K, used 47879K [0x0000000080000000, 0x0000000084300000, 0x00000000d5580000)
  object space 68608K, 69% used [0x0000000080000000,0x0000000082ec1e80,0x0000000084300000)
 Metaspace       used 65191K, committed 66624K, reserved 1114112K
  class space    used 8214K, committed 8832K, reserved 1048576K
}
Event: 18.326 GC heap after
{Heap after GC invocations=82 (full 3):
 PSYoungGen      total 15360K, used 512K [0x00000000d5580000, 0x00000000d6700000, 0x0000000100000000)
  eden space 14848K, 0% used [0x00000000d5580000,0x00000000d5580000,0x00000000d6400000)
  from space 512K, 100% used [0x00000000d6400000,0x00000000d6480000,0x00000000d6480000)
  to   space 1536K, 0% used [0x00000000d6580000,0x00000000d6580000,0x00000000d6700000)
 ParOldGen       total 68608K, used 48639K [0x0000000080000000, 0x0000000084300000, 0x00000000d5580000)
  object space 68608K, 70% used [0x0000000080000000,0x0000000082f7fe80,0x0000000084300000)
 Metaspace       used 65191K, committed 66624K, reserved 1114112K
  class space    used 8214K, committed 8832K, reserved 1048576K
}
Event: 18.414 GC heap before
{Heap before GC invocations=83 (full 3):
 PSYoungGen      total 15360K, used 15356K [0x00000000d5580000, 0x00000000d6700000, 0x0000000100000000)
  eden space 14848K, 99% used [0x00000000d5580000,0x00000000d63ff368,0x00000000d6400000)
  from space 512K, 100% used [0x00000000d6400000,0x00000000d6480000,0x00000000d6480000)
  to   space 1536K, 0% used [0x00000000d6580000,0x00000000d6580000,0x00000000d6700000)
 ParOldGen       total 68608K, used 48639K [0x0000000080000000, 0x0000000084300000, 0x00000000d5580000)
  object space 68608K, 70% used [0x0000000080000000,0x0000000082f7fe80,0x0000000084300000)
 Metaspace       used 65691K, committed 67264K, reserved 1114112K
  class space    used 8276K, committed 8960K, reserved 1048576K
}
Event: 18.415 GC heap after
{Heap after GC invocations=83 (full 3):
 PSYoungGen      total 15360K, used 1536K [0x00000000d5580000, 0x00000000d6900000, 0x0000000100000000)
  eden space 13824K, 0% used [0x00000000d5580000,0x00000000d5580000,0x00000000d6300000)
  from space 1536K, 100% used [0x00000000d6580000,0x00000000d6700000,0x00000000d6700000)
  to   space 2560K, 0% used [0x00000000d6300000,0x00000000d6300000,0x00000000d6580000)
 ParOldGen       total 68608K, used 49143K [0x0000000080000000, 0x0000000084300000, 0x00000000d5580000)
  object space 68608K, 71% used [0x0000000080000000,0x0000000082ffde80,0x0000000084300000)
 Metaspace       used 65691K, committed 67264K, reserved 1114112K
  class space    used 8276K, committed 8960K, reserved 1048576K
}
Event: 19.593 GC heap before
{Heap before GC invocations=84 (full 3):
 PSYoungGen      total 15360K, used 15360K [0x00000000d5580000, 0x00000000d6900000, 0x0000000100000000)
  eden space 13824K, 100% used [0x00000000d5580000,0x00000000d6300000,0x00000000d6300000)
  from space 1536K, 100% used [0x00000000d6580000,0x00000000d6700000,0x00000000d6700000)
  to   space 2560K, 0% used [0x00000000d6300000,0x00000000d6300000,0x00000000d6580000)
 ParOldGen       total 68608K, used 49143K [0x0000000080000000, 0x0000000084300000, 0x00000000d5580000)
  object space 68608K, 71% used [0x0000000080000000,0x0000000082ffde80,0x0000000084300000)
 Metaspace       used 66878K, committed 68416K, reserved 1114112K
  class space    used 8374K, committed 9024K, reserved 1048576K
}
Event: 19.595 GC heap after
{Heap after GC invocations=84 (full 3):
 PSYoungGen      total 15872K, used 1609K [0x00000000d5580000, 0x00000000d6700000, 0x0000000100000000)
  eden space 13824K, 0% used [0x00000000d5580000,0x00000000d5580000,0x00000000d6300000)
  from space 2048K, 78% used [0x00000000d6300000,0x00000000d64924b0,0x00000000d6500000)
  to   space 2048K, 0% used [0x00000000d6500000,0x00000000d6500000,0x00000000d6700000)
 ParOldGen       total 68608K, used 50577K [0x0000000080000000, 0x0000000084300000, 0x00000000d5580000)
  object space 68608K, 73% used [0x0000000080000000,0x0000000083164740,0x0000000084300000)
 Metaspace       used 66878K, committed 68416K, reserved 1114112K
  class space    used 8374K, committed 9024K, reserved 1048576K
}
Event: 19.625 GC heap before
{Heap before GC invocations=85 (full 3):
 PSYoungGen      total 15872K, used 15433K [0x00000000d5580000, 0x00000000d6700000, 0x0000000100000000)
  eden space 13824K, 100% used [0x00000000d5580000,0x00000000d6300000,0x00000000d6300000)
  from space 2048K, 78% used [0x00000000d6300000,0x00000000d64924b0,0x00000000d6500000)
  to   space 2048K, 0% used [0x00000000d6500000,0x00000000d6500000,0x00000000d6700000)
 ParOldGen       total 68608K, used 50577K [0x0000000080000000, 0x0000000084300000, 0x00000000d5580000)
  object space 68608K, 73% used [0x0000000080000000,0x0000000083164740,0x0000000084300000)
 Metaspace       used 66893K, committed 68416K, reserved 1114112K
  class space    used 8374K, committed 9024K, reserved 1048576K
}
Event: 19.627 GC heap after
{Heap after GC invocations=85 (full 3):
 PSYoungGen      total 15360K, used 1408K [0x00000000d5580000, 0x00000000d6680000, 0x0000000100000000)
  eden space 13824K, 0% used [0x00000000d5580000,0x00000000d5580000,0x00000000d6300000)
  from space 1536K, 91% used [0x00000000d6500000,0x00000000d6660010,0x00000000d6680000)
  to   space 1536K, 0% used [0x00000000d6380000,0x00000000d6380000,0x00000000d6500000)
 ParOldGen       total 68608K, used 52039K [0x0000000080000000, 0x0000000084300000, 0x00000000d5580000)
  object space 68608K, 75% used [0x0000000080000000,0x00000000832d1f58,0x0000000084300000)
 Metaspace       used 66893K, committed 68416K, reserved 1114112K
  class space    used 8374K, committed 9024K, reserved 1048576K
}
Event: 19.649 GC heap before
{Heap before GC invocations=86 (full 3):
 PSYoungGen      total 15360K, used 15232K [0x00000000d5580000, 0x00000000d6680000, 0x0000000100000000)
  eden space 13824K, 100% used [0x00000000d5580000,0x00000000d6300000,0x00000000d6300000)
  from space 1536K, 91% used [0x00000000d6500000,0x00000000d6660010,0x00000000d6680000)
  to   space 1536K, 0% used [0x00000000d6380000,0x00000000d6380000,0x00000000d6500000)
 ParOldGen       total 68608K, used 52039K [0x0000000080000000, 0x0000000084300000, 0x00000000d5580000)
  object space 68608K, 75% used [0x0000000080000000,0x00000000832d1f58,0x0000000084300000)
 Metaspace       used 66896K, committed 68416K, reserved 1114112K
  class space    used 8374K, committed 9024K, reserved 1048576K
}
Event: 19.651 GC heap after
{Heap after GC invocations=86 (full 3):
 PSYoungGen      total 15360K, used 1472K [0x00000000d5580000, 0x00000000d6600000, 0x0000000100000000)
  eden space 13824K, 0% used [0x00000000d5580000,0x00000000d5580000,0x00000000d6300000)
  from space 1536K, 95% used [0x00000000d6380000,0x00000000d64f0010,0x00000000d6500000)
  to   space 1024K, 0% used [0x00000000d6500000,0x00000000d6500000,0x00000000d6600000)
 ParOldGen       total 68608K, used 53295K [0x0000000080000000, 0x0000000084300000, 0x00000000d5580000)
  object space 68608K, 77% used [0x0000000080000000,0x000000008340bf58,0x0000000084300000)
 Metaspace       used 66896K, committed 68416K, reserved 1114112K
  class space    used 8374K, committed 9024K, reserved 1048576K
}
Event: 19.713 GC heap before
{Heap before GC invocations=87 (full 3):
 PSYoungGen      total 15360K, used 15296K [0x00000000d5580000, 0x00000000d6600000, 0x0000000100000000)
  eden space 13824K, 100% used [0x00000000d5580000,0x00000000d6300000,0x00000000d6300000)
  from space 1536K, 95% used [0x00000000d6380000,0x00000000d64f0010,0x00000000d6500000)
  to   space 1024K, 0% used [0x00000000d6500000,0x00000000d6500000,0x00000000d6600000)
 ParOldGen       total 68608K, used 53295K [0x0000000080000000, 0x0000000084300000, 0x00000000d5580000)
  object space 68608K, 77% used [0x0000000080000000,0x000000008340bf58,0x0000000084300000)
 Metaspace       used 67292K, committed 68800K, reserved 1114112K
  class space    used 8432K, committed 9088K, reserved 1048576K
}
Event: 19.715 GC heap after
{Heap after GC invocations=87 (full 3):
 PSYoungGen      total 13824K, used 994K [0x00000000d5580000, 0x00000000d6900000, 0x0000000100000000)
  eden space 12800K, 0% used [0x00000000d5580000,0x00000000d5580000,0x00000000d6200000)
  from space 1024K, 97% used [0x00000000d6500000,0x00000000d65f8810,0x00000000d6600000)
  to   space 3072K, 0% used [0x00000000d6200000,0x00000000d6200000,0x00000000d6500000)
 ParOldGen       total 68608K, used 55071K [0x0000000080000000, 0x0000000084300000, 0x00000000d5580000)
  object space 68608K, 80% used [0x0000000080000000,0x00000000835c7f68,0x0000000084300000)
 Metaspace       used 67292K, committed 68800K, reserved 1114112K
  class space    used 8432K, committed 9088K, reserved 1048576K
}
Event: 19.734 GC heap before
{Heap before GC invocations=88 (full 3):
 PSYoungGen      total 13824K, used 13794K [0x00000000d5580000, 0x00000000d6900000, 0x0000000100000000)
  eden space 12800K, 100% used [0x00000000d5580000,0x00000000d6200000,0x00000000d6200000)
  from space 1024K, 97% used [0x00000000d6500000,0x00000000d65f8810,0x00000000d6600000)
  to   space 3072K, 0% used [0x00000000d6200000,0x00000000d6200000,0x00000000d6500000)
 ParOldGen       total 68608K, used 55071K [0x0000000080000000, 0x0000000084300000, 0x00000000d5580000)
  object space 68608K, 80% used [0x0000000080000000,0x00000000835c7f68,0x0000000084300000)
 Metaspace       used 67292K, committed 68800K, reserved 1114112K
  class space    used 8432K, committed 9088K, reserved 1048576K
}

