# JRE version: Java(TM) SE Runtime Environment (23.0.1+11) (build 23.0.1+11-39)
# Java VM: Java HotSpot(TM) 64-Bit Server VM (23.0.1+11-39, mixed mode, sharing, tiered, compressed oops, compressed class ptrs, g1 gc, windows-amd64)
GC Precious Log:
 CardTable entry size: 512
 Card Set container configuration: InlinePtr #cards 4 size 8 Array Of Cards #cards 16 size 48 Howl #buckets 8 coarsen threshold 3686 Howl Bitmap #cards 512 size 80 coarsen threshold 460 Card regions per heap region 1 cards per card region 4096
 CPUs: 16 total, 16 available
 Memory: 15613M
 Large Page Support: Disabled
 NUMA Support: Disabled
 Compressed Oops: Enabled (Zero based)
 Heap Region Size: 2M
 Heap Min Capacity: 8M
 Heap Initial Capacity: 244M
 Heap Max Capacity: 3904M
 Pre-touch: Disabled
 Parallel Workers: 13
 Concurrent Workers: 3
 Concurrent Refinement Workers: 13
 Periodic GC: Disabled
Heap:
 garbage-first heap   total reserved 3997696K, committed 811008K, used 538624K [0x000000070c000000, 0x0000000800000000)
  region size 2048K, 15 young (30720K), 15 survivors (30720K)
 Metaspace       used 80947K, committed 81984K, reserved 1179648K
  class space    used 9201K, committed 9664K, reserved 1048576K
GC Heap History (20 events):
Event: 12.012 GC heap after
{Heap after GC invocations=36 (full 0):
 garbage-first heap   total reserved 3997696K, committed 811008K, used 239258K [0x000000070c000000, 0x0000000800000000)
  region size 2048K, 8 young (16384K), 8 survivors (16384K)
 Metaspace       used 78356K, committed 79424K, reserved 1179648K
  class space    used 9061K, committed 9536K, reserved 1048576K
}
Event: 14.132 GC heap before
{Heap before GC invocations=37 (full 0):
 garbage-first heap   total reserved 3997696K, committed 798720K, used 618138K [0x000000070c000000, 0x0000000800000000)
  region size 2048K, 191 young (391168K), 8 survivors (16384K)
 Metaspace       used 78872K, committed 79936K, reserved 1179648K
  class space    used 9061K, committed 9536K, reserved 1048576K
}
Event: 14.165 GC heap after
{Heap after GC invocations=38 (full 0):
 garbage-first heap   total reserved 3997696K, committed 798720K, used 283388K [0x000000070c000000, 0x0000000800000000)
  region size 2048K, 24 young (49152K), 24 survivors (49152K)
 Metaspace       used 78872K, committed 79936K, reserved 1179648K
  class space    used 9061K, committed 9536K, reserved 1048576K
}
Event: 15.602 GC heap before
{Heap before GC invocations=38 (full 0):
 garbage-first heap   total reserved 3997696K, committed 798720K, used 590588K [0x000000070c000000, 0x0000000800000000)
  region size 2048K, 171 young (350208K), 24 survivors (49152K)
 Metaspace       used 79111K, committed 80128K, reserved 1179648K
  class space    used 9066K, committed 9536K, reserved 1048576K
}
Event: 15.651 GC heap after
{Heap after GC invocations=39 (full 0):
 garbage-first heap   total reserved 3997696K, committed 798720K, used 323839K [0x000000070c000000, 0x0000000800000000)
  region size 2048K, 22 young (45056K), 22 survivors (45056K)
 Metaspace       used 79111K, committed 80128K, reserved 1179648K
  class space    used 9066K, committed 9536K, reserved 1048576K
}
Event: 15.696 GC heap before
{Heap before GC invocations=39 (full 0):
 garbage-first heap   total reserved 3997696K, committed 798720K, used 411903K [0x000000070c000000, 0x0000000800000000)
  region size 2048K, 66 young (135168K), 22 survivors (45056K)
 Metaspace       used 79111K, committed 80128K, reserved 1179648K
  class space    used 9066K, committed 9536K, reserved 1048576K
}
Event: 15.718 GC heap after
{Heap after GC invocations=40 (full 0):
 garbage-first heap   total reserved 3997696K, committed 798720K, used 338782K [0x000000070c000000, 0x0000000800000000)
  region size 2048K, 9 young (18432K), 9 survivors (18432K)
 Metaspace       used 79111K, committed 80128K, reserved 1179648K
  class space    used 9066K, committed 9536K, reserved 1048576K
}
Event: 17.078 GC heap before
{Heap before GC invocations=41 (full 0):
 garbage-first heap   total reserved 3997696K, committed 798720K, used 639838K [0x000000070c000000, 0x0000000800000000)
  region size 2048K, 155 young (317440K), 9 survivors (18432K)
 Metaspace       used 79436K, committed 80448K, reserved 1179648K
  class space    used 9074K, committed 9536K, reserved 1048576K
}
Event: 17.100 GC heap after
{Heap after GC invocations=42 (full 0):
 garbage-first heap   total reserved 3997696K, committed 798720K, used 375020K [0x000000070c000000, 0x0000000800000000)
  region size 2048K, 20 young (40960K), 20 survivors (40960K)
 Metaspace       used 79436K, committed 80448K, reserved 1179648K
  class space    used 9074K, committed 9536K, reserved 1048576K
}
Event: 17.656 GC heap before
{Heap before GC invocations=42 (full 0):
 garbage-first heap   total reserved 3997696K, committed 798720K, used 671980K [0x000000070c000000, 0x0000000800000000)
  region size 2048K, 160 young (327680K), 20 survivors (40960K)
 Metaspace       used 79627K, committed 80704K, reserved 1179648K
  class space    used 9090K, committed 9600K, reserved 1048576K
}
Event: 17.695 GC heap after
{Heap after GC invocations=43 (full 0):
 garbage-first heap   total reserved 3997696K, committed 798720K, used 413696K [0x000000070c000000, 0x0000000800000000)
  region size 2048K, 20 young (40960K), 20 survivors (40960K)
 Metaspace       used 79627K, committed 80704K, reserved 1179648K
  class space    used 9090K, committed 9600K, reserved 1048576K
}
Event: 17.822 GC heap before
{Heap before GC invocations=43 (full 0):
 garbage-first heap   total reserved 3997696K, committed 798720K, used 471040K [0x000000070c000000, 0x0000000800000000)
  region size 2048K, 49 young (100352K), 20 survivors (40960K)
 Metaspace       used 79698K, committed 80768K, reserved 1179648K
  class space    used 9090K, committed 9600K, reserved 1048576K
}
Event: 17.840 GC heap after
{Heap after GC invocations=44 (full 0):
 garbage-first heap   total reserved 3997696K, committed 798720K, used 420593K [0x000000070c000000, 0x0000000800000000)
  region size 2048K, 5 young (10240K), 5 survivors (10240K)
 Metaspace       used 79698K, committed 80768K, reserved 1179648K
  class space    used 9090K, committed 9600K, reserved 1048576K
}
Event: 18.301 GC heap before
{Heap before GC invocations=45 (full 0):
 garbage-first heap   total reserved 3997696K, committed 798720K, used 682737K [0x000000070c000000, 0x0000000800000000)
  region size 2048K, 128 young (262144K), 5 survivors (10240K)
 Metaspace       used 79968K, committed 81024K, reserved 1179648K
  class space    used 9092K, committed 9600K, reserved 1048576K
}
Event: 18.316 GC heap after
{Heap after GC invocations=46 (full 0):
 garbage-first heap   total reserved 3997696K, committed 798720K, used 448126K [0x000000070c000000, 0x0000000800000000)
  region size 2048K, 16 young (32768K), 16 survivors (32768K)
 Metaspace       used 79968K, committed 81024K, reserved 1179648K
  class space    used 9092K, committed 9600K, reserved 1048576K
}
Event: 18.495 GC heap before
{Heap before GC invocations=46 (full 0):
 garbage-first heap   total reserved 3997696K, committed 798720K, used 689790K [0x000000070c000000, 0x0000000800000000)
  region size 2048K, 134 young (274432K), 16 survivors (32768K)
 Metaspace       used 80011K, committed 81088K, reserved 1179648K
  class space    used 9095K, committed 9600K, reserved 1048576K
}
Event: 18.520 GC heap after
{Heap after GC invocations=47 (full 0):
 garbage-first heap   total reserved 3997696K, committed 798720K, used 478137K [0x000000070c000000, 0x0000000800000000)
  region size 2048K, 14 young (28672K), 14 survivors (28672K)
 Metaspace       used 80011K, committed 81088K, reserved 1179648K
  class space    used 9095K, committed 9600K, reserved 1048576K
}
Event: 18.980 GC heap before
{Heap before GC invocations=47 (full 0):
 garbage-first heap   total reserved 3997696K, committed 798720K, used 705465K [0x000000070c000000, 0x0000000800000000)
  region size 2048K, 125 young (256000K), 14 survivors (28672K)
 Metaspace       used 80938K, committed 81984K, reserved 1179648K
  class space    used 9201K, committed 9664K, reserved 1048576K
}
Event: 19.007 GC heap after
{Heap after GC invocations=48 (full 0):
 garbage-first heap   total reserved 3997696K, committed 798720K, used 504604K [0x000000070c000000, 0x0000000800000000)
  region size 2048K, 15 young (30720K), 15 survivors (30720K)
 Metaspace       used 80938K, committed 81984K, reserved 1179648K
  class space    used 9201K, committed 9664K, reserved 1048576K
}
Event: 19.391 GC heap before
{Heap before GC invocations=48 (full 0):
 garbage-first heap   total reserved 3997696K, committed 798720K, used 717596K [0x000000070c000000, 0x0000000800000000)
  region size 2048K, 119 young (243712K), 15 survivors (30720K)
 Metaspace       used 80947K, committed 81984K, reserved 1179648K
  class space    used 9201K, committed 9664K, reserved 1048576K
}

