# JRE version: Java(TM) SE Runtime Environment (23.0.1+11) (build 23.0.1+11-39)
# Java VM: Java HotSpot(TM) 64-Bit Server VM (23.0.1+11-39, mixed mode, sharing, tiered, compressed oops, compressed class ptrs, g1 gc, windows-amd64)
GC Precious Log:
 CardTable entry size: 512
 Card Set container configuration: InlinePtr #cards 5 size 8 Array Of Cards #cards 10 size 36 Howl #buckets 4 coarsen threshold 1843 Howl Bitmap #cards 512 size 80 coarsen threshold 460 Card regions per heap region 1 cards per card region 2048
 CPUs: 16 total, 16 available
 Memory: 15613M
 Large Page Support: Disabled
 NUMA Support: Disabled
 Compressed Oops: Enabled (32-bit)
 Heap Region Size: 1M
 Heap Min Capacity: 8M
 Heap Initial Capacity: 244M
 Heap Max Capacity: 2G
 Pre-touch: Disabled
 Parallel Workers: 13
 Concurrent Workers: 3
 Concurrent Refinement Workers: 13
 Periodic GC: Disabled
Heap:
 garbage-first heap   total reserved 2097152K, committed 135168K, used 82218K [0x0000000080000000, 0x0000000100000000)
  region size 1024K, 5 young (5120K), 3 survivors (3072K)
 Metaspace       used 69163K, committed 71232K, reserved 1114112K
  class space    used 9753K, committed 10688K, reserved 1048576K
GC Heap History (20 events):
Event: 9.321 GC heap before
{Heap before GC invocations=16 (full 0):
 garbage-first heap   total reserved 2097152K, committed 94208K, used 74788K [0x0000000080000000, 0x0000000100000000)
  region size 1024K, 30 young (30720K), 3 survivors (3072K)
 Metaspace       used 58954K, committed 60736K, reserved 1114112K
  class space    used 8562K, committed 9408K, reserved 1048576K
}
Event: 9.326 GC heap after
{Heap after GC invocations=17 (full 0):
 garbage-first heap   total reserved 2097152K, committed 94208K, used 52917K [0x0000000080000000, 0x0000000100000000)
  region size 1024K, 5 young (5120K), 5 survivors (5120K)
 Metaspace       used 58954K, committed 60736K, reserved 1114112K
  class space    used 8562K, committed 9408K, reserved 1048576K
}
Event: 9.615 GC heap before
{Heap before GC invocations=18 (full 0):
 garbage-first heap   total reserved 2097152K, committed 94208K, used 81589K [0x0000000080000000, 0x0000000100000000)
  region size 1024K, 34 young (34816K), 5 survivors (5120K)
 Metaspace       used 59448K, committed 61312K, reserved 1114112K
  class space    used 8640K, committed 9536K, reserved 1048576K
}
Event: 9.621 GC heap after
{Heap after GC invocations=19 (full 0):
 garbage-first heap   total reserved 2097152K, committed 94208K, used 56190K [0x0000000080000000, 0x0000000100000000)
  region size 1024K, 4 young (4096K), 4 survivors (4096K)
 Metaspace       used 59448K, committed 61312K, reserved 1114112K
  class space    used 8640K, committed 9536K, reserved 1048576K
}
Event: 9.897 GC heap before
{Heap before GC invocations=19 (full 0):
 garbage-first heap   total reserved 2097152K, committed 94208K, used 81790K [0x0000000080000000, 0x0000000100000000)
  region size 1024K, 30 young (30720K), 4 survivors (4096K)
 Metaspace       used 59750K, committed 61632K, reserved 1114112K
  class space    used 8665K, committed 9536K, reserved 1048576K
}
Event: 9.901 GC heap after
{Heap after GC invocations=20 (full 0):
 garbage-first heap   total reserved 2097152K, committed 94208K, used 56102K [0x0000000080000000, 0x0000000100000000)
  region size 1024K, 3 young (3072K), 3 survivors (3072K)
 Metaspace       used 59750K, committed 61632K, reserved 1114112K
  class space    used 8665K, committed 9536K, reserved 1048576K
}
Event: 10.070 GC heap before
{Heap before GC invocations=20 (full 0):
 garbage-first heap   total reserved 2097152K, committed 94208K, used 83750K [0x0000000080000000, 0x0000000100000000)
  region size 1024K, 31 young (31744K), 3 survivors (3072K)
 Metaspace       used 59933K, committed 61824K, reserved 1114112K
  class space    used 8665K, committed 9536K, reserved 1048576K
}
Event: 10.073 GC heap after
{Heap after GC invocations=21 (full 0):
 garbage-first heap   total reserved 2097152K, committed 94208K, used 56958K [0x0000000080000000, 0x0000000100000000)
  region size 1024K, 3 young (3072K), 3 survivors (3072K)
 Metaspace       used 59933K, committed 61824K, reserved 1114112K
  class space    used 8665K, committed 9536K, reserved 1048576K
}
Event: 10.190 GC heap before
{Heap before GC invocations=22 (full 0):
 garbage-first heap   total reserved 2097152K, committed 96256K, used 83582K [0x0000000080000000, 0x0000000100000000)
  region size 1024K, 30 young (30720K), 3 survivors (3072K)
 Metaspace       used 59940K, committed 61824K, reserved 1114112K
  class space    used 8665K, committed 9536K, reserved 1048576K
}
Event: 10.192 GC heap after
{Heap after GC invocations=23 (full 0):
 garbage-first heap   total reserved 2097152K, committed 96256K, used 57287K [0x0000000080000000, 0x0000000100000000)
  region size 1024K, 3 young (3072K), 3 survivors (3072K)
 Metaspace       used 59940K, committed 61824K, reserved 1114112K
  class space    used 8665K, committed 9536K, reserved 1048576K
}
Event: 10.283 GC heap before
{Heap before GC invocations=23 (full 0):
 garbage-first heap   total reserved 2097152K, committed 96256K, used 85959K [0x0000000080000000, 0x0000000100000000)
  region size 1024K, 31 young (31744K), 3 survivors (3072K)
 Metaspace       used 59944K, committed 61824K, reserved 1114112K
  class space    used 8665K, committed 9536K, reserved 1048576K
}
Event: 10.285 GC heap after
{Heap after GC invocations=24 (full 0):
 garbage-first heap   total reserved 2097152K, committed 96256K, used 56941K [0x0000000080000000, 0x0000000100000000)
  region size 1024K, 3 young (3072K), 3 survivors (3072K)
 Metaspace       used 59944K, committed 61824K, reserved 1114112K
  class space    used 8665K, committed 9536K, reserved 1048576K
}
Event: 10.361 GC heap before
{Heap before GC invocations=24 (full 0):
 garbage-first heap   total reserved 2097152K, committed 96256K, used 85613K [0x0000000080000000, 0x0000000100000000)
  region size 1024K, 32 young (32768K), 3 survivors (3072K)
 Metaspace       used 59948K, committed 61824K, reserved 1114112K
  class space    used 8665K, committed 9536K, reserved 1048576K
}
Event: 10.364 GC heap after
{Heap after GC invocations=25 (full 0):
 garbage-first heap   total reserved 2097152K, committed 115712K, used 57442K [0x0000000080000000, 0x0000000100000000)
  region size 1024K, 3 young (3072K), 3 survivors (3072K)
 Metaspace       used 59948K, committed 61824K, reserved 1114112K
  class space    used 8665K, committed 9536K, reserved 1048576K
}
Event: 10.740 GC heap before
{Heap before GC invocations=26 (full 0):
 garbage-first heap   total reserved 2097152K, committed 115712K, used 109666K [0x0000000080000000, 0x0000000100000000)
  region size 1024K, 48 young (49152K), 3 survivors (3072K)
 Metaspace       used 60571K, committed 62528K, reserved 1114112K
  class space    used 8746K, committed 9664K, reserved 1048576K
}
Event: 10.744 GC heap after
{Heap after GC invocations=27 (full 0):
 garbage-first heap   total reserved 2097152K, committed 117760K, used 68034K [0x0000000080000000, 0x0000000100000000)
  region size 1024K, 6 young (6144K), 6 survivors (6144K)
 Metaspace       used 60571K, committed 62528K, reserved 1114112K
  class space    used 8746K, committed 9664K, reserved 1048576K
}
Event: 11.240 GC heap before
{Heap before GC invocations=27 (full 0):
 garbage-first heap   total reserved 2097152K, committed 117760K, used 107970K [0x0000000080000000, 0x0000000100000000)
  region size 1024K, 41 young (41984K), 6 survivors (6144K)
 Metaspace       used 62993K, committed 64960K, reserved 1114112K
  class space    used 9047K, committed 9984K, reserved 1048576K
}
Event: 11.244 GC heap after
{Heap after GC invocations=28 (full 0):
 garbage-first heap   total reserved 2097152K, committed 121856K, used 77344K [0x0000000080000000, 0x0000000100000000)
  region size 1024K, 5 young (5120K), 5 survivors (5120K)
 Metaspace       used 62993K, committed 64960K, reserved 1114112K
  class space    used 9047K, committed 9984K, reserved 1048576K
}
Event: 11.468 GC heap before
{Heap before GC invocations=28 (full 0):
 garbage-first heap   total reserved 2097152K, committed 121856K, used 97824K [0x0000000080000000, 0x0000000100000000)
  region size 1024K, 27 young (27648K), 5 survivors (5120K)
 Metaspace       used 65206K, committed 67264K, reserved 1114112K
  class space    used 9265K, committed 10240K, reserved 1048576K
}
Event: 11.470 GC heap after
{Heap after GC invocations=29 (full 0):
 garbage-first heap   total reserved 2097152K, committed 121856K, used 78058K [0x0000000080000000, 0x0000000100000000)
  region size 1024K, 1 young (1024K), 1 survivors (1024K)
 Metaspace       used 65206K, committed 67264K, reserved 1114112K
  class space    used 9265K, committed 10240K, reserved 1048576K
}

