# JRE version: Java(TM) SE Runtime Environment (23.0.1+11) (build 23.0.1+11-39)
# Java VM: Java HotSpot(TM) 64-Bit Server VM (23.0.1+11-39, mixed mode, sharing, tiered, compressed oops, compressed class ptrs, g1 gc, windows-amd64)
GC Precious Log:
 CardTable entry size: 512
 Card Set container configuration: InlinePtr #cards 4 size 8 Array Of Cards #cards 16 size 48 Howl #buckets 8 coarsen threshold 3686 Howl Bitmap #cards 512 size 80 coarsen threshold 460 Card regions per heap region 1 cards per card region 4096
 CPUs: 16 total, 16 available
 Memory: 14077M
 Large Page Support: Disabled
 NUMA Support: Disabled
 Compressed Oops: Enabled (Zero based)
 Heap Region Size: 2M
 Heap Min Capacity: 8M
 Heap Initial Capacity: 220M
 Heap Max Capacity: 3520M
 Pre-touch: Disabled
 Parallel Workers: 13
 Concurrent Workers: 3
 Concurrent Refinement Workers: 13
 Periodic GC: Disabled
Heap:
 garbage-first heap   total reserved 3604480K, committed 583680K, used 320953K [0x0000000724000000, 0x0000000800000000)
  region size 2048K, 29 young (59392K), 9 survivors (18432K)
 Metaspace       used 80161K, committed 81216K, reserved 1179648K
  class space    used 9085K, committed 9600K, reserved 1048576K
GC Heap History (20 events):
Event: 27.960 GC heap before
{Heap before GC invocations=63 (full 0):
 garbage-first heap   total reserved 3604480K, committed 286720K, used 194976K [0x0000000724000000, 0x0000000800000000)
  region size 2048K, 11 young (22528K), 6 survivors (12288K)
 Metaspace       used 78846K, committed 79936K, reserved 1179648K
  class space    used 9061K, committed 9536K, reserved 1048576K
}
Event: 27.964 GC heap after
{Heap after GC invocations=64 (full 0):
 garbage-first heap   total reserved 3604480K, committed 344064K, used 188442K [0x0000000724000000, 0x0000000800000000)
  region size 2048K, 2 young (4096K), 2 survivors (4096K)
 Metaspace       used 78846K, committed 79936K, reserved 1179648K
  class space    used 9061K, committed 9536K, reserved 1048576K
}
Event: 28.136 GC heap before
{Heap before GC invocations=64 (full 0):
 garbage-first heap   total reserved 3604480K, committed 344064K, used 245786K [0x0000000724000000, 0x0000000800000000)
  region size 2048K, 30 young (61440K), 2 survivors (4096K)
 Metaspace       used 79061K, committed 80128K, reserved 1179648K
  class space    used 9066K, committed 9536K, reserved 1048576K
}
Event: 28.140 GC heap after
{Heap after GC invocations=65 (full 0):
 garbage-first heap   total reserved 3604480K, committed 344064K, used 194654K [0x0000000724000000, 0x0000000800000000)
  region size 2048K, 5 young (10240K), 5 survivors (10240K)
 Metaspace       used 79061K, committed 80128K, reserved 1179648K
  class space    used 9066K, committed 9536K, reserved 1048576K
}
Event: 28.459 GC heap before
{Heap before GC invocations=66 (full 0):
 garbage-first heap   total reserved 3604480K, committed 344064K, used 307294K [0x0000000724000000, 0x0000000800000000)
  region size 2048K, 57 young (116736K), 5 survivors (10240K)
 Metaspace       used 79164K, committed 80192K, reserved 1179648K
  class space    used 9071K, committed 9536K, reserved 1048576K
}
Event: 28.465 GC heap after
{Heap after GC invocations=67 (full 0):
 garbage-first heap   total reserved 3604480K, committed 344064K, used 211718K [0x0000000724000000, 0x0000000800000000)
  region size 2048K, 8 young (16384K), 8 survivors (16384K)
 Metaspace       used 79164K, committed 80192K, reserved 1179648K
  class space    used 9071K, committed 9536K, reserved 1048576K
}
Event: 28.836 GC heap before
{Heap before GC invocations=67 (full 0):
 garbage-first heap   total reserved 3604480K, committed 344064K, used 310022K [0x0000000724000000, 0x0000000800000000)
  region size 2048K, 54 young (110592K), 8 survivors (16384K)
 Metaspace       used 79497K, committed 80512K, reserved 1179648K
  class space    used 9073K, committed 9536K, reserved 1048576K
}
Event: 28.846 GC heap after
{Heap after GC invocations=68 (full 0):
 garbage-first heap   total reserved 3604480K, committed 348160K, used 223418K [0x0000000724000000, 0x0000000800000000)
  region size 2048K, 7 young (14336K), 7 survivors (14336K)
 Metaspace       used 79497K, committed 80512K, reserved 1179648K
  class space    used 9073K, committed 9536K, reserved 1048576K
}
Event: 29.335 GC heap before
{Heap before GC invocations=68 (full 0):
 garbage-first heap   total reserved 3604480K, committed 348160K, used 282810K [0x0000000724000000, 0x0000000800000000)
  region size 2048K, 37 young (75776K), 7 survivors (14336K)
 Metaspace       used 79615K, committed 80704K, reserved 1179648K
  class space    used 9082K, committed 9600K, reserved 1048576K
}
Event: 29.341 GC heap after
{Heap after GC invocations=69 (full 0):
 garbage-first heap   total reserved 3604480K, committed 348160K, used 230831K [0x0000000724000000, 0x0000000800000000)
  region size 2048K, 4 young (8192K), 4 survivors (8192K)
 Metaspace       used 79615K, committed 80704K, reserved 1179648K
  class space    used 9082K, committed 9600K, reserved 1048576K
}
Event: 30.086 GC heap before
{Heap before GC invocations=70 (full 0):
 garbage-first heap   total reserved 3604480K, committed 393216K, used 316847K [0x0000000724000000, 0x0000000800000000)
  region size 2048K, 45 young (92160K), 4 survivors (8192K)
 Metaspace       used 79726K, committed 80832K, reserved 1179648K
  class space    used 9082K, committed 9600K, reserved 1048576K
}
Event: 30.093 GC heap after
{Heap after GC invocations=71 (full 0):
 garbage-first heap   total reserved 3604480K, committed 393216K, used 241152K [0x0000000724000000, 0x0000000800000000)
  region size 2048K, 6 young (12288K), 6 survivors (12288K)
 Metaspace       used 79726K, committed 80832K, reserved 1179648K
  class space    used 9082K, committed 9600K, reserved 1048576K
}
Event: 31.117 GC heap before
{Heap before GC invocations=71 (full 0):
 garbage-first heap   total reserved 3604480K, committed 393216K, used 351744K [0x0000000724000000, 0x0000000800000000)
  region size 2048K, 59 young (120832K), 6 survivors (12288K)
 Metaspace       used 79935K, committed 81024K, reserved 1179648K
  class space    used 9085K, committed 9600K, reserved 1048576K
}
Event: 31.128 GC heap after
{Heap after GC invocations=72 (full 0):
 garbage-first heap   total reserved 3604480K, committed 393216K, used 250217K [0x0000000724000000, 0x0000000800000000)
  region size 2048K, 8 young (16384K), 8 survivors (16384K)
 Metaspace       used 79935K, committed 81024K, reserved 1179648K
  class space    used 9085K, committed 9600K, reserved 1048576K
}
Event: 31.236 GC heap before
{Heap before GC invocations=72 (full 0):
 garbage-first heap   total reserved 3604480K, committed 393216K, used 272745K [0x0000000724000000, 0x0000000800000000)
  region size 2048K, 20 young (40960K), 8 survivors (16384K)
 Metaspace       used 79975K, committed 81024K, reserved 1179648K
  class space    used 9085K, committed 9600K, reserved 1048576K
}
Event: 31.241 GC heap after
{Heap after GC invocations=73 (full 0):
 garbage-first heap   total reserved 3604480K, committed 393216K, used 254066K [0x0000000724000000, 0x0000000800000000)
  region size 2048K, 3 young (6144K), 3 survivors (6144K)
 Metaspace       used 79975K, committed 81024K, reserved 1179648K
  class space    used 9085K, committed 9600K, reserved 1048576K
}
Event: 31.553 GC heap before
{Heap before GC invocations=74 (full 0):
 garbage-first heap   total reserved 3604480K, committed 430080K, used 360562K [0x0000000724000000, 0x0000000800000000)
  region size 2048K, 53 young (108544K), 3 survivors (6144K)
 Metaspace       used 80048K, committed 81088K, reserved 1179648K
  class space    used 9085K, committed 9600K, reserved 1048576K
}
Event: 31.558 GC heap after
{Heap after GC invocations=75 (full 0):
 garbage-first heap   total reserved 3604480K, committed 430080K, used 265203K [0x0000000724000000, 0x0000000800000000)
  region size 2048K, 7 young (14336K), 7 survivors (14336K)
 Metaspace       used 80048K, committed 81088K, reserved 1179648K
  class space    used 9085K, committed 9600K, reserved 1048576K
}
Event: 32.108 GC heap before
{Heap before GC invocations=75 (full 0):
 garbage-first heap   total reserved 3604480K, committed 430080K, used 386035K [0x0000000724000000, 0x0000000800000000)
  region size 2048K, 65 young (133120K), 7 survivors (14336K)
 Metaspace       used 80145K, committed 81216K, reserved 1179648K
  class space    used 9085K, committed 9600K, reserved 1048576K
}
Event: 32.121 GC heap after
{Heap after GC invocations=76 (full 0):
 garbage-first heap   total reserved 3604480K, committed 583680K, used 279993K [0x0000000724000000, 0x0000000800000000)
  region size 2048K, 9 young (18432K), 9 survivors (18432K)
 Metaspace       used 80145K, committed 81216K, reserved 1179648K
  class space    used 9085K, committed 9600K, reserved 1048576K
}

