# JRE version: Java(TM) SE Runtime Environment (23.0.1+11) (build 23.0.1+11-39)
# Java VM: Java HotSpot(TM) 64-Bit Server VM (23.0.1+11-39, mixed mode, sharing, tiered, compressed oops, compressed class ptrs, g1 gc, windows-amd64)
GC Precious Log:
 CardTable entry size: 512
 Card Set container configuration: InlinePtr #cards 4 size 8 Array Of Cards #cards 16 size 48 Howl #buckets 8 coarsen threshold 3686 Howl Bitmap #cards 512 size 80 coarsen threshold 460 Card regions per heap region 1 cards per card region 4096
 CPUs: 16 total, 16 available
 Memory: 15613M
 Large Page Support: Disabled
 NUMA Support: Disabled
 Compressed Oops: Enabled (Zero based)
 Heap Region Size: 2M
 Heap Min Capacity: 8M
 Heap Initial Capacity: 244M
 Heap Max Capacity: 3904M
 Pre-touch: Disabled
 Parallel Workers: 13
 Concurrent Workers: 3
 Concurrent Refinement Workers: 13
 Periodic GC: Disabled
Heap:
 garbage-first heap   total reserved 3997696K, committed 747520K, used 660587K [0x000000070c000000, 0x0000000800000000)
  region size 2048K, 92 young (188416K), 12 survivors (24576K)
 Metaspace       used 80929K, committed 81984K, reserved 1179648K
  class space    used 9196K, committed 9664K, reserved 1048576K
GC Heap History (20 events):
Event: 11.903 GC heap before
{Heap before GC invocations=31 (full 0):
 garbage-first heap   total reserved 3997696K, committed 548864K, used 415724K [0x000000070c000000, 0x0000000800000000)
  region size 2048K, 118 young (241664K), 13 survivors (26624K)
 Metaspace       used 78363K, committed 79424K, reserved 1179648K
  class space    used 9055K, committed 9536K, reserved 1048576K
}
Event: 11.925 GC heap after
{Heap after GC invocations=32 (full 0):
 garbage-first heap   total reserved 3997696K, committed 548864K, used 229204K [0x000000070c000000, 0x0000000800000000)
  region size 2048K, 15 young (30720K), 15 survivors (30720K)
 Metaspace       used 78363K, committed 79424K, reserved 1179648K
  class space    used 9055K, committed 9536K, reserved 1048576K
}
Event: 12.676 GC heap before
{Heap before GC invocations=32 (full 0):
 garbage-first heap   total reserved 3997696K, committed 548864K, used 438100K [0x000000070c000000, 0x0000000800000000)
  region size 2048K, 117 young (239616K), 15 survivors (30720K)
 Metaspace       used 78704K, committed 79744K, reserved 1179648K
  class space    used 9055K, committed 9536K, reserved 1048576K
}
Event: 12.700 GC heap after
{Heap after GC invocations=33 (full 0):
 garbage-first heap   total reserved 3997696K, committed 548864K, used 255968K [0x000000070c000000, 0x0000000800000000)
  region size 2048K, 14 young (28672K), 14 survivors (28672K)
 Metaspace       used 78704K, committed 79744K, reserved 1179648K
  class space    used 9055K, committed 9536K, reserved 1048576K
}
Event: 13.499 GC heap before
{Heap before GC invocations=33 (full 0):
 garbage-first heap   total reserved 3997696K, committed 548864K, used 458720K [0x000000070c000000, 0x0000000800000000)
  region size 2048K, 111 young (227328K), 14 survivors (28672K)
 Metaspace       used 78827K, committed 79872K, reserved 1179648K
  class space    used 9055K, committed 9536K, reserved 1048576K
}
Event: 13.520 GC heap after
{Heap after GC invocations=34 (full 0):
 garbage-first heap   total reserved 3997696K, committed 747520K, used 279238K [0x000000070c000000, 0x0000000800000000)
  region size 2048K, 12 young (24576K), 12 survivors (24576K)
 Metaspace       used 78827K, committed 79872K, reserved 1179648K
  class space    used 9055K, committed 9536K, reserved 1048576K
}
Event: 15.422 GC heap before
{Heap before GC invocations=34 (full 0):
 garbage-first heap   total reserved 3997696K, committed 747520K, used 611014K [0x000000070c000000, 0x0000000800000000)
  region size 2048K, 171 young (350208K), 12 survivors (24576K)
 Metaspace       used 79126K, committed 80128K, reserved 1179648K
  class space    used 9061K, committed 9536K, reserved 1048576K
}
Event: 15.464 GC heap after
{Heap after GC invocations=35 (full 0):
 garbage-first heap   total reserved 3997696K, committed 747520K, used 319488K [0x000000070c000000, 0x0000000800000000)
  region size 2048K, 22 young (45056K), 22 survivors (45056K)
 Metaspace       used 79126K, committed 80128K, reserved 1179648K
  class space    used 9061K, committed 9536K, reserved 1048576K
}
Event: 15.748 GC heap before
{Heap before GC invocations=35 (full 0):
 garbage-first heap   total reserved 3997696K, committed 747520K, used 622592K [0x000000070c000000, 0x0000000800000000)
  region size 2048K, 169 young (346112K), 22 survivors (45056K)
 Metaspace       used 79149K, committed 80192K, reserved 1179648K
  class space    used 9061K, committed 9536K, reserved 1048576K
}
Event: 15.789 GC heap after
{Heap after GC invocations=36 (full 0):
 garbage-first heap   total reserved 3997696K, committed 747520K, used 366592K [0x000000070c000000, 0x0000000800000000)
  region size 2048K, 20 young (40960K), 20 survivors (40960K)
 Metaspace       used 79149K, committed 80192K, reserved 1179648K
  class space    used 9061K, committed 9536K, reserved 1048576K
}
Event: 17.025 GC heap before
{Heap before GC invocations=36 (full 0):
 garbage-first heap   total reserved 3997696K, committed 747520K, used 606208K [0x000000070c000000, 0x0000000800000000)
  region size 2048K, 136 young (278528K), 20 survivors (40960K)
 Metaspace       used 79518K, committed 80512K, reserved 1179648K
  class space    used 9069K, committed 9536K, reserved 1048576K
}
Event: 17.055 GC heap after
{Heap after GC invocations=37 (full 0):
 garbage-first heap   total reserved 3997696K, committed 747520K, used 399078K [0x000000070c000000, 0x0000000800000000)
  region size 2048K, 17 young (34816K), 17 survivors (34816K)
 Metaspace       used 79518K, committed 80512K, reserved 1179648K
  class space    used 9069K, committed 9536K, reserved 1048576K
}
Event: 17.879 GC heap before
{Heap before GC invocations=38 (full 0):
 garbage-first heap   total reserved 3997696K, committed 747520K, used 659174K [0x000000070c000000, 0x0000000800000000)
  region size 2048K, 140 young (286720K), 17 survivors (34816K)
 Metaspace       used 79708K, committed 80704K, reserved 1179648K
  class space    used 9083K, committed 9536K, reserved 1048576K
}
Event: 17.907 GC heap after
{Heap after GC invocations=39 (full 0):
 garbage-first heap   total reserved 3997696K, committed 747520K, used 435241K [0x000000070c000000, 0x0000000800000000)
  region size 2048K, 18 young (36864K), 18 survivors (36864K)
 Metaspace       used 79708K, committed 80704K, reserved 1179648K
  class space    used 9083K, committed 9536K, reserved 1048576K
}
Event: 18.259 GC heap before
{Heap before GC invocations=39 (full 0):
 garbage-first heap   total reserved 3997696K, committed 747520K, used 670761K [0x000000070c000000, 0x0000000800000000)
  region size 2048K, 129 young (264192K), 18 survivors (36864K)
 Metaspace       used 79963K, committed 81024K, reserved 1179648K
  class space    used 9085K, committed 9536K, reserved 1048576K
}
Event: 18.282 GC heap after
{Heap after GC invocations=40 (full 0):
 garbage-first heap   total reserved 3997696K, committed 747520K, used 460699K [0x000000070c000000, 0x0000000800000000)
  region size 2048K, 14 young (28672K), 14 survivors (28672K)
 Metaspace       used 79963K, committed 81024K, reserved 1179648K
  class space    used 9085K, committed 9536K, reserved 1048576K
}
Event: 18.451 GC heap before
{Heap before GC invocations=40 (full 0):
 garbage-first heap   total reserved 3997696K, committed 747520K, used 667547K [0x000000070c000000, 0x0000000800000000)
  region size 2048K, 116 young (237568K), 14 survivors (28672K)
 Metaspace       used 80003K, committed 81088K, reserved 1179648K
  class space    used 9088K, committed 9600K, reserved 1048576K
}
Event: 18.472 GC heap after
{Heap after GC invocations=41 (full 0):
 garbage-first heap   total reserved 3997696K, committed 747520K, used 476485K [0x000000070c000000, 0x0000000800000000)
  region size 2048K, 13 young (26624K), 13 survivors (26624K)
 Metaspace       used 80003K, committed 81088K, reserved 1179648K
  class space    used 9088K, committed 9600K, reserved 1048576K
}
Event: 18.847 GC heap before
{Heap before GC invocations=41 (full 0):
 garbage-first heap   total reserved 3997696K, committed 747520K, used 673093K [0x000000070c000000, 0x0000000800000000)
  region size 2048K, 110 young (225280K), 13 survivors (26624K)
 Metaspace       used 80873K, committed 81920K, reserved 1179648K
  class space    used 9195K, committed 9664K, reserved 1048576K
}
Event: 18.869 GC heap after
{Heap after GC invocations=42 (full 0):
 garbage-first heap   total reserved 3997696K, committed 747520K, used 498795K [0x000000070c000000, 0x0000000800000000)
  region size 2048K, 12 young (24576K), 12 survivors (24576K)
 Metaspace       used 80873K, committed 81920K, reserved 1179648K
  class space    used 9195K, committed 9664K, reserved 1048576K
}

