# JRE version: Java(TM) SE Runtime Environment (23.0.1+11) (build 23.0.1+11-39)
# Java VM: Java HotSpot(TM) 64-Bit Server VM (23.0.1+11-39, mixed mode, sharing, tiered, compressed oops, compressed class ptrs, g1 gc, windows-amd64)
GC Precious Log:
 CardTable entry size: 512
 Card Set container configuration: InlinePtr #cards 4 size 8 Array Of Cards #cards 16 size 48 Howl #buckets 8 coarsen threshold 3686 Howl Bitmap #cards 512 size 80 coarsen threshold 460 Card regions per heap region 1 cards per card region 4096
 CPUs: 16 total, 16 available
 Memory: 15613M
 Large Page Support: Disabled
 NUMA Support: Disabled
 Compressed Oops: Enabled (Zero based)
 Heap Region Size: 2M
 Heap Min Capacity: 8M
 Heap Initial Capacity: 244M
 Heap Max Capacity: 3904M
 Pre-touch: Disabled
 Parallel Workers: 13
 Concurrent Workers: 3
 Concurrent Refinement Workers: 13
 Periodic GC: Disabled
Heap:
 garbage-first heap   total reserved 3997696K, committed 149504K, used 99724K [0x000000070c000000, 0x0000000800000000)
  region size 2048K, 14 young (28672K), 4 survivors (8192K)
 Metaspace       used 71724K, committed 72768K, reserved 1114112K
  class space    used 8606K, committed 9088K, reserved 1048576K
GC Heap History (20 events):
Event: 7.285 GC heap before
{Heap before GC invocations=28 (full 0):
 garbage-first heap   total reserved 3997696K, committed 75776K, used 66548K [0x000000070c000000, 0x0000000800000000)
  region size 2048K, 13 young (26624K), 1 survivors (2048K)
 Metaspace       used 56104K, committed 57024K, reserved 1114112K
  class space    used 6888K, committed 7296K, reserved 1048576K
}
Event: 7.287 GC heap after
{Heap after GC invocations=29 (full 0):
 garbage-first heap   total reserved 3997696K, committed 75776K, used 42477K [0x000000070c000000, 0x0000000800000000)
  region size 2048K, 2 young (4096K), 2 survivors (4096K)
 Metaspace       used 56104K, committed 57024K, reserved 1114112K
  class space    used 6888K, committed 7296K, reserved 1048576K
}
Event: 7.899 GC heap before
{Heap before GC invocations=29 (full 0):
 garbage-first heap   total reserved 3997696K, committed 75776K, used 62957K [0x000000070c000000, 0x0000000800000000)
  region size 2048K, 12 young (24576K), 2 survivors (4096K)
 Metaspace       used 58764K, committed 59648K, reserved 1114112K
  class space    used 7155K, committed 7552K, reserved 1048576K
}
Event: 7.901 GC heap after
{Heap after GC invocations=30 (full 0):
 garbage-first heap   total reserved 3997696K, committed 92160K, used 44032K [0x000000070c000000, 0x0000000800000000)
  region size 2048K, 2 young (4096K), 2 survivors (4096K)
 Metaspace       used 58764K, committed 59648K, reserved 1114112K
  class space    used 7155K, committed 7552K, reserved 1048576K
}
Event: 8.384 GC heap before
{Heap before GC invocations=31 (full 0):
 garbage-first heap   total reserved 3997696K, committed 92160K, used 82944K [0x000000070c000000, 0x0000000800000000)
  region size 2048K, 19 young (38912K), 2 survivors (4096K)
 Metaspace       used 60251K, committed 61120K, reserved 1114112K
  class space    used 7283K, committed 7680K, reserved 1048576K
}
Event: 8.387 GC heap after
{Heap after GC invocations=32 (full 0):
 garbage-first heap   total reserved 3997696K, committed 94208K, used 52162K [0x000000070c000000, 0x0000000800000000)
  region size 2048K, 3 young (6144K), 3 survivors (6144K)
 Metaspace       used 60251K, committed 61120K, reserved 1114112K
  class space    used 7283K, committed 7680K, reserved 1048576K
}
Event: 8.488 GC heap before
{Heap before GC invocations=32 (full 0):
 garbage-first heap   total reserved 3997696K, committed 94208K, used 80834K [0x000000070c000000, 0x0000000800000000)
  region size 2048K, 17 young (34816K), 3 survivors (6144K)
 Metaspace       used 60269K, committed 61184K, reserved 1114112K
  class space    used 7284K, committed 7680K, reserved 1048576K
}
Event: 8.492 GC heap after
{Heap after GC invocations=33 (full 0):
 garbage-first heap   total reserved 3997696K, committed 94208K, used 55079K [0x000000070c000000, 0x0000000800000000)
  region size 2048K, 2 young (4096K), 2 survivors (4096K)
 Metaspace       used 60269K, committed 61184K, reserved 1114112K
  class space    used 7284K, committed 7680K, reserved 1048576K
}
Event: 8.607 GC heap before
{Heap before GC invocations=33 (full 0):
 garbage-first heap   total reserved 3997696K, committed 94208K, used 81703K [0x000000070c000000, 0x0000000800000000)
  region size 2048K, 15 young (30720K), 2 survivors (4096K)
 Metaspace       used 60351K, committed 61248K, reserved 1114112K
  class space    used 7284K, committed 7680K, reserved 1048576K
}
Event: 8.609 GC heap after
{Heap after GC invocations=34 (full 0):
 garbage-first heap   total reserved 3997696K, committed 94208K, used 57730K [0x000000070c000000, 0x0000000800000000)
  region size 2048K, 2 young (4096K), 2 survivors (4096K)
 Metaspace       used 60351K, committed 61248K, reserved 1114112K
  class space    used 7284K, committed 7680K, reserved 1048576K
}
Event: 8.638 GC heap before
{Heap before GC invocations=34 (full 0):
 garbage-first heap   total reserved 3997696K, committed 94208K, used 82306K [0x000000070c000000, 0x0000000800000000)
  region size 2048K, 14 young (28672K), 2 survivors (4096K)
 Metaspace       used 60352K, committed 61248K, reserved 1114112K
  class space    used 7284K, committed 7680K, reserved 1048576K
}
Event: 8.641 GC heap after
{Heap after GC invocations=35 (full 0):
 garbage-first heap   total reserved 3997696K, committed 94208K, used 60655K [0x000000070c000000, 0x0000000800000000)
  region size 2048K, 2 young (4096K), 2 survivors (4096K)
 Metaspace       used 60352K, committed 61248K, reserved 1114112K
  class space    used 7284K, committed 7680K, reserved 1048576K
}
Event: 8.689 GC heap before
{Heap before GC invocations=36 (full 0):
 garbage-first heap   total reserved 3997696K, committed 106496K, used 81135K [0x000000070c000000, 0x0000000800000000)
  region size 2048K, 12 young (24576K), 2 survivors (4096K)
 Metaspace       used 60370K, committed 61248K, reserved 1114112K
  class space    used 7284K, committed 7680K, reserved 1048576K
}
Event: 8.692 GC heap after
{Heap after GC invocations=37 (full 0):
 garbage-first heap   total reserved 3997696K, committed 106496K, used 64522K [0x000000070c000000, 0x0000000800000000)
  region size 2048K, 2 young (4096K), 2 survivors (4096K)
 Metaspace       used 60370K, committed 61248K, reserved 1114112K
  class space    used 7284K, committed 7680K, reserved 1048576K
}
Event: 8.797 GC heap before
{Heap before GC invocations=37 (full 0):
 garbage-first heap   total reserved 3997696K, committed 106496K, used 91146K [0x000000070c000000, 0x0000000800000000)
  region size 2048K, 16 young (32768K), 2 survivors (4096K)
 Metaspace       used 60437K, committed 61312K, reserved 1114112K
  class space    used 7294K, committed 7680K, reserved 1048576K
}
Event: 8.801 GC heap after
{Heap after GC invocations=38 (full 0):
 garbage-first heap   total reserved 3997696K, committed 106496K, used 69809K [0x000000070c000000, 0x0000000800000000)
  region size 2048K, 2 young (4096K), 2 survivors (4096K)
 Metaspace       used 60437K, committed 61312K, reserved 1114112K
  class space    used 7294K, committed 7680K, reserved 1048576K
}
Event: 8.899 GC heap before
{Heap before GC invocations=38 (full 0):
 garbage-first heap   total reserved 3997696K, committed 106496K, used 90289K [0x000000070c000000, 0x0000000800000000)
  region size 2048K, 13 young (26624K), 2 survivors (4096K)
 Metaspace       used 60900K, committed 61824K, reserved 1114112K
  class space    used 7351K, committed 7744K, reserved 1048576K
}
Event: 8.902 GC heap after
{Heap after GC invocations=39 (full 0):
 garbage-first heap   total reserved 3997696K, committed 149504K, used 71744K [0x000000070c000000, 0x0000000800000000)
  region size 2048K, 1 young (2048K), 1 survivors (2048K)
 Metaspace       used 60900K, committed 61824K, reserved 1114112K
  class space    used 7351K, committed 7744K, reserved 1048576K
}
Event: 10.599 GC heap before
{Heap before GC invocations=39 (full 0):
 garbage-first heap   total reserved 3997696K, committed 149504K, used 129088K [0x000000070c000000, 0x0000000800000000)
  region size 2048K, 29 young (59392K), 1 survivors (2048K)
 Metaspace       used 69869K, committed 70848K, reserved 1114112K
  class space    used 8385K, committed 8832K, reserved 1048576K
}
Event: 10.604 GC heap after
{Heap after GC invocations=40 (full 0):
 garbage-first heap   total reserved 3997696K, committed 149504K, used 81292K [0x000000070c000000, 0x0000000800000000)
  region size 2048K, 4 young (8192K), 4 survivors (8192K)
 Metaspace       used 69869K, committed 70848K, reserved 1114112K
  class space    used 8385K, committed 8832K, reserved 1048576K
}

