# JRE version: Java(TM) SE Runtime Environment (23.0.1+11) (build 23.0.1+11-39)
# Java VM: Java HotSpot(TM) 64-Bit Server VM (23.0.1+11-39, mixed mode, sharing, tiered, compressed oops, compressed class ptrs, g1 gc, windows-amd64)
GC Precious Log:
 CardTable entry size: 512
 Card Set container configuration: InlinePtr #cards 4 size 8 Array Of Cards #cards 16 size 48 Howl #buckets 8 coarsen threshold 3686 Howl Bitmap #cards 512 size 80 coarsen threshold 460 Card regions per heap region 1 cards per card region 4096
 CPUs: 16 total, 16 available
 Memory: 15613M
 Large Page Support: Disabled
 NUMA Support: Disabled
 Compressed Oops: Enabled (Zero based)
 Heap Region Size: 2M
 Heap Min Capacity: 8M
 Heap Initial Capacity: 244M
 Heap Max Capacity: 3904M
 Pre-touch: Disabled
 Parallel Workers: 13
 Concurrent Workers: 3
 Concurrent Refinement Workers: 13
 Periodic GC: Disabled
Heap:
 garbage-first heap   total reserved 3997696K, committed 772096K, used 479834K [0x000000070c000000, 0x0000000800000000)
  region size 2048K, 11 young (22528K), 11 survivors (22528K)
 Metaspace       used 80793K, committed 81792K, reserved 1179648K
  class space    used 9191K, committed 9664K, reserved 1048576K
GC Heap History (20 events):
Event: 14.037 GC heap after
{Heap after GC invocations=39 (full 0):
 garbage-first heap   total reserved 3997696K, committed 569344K, used 288374K [0x000000070c000000, 0x0000000800000000)
  region size 2048K, 14 young (28672K), 14 survivors (28672K)
 Metaspace       used 78899K, committed 79936K, reserved 1179648K
  class space    used 9054K, committed 9536K, reserved 1048576K
}
Event: 14.477 GC heap before
{Heap before GC invocations=39 (full 0):
 garbage-first heap   total reserved 3997696K, committed 569344K, used 319094K [0x000000070c000000, 0x0000000800000000)
  region size 2048K, 30 young (61440K), 14 survivors (28672K)
 Metaspace       used 78950K, committed 80000K, reserved 1179648K
  class space    used 9054K, committed 9536K, reserved 1048576K
}
Event: 14.489 GC heap after
{Heap after GC invocations=40 (full 0):
 garbage-first heap   total reserved 3997696K, committed 569344K, used 292013K [0x000000070c000000, 0x0000000800000000)
  region size 2048K, 3 young (6144K), 3 survivors (6144K)
 Metaspace       used 78950K, committed 80000K, reserved 1179648K
  class space    used 9054K, committed 9536K, reserved 1048576K
}
Event: 14.831 GC heap before
{Heap before GC invocations=41 (full 0):
 garbage-first heap   total reserved 3997696K, committed 569344K, used 494765K [0x000000070c000000, 0x0000000800000000)
  region size 2048K, 100 young (204800K), 3 survivors (6144K)
 Metaspace       used 78978K, committed 80000K, reserved 1179648K
  class space    used 9054K, committed 9536K, reserved 1048576K
}
Event: 14.844 GC heap after
{Heap after GC invocations=42 (full 0):
 garbage-first heap   total reserved 3997696K, committed 569344K, used 314366K [0x000000070c000000, 0x0000000800000000)
  region size 2048K, 13 young (26624K), 13 survivors (26624K)
 Metaspace       used 78978K, committed 80000K, reserved 1179648K
  class space    used 9054K, committed 9536K, reserved 1048576K
}
Event: 15.398 GC heap before
{Heap before GC invocations=42 (full 0):
 garbage-first heap   total reserved 3997696K, committed 569344K, used 513022K [0x000000070c000000, 0x0000000800000000)
  region size 2048K, 104 young (212992K), 13 survivors (26624K)
 Metaspace       used 79178K, committed 80256K, reserved 1179648K
  class space    used 9063K, committed 9536K, reserved 1048576K
}
Event: 15.422 GC heap after
{Heap after GC invocations=43 (full 0):
 garbage-first heap   total reserved 3997696K, committed 569344K, used 344064K [0x000000070c000000, 0x0000000800000000)
  region size 2048K, 13 young (26624K), 13 survivors (26624K)
 Metaspace       used 79178K, committed 80256K, reserved 1179648K
  class space    used 9063K, committed 9536K, reserved 1048576K
}
Event: 15.802 GC heap before
{Heap before GC invocations=43 (full 0):
 garbage-first heap   total reserved 3997696K, committed 569344K, used 507904K [0x000000070c000000, 0x0000000800000000)
  region size 2048K, 93 young (190464K), 13 survivors (26624K)
 Metaspace       used 79206K, committed 80256K, reserved 1179648K
  class space    used 9063K, committed 9536K, reserved 1048576K
}
Event: 15.826 GC heap after
{Heap after GC invocations=44 (full 0):
 garbage-first heap   total reserved 3997696K, committed 569344K, used 364230K [0x000000070c000000, 0x0000000800000000)
  region size 2048K, 11 young (22528K), 11 survivors (22528K)
 Metaspace       used 79206K, committed 80256K, reserved 1179648K
  class space    used 9063K, committed 9536K, reserved 1048576K
}
Event: 16.614 GC heap before
{Heap before GC invocations=44 (full 0):
 garbage-first heap   total reserved 3997696K, committed 569344K, used 433862K [0x000000070c000000, 0x0000000800000000)
  region size 2048K, 46 young (94208K), 11 survivors (22528K)
 Metaspace       used 79389K, committed 80448K, reserved 1179648K
  class space    used 9066K, committed 9536K, reserved 1048576K
}
Event: 16.629 GC heap after
{Heap after GC invocations=45 (full 0):
 garbage-first heap   total reserved 3997696K, committed 722944K, used 371303K [0x000000070c000000, 0x0000000800000000)
  region size 2048K, 5 young (10240K), 5 survivors (10240K)
 Metaspace       used 79389K, committed 80448K, reserved 1179648K
  class space    used 9066K, committed 9536K, reserved 1048576K
}
Event: 17.451 GC heap before
{Heap before GC invocations=46 (full 0):
 garbage-first heap   total reserved 3997696K, committed 722944K, used 631399K [0x000000070c000000, 0x0000000800000000)
  region size 2048K, 127 young (260096K), 5 survivors (10240K)
 Metaspace       used 79561K, committed 80576K, reserved 1179648K
  class space    used 9080K, committed 9536K, reserved 1048576K
}
Event: 17.472 GC heap after
{Heap after GC invocations=47 (full 0):
 garbage-first heap   total reserved 3997696K, committed 722944K, used 406514K [0x000000070c000000, 0x0000000800000000)
  region size 2048K, 16 young (32768K), 16 survivors (32768K)
 Metaspace       used 79561K, committed 80576K, reserved 1179648K
  class space    used 9080K, committed 9536K, reserved 1048576K
}
Event: 17.966 GC heap before
{Heap before GC invocations=47 (full 0):
 garbage-first heap   total reserved 3997696K, committed 722944K, used 639986K [0x000000070c000000, 0x0000000800000000)
  region size 2048K, 126 young (258048K), 16 survivors (32768K)
 Metaspace       used 79874K, committed 80896K, reserved 1179648K
  class space    used 9082K, committed 9536K, reserved 1048576K
}
Event: 17.994 GC heap after
{Heap after GC invocations=48 (full 0):
 garbage-first heap   total reserved 3997696K, committed 722944K, used 432113K [0x000000070c000000, 0x0000000800000000)
  region size 2048K, 15 young (30720K), 15 survivors (30720K)
 Metaspace       used 79874K, committed 80896K, reserved 1179648K
  class space    used 9082K, committed 9536K, reserved 1048576K
}
Event: 18.060 GC heap before
{Heap before GC invocations=48 (full 0):
 garbage-first heap   total reserved 3997696K, committed 722944K, used 479217K [0x000000070c000000, 0x0000000800000000)
  region size 2048K, 39 young (79872K), 15 survivors (30720K)
 Metaspace       used 79933K, committed 80896K, reserved 1179648K
  class space    used 9084K, committed 9536K, reserved 1048576K
}
Event: 18.073 GC heap after
{Heap after GC invocations=49 (full 0):
 garbage-first heap   total reserved 3997696K, committed 722944K, used 437078K [0x000000070c000000, 0x0000000800000000)
  region size 2048K, 4 young (8192K), 4 survivors (8192K)
 Metaspace       used 79933K, committed 80896K, reserved 1179648K
  class space    used 9084K, committed 9536K, reserved 1048576K
}
Event: 18.218 GC heap before
{Heap before GC invocations=49 (full 0):
 garbage-first heap   total reserved 3997696K, committed 722944K, used 633686K [0x000000070c000000, 0x0000000800000000)
  region size 2048K, 99 young (202752K), 4 survivors (8192K)
 Metaspace       used 79986K, committed 81024K, reserved 1179648K
  class space    used 9087K, committed 9536K, reserved 1048576K
}
Event: 18.232 GC heap after
{Heap after GC invocations=50 (full 0):
 garbage-first heap   total reserved 3997696K, committed 722944K, used 461199K [0x000000070c000000, 0x0000000800000000)
  region size 2048K, 13 young (26624K), 13 survivors (26624K)
 Metaspace       used 79986K, committed 81024K, reserved 1179648K
  class space    used 9087K, committed 9536K, reserved 1048576K
}
Event: 18.572 GC heap before
{Heap before GC invocations=51 (full 0):
 garbage-first heap   total reserved 3997696K, committed 772096K, used 641423K [0x000000070c000000, 0x0000000800000000)
  region size 2048K, 102 young (208896K), 13 survivors (26624K)
 Metaspace       used 80793K, committed 81792K, reserved 1179648K
  class space    used 9191K, committed 9664K, reserved 1048576K
}

