# JRE version: Java(TM) SE Runtime Environment (23.0.1+11) (build 23.0.1+11-39)
# Java VM: Java HotSpot(TM) 64-Bit Server VM (23.0.1+11-39, mixed mode, sharing, tiered, compressed oops, compressed class ptrs, g1 gc, windows-amd64)
GC Precious Log:
 CardTable entry size: 512
 Card Set container configuration: InlinePtr #cards 4 size 8 Array Of Cards #cards 16 size 48 Howl #buckets 8 coarsen threshold 3686 Howl Bitmap #cards 512 size 80 coarsen threshold 460 Card regions per heap region 1 cards per card region 4096
 CPUs: 16 total, 16 available
 Memory: 14077M
 Large Page Support: Disabled
 NUMA Support: Disabled
 Compressed Oops: Enabled (Zero based)
 Heap Region Size: 2M
 Heap Min Capacity: 8M
 Heap Initial Capacity: 220M
 Heap Max Capacity: 3520M
 Pre-touch: Disabled
 Parallel Workers: 13
 Concurrent Workers: 3
 Concurrent Refinement Workers: 13
 Periodic GC: Disabled
Heap:
 garbage-first heap   total reserved 3604480K, committed 409600K, used 249075K [0x0000000724000000, 0x0000000800000000)
  region size 2048K, 9 young (18432K), 5 survivors (10240K)
 Metaspace       used 79808K, committed 80896K, reserved 1179648K
  class space    used 9099K, committed 9600K, reserved 1048576K
GC Heap History (20 events):
Event: 24.631 GC heap before
{Heap before GC invocations=70 (full 0):
 garbage-first heap   total reserved 3604480K, committed 239616K, used 213910K [0x0000000724000000, 0x0000000800000000)
  region size 2048K, 37 young (75776K), 3 survivors (6144K)
 Metaspace       used 77674K, committed 78720K, reserved 1179648K
  class space    used 8995K, committed 9472K, reserved 1048576K
}
Event: 24.639 GC heap after
{Heap after GC invocations=71 (full 0):
 garbage-first heap   total reserved 3604480K, committed 327680K, used 154159K [0x0000000724000000, 0x0000000800000000)
  region size 2048K, 5 young (10240K), 5 survivors (10240K)
 Metaspace       used 77674K, committed 78720K, reserved 1179648K
  class space    used 8995K, committed 9472K, reserved 1048576K
}
Event: 26.979 GC heap before
{Heap before GC invocations=71 (full 0):
 garbage-first heap   total reserved 3604480K, committed 327680K, used 254511K [0x0000000724000000, 0x0000000800000000)
  region size 2048K, 54 young (110592K), 5 survivors (10240K)
 Metaspace       used 78072K, committed 79104K, reserved 1179648K
  class space    used 9002K, committed 9472K, reserved 1048576K
}
Event: 26.986 GC heap after
{Heap after GC invocations=72 (full 0):
 garbage-first heap   total reserved 3604480K, committed 327680K, used 165015K [0x0000000724000000, 0x0000000800000000)
  region size 2048K, 7 young (14336K), 7 survivors (14336K)
 Metaspace       used 78072K, committed 79104K, reserved 1179648K
  class space    used 9002K, committed 9472K, reserved 1048576K
}
Event: 27.877 GC heap before
{Heap before GC invocations=72 (full 0):
 garbage-first heap   total reserved 3604480K, committed 327680K, used 263319K [0x0000000724000000, 0x0000000800000000)
  region size 2048K, 54 young (110592K), 7 survivors (14336K)
 Metaspace       used 78675K, committed 79744K, reserved 1179648K
  class space    used 9077K, committed 9600K, reserved 1048576K
}
Event: 27.886 GC heap after
{Heap after GC invocations=73 (full 0):
 garbage-first heap   total reserved 3604480K, committed 327680K, used 180084K [0x0000000724000000, 0x0000000800000000)
  region size 2048K, 7 young (14336K), 7 survivors (14336K)
 Metaspace       used 78675K, committed 79744K, reserved 1179648K
  class space    used 9077K, committed 9600K, reserved 1048576K
}
Event: 28.016 GC heap before
{Heap before GC invocations=73 (full 0):
 garbage-first heap   total reserved 3604480K, committed 327680K, used 216948K [0x0000000724000000, 0x0000000800000000)
  region size 2048K, 26 young (53248K), 7 survivors (14336K)
 Metaspace       used 78763K, committed 79808K, reserved 1179648K
  class space    used 9078K, committed 9600K, reserved 1048576K
}
Event: 28.021 GC heap after
{Heap after GC invocations=74 (full 0):
 garbage-first heap   total reserved 3604480K, committed 327680K, used 183259K [0x0000000724000000, 0x0000000800000000)
  region size 2048K, 3 young (6144K), 3 survivors (6144K)
 Metaspace       used 78763K, committed 79808K, reserved 1179648K
  class space    used 9078K, committed 9600K, reserved 1048576K
}
Event: 28.341 GC heap before
{Heap before GC invocations=75 (full 0):
 garbage-first heap   total reserved 3604480K, committed 327680K, used 281563K [0x0000000724000000, 0x0000000800000000)
  region size 2048K, 49 young (100352K), 3 survivors (6144K)
 Metaspace       used 79040K, committed 80128K, reserved 1179648K
  class space    used 9079K, committed 9600K, reserved 1048576K
}
Event: 28.346 GC heap after
{Heap after GC invocations=76 (full 0):
 garbage-first heap   total reserved 3604480K, committed 327680K, used 194408K [0x0000000724000000, 0x0000000800000000)
  region size 2048K, 7 young (14336K), 7 survivors (14336K)
 Metaspace       used 79040K, committed 80128K, reserved 1179648K
  class space    used 9079K, committed 9600K, reserved 1048576K
}
Event: 28.653 GC heap before
{Heap before GC invocations=76 (full 0):
 garbage-first heap   total reserved 3604480K, committed 327680K, used 288616K [0x0000000724000000, 0x0000000800000000)
  region size 2048K, 51 young (104448K), 7 survivors (14336K)
 Metaspace       used 79147K, committed 80256K, reserved 1179648K
  class space    used 9089K, committed 9600K, reserved 1048576K
}
Event: 28.663 GC heap after
{Heap after GC invocations=77 (full 0):
 garbage-first heap   total reserved 3604480K, committed 327680K, used 208795K [0x0000000724000000, 0x0000000800000000)
  region size 2048K, 7 young (14336K), 7 survivors (14336K)
 Metaspace       used 79147K, committed 80256K, reserved 1179648K
  class space    used 9089K, committed 9600K, reserved 1048576K
}
Event: 28.733 GC heap before
{Heap before GC invocations=77 (full 0):
 garbage-first heap   total reserved 3604480K, committed 327680K, used 229275K [0x0000000724000000, 0x0000000800000000)
  region size 2048K, 18 young (36864K), 7 survivors (14336K)
 Metaspace       used 79187K, committed 80256K, reserved 1179648K
  class space    used 9089K, committed 9600K, reserved 1048576K
}
Event: 28.737 GC heap after
{Heap after GC invocations=78 (full 0):
 garbage-first heap   total reserved 3604480K, committed 327680K, used 211632K [0x0000000724000000, 0x0000000800000000)
  region size 2048K, 2 young (4096K), 2 survivors (4096K)
 Metaspace       used 79187K, committed 80256K, reserved 1179648K
  class space    used 9089K, committed 9600K, reserved 1048576K
}
Event: 30.244 GC heap before
{Heap before GC invocations=79 (full 0):
 garbage-first heap   total reserved 3604480K, committed 358400K, used 297648K [0x0000000724000000, 0x0000000800000000)
  region size 2048K, 42 young (86016K), 2 survivors (4096K)
 Metaspace       used 79487K, committed 80576K, reserved 1179648K
  class space    used 9090K, committed 9600K, reserved 1048576K
}
Event: 30.249 GC heap after
{Heap after GC invocations=80 (full 0):
 garbage-first heap   total reserved 3604480K, committed 358400K, used 223213K [0x0000000724000000, 0x0000000800000000)
  region size 2048K, 6 young (12288K), 6 survivors (12288K)
 Metaspace       used 79487K, committed 80576K, reserved 1179648K
  class space    used 9090K, committed 9600K, reserved 1048576K
}
Event: 33.922 GC heap before
{Heap before GC invocations=80 (full 0):
 garbage-first heap   total reserved 3604480K, committed 358400K, used 323565K [0x0000000724000000, 0x0000000800000000)
  region size 2048K, 53 young (108544K), 6 survivors (12288K)
 Metaspace       used 79615K, committed 80704K, reserved 1179648K
  class space    used 9098K, committed 9600K, reserved 1048576K
}
Event: 33.934 GC heap after
{Heap after GC invocations=81 (full 0):
 garbage-first heap   total reserved 3604480K, committed 358400K, used 234332K [0x0000000724000000, 0x0000000800000000)
  region size 2048K, 7 young (14336K), 7 survivors (14336K)
 Metaspace       used 79615K, committed 80704K, reserved 1179648K
  class space    used 9098K, committed 9600K, reserved 1048576K
}
Event: 35.977 GC heap before
{Heap before GC invocations=81 (full 0):
 garbage-first heap   total reserved 3604480K, committed 358400K, used 322396K [0x0000000724000000, 0x0000000800000000)
  region size 2048K, 50 young (102400K), 7 survivors (14336K)
 Metaspace       used 79794K, committed 80896K, reserved 1179648K
  class space    used 9098K, committed 9600K, reserved 1048576K
}
Event: 35.986 GC heap after
{Heap after GC invocations=82 (full 0):
 garbage-first heap   total reserved 3604480K, committed 358400K, used 242931K [0x0000000724000000, 0x0000000800000000)
  region size 2048K, 5 young (10240K), 5 survivors (10240K)
 Metaspace       used 79794K, committed 80896K, reserved 1179648K
  class space    used 9098K, committed 9600K, reserved 1048576K
}

