# JRE version: OpenJDK Runtime Environment Temurin-21.0.8+9 (21.0.8+9) (build 21.0.8+9-LTS)
# Java VM: OpenJDK 64-Bit Server VM Temurin-21.0.8+9 (21.0.8+9-LTS, mixed mode, sharing, tiered, compressed oops, compressed class ptrs, parallel gc, windows-amd64)
GC Precious Log:
 CardTable entry size: 512
 CPUs: 16 total, 16 available
 Memory: 14077M
 Large Page Support: Disabled
 NUMA Support: Disabled
 Compressed Oops: Enabled (32-bit)
 Alignments: Space 512K, Generation 512K, Heap 2M
 Heap Min Capacity: 100M
 Heap Initial Capacity: 100M
 Heap Max Capacity: 2G
 Pre-touch: Disabled
 Parallel Workers: 13
Heap:
 PSYoungGen      total 3584K, used 3132K [0x00000000d5580000, 0x00000000d5a00000, 0x0000000100000000)
  eden space 2560K, 100% used [0x00000000d5580000,0x00000000d5800000,0x00000000d5800000)
  from space 1024K, 55% used [0x00000000d5900000,0x00000000d598f188,0x00000000d5a00000)
  to   space 1024K, 64% used [0x00000000d5800000,0x00000000d58a42f0,0x00000000d5900000)
 ParOldGen       total 299008K, used 298583K [0x0000000080000000, 0x0000000092400000, 0x00000000d5580000)
  object space 299008K, 99% used [0x0000000080000000,0x0000000092395fa8,0x0000000092400000)
 Metaspace       used 64174K, committed 65536K, reserved 1114112K
  class space    used 7881K, committed 8448K, reserved 1048576K
GC Heap History (20 events):
Event: 25.326 GC heap after
{Heap after GC invocations=377 (full 3):
 PSYoungGen      total 3584K, used 789K [0x00000000d5580000, 0x00000000d5a00000, 0x0000000100000000)
  eden space 2560K, 0% used [0x00000000d5580000,0x00000000d5580000,0x00000000d5800000)
  from space 1024K, 77% used [0x00000000d5900000,0x00000000d59c55d8,0x00000000d5a00000)
  to   space 1024K, 0% used [0x00000000d5800000,0x00000000d5800000,0x00000000d5900000)
 ParOldGen       total 294400K, used 293898K [0x0000000080000000, 0x0000000091f80000, 0x00000000d5580000)
  object space 294400K, 99% used [0x0000000080000000,0x0000000091f02ad0,0x0000000091f80000)
 Metaspace       used 64174K, committed 65536K, reserved 1114112K
  class space    used 7881K, committed 8448K, reserved 1048576K
}
Event: 25.332 GC heap before
{Heap before GC invocations=378 (full 3):
 PSYoungGen      total 3584K, used 3349K [0x00000000d5580000, 0x00000000d5a00000, 0x0000000100000000)
  eden space 2560K, 100% used [0x00000000d5580000,0x00000000d5800000,0x00000000d5800000)
  from space 1024K, 77% used [0x00000000d5900000,0x00000000d59c55d8,0x00000000d5a00000)
  to   space 1024K, 0% used [0x00000000d5800000,0x00000000d5800000,0x00000000d5900000)
 ParOldGen       total 294400K, used 293898K [0x0000000080000000, 0x0000000091f80000, 0x00000000d5580000)
  object space 294400K, 99% used [0x0000000080000000,0x0000000091f02ad0,0x0000000091f80000)
 Metaspace       used 64174K, committed 65536K, reserved 1114112K
  class space    used 7881K, committed 8448K, reserved 1048576K
}
Event: 25.334 GC heap after
{Heap after GC invocations=378 (full 3):
 PSYoungGen      total 3584K, used 878K [0x00000000d5580000, 0x00000000d5a00000, 0x0000000100000000)
  eden space 2560K, 0% used [0x00000000d5580000,0x00000000d5580000,0x00000000d5800000)
  from space 1024K, 85% used [0x00000000d5800000,0x00000000d58dbba0,0x00000000d5900000)
  to   space 1024K, 0% used [0x00000000d5900000,0x00000000d5900000,0x00000000d5a00000)
 ParOldGen       total 294912K, used 294484K [0x0000000080000000, 0x0000000092000000, 0x00000000d5580000)
  object space 294912K, 99% used [0x0000000080000000,0x0000000091f95050,0x0000000092000000)
 Metaspace       used 64174K, committed 65536K, reserved 1114112K
  class space    used 7881K, committed 8448K, reserved 1048576K
}
Event: 25.339 GC heap before
{Heap before GC invocations=379 (full 3):
 PSYoungGen      total 3584K, used 3438K [0x00000000d5580000, 0x00000000d5a00000, 0x0000000100000000)
  eden space 2560K, 100% used [0x00000000d5580000,0x00000000d5800000,0x00000000d5800000)
  from space 1024K, 85% used [0x00000000d5800000,0x00000000d58dbba0,0x00000000d5900000)
  to   space 1024K, 0% used [0x00000000d5900000,0x00000000d5900000,0x00000000d5a00000)
 ParOldGen       total 294912K, used 294484K [0x0000000080000000, 0x0000000092000000, 0x00000000d5580000)
  object space 294912K, 99% used [0x0000000080000000,0x0000000091f95050,0x0000000092000000)
 Metaspace       used 64174K, committed 65536K, reserved 1114112K
  class space    used 7881K, committed 8448K, reserved 1048576K
}
Event: 25.340 GC heap after
{Heap after GC invocations=379 (full 3):
 PSYoungGen      total 3584K, used 555K [0x00000000d5580000, 0x00000000d5a00000, 0x0000000100000000)
  eden space 2560K, 0% used [0x00000000d5580000,0x00000000d5580000,0x00000000d5800000)
  from space 1024K, 54% used [0x00000000d5900000,0x00000000d598af60,0x00000000d5a00000)
  to   space 1024K, 0% used [0x00000000d5800000,0x00000000d5800000,0x00000000d5900000)
 ParOldGen       total 295424K, used 295205K [0x0000000080000000, 0x0000000092080000, 0x00000000d5580000)
  object space 295424K, 99% used [0x0000000080000000,0x0000000092049758,0x0000000092080000)
 Metaspace       used 64174K, committed 65536K, reserved 1114112K
  class space    used 7881K, committed 8448K, reserved 1048576K
}
Event: 25.346 GC heap before
{Heap before GC invocations=380 (full 3):
 PSYoungGen      total 3584K, used 3115K [0x00000000d5580000, 0x00000000d5a00000, 0x0000000100000000)
  eden space 2560K, 100% used [0x00000000d5580000,0x00000000d5800000,0x00000000d5800000)
  from space 1024K, 54% used [0x00000000d5900000,0x00000000d598af60,0x00000000d5a00000)
  to   space 1024K, 0% used [0x00000000d5800000,0x00000000d5800000,0x00000000d5900000)
 ParOldGen       total 295424K, used 295205K [0x0000000080000000, 0x0000000092080000, 0x00000000d5580000)
  object space 295424K, 99% used [0x0000000080000000,0x0000000092049758,0x0000000092080000)
 Metaspace       used 64174K, committed 65536K, reserved 1114112K
  class space    used 7881K, committed 8448K, reserved 1048576K
}
Event: 25.347 GC heap after
{Heap after GC invocations=380 (full 3):
 PSYoungGen      total 3584K, used 796K [0x00000000d5580000, 0x00000000d5a00000, 0x0000000100000000)
  eden space 2560K, 0% used [0x00000000d5580000,0x00000000d5580000,0x00000000d5800000)
  from space 1024K, 77% used [0x00000000d5800000,0x00000000d58c70e0,0x00000000d5900000)
  to   space 1024K, 0% used [0x00000000d5900000,0x00000000d5900000,0x00000000d5a00000)
 ParOldGen       total 295936K, used 295635K [0x0000000080000000, 0x0000000092100000, 0x00000000d5580000)
  object space 295936K, 99% used [0x0000000080000000,0x00000000920b4e48,0x0000000092100000)
 Metaspace       used 64174K, committed 65536K, reserved 1114112K
  class space    used 7881K, committed 8448K, reserved 1048576K
}
Event: 25.352 GC heap before
{Heap before GC invocations=381 (full 3):
 PSYoungGen      total 3584K, used 3356K [0x00000000d5580000, 0x00000000d5a00000, 0x0000000100000000)
  eden space 2560K, 100% used [0x00000000d5580000,0x00000000d5800000,0x00000000d5800000)
  from space 1024K, 77% used [0x00000000d5800000,0x00000000d58c70e0,0x00000000d5900000)
  to   space 1024K, 0% used [0x00000000d5900000,0x00000000d5900000,0x00000000d5a00000)
 ParOldGen       total 295936K, used 295635K [0x0000000080000000, 0x0000000092100000, 0x00000000d5580000)
  object space 295936K, 99% used [0x0000000080000000,0x00000000920b4e48,0x0000000092100000)
 Metaspace       used 64174K, committed 65536K, reserved 1114112K
  class space    used 7881K, committed 8448K, reserved 1048576K
}
Event: 25.354 GC heap after
{Heap after GC invocations=381 (full 3):
 PSYoungGen      total 3584K, used 639K [0x00000000d5580000, 0x00000000d5a00000, 0x0000000100000000)
  eden space 2560K, 0% used [0x00000000d5580000,0x00000000d5580000,0x00000000d5800000)
  from space 1024K, 62% used [0x00000000d5900000,0x00000000d599ffc0,0x00000000d5a00000)
  to   space 1024K, 0% used [0x00000000d5800000,0x00000000d5800000,0x00000000d5900000)
 ParOldGen       total 296448K, used 296105K [0x0000000080000000, 0x0000000092180000, 0x00000000d5580000)
  object space 296448K, 99% used [0x0000000080000000,0x000000009212a7e8,0x0000000092180000)
 Metaspace       used 64174K, committed 65536K, reserved 1114112K
  class space    used 7881K, committed 8448K, reserved 1048576K
}
Event: 25.359 GC heap before
{Heap before GC invocations=382 (full 3):
 PSYoungGen      total 3584K, used 3199K [0x00000000d5580000, 0x00000000d5a00000, 0x0000000100000000)
  eden space 2560K, 100% used [0x00000000d5580000,0x00000000d5800000,0x00000000d5800000)
  from space 1024K, 62% used [0x00000000d5900000,0x00000000d599ffc0,0x00000000d5a00000)
  to   space 1024K, 0% used [0x00000000d5800000,0x00000000d5800000,0x00000000d5900000)
 ParOldGen       total 296448K, used 296105K [0x0000000080000000, 0x0000000092180000, 0x00000000d5580000)
  object space 296448K, 99% used [0x0000000080000000,0x000000009212a7e8,0x0000000092180000)
 Metaspace       used 64174K, committed 65536K, reserved 1114112K
  class space    used 7881K, committed 8448K, reserved 1048576K
}
Event: 25.360 GC heap after
{Heap after GC invocations=382 (full 3):
 PSYoungGen      total 3584K, used 761K [0x00000000d5580000, 0x00000000d5a00000, 0x0000000100000000)
  eden space 2560K, 0% used [0x00000000d5580000,0x00000000d5580000,0x00000000d5800000)
  from space 1024K, 74% used [0x00000000d5800000,0x00000000d58be4e8,0x00000000d5900000)
  to   space 1024K, 0% used [0x00000000d5900000,0x00000000d5900000,0x00000000d5a00000)
 ParOldGen       total 296960K, used 296626K [0x0000000080000000, 0x0000000092200000, 0x00000000d5580000)
  object space 296960K, 99% used [0x0000000080000000,0x00000000921acaa8,0x0000000092200000)
 Metaspace       used 64174K, committed 65536K, reserved 1114112K
  class space    used 7881K, committed 8448K, reserved 1048576K
}
Event: 25.365 GC heap before
{Heap before GC invocations=383 (full 3):
 PSYoungGen      total 3584K, used 3318K [0x00000000d5580000, 0x00000000d5a00000, 0x0000000100000000)
  eden space 2560K, 99% used [0x00000000d5580000,0x00000000d57ff390,0x00000000d5800000)
  from space 1024K, 74% used [0x00000000d5800000,0x00000000d58be4e8,0x00000000d5900000)
  to   space 1024K, 0% used [0x00000000d5900000,0x00000000d5900000,0x00000000d5a00000)
 ParOldGen       total 296960K, used 296626K [0x0000000080000000, 0x0000000092200000, 0x00000000d5580000)
  object space 296960K, 99% used [0x0000000080000000,0x00000000921acaa8,0x0000000092200000)
 Metaspace       used 64174K, committed 65536K, reserved 1114112K
  class space    used 7881K, committed 8448K, reserved 1048576K
}
Event: 25.367 GC heap after
{Heap after GC invocations=383 (full 3):
 PSYoungGen      total 3584K, used 975K [0x00000000d5580000, 0x00000000d5a00000, 0x0000000100000000)
  eden space 2560K, 0% used [0x00000000d5580000,0x00000000d5580000,0x00000000d5800000)
  from space 1024K, 95% used [0x00000000d5900000,0x00000000d59f3eb0,0x00000000d5a00000)
  to   space 1024K, 0% used [0x00000000d5800000,0x00000000d5800000,0x00000000d5900000)
 ParOldGen       total 297472K, used 297190K [0x0000000080000000, 0x0000000092280000, 0x00000000d5580000)
  object space 297472K, 99% used [0x0000000080000000,0x00000000922398d0,0x0000000092280000)
 Metaspace       used 64174K, committed 65536K, reserved 1114112K
  class space    used 7881K, committed 8448K, reserved 1048576K
}
Event: 25.372 GC heap before
{Heap before GC invocations=384 (full 3):
 PSYoungGen      total 3584K, used 3535K [0x00000000d5580000, 0x00000000d5a00000, 0x0000000100000000)
  eden space 2560K, 100% used [0x00000000d5580000,0x00000000d5800000,0x00000000d5800000)
  from space 1024K, 95% used [0x00000000d5900000,0x00000000d59f3eb0,0x00000000d5a00000)
  to   space 1024K, 0% used [0x00000000d5800000,0x00000000d5800000,0x00000000d5900000)
 ParOldGen       total 297472K, used 297190K [0x0000000080000000, 0x0000000092280000, 0x00000000d5580000)
  object space 297472K, 99% used [0x0000000080000000,0x00000000922398d0,0x0000000092280000)
 Metaspace       used 64174K, committed 65536K, reserved 1114112K
  class space    used 7881K, committed 8448K, reserved 1048576K
}
Event: 25.374 GC heap after
{Heap after GC invocations=384 (full 3):
 PSYoungGen      total 3584K, used 565K [0x00000000d5580000, 0x00000000d5a00000, 0x0000000100000000)
  eden space 2560K, 0% used [0x00000000d5580000,0x00000000d5580000,0x00000000d5800000)
  from space 1024K, 55% used [0x00000000d5800000,0x00000000d588d5e0,0x00000000d5900000)
  to   space 1024K, 0% used [0x00000000d5900000,0x00000000d5900000,0x00000000d5a00000)
 ParOldGen       total 297984K, used 297829K [0x0000000080000000, 0x0000000092300000, 0x00000000d5580000)
  object space 297984K, 99% used [0x0000000080000000,0x00000000922d9628,0x0000000092300000)
 Metaspace       used 64174K, committed 65536K, reserved 1114112K
  class space    used 7881K, committed 8448K, reserved 1048576K
}
Event: 25.379 GC heap before
{Heap before GC invocations=385 (full 3):
 PSYoungGen      total 3584K, used 3125K [0x00000000d5580000, 0x00000000d5a00000, 0x0000000100000000)
  eden space 2560K, 100% used [0x00000000d5580000,0x00000000d5800000,0x00000000d5800000)
  from space 1024K, 55% used [0x00000000d5800000,0x00000000d588d5e0,0x00000000d5900000)
  to   space 1024K, 0% used [0x00000000d5900000,0x00000000d5900000,0x00000000d5a00000)
 ParOldGen       total 297984K, used 297829K [0x0000000080000000, 0x0000000092300000, 0x00000000d5580000)
  object space 297984K, 99% used [0x0000000080000000,0x00000000922d9628,0x0000000092300000)
 Metaspace       used 64174K, committed 65536K, reserved 1114112K
  class space    used 7881K, committed 8448K, reserved 1048576K
}
Event: 25.381 GC heap after
{Heap after GC invocations=385 (full 3):
 PSYoungGen      total 3584K, used 572K [0x00000000d5580000, 0x00000000d5a00000, 0x0000000100000000)
  eden space 2560K, 0% used [0x00000000d5580000,0x00000000d5580000,0x00000000d5800000)
  from space 1024K, 55% used [0x00000000d5900000,0x00000000d598f188,0x00000000d5a00000)
  to   space 1024K, 0% used [0x00000000d5800000,0x00000000d5800000,0x00000000d5900000)
 ParOldGen       total 298496K, used 298214K [0x0000000080000000, 0x0000000092380000, 0x00000000d5580000)
  object space 298496K, 99% used [0x0000000080000000,0x0000000092339920,0x0000000092380000)
 Metaspace       used 64174K, committed 65536K, reserved 1114112K
  class space    used 7881K, committed 8448K, reserved 1048576K
}
Event: 25.386 GC heap before
{Heap before GC invocations=386 (full 3):
 PSYoungGen      total 3584K, used 3132K [0x00000000d5580000, 0x00000000d5a00000, 0x0000000100000000)
  eden space 2560K, 100% used [0x00000000d5580000,0x00000000d5800000,0x00000000d5800000)
  from space 1024K, 55% used [0x00000000d5900000,0x00000000d598f188,0x00000000d5a00000)
  to   space 1024K, 0% used [0x00000000d5800000,0x00000000d5800000,0x00000000d5900000)
 ParOldGen       total 298496K, used 298214K [0x0000000080000000, 0x0000000092380000, 0x00000000d5580000)
  object space 298496K, 99% used [0x0000000080000000,0x0000000092339920,0x0000000092380000)
 Metaspace       used 64174K, committed 65536K, reserved 1114112K
  class space    used 7881K, committed 8448K, reserved 1048576K
}
Event: 25.387 GC heap after
{Heap after GC invocations=386 (full 3):
 PSYoungGen      total 3584K, used 3132K [0x00000000d5580000, 0x00000000d5a00000, 0x0000000100000000)
  eden space 2560K, 100% used [0x00000000d5580000,0x00000000d5800000,0x00000000d5800000)
  from space 1024K, 55% used [0x00000000d5900000,0x00000000d598f188,0x00000000d5a00000)
  to   space 1024K, 64% used [0x00000000d5800000,0x00000000d58a42f0,0x00000000d5900000)
 ParOldGen       total 299008K, used 298583K [0x0000000080000000, 0x0000000092400000, 0x00000000d5580000)
  object space 299008K, 99% used [0x0000000080000000,0x0000000092395fa8,0x0000000092400000)
 Metaspace       used 64174K, committed 65536K, reserved 1114112K
  class space    used 7881K, committed 8448K, reserved 1048576K
}
Event: 25.387 GC heap before
{Heap before GC invocations=387 (full 4):
 PSYoungGen      total 3584K, used 3132K [0x00000000d5580000, 0x00000000d5a00000, 0x0000000100000000)
  eden space 2560K, 100% used [0x00000000d5580000,0x00000000d5800000,0x00000000d5800000)
  from space 1024K, 55% used [0x00000000d5900000,0x00000000d598f188,0x00000000d5a00000)
  to   space 1024K, 64% used [0x00000000d5800000,0x00000000d58a42f0,0x00000000d5900000)
 ParOldGen       total 299008K, used 298583K [0x0000000080000000, 0x0000000092400000, 0x00000000d5580000)
  object space 299008K, 99% used [0x0000000080000000,0x0000000092395fa8,0x0000000092400000)
 Metaspace       used 64174K, committed 65536K, reserved 1114112K
  class space    used 7881K, committed 8448K, reserved 1048576K
}

