# JRE version: Java(TM) SE Runtime Environment (23.0.1+11) (build 23.0.1+11-39)
# Java VM: Java HotSpot(TM) 64-Bit Server VM (23.0.1+11-39, mixed mode, sharing, tiered, compressed oops, compressed class ptrs, g1 gc, windows-amd64)
GC Precious Log:
 CardTable entry size: 512
 Card Set container configuration: InlinePtr #cards 4 size 8 Array Of Cards #cards 16 size 48 Howl #buckets 8 coarsen threshold 3686 Howl Bitmap #cards 512 size 80 coarsen threshold 460 Card regions per heap region 1 cards per card region 4096
 CPUs: 16 total, 16 available
 Memory: 14077M
 Large Page Support: Disabled
 NUMA Support: Disabled
 Compressed Oops: Enabled (Zero based)
 Heap Region Size: 2M
 Heap Min Capacity: 8M
 Heap Initial Capacity: 220M
 Heap Max Capacity: 3520M
 Pre-touch: Disabled
 Parallel Workers: 13
 Concurrent Workers: 3
 Concurrent Refinement Workers: 13
 Periodic GC: Disabled
Heap:
 garbage-first heap   total reserved 3604480K, committed 215040K, used 166113K [0x0000000724000000, 0x0000000800000000)
  region size 2048K, 27 young (55296K), 5 survivors (10240K)
 Metaspace       used 76981K, committed 78080K, reserved 1179648K
  class space    used 9023K, committed 9536K, reserved 1048576K
GC Heap History (20 events):
Event: 8.694 GC heap before
{Heap before GC invocations=33 (full 0):
 garbage-first heap   total reserved 3604480K, committed 120832K, used 103543K [0x0000000724000000, 0x0000000800000000)
  region size 2048K, 17 young (34816K), 2 survivors (4096K)
 Metaspace       used 74562K, committed 75584K, reserved 1179648K
  class space    used 8849K, committed 9344K, reserved 1048576K
}
Event: 8.699 GC heap after
{Heap after GC invocations=34 (full 0):
 garbage-first heap   total reserved 3604480K, committed 120832K, used 77824K [0x0000000724000000, 0x0000000800000000)
  region size 2048K, 3 young (6144K), 3 survivors (6144K)
 Metaspace       used 74562K, committed 75584K, reserved 1179648K
  class space    used 8849K, committed 9344K, reserved 1048576K
}
Event: 8.949 GC heap before
{Heap before GC invocations=34 (full 0):
 garbage-first heap   total reserved 3604480K, committed 120832K, used 104448K [0x0000000724000000, 0x0000000800000000)
  region size 2048K, 17 young (34816K), 3 survivors (6144K)
 Metaspace       used 75085K, committed 76160K, reserved 1179648K
  class space    used 8876K, committed 9344K, reserved 1048576K
}
Event: 8.953 GC heap after
{Heap after GC invocations=35 (full 0):
 garbage-first heap   total reserved 3604480K, committed 120832K, used 84803K [0x0000000724000000, 0x0000000800000000)
  region size 2048K, 3 young (6144K), 3 survivors (6144K)
 Metaspace       used 75085K, committed 76160K, reserved 1179648K
  class space    used 8876K, committed 9344K, reserved 1048576K
}
Event: 9.114 GC heap before
{Heap before GC invocations=36 (full 0):
 garbage-first heap   total reserved 3604480K, committed 143360K, used 105283K [0x0000000724000000, 0x0000000800000000)
  region size 2048K, 13 young (26624K), 3 survivors (6144K)
 Metaspace       used 75274K, committed 76288K, reserved 1179648K
  class space    used 8882K, committed 9344K, reserved 1048576K
}
Event: 9.117 GC heap after
{Heap after GC invocations=37 (full 0):
 garbage-first heap   total reserved 3604480K, committed 143360K, used 85861K [0x0000000724000000, 0x0000000800000000)
  region size 2048K, 2 young (4096K), 2 survivors (4096K)
 Metaspace       used 75274K, committed 76288K, reserved 1179648K
  class space    used 8882K, committed 9344K, reserved 1048576K
}
Event: 9.253 GC heap before
{Heap before GC invocations=37 (full 0):
 garbage-first heap   total reserved 3604480K, committed 143360K, used 124773K [0x0000000724000000, 0x0000000800000000)
  region size 2048K, 21 young (43008K), 2 survivors (4096K)
 Metaspace       used 75542K, committed 76608K, reserved 1179648K
  class space    used 8935K, committed 9408K, reserved 1048576K
}
Event: 9.256 GC heap after
{Heap after GC invocations=38 (full 0):
 garbage-first heap   total reserved 3604480K, committed 172032K, used 87824K [0x0000000724000000, 0x0000000800000000)
  region size 2048K, 3 young (6144K), 3 survivors (6144K)
 Metaspace       used 75542K, committed 76608K, reserved 1179648K
  class space    used 8935K, committed 9408K, reserved 1048576K
}
Event: 9.522 GC heap before
{Heap before GC invocations=38 (full 0):
 garbage-first heap   total reserved 3604480K, committed 172032K, used 134928K [0x0000000724000000, 0x0000000800000000)
  region size 2048K, 27 young (55296K), 3 survivors (6144K)
 Metaspace       used 75799K, committed 76800K, reserved 1179648K
  class space    used 8948K, committed 9408K, reserved 1048576K
}
Event: 9.526 GC heap after
{Heap after GC invocations=39 (full 0):
 garbage-first heap   total reserved 3604480K, committed 172032K, used 93413K [0x0000000724000000, 0x0000000800000000)
  region size 2048K, 4 young (8192K), 4 survivors (8192K)
 Metaspace       used 75799K, committed 76800K, reserved 1179648K
  class space    used 8948K, committed 9408K, reserved 1048576K
}
Event: 9.643 GC heap before
{Heap before GC invocations=39 (full 0):
 garbage-first heap   total reserved 3604480K, committed 172032K, used 140517K [0x0000000724000000, 0x0000000800000000)
  region size 2048K, 28 young (57344K), 4 survivors (8192K)
 Metaspace       used 75875K, committed 76864K, reserved 1179648K
  class space    used 8948K, committed 9408K, reserved 1048576K
}
Event: 9.647 GC heap after
{Heap after GC invocations=40 (full 0):
 garbage-first heap   total reserved 3604480K, committed 172032K, used 99768K [0x0000000724000000, 0x0000000800000000)
  region size 2048K, 3 young (6144K), 3 survivors (6144K)
 Metaspace       used 75875K, committed 76864K, reserved 1179648K
  class space    used 8948K, committed 9408K, reserved 1048576K
}
Event: 9.901 GC heap before
{Heap before GC invocations=40 (full 0):
 garbage-first heap   total reserved 3604480K, committed 172032K, used 144824K [0x0000000724000000, 0x0000000800000000)
  region size 2048K, 26 young (53248K), 3 survivors (6144K)
 Metaspace       used 75965K, committed 76992K, reserved 1179648K
  class space    used 8949K, committed 9408K, reserved 1048576K
}
Event: 9.904 GC heap after
{Heap after GC invocations=41 (full 0):
 garbage-first heap   total reserved 3604480K, committed 172032K, used 104947K [0x0000000724000000, 0x0000000800000000)
  region size 2048K, 3 young (6144K), 3 survivors (6144K)
 Metaspace       used 75965K, committed 76992K, reserved 1179648K
  class space    used 8949K, committed 9408K, reserved 1048576K
}
Event: 10.173 GC heap before
{Heap before GC invocations=42 (full 0):
 garbage-first heap   total reserved 3604480K, committed 178176K, used 152051K [0x0000000724000000, 0x0000000800000000)
  region size 2048K, 26 young (53248K), 3 survivors (6144K)
 Metaspace       used 76286K, committed 77312K, reserved 1179648K
  class space    used 8985K, committed 9472K, reserved 1048576K
}
Event: 10.177 GC heap after
{Heap after GC invocations=43 (full 0):
 garbage-first heap   total reserved 3604480K, committed 178176K, used 112004K [0x0000000724000000, 0x0000000800000000)
  region size 2048K, 4 young (8192K), 4 survivors (8192K)
 Metaspace       used 76286K, committed 77312K, reserved 1179648K
  class space    used 8985K, committed 9472K, reserved 1048576K
}
Event: 10.259 GC heap before
{Heap before GC invocations=43 (full 0):
 garbage-first heap   total reserved 3604480K, committed 178176K, used 157060K [0x0000000724000000, 0x0000000800000000)
  region size 2048K, 26 young (53248K), 4 survivors (8192K)
 Metaspace       used 76320K, committed 77376K, reserved 1179648K
  class space    used 8987K, committed 9472K, reserved 1048576K
}
Event: 10.264 GC heap after
{Heap after GC invocations=44 (full 0):
 garbage-first heap   total reserved 3604480K, committed 215040K, used 114476K [0x0000000724000000, 0x0000000800000000)
  region size 2048K, 3 young (6144K), 3 survivors (6144K)
 Metaspace       used 76320K, committed 77376K, reserved 1179648K
  class space    used 8987K, committed 9472K, reserved 1048576K
}
Event: 10.736 GC heap before
{Heap before GC invocations=44 (full 0):
 garbage-first heap   total reserved 3604480K, committed 215040K, used 180012K [0x0000000724000000, 0x0000000800000000)
  region size 2048K, 36 young (73728K), 3 survivors (6144K)
 Metaspace       used 76808K, committed 77888K, reserved 1179648K
  class space    used 9014K, committed 9536K, reserved 1048576K
}
Event: 10.740 GC heap after
{Heap after GC invocations=45 (full 0):
 garbage-first heap   total reserved 3604480K, committed 215040K, used 123105K [0x0000000724000000, 0x0000000800000000)
  region size 2048K, 5 young (10240K), 5 survivors (10240K)
 Metaspace       used 76808K, committed 77888K, reserved 1179648K
  class space    used 9014K, committed 9536K, reserved 1048576K
}

