# JRE version: Java(TM) SE Runtime Environment (23.0.1+11) (build 23.0.1+11-39)
# Java VM: Java HotSpot(TM) 64-Bit Server VM (23.0.1+11-39, mixed mode, sharing, tiered, compressed oops, compressed class ptrs, g1 gc, windows-amd64)
GC Precious Log:
 CardTable entry size: 512
 Card Set container configuration: InlinePtr #cards 4 size 8 Array Of Cards #cards 16 size 48 Howl #buckets 8 coarsen threshold 3686 Howl Bitmap #cards 512 size 80 coarsen threshold 460 Card regions per heap region 1 cards per card region 4096
 CPUs: 16 total, 16 available
 Memory: 14077M
 Large Page Support: Disabled
 NUMA Support: Disabled
 Compressed Oops: Enabled (Zero based)
 Heap Region Size: 2M
 Heap Min Capacity: 8M
 Heap Initial Capacity: 220M
 Heap Max Capacity: 3520M
 Pre-touch: Disabled
 Parallel Workers: 13
 Concurrent Workers: 3
 Concurrent Refinement Workers: 13
 Periodic GC: Disabled
Heap:
 garbage-first heap   total reserved 3604480K, committed 327680K, used 269916K [0x0000000724000000, 0x0000000800000000)
  region size 2048K, 47 young (96256K), 7 survivors (14336K)
 Metaspace       used 78001K, committed 79040K, reserved 1179648K
  class space    used 9108K, committed 9600K, reserved 1048576K
GC Heap History (20 events):
Event: 10.855 GC heap before
{Heap before GC invocations=47 (full 0):
 garbage-first heap   total reserved 3604480K, committed 192512K, used 151848K [0x0000000724000000, 0x0000000800000000)
  region size 2048K, 22 young (45056K), 3 survivors (6144K)
 Metaspace       used 76229K, committed 77184K, reserved 1179648K
  class space    used 8960K, committed 9408K, reserved 1048576K
}
Event: 10.859 GC heap after
{Heap after GC invocations=48 (full 0):
 garbage-first heap   total reserved 3604480K, committed 192512K, used 118879K [0x0000000724000000, 0x0000000800000000)
  region size 2048K, 3 young (6144K), 3 survivors (6144K)
 Metaspace       used 76229K, committed 77184K, reserved 1179648K
  class space    used 8960K, committed 9408K, reserved 1048576K
}
Event: 11.164 GC heap before
{Heap before GC invocations=48 (full 0):
 garbage-first heap   total reserved 3604480K, committed 192512K, used 168031K [0x0000000724000000, 0x0000000800000000)
  region size 2048K, 27 young (55296K), 3 survivors (6144K)
 Metaspace       used 76687K, committed 77696K, reserved 1179648K
  class space    used 8982K, committed 9472K, reserved 1048576K
}
Event: 11.167 GC heap after
{Heap after GC invocations=49 (full 0):
 garbage-first heap   total reserved 3604480K, committed 192512K, used 123514K [0x0000000724000000, 0x0000000800000000)
  region size 2048K, 4 young (8192K), 4 survivors (8192K)
 Metaspace       used 76687K, committed 77696K, reserved 1179648K
  class space    used 8982K, committed 9472K, reserved 1048576K
}
Event: 11.498 GC heap before
{Heap before GC invocations=49 (full 0):
 garbage-first heap   total reserved 3604480K, committed 192512K, used 170618K [0x0000000724000000, 0x0000000800000000)
  region size 2048K, 27 young (55296K), 4 survivors (8192K)
 Metaspace       used 76951K, committed 78016K, reserved 1179648K
  class space    used 8994K, committed 9472K, reserved 1048576K
}
Event: 11.502 GC heap after
{Heap after GC invocations=50 (full 0):
 garbage-first heap   total reserved 3604480K, committed 231424K, used 131472K [0x0000000724000000, 0x0000000800000000)
  region size 2048K, 4 young (8192K), 4 survivors (8192K)
 Metaspace       used 76951K, committed 78016K, reserved 1179648K
  class space    used 8994K, committed 9472K, reserved 1048576K
}
Event: 11.634 GC heap before
{Heap before GC invocations=51 (full 0):
 garbage-first heap   total reserved 3604480K, committed 231424K, used 194960K [0x0000000724000000, 0x0000000800000000)
  region size 2048K, 35 young (71680K), 4 survivors (8192K)
 Metaspace       used 76991K, committed 78016K, reserved 1179648K
  class space    used 8994K, committed 9472K, reserved 1048576K
}
Event: 11.637 GC heap after
{Heap after GC invocations=52 (full 0):
 garbage-first heap   total reserved 3604480K, committed 231424K, used 134901K [0x0000000724000000, 0x0000000800000000)
  region size 2048K, 3 young (6144K), 3 survivors (6144K)
 Metaspace       used 76991K, committed 78016K, reserved 1179648K
  class space    used 8994K, committed 9472K, reserved 1048576K
}
Event: 11.781 GC heap before
{Heap before GC invocations=52 (full 0):
 garbage-first heap   total reserved 3604480K, committed 231424K, used 194293K [0x0000000724000000, 0x0000000800000000)
  region size 2048K, 32 young (65536K), 3 survivors (6144K)
 Metaspace       used 77746K, committed 78720K, reserved 1179648K
  class space    used 9097K, committed 9536K, reserved 1048576K
}
Event: 11.785 GC heap after
{Heap after GC invocations=53 (full 0):
 garbage-first heap   total reserved 3604480K, committed 231424K, used 140933K [0x0000000724000000, 0x0000000800000000)
  region size 2048K, 4 young (8192K), 4 survivors (8192K)
 Metaspace       used 77746K, committed 78720K, reserved 1179648K
  class space    used 9097K, committed 9536K, reserved 1048576K
}
Event: 12.096 GC heap before
{Heap before GC invocations=53 (full 0):
 garbage-first heap   total reserved 3604480K, committed 231424K, used 200325K [0x0000000724000000, 0x0000000800000000)
  region size 2048K, 33 young (67584K), 4 survivors (8192K)
 Metaspace       used 77892K, committed 78848K, reserved 1179648K
  class space    used 9103K, committed 9536K, reserved 1048576K
}
Event: 12.101 GC heap after
{Heap after GC invocations=54 (full 0):
 garbage-first heap   total reserved 3604480K, committed 231424K, used 151211K [0x0000000724000000, 0x0000000800000000)
  region size 2048K, 5 young (10240K), 5 survivors (10240K)
 Metaspace       used 77892K, committed 78848K, reserved 1179648K
  class space    used 9103K, committed 9536K, reserved 1048576K
}
Event: 12.412 GC heap before
{Heap before GC invocations=55 (full 0):
 garbage-first heap   total reserved 3604480K, committed 253952K, used 206507K [0x0000000724000000, 0x0000000800000000)
  region size 2048K, 32 young (65536K), 5 survivors (10240K)
 Metaspace       used 77926K, committed 78976K, reserved 1179648K
  class space    used 9104K, committed 9600K, reserved 1048576K
}
Event: 12.417 GC heap after
{Heap after GC invocations=56 (full 0):
 garbage-first heap   total reserved 3604480K, committed 253952K, used 160250K [0x0000000724000000, 0x0000000800000000)
  region size 2048K, 4 young (8192K), 4 survivors (8192K)
 Metaspace       used 77926K, committed 78976K, reserved 1179648K
  class space    used 9104K, committed 9600K, reserved 1048576K
}
Event: 12.648 GC heap before
{Heap before GC invocations=56 (full 0):
 garbage-first heap   total reserved 3604480K, committed 253952K, used 221690K [0x0000000724000000, 0x0000000800000000)
  region size 2048K, 34 young (69632K), 4 survivors (8192K)
 Metaspace       used 77936K, committed 78976K, reserved 1179648K
  class space    used 9104K, committed 9600K, reserved 1048576K
}
Event: 12.655 GC heap after
{Heap after GC invocations=57 (full 0):
 garbage-first heap   total reserved 3604480K, committed 253952K, used 171073K [0x0000000724000000, 0x0000000800000000)
  region size 2048K, 5 young (10240K), 5 survivors (10240K)
 Metaspace       used 77936K, committed 78976K, reserved 1179648K
  class space    used 9104K, committed 9600K, reserved 1048576K
}
Event: 12.765 GC heap before
{Heap before GC invocations=57 (full 0):
 garbage-first heap   total reserved 3604480K, committed 253952K, used 224321K [0x0000000724000000, 0x0000000800000000)
  region size 2048K, 32 young (65536K), 5 survivors (10240K)
 Metaspace       used 77973K, committed 78976K, reserved 1179648K
  class space    used 9108K, committed 9600K, reserved 1048576K
}
Event: 12.770 GC heap after
{Heap after GC invocations=58 (full 0):
 garbage-first heap   total reserved 3604480K, committed 327680K, used 178061K [0x0000000724000000, 0x0000000800000000)
  region size 2048K, 4 young (8192K), 4 survivors (8192K)
 Metaspace       used 77973K, committed 78976K, reserved 1179648K
  class space    used 9108K, committed 9600K, reserved 1048576K
}
Event: 13.014 GC heap before
{Heap before GC invocations=59 (full 0):
 garbage-first heap   total reserved 3604480K, committed 327680K, used 276365K [0x0000000724000000, 0x0000000800000000)
  region size 2048K, 53 young (108544K), 4 survivors (8192K)
 Metaspace       used 78001K, committed 79040K, reserved 1179648K
  class space    used 9108K, committed 9600K, reserved 1048576K
}
Event: 13.019 GC heap after
{Heap after GC invocations=60 (full 0):
 garbage-first heap   total reserved 3604480K, committed 327680K, used 190044K [0x0000000724000000, 0x0000000800000000)
  region size 2048K, 7 young (14336K), 7 survivors (14336K)
 Metaspace       used 78001K, committed 79040K, reserved 1179648K
  class space    used 9108K, committed 9600K, reserved 1048576K
}

